32
1.000000 -0.812730 0.420766 4.000000 -10.555774 -1.205833 0.000000
1.000000 -1.956681 2.166908 4.000000 -11.931941 0.130626 0.000000
1.000000 -1.956681 3.445402 4.000000 -11.931941 -0.130626 0.000000
1.000000 -0.812730 5.191545 4.000000 -10.555774 1.205833 0.000000
1.000000 -0.609609 -2.021957 4.000000 -12.473777 -4.558177 0.000000
1.000000 0.327628 1.739130 4.000000 -9.772732 -0.247172 0.000000
1.000000 0.327628 3.873181 4.000000 -9.772732 0.247172 0.000000
1.000000 -0.609609 7.634267 4.000000 -12.473777 4.558177 0.000000
1.000000 4.871166 -4.870771 4.000000 -6.240430 -8.727829 0.000000
1.000000 2.282390 -0.539640 4.000000 -8.308095 -3.184864 0.000000
1.000000 2.282390 6.151950 4.000000 -8.308095 3.184864 0.000000
1.000000 4.871166 10.483082 4.000000 -6.240430 8.727829 0.000000
1.000000 8.145792 -5.143264 4.000000 -3.072612 -7.775547 0.000000
1.000000 9.115810 1.242164 4.000000 -1.404001 -0.915829 0.000000
1.000000 9.115810 4.370146 4.000000 -1.404001 0.915829 0.000000
1.000000 8.145792 10.755574 4.000000 -3.072612 7.775547 0.000000
1.000000 13.466518 -5.143264 4.000000 3.072612 -7.775547 0.000000
1.000000 12.496501 1.242164 4.000000 1.404001 -0.915829 0.000000
1.000000 12.496501 4.370146 4.000000 1.404001 0.915829 0.000000
1.000000 13.466518 10.755574 4.000000 3.072612 7.775547 0.000000
1.000000 16.741144 -4.870771 4.000000 6.240430 -8.727829 0.000000
1.000000 19.329921 -0.539640 4.000000 8.308095 -3.184864 0.000000
1.000000 19.329921 6.151950 4.000000 8.308095 3.184864 0.000000
1.000000 16.741144 10.483082 4.000000 6.240430 8.727829 0.000000
1.000000 22.221919 -2.021957 4.000000 12.473777 -4.558177 0.000000
1.000000 21.284682 1.739130 4.000000 9.772732 -0.247172 0.000000
1.000000 21.284682 3.873181 4.000000 9.772732 0.247172 0.000000
1.000000 22.221919 7.634267 4.000000 12.473777 4.558177 0.000000
1.000000 22.425040 0.420766 4.000000 10.555774 -1.205833 0.000000
1.000000 23.568991 2.166908 4.000000 11.931941 0.130626 0.000000
1.000000 23.568991 3.445402 4.000000 11.931941 -0.130626 0.000000
1.000000 22.425040 5.191545 4.000000 10.555774 1.205833 0.000000
