32
1.000000 1.122462 1.122462 4.000000 10.000000 0.000000 0.000000
1.000000 1.122462 2.244924 4.000000 10.000000 0.000000 0.000000
1.000000 1.122462 3.367386 4.000000 10.000000 0.000000 0.000000
1.000000 1.122462 4.489848 4.000000 10.000000 0.000000 0.000000
1.000000 2.244924 1.122462 4.000000 10.000000 0.000000 0.000000
1.000000 2.244924 2.244924 4.000000 10.000000 0.000000 0.000000
1.000000 2.244924 3.367386 4.000000 10.000000 0.000000 0.000000
1.000000 2.244924 4.489848 4.000000 10.000000 0.000000 0.000000
1.000000 3.367386 1.122462 4.000000 10.000000 0.000000 0.000000
1.000000 3.367386 2.244924 4.000000 10.000000 0.000000 0.000000
1.000000 3.367386 3.367386 4.000000 10.000000 0.000000 0.000000
1.000000 3.367386 4.489848 4.000000 10.000000 0.000000 0.000000
1.000000 4.489848 1.122462 4.000000 10.000000 0.000000 0.000000
1.000000 4.489848 2.244924 4.000000 10.000000 0.000000 0.000000
1.000000 4.489848 3.367386 4.000000 10.000000 0.000000 0.000000
1.000000 4.489848 4.489848 4.000000 10.000000 0.000000 0.000000
1.000000 17.122462 1.122462 4.000000 -10.000000 0.000000 0.000000
1.000000 17.122462 2.244924 4.000000 -10.000000 0.000000 0.000000
1.000000 17.122462 3.367386 4.000000 -10.000000 0.000000 0.000000
1.000000 17.122462 4.489848 4.000000 -10.000000 0.000000 0.000000
1.000000 18.244924 1.122462 4.000000 -10.000000 0.000000 0.000000
1.000000 18.244924 2.244924 4.000000 -10.000000 0.000000 0.000000
1.000000 18.244924 3.367386 4.000000 -10.000000 0.000000 0.000000
1.000000 18.244924 4.489848 4.000000 -10.000000 0.000000 0.000000
1.000000 19.367386 1.122462 4.000000 -10.000000 0.000000 0.000000
1.000000 19.367386 2.244924 4.000000 -10.000000 0.000000 0.000000
1.000000 19.367386 3.367386 4.000000 -10.000000 0.000000 0.000000
1.000000 19.367386 4.489848 4.000000 -10.000000 0.000000 0.000000
1.000000 20.489848 1.122462 4.000000 -10.000000 0.000000 0.000000
1.000000 20.489848 2.244924 4.000000 -10.000000 0.000000 0.000000
1.000000 20.489848 3.367386 4.000000 -10.000000 0.000000 0.000000
1.000000 20.489848 4.489848 4.000000 -10.000000 0.000000 0.000000
