32
1.000000 -6.074109 -0.153338 4.000000 -10.504503 -1.117773 0.000000
1.000000 -7.913608 2.206377 4.000000 -11.905814 -0.441256 0.000000
1.000000 -7.913608 3.405933 4.000000 -11.905814 0.441256 0.000000
1.000000 -6.074109 5.765648 4.000000 -10.504503 1.117773 0.000000
1.000000 -6.846266 -4.298780 4.000000 -12.473068 -4.552262 0.000000
1.000000 -4.583510 1.604003 4.000000 -9.848048 -0.277599 0.000000
1.000000 -4.583510 4.008307 4.000000 -9.848048 0.277599 0.000000
1.000000 -6.846266 9.911090 4.000000 -12.473068 4.552262 0.000000
1.000000 1.751266 -9.234686 4.000000 -6.239539 -8.727821 0.000000
1.000000 -1.872653 -2.131602 4.000000 -8.310842 -3.183508 0.000000
1.000000 -1.872653 7.743912 4.000000 -8.310842 3.183508 0.000000
1.000000 1.751266 14.846996 4.000000 -6.239539 8.727821 0.000000
1.000000 6.609171 -9.031017 4.000000 -3.073503 -7.775499 0.000000
1.000000 8.414120 0.784859 4.000000 -1.403095 -0.913937 0.000000
1.000000 8.414120 4.827451 4.000000 -1.403095 0.913937 0.000000
1.000000 6.609171 14.643327 4.000000 -3.073503 7.775499 0.000000
1.000000 15.003140 -9.031017 4.000000 3.073503 -7.775499 0.000000
1.000000 13.198190 0.784859 4.000000 1.403095 -0.913937 0.000000
1.000000 13.198190 4.827451 4.000000 1.403095 0.913937 0.000000
1.000000 15.003140 14.643327 4.000000 3.073503 7.775499 0.000000
1.000000 19.861044 -9.234686 4.000000 6.239539 -8.727821 0.000000
1.000000 23.484963 -2.131602 4.000000 8.310842 -3.183508 0.000000
1.000000 23.484963 7.743912 4.000000 8.310842 3.183508 0.000000
1.000000 19.861044 14.846996 4.000000 6.239539 8.727821 0.000000
1.000000 28.458576 -4.298780 4.000000 12.473068 -4.552262 0.000000
1.000000 26.195820 1.604003 4.000000 9.848048 -0.277599 0.000000
1.000000 26.195820 4.008307 4.000000 9.848048 0.277599 0.000000
1.000000 28.458576 9.911090 4.000000 12.473068 4.552262 0.000000
1.000000 27.686419 -0.153338 4.000000 10.504503 -1.117773 0.000000
1.000000 29.525918 2.206377 4.000000 11.905814 -0.441256 0.000000
1.000000 29.525918 3.405933 4.000000 11.905814 0.441256 0.000000
1.000000 27.686419 5.765648 4.000000 10.504503 1.117773 0.000000
