26
1.000000 1.560050 1.560050 1.560050 -1.000000 -1.000000 -1.000000
1.000000 1.000000 1.570050 1.570050 0.000000 -1.000000 -1.000000
1.000000 0.419950 1.580050 1.580050 1.000000 -1.000000 -1.000000
1.000000 1.590050 1.000000 1.590050 -1.000000 0.000000 -1.000000
1.000000 1.000000 1.000000 1.600050 0.000000 0.000000 -1.000000
1.000000 0.389950 1.000000 1.610050 1.000000 0.000000 -1.000000
1.000000 1.620050 0.379950 1.620050 -1.000000 1.000000 -1.000000
1.000000 1.000000 0.369950 1.630050 0.000000 1.000000 -1.000000
1.000000 0.359950 0.359950 1.640050 1.000000 1.000000 -1.000000
1.000000 1.650050 1.650050 1.000000 -1.000000 -1.000000 0.000000
1.000000 1.000000 1.660050 1.000000 0.000000 -1.000000 0.000000
1.000000 0.329950 1.670050 1.000000 1.000000 -1.000000 0.000000
1.000000 1.680050 1.000000 1.000000 -1.000000 0.000000 0.000000
1.000000 0.309950 1.000000 1.000000 1.000000 0.000000 0.000000
1.000000 1.700050 0.299950 1.000000 -1.000000 1.000000 0.000000
1.000000 1.000000 0.289950 1.000000 0.000000 1.000000 0.000000
1.000000 0.279950 0.279950 1.000000 1.000000 1.000000 0.000000
1.000000 1.730050 1.730050 0.269950 -1.000000 -1.000000 1.000000
1.000000 1.000000 1.740050 0.259950 0.000000 -1.000000 1.000000
1.000000 0.249950 1.750050 0.249950 1.000000 -1.000000 1.000000
1.000000 1.760050 1.000000 0.239950 -1.000000 0.000000 1.000000
1.000000 1.000000 1.000000 0.229950 0.000000 0.000000 1.000000
1.000000 0.219950 1.000000 0.219950 1.000000 0.000000 1.000000
1.000000 1.790050 0.209950 0.209950 -1.000000 1.000000 1.000000
1.000000 1.000000 0.199950 0.199950 0.000000 1.000000 1.000000
1.000000 0.189950 0.189950 0.189950 1.000000 1.000000 1.000000
