26
1.000000 0.680050 0.680050 0.680050 -1.000000 -1.000000 -1.000000
1.000000 1.000000 0.690050 0.690050 0.000000 -1.000000 -1.000000
1.000000 1.299950 0.700050 0.700050 1.000000 -1.000000 -1.000000
1.000000 0.710050 1.000000 0.710050 -1.000000 0.000000 -1.000000
1.000000 1.000000 1.000000 0.720050 0.000000 0.000000 -1.000000
1.000000 1.269950 1.000000 0.730050 1.000000 0.000000 -1.000000
1.000000 0.740050 1.259950 0.740050 -1.000000 1.000000 -1.000000
1.000000 1.000000 1.249950 0.750050 0.000000 1.000000 -1.000000
1.000000 1.239950 1.239950 0.760050 1.000000 1.000000 -1.000000
1.000000 0.770050 0.770050 1.000000 -1.000000 -1.000000 0.000000
1.000000 1.000000 0.780050 1.000000 0.000000 -1.000000 0.000000
1.000000 1.209950 0.790050 1.000000 1.000000 -1.000000 0.000000
1.000000 0.800050 1.000000 1.000000 -1.000000 0.000000 0.000000
1.000000 1.189950 1.000000 1.000000 1.000000 0.000000 0.000000
1.000000 0.820050 1.179950 1.000000 -1.000000 1.000000 0.000000
1.000000 1.000000 1.169950 1.000000 0.000000 1.000000 0.000000
1.000000 1.159950 1.159950 1.000000 1.000000 1.000000 0.000000
1.000000 0.850050 0.850050 1.149950 -1.000000 -1.000000 1.000000
1.000000 1.000000 0.860050 1.139950 0.000000 -1.000000 1.000000
1.000000 1.129950 0.870050 1.129950 1.000000 -1.000000 1.000000
1.000000 0.880050 1.000000 1.119950 -1.000000 0.000000 1.000000
1.000000 1.000000 1.000000 1.109950 0.000000 0.000000 1.000000
1.000000 1.099950 1.000000 1.099950 1.000000 0.000000 1.000000
1.000000 0.910050 1.089950 1.089950 -1.000000 1.000000 1.000000
1.000000 1.000000 1.079950 1.079950 0.000000 1.000000 1.000000
1.000000 1.069950 1.069950 1.069950 1.000000 1.000000 1.000000
