26
1.000000 0.960050 0.960050 0.960050 -1.000000 -1.000000 -1.000000
1.000000 1.000000 0.970050 0.970050 0.000000 -1.000000 -1.000000
1.000000 1.019950 0.980050 0.980050 1.000000 -1.000000 -1.000000
1.000000 0.990050 1.000000 0.990050 -1.000000 0.000000 -1.000000
1.000000 1.000000 1.000000 1.000050 0.000000 0.000000 -1.000000
1.000000 0.989950 1.000000 1.010050 1.000000 0.000000 -1.000000
1.000000 1.020050 0.979950 1.020050 -1.000000 1.000000 -1.000000
1.000000 1.000000 0.969950 1.030050 0.000000 1.000000 -1.000000
1.000000 0.959950 0.959950 1.040050 1.000000 1.000000 -1.000000
1.000000 1.050050 1.050050 1.000000 -1.000000 -1.000000 0.000000
1.000000 1.000000 1.060050 1.000000 0.000000 -1.000000 0.000000
1.000000 0.929950 1.070050 1.000000 1.000000 -1.000000 0.000000
1.000000 1.080050 1.000000 1.000000 -1.000000 0.000000 0.000000
1.000000 0.909950 1.000000 1.000000 1.000000 0.000000 0.000000
1.000000 1.100050 0.899950 1.000000 -1.000000 1.000000 0.000000
1.000000 1.000000 0.889950 1.000000 0.000000 1.000000 0.000000
1.000000 0.879950 0.879950 1.000000 1.000000 1.000000 0.000000
1.000000 1.130050 1.130050 0.869950 -1.000000 -1.000000 1.000000
1.000000 1.000000 1.140050 0.859950 0.000000 -1.000000 1.000000
1.000000 0.849950 1.150050 0.849950 1.000000 -1.000000 1.000000
1.000000 1.160050 1.000000 0.839950 -1.000000 0.000000 1.000000
1.000000 1.000000 1.000000 0.829950 0.000000 0.000000 1.000000
1.000000 0.819950 1.000000 0.819950 1.000000 0.000000 1.000000
1.000000 1.190050 0.809950 0.809950 -1.000000 1.000000 1.000000
1.000000 1.000000 0.799950 0.799950 0.000000 1.000000 1.000000
1.000000 0.789950 0.789950 0.789950 1.000000 1.000000 1.000000
