26
1.000000 1.550050 1.550050 1.550050 -1.000000 -1.000000 -1.000000
1.000000 1.000000 1.560050 1.560050 0.000000 -1.000000 -1.000000
1.000000 0.429950 1.570050 1.570050 1.000000 -1.000000 -1.000000
1.000000 1.580050 1.000000 1.580050 -1.000000 0.000000 -1.000000
1.000000 1.000000 1.000000 1.590050 0.000000 0.000000 -1.000000
1.000000 0.399950 1.000000 1.600050 1.000000 0.000000 -1.000000
1.000000 1.610050 0.389950 1.610050 -1.000000 1.000000 -1.000000
1.000000 1.000000 0.379950 1.620050 0.000000 1.000000 -1.000000
1.000000 0.369950 0.369950 1.630050 1.000000 1.000000 -1.000000
1.000000 1.640050 1.640050 1.000000 -1.000000 -1.000000 0.000000
1.000000 1.000000 1.650050 1.000000 0.000000 -1.000000 0.000000
1.000000 0.339950 1.660050 1.000000 1.000000 -1.000000 0.000000
1.000000 1.670050 1.000000 1.000000 -1.000000 0.000000 0.000000
1.000000 0.319950 1.000000 1.000000 1.000000 0.000000 0.000000
1.000000 1.690050 0.309950 1.000000 -1.000000 1.000000 0.000000
1.000000 1.000000 0.299950 1.000000 0.000000 1.000000 0.000000
1.000000 0.289950 0.289950 1.000000 1.000000 1.000000 0.000000
1.000000 1.720050 1.720050 0.279950 -1.000000 -1.000000 1.000000
1.000000 1.000000 1.730050 0.269950 0.000000 -1.000000 1.000000
1.000000 0.259950 1.740050 0.259950 1.000000 -1.000000 1.000000
1.000000 1.750050 1.000000 0.249950 -1.000000 0.000000 1.000000
1.000000 1.000000 1.000000 0.239950 0.000000 0.000000 1.000000
1.000000 0.229950 1.000000 0.229950 1.000000 0.000000 1.000000
1.000000 1.780050 0.219950 0.219950 -1.000000 1.000000 1.000000
1.000000 1.000000 0.209950 0.209950 0.000000 1.000000 1.000000
1.000000 0.199950 0.199950 0.199950 1.000000 1.000000 1.000000
