26
1.000000 1.620050 1.620050 1.620050 -1.000000 -1.000000 -1.000000
1.000000 1.000000 1.630050 1.630050 0.000000 -1.000000 -1.000000
1.000000 0.359950 1.640050 1.640050 1.000000 -1.000000 -1.000000
1.000000 1.650050 1.000000 1.650050 -1.000000 0.000000 -1.000000
1.000000 1.000000 1.000000 1.660050 0.000000 0.000000 -1.000000
1.000000 0.329950 1.000000 1.670050 1.000000 0.000000 -1.000000
1.000000 1.680050 0.319950 1.680050 -1.000000 1.000000 -1.000000
1.000000 1.000000 0.309950 1.690050 0.000000 1.000000 -1.000000
1.000000 0.299950 0.299950 1.700050 1.000000 1.000000 -1.000000
1.000000 1.710050 1.710050 1.000000 -1.000000 -1.000000 0.000000
1.000000 1.000000 1.720050 1.000000 0.000000 -1.000000 0.000000
1.000000 0.269950 1.730050 1.000000 1.000000 -1.000000 0.000000
1.000000 1.740050 1.000000 1.000000 -1.000000 0.000000 0.000000
1.000000 0.249950 1.000000 1.000000 1.000000 0.000000 0.000000
1.000000 1.760050 0.239950 1.000000 -1.000000 1.000000 0.000000
1.000000 1.000000 0.229950 1.000000 0.000000 1.000000 0.000000
1.000000 0.219950 0.219950 1.000000 1.000000 1.000000 0.000000
1.000000 1.790050 1.790050 0.209950 -1.000000 -1.000000 1.000000
1.000000 1.000000 1.800050 0.199950 0.000000 -1.000000 1.000000
1.000000 0.189950 1.810050 0.189950 1.000000 -1.000000 1.000000
1.000000 1.820050 1.000000 0.179950 -1.000000 0.000000 1.000000
1.000000 1.000000 1.000000 0.169950 0.000000 0.000000 1.000000
1.000000 0.159950 1.000000 0.159950 1.000000 0.000000 1.000000
1.000000 1.850050 0.149950 0.149950 -1.000000 1.000000 1.000000
1.000000 1.000000 0.139950 0.139950 0.000000 1.000000 1.000000
1.000000 0.129950 0.129950 0.129950 1.000000 1.000000 1.000000
