26
1.000000 0.700050 0.700050 0.700050 -1.000000 -1.000000 -1.000000
1.000000 1.000000 0.710050 0.710050 0.000000 -1.000000 -1.000000
1.000000 1.279950 0.720050 0.720050 1.000000 -1.000000 -1.000000
1.000000 0.730050 1.000000 0.730050 -1.000000 0.000000 -1.000000
1.000000 1.000000 1.000000 0.740050 0.000000 0.000000 -1.000000
1.000000 1.249950 1.000000 0.750050 1.000000 0.000000 -1.000000
1.000000 0.760050 1.239950 0.760050 -1.000000 1.000000 -1.000000
1.000000 1.000000 1.229950 0.770050 0.000000 1.000000 -1.000000
1.000000 1.219950 1.219950 0.780050 1.000000 1.000000 -1.000000
1.000000 0.790050 0.790050 1.000000 -1.000000 -1.000000 0.000000
1.000000 1.000000 0.800050 1.000000 0.000000 -1.000000 0.000000
1.000000 1.189950 0.810050 1.000000 1.000000 -1.000000 0.000000
1.000000 0.820050 1.000000 1.000000 -1.000000 0.000000 0.000000
1.000000 1.169950 1.000000 1.000000 1.000000 0.000000 0.000000
1.000000 0.840050 1.159950 1.000000 -1.000000 1.000000 0.000000
1.000000 1.000000 1.149950 1.000000 0.000000 1.000000 0.000000
1.000000 1.139950 1.139950 1.000000 1.000000 1.000000 0.000000
1.000000 0.870050 0.870050 1.129950 -1.000000 -1.000000 1.000000
1.000000 1.000000 0.880050 1.119950 0.000000 -1.000000 1.000000
1.000000 1.109950 0.890050 1.109950 1.000000 -1.000000 1.000000
1.000000 0.900050 1.000000 1.099950 -1.000000 0.000000 1.000000
1.000000 1.000000 1.000000 1.089950 0.000000 0.000000 1.000000
1.000000 1.079950 1.000000 1.079950 1.000000 0.000000 1.000000
1.000000 0.930050 1.069950 1.069950 -1.000000 1.000000 1.000000
1.000000 1.000000 1.059950 1.059950 0.000000 1.000000 1.000000
1.000000 1.049950 1.049950 1.049950 1.000000 1.000000 1.000000
