26
1.000000 0.200050 0.200050 0.200050 -1.000000 -1.000000 -1.000000
1.000000 1.000000 0.210050 0.210050 0.000000 -1.000000 -1.000000
1.000000 1.779950 0.220050 0.220050 1.000000 -1.000000 -1.000000
1.000000 0.230050 1.000000 0.230050 -1.000000 0.000000 -1.000000
1.000000 1.000000 1.000000 0.240050 0.000000 0.000000 -1.000000
1.000000 1.749950 1.000000 0.250050 1.000000 0.000000 -1.000000
1.000000 0.260050 1.739950 0.260050 -1.000000 1.000000 -1.000000
1.000000 1.000000 1.729950 0.270050 0.000000 1.000000 -1.000000
1.000000 1.719950 1.719950 0.280050 1.000000 1.000000 -1.000000
1.000000 0.290050 0.290050 1.000000 -1.000000 -1.000000 0.000000
1.000000 1.000000 0.300050 1.000000 0.000000 -1.000000 0.000000
1.000000 1.689950 0.310050 1.000000 1.000000 -1.000000 0.000000
1.000000 0.320050 1.000000 1.000000 -1.000000 0.000000 0.000000
1.000000 1.669950 1.000000 1.000000 1.000000 0.000000 0.000000
1.000000 0.340050 1.659950 1.000000 -1.000000 1.000000 0.000000
1.000000 1.000000 1.649950 1.000000 0.000000 1.000000 0.000000
1.000000 1.639950 1.639950 1.000000 1.000000 1.000000 0.000000
1.000000 0.370050 0.370050 1.629950 -1.000000 -1.000000 1.000000
1.000000 1.000000 0.380050 1.619950 0.000000 -1.000000 1.000000
1.000000 1.609950 0.390050 1.609950 1.000000 -1.000000 1.000000
1.000000 0.400050 1.000000 1.599950 -1.000000 0.000000 1.000000
1.000000 1.000000 1.000000 1.589950 0.000000 0.000000 1.000000
1.000000 1.579950 1.000000 1.579950 1.000000 0.000000 1.000000
1.000000 0.430050 1.569950 1.569950 -1.000000 1.000000 1.000000
1.000000 1.000000 1.559950 1.559950 0.000000 1.000000 1.000000
1.000000 1.549950 1.549950 1.549950 1.000000 1.000000 1.000000
