26
1.000000 0.360050 0.360050 0.360050 -1.000000 -1.000000 -1.000000
1.000000 1.000000 0.370050 0.370050 0.000000 -1.000000 -1.000000
1.000000 1.619950 0.380050 0.380050 1.000000 -1.000000 -1.000000
1.000000 0.390050 1.000000 0.390050 -1.000000 0.000000 -1.000000
1.000000 1.000000 1.000000 0.400050 0.000000 0.000000 -1.000000
1.000000 1.589950 1.000000 0.410050 1.000000 0.000000 -1.000000
1.000000 0.420050 1.579950 0.420050 -1.000000 1.000000 -1.000000
1.000000 1.000000 1.569950 0.430050 0.000000 1.000000 -1.000000
1.000000 1.559950 1.559950 0.440050 1.000000 1.000000 -1.000000
1.000000 0.450050 0.450050 1.000000 -1.000000 -1.000000 0.000000
1.000000 1.000000 0.460050 1.000000 0.000000 -1.000000 0.000000
1.000000 1.529950 0.470050 1.000000 1.000000 -1.000000 0.000000
1.000000 0.480050 1.000000 1.000000 -1.000000 0.000000 0.000000
1.000000 1.509950 1.000000 1.000000 1.000000 0.000000 0.000000
1.000000 0.500050 1.499950 1.000000 -1.000000 1.000000 0.000000
1.000000 1.000000 1.489950 1.000000 0.000000 1.000000 0.000000
1.000000 1.479950 1.479950 1.000000 1.000000 1.000000 0.000000
1.000000 0.530050 0.530050 1.469950 -1.000000 -1.000000 1.000000
1.000000 1.000000 0.540050 1.459950 0.000000 -1.000000 1.000000
1.000000 1.449950 0.550050 1.449950 1.000000 -1.000000 1.000000
1.000000 0.560050 1.000000 1.439950 -1.000000 0.000000 1.000000
1.000000 1.000000 1.000000 1.429950 0.000000 0.000000 1.000000
1.000000 1.419950 1.000000 1.419950 1.000000 0.000000 1.000000
1.000000 0.590050 1.409950 1.409950 -1.000000 1.000000 1.000000
1.000000 1.000000 1.399950 1.399950 0.000000 1.000000 1.000000
1.000000 1.389950 1.389950 1.389950 1.000000 1.000000 1.000000
