26
1.000000 1.230050 1.230050 1.230050 -1.000000 -1.000000 -1.000000
1.000000 1.000000 1.240050 1.240050 0.000000 -1.000000 -1.000000
1.000000 0.749950 1.250050 1.250050 1.000000 -1.000000 -1.000000
1.000000 1.260050 1.000000 1.260050 -1.000000 0.000000 -1.000000
1.000000 1.000000 1.000000 1.270050 0.000000 0.000000 -1.000000
1.000000 0.719950 1.000000 1.280050 1.000000 0.000000 -1.000000
1.000000 1.290050 0.709950 1.290050 -1.000000 1.000000 -1.000000
1.000000 1.000000 0.699950 1.300050 0.000000 1.000000 -1.000000
1.000000 0.689950 0.689950 1.310050 1.000000 1.000000 -1.000000
1.000000 1.320050 1.320050 1.000000 -1.000000 -1.000000 0.000000
1.000000 1.000000 1.330050 1.000000 0.000000 -1.000000 0.000000
1.000000 0.659950 1.340050 1.000000 1.000000 -1.000000 0.000000
1.000000 1.350050 1.000000 1.000000 -1.000000 0.000000 0.000000
1.000000 0.639950 1.000000 1.000000 1.000000 0.000000 0.000000
1.000000 1.370050 0.629950 1.000000 -1.000000 1.000000 0.000000
1.000000 1.000000 0.619950 1.000000 0.000000 1.000000 0.000000
1.000000 0.609950 0.609950 1.000000 1.000000 1.000000 0.000000
1.000000 1.400050 1.400050 0.599950 -1.000000 -1.000000 1.000000
1.000000 1.000000 1.410050 0.589950 0.000000 -1.000000 1.000000
1.000000 0.579950 1.420050 0.579950 1.000000 -1.000000 1.000000
1.000000 1.430050 1.000000 0.569950 -1.000000 0.000000 1.000000
1.000000 1.000000 1.000000 0.559950 0.000000 0.000000 1.000000
1.000000 0.549950 1.000000 0.549950 1.000000 0.000000 1.000000
1.000000 1.460050 0.539950 0.539950 -1.000000 1.000000 1.000000
1.000000 1.000000 0.529950 0.529950 0.000000 1.000000 1.000000
1.000000 0.519950 0.519950 0.519950 1.000000 1.000000 1.000000
