26
1.000000 0.620050 0.620050 0.620050 -1.000000 -1.000000 -1.000000
1.000000 1.000000 0.630050 0.630050 0.000000 -1.000000 -1.000000
1.000000 1.359950 0.640050 0.640050 1.000000 -1.000000 -1.000000
1.000000 0.650050 1.000000 0.650050 -1.000000 0.000000 -1.000000
1.000000 1.000000 1.000000 0.660050 0.000000 0.000000 -1.000000
1.000000 1.329950 1.000000 0.670050 1.000000 0.000000 -1.000000
1.000000 0.680050 1.319950 0.680050 -1.000000 1.000000 -1.000000
1.000000 1.000000 1.309950 0.690050 0.000000 1.000000 -1.000000
1.000000 1.299950 1.299950 0.700050 1.000000 1.000000 -1.000000
1.000000 0.710050 0.710050 1.000000 -1.000000 -1.000000 0.000000
1.000000 1.000000 0.720050 1.000000 0.000000 -1.000000 0.000000
1.000000 1.269950 0.730050 1.000000 1.000000 -1.000000 0.000000
1.000000 0.740050 1.000000 1.000000 -1.000000 0.000000 0.000000
1.000000 1.249950 1.000000 1.000000 1.000000 0.000000 0.000000
1.000000 0.760050 1.239950 1.000000 -1.000000 1.000000 0.000000
1.000000 1.000000 1.229950 1.000000 0.000000 1.000000 0.000000
1.000000 1.219950 1.219950 1.000000 1.000000 1.000000 0.000000
1.000000 0.790050 0.790050 1.209950 -1.000000 -1.000000 1.000000
1.000000 1.000000 0.800050 1.199950 0.000000 -1.000000 1.000000
1.000000 1.189950 0.810050 1.189950 1.000000 -1.000000 1.000000
1.000000 0.820050 1.000000 1.179950 -1.000000 0.000000 1.000000
1.000000 1.000000 1.000000 1.169950 0.000000 0.000000 1.000000
1.000000 1.159950 1.000000 1.159950 1.000000 0.000000 1.000000
1.000000 0.850050 1.149950 1.149950 -1.000000 1.000000 1.000000
1.000000 1.000000 1.139950 1.139950 0.000000 1.000000 1.000000
1.000000 1.129950 1.129950 1.129950 1.000000 1.000000 1.000000
