26
1.000000 1.950050 1.950050 1.950050 -1.000000 -1.000000 -1.000000
1.000000 1.000000 1.960050 1.960050 0.000000 -1.000000 -1.000000
1.000000 0.029950 1.970050 1.970050 1.000000 -1.000000 -1.000000
1.000000 1.980050 1.000000 1.980050 -1.000000 0.000000 -1.000000
1.000000 1.000000 1.000000 1.990050 0.000000 0.000000 -1.000000
1.000000 1.999950 1.000000 0.000050 1.000000 0.000000 -1.000000
1.000000 0.010050 1.989950 0.010050 -1.000000 1.000000 -1.000000
1.000000 1.000000 1.979950 0.020050 0.000000 1.000000 -1.000000
1.000000 1.969950 1.969950 0.030050 1.000000 1.000000 -1.000000
1.000000 0.040050 0.040050 1.000000 -1.000000 -1.000000 0.000000
1.000000 1.000000 0.050050 1.000000 0.000000 -1.000000 0.000000
1.000000 1.939950 0.060050 1.000000 1.000000 -1.000000 0.000000
1.000000 0.070050 1.000000 1.000000 -1.000000 0.000000 0.000000
1.000000 1.919950 1.000000 1.000000 1.000000 0.000000 0.000000
1.000000 0.090050 1.909950 1.000000 -1.000000 1.000000 0.000000
1.000000 1.000000 1.899950 1.000000 0.000000 1.000000 0.000000
1.000000 1.889950 1.889950 1.000000 1.000000 1.000000 0.000000
1.000000 0.120050 0.120050 1.879950 -1.000000 -1.000000 1.000000
1.000000 1.000000 0.130050 1.869950 0.000000 -1.000000 1.000000
1.000000 1.859950 0.140050 1.859950 1.000000 -1.000000 1.000000
1.000000 0.150050 1.000000 1.849950 -1.000000 0.000000 1.000000
1.000000 1.000000 1.000000 1.839950 0.000000 0.000000 1.000000
1.000000 1.829950 1.000000 1.829950 1.000000 0.000000 1.000000
1.000000 0.180050 1.819950 1.819950 -1.000000 1.000000 1.000000
1.000000 1.000000 1.809950 1.809950 0.000000 1.000000 1.000000
1.000000 1.799950 1.799950 1.799950 1.000000 1.000000 1.000000
