26
1.000000 0.010050 0.010050 0.010050 -1.000000 -1.000000 -1.000000
1.000000 1.000000 0.020050 0.020050 0.000000 -1.000000 -1.000000
1.000000 1.969950 0.030050 0.030050 1.000000 -1.000000 -1.000000
1.000000 0.040050 1.000000 0.040050 -1.000000 0.000000 -1.000000
1.000000 1.000000 1.000000 0.050050 0.000000 0.000000 -1.000000
1.000000 1.939950 1.000000 0.060050 1.000000 0.000000 -1.000000
1.000000 0.070050 1.929950 0.070050 -1.000000 1.000000 -1.000000
1.000000 1.000000 1.919950 0.080050 0.000000 1.000000 -1.000000
1.000000 1.909950 1.909950 0.090050 1.000000 1.000000 -1.000000
1.000000 0.100050 0.100050 1.000000 -1.000000 -1.000000 0.000000
1.000000 1.000000 0.110050 1.000000 0.000000 -1.000000 0.000000
1.000000 1.879950 0.120050 1.000000 1.000000 -1.000000 0.000000
1.000000 0.130050 1.000000 1.000000 -1.000000 0.000000 0.000000
1.000000 1.859950 1.000000 1.000000 1.000000 0.000000 0.000000
1.000000 0.150050 1.849950 1.000000 -1.000000 1.000000 0.000000
1.000000 1.000000 1.839950 1.000000 0.000000 1.000000 0.000000
1.000000 1.829950 1.829950 1.000000 1.000000 1.000000 0.000000
1.000000 0.180050 0.180050 1.819950 -1.000000 -1.000000 1.000000
1.000000 1.000000 0.190050 1.809950 0.000000 -1.000000 1.000000
1.000000 1.799950 0.200050 1.799950 1.000000 -1.000000 1.000000
1.000000 0.210050 1.000000 1.789950 -1.000000 0.000000 1.000000
1.000000 1.000000 1.000000 1.779950 0.000000 0.000000 1.000000
1.000000 1.769950 1.000000 1.769950 1.000000 0.000000 1.000000
1.000000 0.240050 1.759950 1.759950 -1.000000 1.000000 1.000000
1.000000 1.000000 1.749950 1.749950 0.000000 1.000000 1.000000
1.000000 1.739950 1.739950 1.739950 1.000000 1.000000 1.000000
