26
1.000000 1.610050 1.610050 1.610050 -1.000000 -1.000000 -1.000000
1.000000 1.000000 1.620050 1.620050 0.000000 -1.000000 -1.000000
1.000000 0.369950 1.630050 1.630050 1.000000 -1.000000 -1.000000
1.000000 1.640050 1.000000 1.640050 -1.000000 0.000000 -1.000000
1.000000 1.000000 1.000000 1.650050 0.000000 0.000000 -1.000000
1.000000 0.339950 1.000000 1.660050 1.000000 0.000000 -1.000000
1.000000 1.670050 0.329950 1.670050 -1.000000 1.000000 -1.000000
1.000000 1.000000 0.319950 1.680050 0.000000 1.000000 -1.000000
1.000000 0.309950 0.309950 1.690050 1.000000 1.000000 -1.000000
1.000000 1.700050 1.700050 1.000000 -1.000000 -1.000000 0.000000
1.000000 1.000000 1.710050 1.000000 0.000000 -1.000000 0.000000
1.000000 0.279950 1.720050 1.000000 1.000000 -1.000000 0.000000
1.000000 1.730050 1.000000 1.000000 -1.000000 0.000000 0.000000
1.000000 0.259950 1.000000 1.000000 1.000000 0.000000 0.000000
1.000000 1.750050 0.249950 1.000000 -1.000000 1.000000 0.000000
1.000000 1.000000 0.239950 1.000000 0.000000 1.000000 0.000000
1.000000 0.229950 0.229950 1.000000 1.000000 1.000000 0.000000
1.000000 1.780050 1.780050 0.219950 -1.000000 -1.000000 1.000000
1.000000 1.000000 1.790050 0.209950 0.000000 -1.000000 1.000000
1.000000 0.199950 1.800050 0.199950 1.000000 -1.000000 1.000000
1.000000 1.810050 1.000000 0.189950 -1.000000 0.000000 1.000000
1.000000 1.000000 1.000000 0.179950 0.000000 0.000000 1.000000
1.000000 0.169950 1.000000 0.169950 1.000000 0.000000 1.000000
1.000000 1.840050 0.159950 0.159950 -1.000000 1.000000 1.000000
1.000000 1.000000 0.149950 0.149950 0.000000 1.000000 1.000000
1.000000 0.139950 0.139950 0.139950 1.000000 1.000000 1.000000
