26
1.000000 1.780050 1.780050 1.780050 -1.000000 -1.000000 -1.000000
1.000000 1.000000 1.790050 1.790050 0.000000 -1.000000 -1.000000
1.000000 0.199950 1.800050 1.800050 1.000000 -1.000000 -1.000000
1.000000 1.810050 1.000000 1.810050 -1.000000 0.000000 -1.000000
1.000000 1.000000 1.000000 1.820050 0.000000 0.000000 -1.000000
1.000000 0.169950 1.000000 1.830050 1.000000 0.000000 -1.000000
1.000000 1.840050 0.159950 1.840050 -1.000000 1.000000 -1.000000
1.000000 1.000000 0.149950 1.850050 0.000000 1.000000 -1.000000
1.000000 0.139950 0.139950 1.860050 1.000000 1.000000 -1.000000
1.000000 1.870050 1.870050 1.000000 -1.000000 -1.000000 0.000000
1.000000 1.000000 1.880050 1.000000 0.000000 -1.000000 0.000000
1.000000 0.109950 1.890050 1.000000 1.000000 -1.000000 0.000000
1.000000 1.900050 1.000000 1.000000 -1.000000 0.000000 0.000000
1.000000 0.089950 1.000000 1.000000 1.000000 0.000000 0.000000
1.000000 1.920050 0.079950 1.000000 -1.000000 1.000000 0.000000
1.000000 1.000000 0.069950 1.000000 0.000000 1.000000 0.000000
1.000000 0.059950 0.059950 1.000000 1.000000 1.000000 0.000000
1.000000 1.950050 1.950050 0.049950 -1.000000 -1.000000 1.000000
1.000000 1.000000 1.960050 0.039950 0.000000 -1.000000 1.000000
1.000000 0.029950 1.970050 0.029950 1.000000 -1.000000 1.000000
1.000000 1.980050 1.000000 0.019950 -1.000000 0.000000 1.000000
1.000000 1.000000 1.000000 0.009950 0.000000 0.000000 1.000000
1.000000 1.999950 1.000000 1.999950 1.000000 0.000000 1.000000
1.000000 0.010050 1.989950 1.989950 -1.000000 1.000000 1.000000
1.000000 1.000000 1.979950 1.979950 0.000000 1.000000 1.000000
1.000000 1.969950 1.969950 1.969950 1.000000 1.000000 1.000000
