26
1.000000 0.940050 0.940050 0.940050 -1.000000 -1.000000 -1.000000
1.000000 1.000000 0.950050 0.950050 0.000000 -1.000000 -1.000000
1.000000 1.039950 0.960050 0.960050 1.000000 -1.000000 -1.000000
1.000000 0.970050 1.000000 0.970050 -1.000000 0.000000 -1.000000
1.000000 1.000000 1.000000 0.980050 0.000000 0.000000 -1.000000
1.000000 1.009950 1.000000 0.990050 1.000000 0.000000 -1.000000
1.000000 1.000050 0.999950 1.000050 -1.000000 1.000000 -1.000000
1.000000 1.000000 0.989950 1.010050 0.000000 1.000000 -1.000000
1.000000 0.979950 0.979950 1.020050 1.000000 1.000000 -1.000000
1.000000 1.030050 1.030050 1.000000 -1.000000 -1.000000 0.000000
1.000000 1.000000 1.040050 1.000000 0.000000 -1.000000 0.000000
1.000000 0.949950 1.050050 1.000000 1.000000 -1.000000 0.000000
1.000000 1.060050 1.000000 1.000000 -1.000000 0.000000 0.000000
1.000000 0.929950 1.000000 1.000000 1.000000 0.000000 0.000000
1.000000 1.080050 0.919950 1.000000 -1.000000 1.000000 0.000000
1.000000 1.000000 0.909950 1.000000 0.000000 1.000000 0.000000
1.000000 0.899950 0.899950 1.000000 1.000000 1.000000 0.000000
1.000000 1.110050 1.110050 0.889950 -1.000000 -1.000000 1.000000
1.000000 1.000000 1.120050 0.879950 0.000000 -1.000000 1.000000
1.000000 0.869950 1.130050 0.869950 1.000000 -1.000000 1.000000
1.000000 1.140050 1.000000 0.859950 -1.000000 0.000000 1.000000
1.000000 1.000000 1.000000 0.849950 0.000000 0.000000 1.000000
1.000000 0.839950 1.000000 0.839950 1.000000 0.000000 1.000000
1.000000 1.170050 0.829950 0.829950 -1.000000 1.000000 1.000000
1.000000 1.000000 0.819950 0.819950 0.000000 1.000000 1.000000
1.000000 0.809950 0.809950 0.809950 1.000000 1.000000 1.000000
