26
1.000000 0.690050 0.690050 0.690050 -1.000000 -1.000000 -1.000000
1.000000 1.000000 0.700050 0.700050 0.000000 -1.000000 -1.000000
1.000000 1.289950 0.710050 0.710050 1.000000 -1.000000 -1.000000
1.000000 0.720050 1.000000 0.720050 -1.000000 0.000000 -1.000000
1.000000 1.000000 1.000000 0.730050 0.000000 0.000000 -1.000000
1.000000 1.259950 1.000000 0.740050 1.000000 0.000000 -1.000000
1.000000 0.750050 1.249950 0.750050 -1.000000 1.000000 -1.000000
1.000000 1.000000 1.239950 0.760050 0.000000 1.000000 -1.000000
1.000000 1.229950 1.229950 0.770050 1.000000 1.000000 -1.000000
1.000000 0.780050 0.780050 1.000000 -1.000000 -1.000000 0.000000
1.000000 1.000000 0.790050 1.000000 0.000000 -1.000000 0.000000
1.000000 1.199950 0.800050 1.000000 1.000000 -1.000000 0.000000
1.000000 0.810050 1.000000 1.000000 -1.000000 0.000000 0.000000
1.000000 1.179950 1.000000 1.000000 1.000000 0.000000 0.000000
1.000000 0.830050 1.169950 1.000000 -1.000000 1.000000 0.000000
1.000000 1.000000 1.159950 1.000000 0.000000 1.000000 0.000000
1.000000 1.149950 1.149950 1.000000 1.000000 1.000000 0.000000
1.000000 0.860050 0.860050 1.139950 -1.000000 -1.000000 1.000000
1.000000 1.000000 0.870050 1.129950 0.000000 -1.000000 1.000000
1.000000 1.119950 0.880050 1.119950 1.000000 -1.000000 1.000000
1.000000 0.890050 1.000000 1.109950 -1.000000 0.000000 1.000000
1.000000 1.000000 1.000000 1.099950 0.000000 0.000000 1.000000
1.000000 1.089950 1.000000 1.089950 1.000000 0.000000 1.000000
1.000000 0.920050 1.079950 1.079950 -1.000000 1.000000 1.000000
1.000000 1.000000 1.069950 1.069950 0.000000 1.000000 1.000000
1.000000 1.059950 1.059950 1.059950 1.000000 1.000000 1.000000
