26
1.000000 1.770050 1.770050 1.770050 -1.000000 -1.000000 -1.000000
1.000000 1.000000 1.780050 1.780050 0.000000 -1.000000 -1.000000
1.000000 0.209950 1.790050 1.790050 1.000000 -1.000000 -1.000000
1.000000 1.800050 1.000000 1.800050 -1.000000 0.000000 -1.000000
1.000000 1.000000 1.000000 1.810050 0.000000 0.000000 -1.000000
1.000000 0.179950 1.000000 1.820050 1.000000 0.000000 -1.000000
1.000000 1.830050 0.169950 1.830050 -1.000000 1.000000 -1.000000
1.000000 1.000000 0.159950 1.840050 0.000000 1.000000 -1.000000
1.000000 0.149950 0.149950 1.850050 1.000000 1.000000 -1.000000
1.000000 1.860050 1.860050 1.000000 -1.000000 -1.000000 0.000000
1.000000 1.000000 1.870050 1.000000 0.000000 -1.000000 0.000000
1.000000 0.119950 1.880050 1.000000 1.000000 -1.000000 0.000000
1.000000 1.890050 1.000000 1.000000 -1.000000 0.000000 0.000000
1.000000 0.099950 1.000000 1.000000 1.000000 0.000000 0.000000
1.000000 1.910050 0.089950 1.000000 -1.000000 1.000000 0.000000
1.000000 1.000000 0.079950 1.000000 0.000000 1.000000 0.000000
1.000000 0.069950 0.069950 1.000000 1.000000 1.000000 0.000000
1.000000 1.940050 1.940050 0.059950 -1.000000 -1.000000 1.000000
1.000000 1.000000 1.950050 0.049950 0.000000 -1.000000 1.000000
1.000000 0.039950 1.960050 0.039950 1.000000 -1.000000 1.000000
1.000000 1.970050 1.000000 0.029950 -1.000000 0.000000 1.000000
1.000000 1.000000 1.000000 0.019950 0.000000 0.000000 1.000000
1.000000 0.009950 1.000000 0.009950 1.000000 0.000000 1.000000
1.000000 0.000050 1.999950 1.999950 -1.000000 1.000000 1.000000
1.000000 1.000000 1.989950 1.989950 0.000000 1.000000 1.000000
1.000000 1.979950 1.979950 1.979950 1.000000 1.000000 1.000000
