26
1.000000 0.840050 0.840050 0.840050 -1.000000 -1.000000 -1.000000
1.000000 1.000000 0.850050 0.850050 0.000000 -1.000000 -1.000000
1.000000 1.139950 0.860050 0.860050 1.000000 -1.000000 -1.000000
1.000000 0.870050 1.000000 0.870050 -1.000000 0.000000 -1.000000
1.000000 1.000000 1.000000 0.880050 0.000000 0.000000 -1.000000
1.000000 1.109950 1.000000 0.890050 1.000000 0.000000 -1.000000
1.000000 0.900050 1.099950 0.900050 -1.000000 1.000000 -1.000000
1.000000 1.000000 1.089950 0.910050 0.000000 1.000000 -1.000000
1.000000 1.079950 1.079950 0.920050 1.000000 1.000000 -1.000000
1.000000 0.930050 0.930050 1.000000 -1.000000 -1.000000 0.000000
1.000000 1.000000 0.940050 1.000000 0.000000 -1.000000 0.000000
1.000000 1.049950 0.950050 1.000000 1.000000 -1.000000 0.000000
1.000000 0.960050 1.000000 1.000000 -1.000000 0.000000 0.000000
1.000000 1.029950 1.000000 1.000000 1.000000 0.000000 0.000000
1.000000 0.980050 1.019950 1.000000 -1.000000 1.000000 0.000000
1.000000 1.000000 1.009950 1.000000 0.000000 1.000000 0.000000
1.000000 0.999950 0.999950 1.000000 1.000000 1.000000 0.000000
1.000000 1.010050 1.010050 0.989950 -1.000000 -1.000000 1.000000
1.000000 1.000000 1.020050 0.979950 0.000000 -1.000000 1.000000
1.000000 0.969950 1.030050 0.969950 1.000000 -1.000000 1.000000
1.000000 1.040050 1.000000 0.959950 -1.000000 0.000000 1.000000
1.000000 1.000000 1.000000 0.949950 0.000000 0.000000 1.000000
1.000000 0.939950 1.000000 0.939950 1.000000 0.000000 1.000000
1.000000 1.070050 0.929950 0.929950 -1.000000 1.000000 1.000000
1.000000 1.000000 0.919950 0.919950 0.000000 1.000000 1.000000
1.000000 0.909950 0.909950 0.909950 1.000000 1.000000 1.000000
