26
1.000000 0.760050 0.760050 0.760050 -1.000000 -1.000000 -1.000000
1.000000 1.000000 0.770050 0.770050 0.000000 -1.000000 -1.000000
1.000000 1.219950 0.780050 0.780050 1.000000 -1.000000 -1.000000
1.000000 0.790050 1.000000 0.790050 -1.000000 0.000000 -1.000000
1.000000 1.000000 1.000000 0.800050 0.000000 0.000000 -1.000000
1.000000 1.189950 1.000000 0.810050 1.000000 0.000000 -1.000000
1.000000 0.820050 1.179950 0.820050 -1.000000 1.000000 -1.000000
1.000000 1.000000 1.169950 0.830050 0.000000 1.000000 -1.000000
1.000000 1.159950 1.159950 0.840050 1.000000 1.000000 -1.000000
1.000000 0.850050 0.850050 1.000000 -1.000000 -1.000000 0.000000
1.000000 1.000000 0.860050 1.000000 0.000000 -1.000000 0.000000
1.000000 1.129950 0.870050 1.000000 1.000000 -1.000000 0.000000
1.000000 0.880050 1.000000 1.000000 -1.000000 0.000000 0.000000
1.000000 1.109950 1.000000 1.000000 1.000000 0.000000 0.000000
1.000000 0.900050 1.099950 1.000000 -1.000000 1.000000 0.000000
1.000000 1.000000 1.089950 1.000000 0.000000 1.000000 0.000000
1.000000 1.079950 1.079950 1.000000 1.000000 1.000000 0.000000
1.000000 0.930050 0.930050 1.069950 -1.000000 -1.000000 1.000000
1.000000 1.000000 0.940050 1.059950 0.000000 -1.000000 1.000000
1.000000 1.049950 0.950050 1.049950 1.000000 -1.000000 1.000000
1.000000 0.960050 1.000000 1.039950 -1.000000 0.000000 1.000000
1.000000 1.000000 1.000000 1.029950 0.000000 0.000000 1.000000
1.000000 1.019950 1.000000 1.019950 1.000000 0.000000 1.000000
1.000000 0.990050 1.009950 1.009950 -1.000000 1.000000 1.000000
1.000000 1.000000 0.999950 0.999950 0.000000 1.000000 1.000000
1.000000 0.989950 0.989950 0.989950 1.000000 1.000000 1.000000
