26
1.000000 1.930050 1.930050 1.930050 -1.000000 -1.000000 -1.000000
1.000000 1.000000 1.940050 1.940050 0.000000 -1.000000 -1.000000
1.000000 0.049950 1.950050 1.950050 1.000000 -1.000000 -1.000000
1.000000 1.960050 1.000000 1.960050 -1.000000 0.000000 -1.000000
1.000000 1.000000 1.000000 1.970050 0.000000 0.000000 -1.000000
1.000000 0.019950 1.000000 1.980050 1.000000 0.000000 -1.000000
1.000000 1.990050 0.009950 1.990050 -1.000000 1.000000 -1.000000
1.000000 1.000000 1.999950 0.000050 0.000000 1.000000 -1.000000
1.000000 1.989950 1.989950 0.010050 1.000000 1.000000 -1.000000
1.000000 0.020050 0.020050 1.000000 -1.000000 -1.000000 0.000000
1.000000 1.000000 0.030050 1.000000 0.000000 -1.000000 0.000000
1.000000 1.959950 0.040050 1.000000 1.000000 -1.000000 0.000000
1.000000 0.050050 1.000000 1.000000 -1.000000 0.000000 0.000000
1.000000 1.939950 1.000000 1.000000 1.000000 0.000000 0.000000
1.000000 0.070050 1.929950 1.000000 -1.000000 1.000000 0.000000
1.000000 1.000000 1.919950 1.000000 0.000000 1.000000 0.000000
1.000000 1.909950 1.909950 1.000000 1.000000 1.000000 0.000000
1.000000 0.100050 0.100050 1.899950 -1.000000 -1.000000 1.000000
1.000000 1.000000 0.110050 1.889950 0.000000 -1.000000 1.000000
1.000000 1.879950 0.120050 1.879950 1.000000 -1.000000 1.000000
1.000000 0.130050 1.000000 1.869950 -1.000000 0.000000 1.000000
1.000000 1.000000 1.000000 1.859950 0.000000 0.000000 1.000000
1.000000 1.849950 1.000000 1.849950 1.000000 0.000000 1.000000
1.000000 0.160050 1.839950 1.839950 -1.000000 1.000000 1.000000
1.000000 1.000000 1.829950 1.829950 0.000000 1.000000 1.000000
1.000000 1.819950 1.819950 1.819950 1.000000 1.000000 1.000000
