26
1.000000 0.570050 0.570050 0.570050 -1.000000 -1.000000 -1.000000
1.000000 1.000000 0.580050 0.580050 0.000000 -1.000000 -1.000000
1.000000 1.409950 0.590050 0.590050 1.000000 -1.000000 -1.000000
1.000000 0.600050 1.000000 0.600050 -1.000000 0.000000 -1.000000
1.000000 1.000000 1.000000 0.610050 0.000000 0.000000 -1.000000
1.000000 1.379950 1.000000 0.620050 1.000000 0.000000 -1.000000
1.000000 0.630050 1.369950 0.630050 -1.000000 1.000000 -1.000000
1.000000 1.000000 1.359950 0.640050 0.000000 1.000000 -1.000000
1.000000 1.349950 1.349950 0.650050 1.000000 1.000000 -1.000000
1.000000 0.660050 0.660050 1.000000 -1.000000 -1.000000 0.000000
1.000000 1.000000 0.670050 1.000000 0.000000 -1.000000 0.000000
1.000000 1.319950 0.680050 1.000000 1.000000 -1.000000 0.000000
1.000000 0.690050 1.000000 1.000000 -1.000000 0.000000 0.000000
1.000000 1.299950 1.000000 1.000000 1.000000 0.000000 0.000000
1.000000 0.710050 1.289950 1.000000 -1.000000 1.000000 0.000000
1.000000 1.000000 1.279950 1.000000 0.000000 1.000000 0.000000
1.000000 1.269950 1.269950 1.000000 1.000000 1.000000 0.000000
1.000000 0.740050 0.740050 1.259950 -1.000000 -1.000000 1.000000
1.000000 1.000000 0.750050 1.249950 0.000000 -1.000000 1.000000
1.000000 1.239950 0.760050 1.239950 1.000000 -1.000000 1.000000
1.000000 0.770050 1.000000 1.229950 -1.000000 0.000000 1.000000
1.000000 1.000000 1.000000 1.219950 0.000000 0.000000 1.000000
1.000000 1.209950 1.000000 1.209950 1.000000 0.000000 1.000000
1.000000 0.800050 1.199950 1.199950 -1.000000 1.000000 1.000000
1.000000 1.000000 1.189950 1.189950 0.000000 1.000000 1.000000
1.000000 1.179950 1.179950 1.179950 1.000000 1.000000 1.000000
