26
1.000000 0.970050 0.970050 0.970050 -1.000000 -1.000000 -1.000000
1.000000 1.000000 0.980050 0.980050 0.000000 -1.000000 -1.000000
1.000000 1.009950 0.990050 0.990050 1.000000 -1.000000 -1.000000
1.000000 1.000050 1.000000 1.000050 -1.000000 0.000000 -1.000000
1.000000 1.000000 1.000000 1.010050 0.000000 0.000000 -1.000000
1.000000 0.979950 1.000000 1.020050 1.000000 0.000000 -1.000000
1.000000 1.030050 0.969950 1.030050 -1.000000 1.000000 -1.000000
1.000000 1.000000 0.959950 1.040050 0.000000 1.000000 -1.000000
1.000000 0.949950 0.949950 1.050050 1.000000 1.000000 -1.000000
1.000000 1.060050 1.060050 1.000000 -1.000000 -1.000000 0.000000
1.000000 1.000000 1.070050 1.000000 0.000000 -1.000000 0.000000
1.000000 0.919950 1.080050 1.000000 1.000000 -1.000000 0.000000
1.000000 1.090050 1.000000 1.000000 -1.000000 0.000000 0.000000
1.000000 0.899950 1.000000 1.000000 1.000000 0.000000 0.000000
1.000000 1.110050 0.889950 1.000000 -1.000000 1.000000 0.000000
1.000000 1.000000 0.879950 1.000000 0.000000 1.000000 0.000000
1.000000 0.869950 0.869950 1.000000 1.000000 1.000000 0.000000
1.000000 1.140050 1.140050 0.859950 -1.000000 -1.000000 1.000000
1.000000 1.000000 1.150050 0.849950 0.000000 -1.000000 1.000000
1.000000 0.839950 1.160050 0.839950 1.000000 -1.000000 1.000000
1.000000 1.170050 1.000000 0.829950 -1.000000 0.000000 1.000000
1.000000 1.000000 1.000000 0.819950 0.000000 0.000000 1.000000
1.000000 0.809950 1.000000 0.809950 1.000000 0.000000 1.000000
1.000000 1.200050 0.799950 0.799950 -1.000000 1.000000 1.000000
1.000000 1.000000 0.789950 0.789950 0.000000 1.000000 1.000000
1.000000 0.779950 0.779950 0.779950 1.000000 1.000000 1.000000
