26
1.000000 0.520050 0.520050 0.520050 -1.000000 -1.000000 -1.000000
1.000000 1.000000 0.530050 0.530050 0.000000 -1.000000 -1.000000
1.000000 1.459950 0.540050 0.540050 1.000000 -1.000000 -1.000000
1.000000 0.550050 1.000000 0.550050 -1.000000 0.000000 -1.000000
1.000000 1.000000 1.000000 0.560050 0.000000 0.000000 -1.000000
1.000000 1.429950 1.000000 0.570050 1.000000 0.000000 -1.000000
1.000000 0.580050 1.419950 0.580050 -1.000000 1.000000 -1.000000
1.000000 1.000000 1.409950 0.590050 0.000000 1.000000 -1.000000
1.000000 1.399950 1.399950 0.600050 1.000000 1.000000 -1.000000
1.000000 0.610050 0.610050 1.000000 -1.000000 -1.000000 0.000000
1.000000 1.000000 0.620050 1.000000 0.000000 -1.000000 0.000000
1.000000 1.369950 0.630050 1.000000 1.000000 -1.000000 0.000000
1.000000 0.640050 1.000000 1.000000 -1.000000 0.000000 0.000000
1.000000 1.349950 1.000000 1.000000 1.000000 0.000000 0.000000
1.000000 0.660050 1.339950 1.000000 -1.000000 1.000000 0.000000
1.000000 1.000000 1.329950 1.000000 0.000000 1.000000 0.000000
1.000000 1.319950 1.319950 1.000000 1.000000 1.000000 0.000000
1.000000 0.690050 0.690050 1.309950 -1.000000 -1.000000 1.000000
1.000000 1.000000 0.700050 1.299950 0.000000 -1.000000 1.000000
1.000000 1.289950 0.710050 1.289950 1.000000 -1.000000 1.000000
1.000000 0.720050 1.000000 1.279950 -1.000000 0.000000 1.000000
1.000000 1.000000 1.000000 1.269950 0.000000 0.000000 1.000000
1.000000 1.259950 1.000000 1.259950 1.000000 0.000000 1.000000
1.000000 0.750050 1.249950 1.249950 -1.000000 1.000000 1.000000
1.000000 1.000000 1.239950 1.239950 0.000000 1.000000 1.000000
1.000000 1.229950 1.229950 1.229950 1.000000 1.000000 1.000000
