26
1.000000 1.100050 1.100050 1.100050 -1.000000 -1.000000 -1.000000
1.000000 1.000000 1.110050 1.110050 0.000000 -1.000000 -1.000000
1.000000 0.879950 1.120050 1.120050 1.000000 -1.000000 -1.000000
1.000000 1.130050 1.000000 1.130050 -1.000000 0.000000 -1.000000
1.000000 1.000000 1.000000 1.140050 0.000000 0.000000 -1.000000
1.000000 0.849950 1.000000 1.150050 1.000000 0.000000 -1.000000
1.000000 1.160050 0.839950 1.160050 -1.000000 1.000000 -1.000000
1.000000 1.000000 0.829950 1.170050 0.000000 1.000000 -1.000000
1.000000 0.819950 0.819950 1.180050 1.000000 1.000000 -1.000000
1.000000 1.190050 1.190050 1.000000 -1.000000 -1.000000 0.000000
1.000000 1.000000 1.200050 1.000000 0.000000 -1.000000 0.000000
1.000000 0.789950 1.210050 1.000000 1.000000 -1.000000 0.000000
1.000000 1.220050 1.000000 1.000000 -1.000000 0.000000 0.000000
1.000000 0.769950 1.000000 1.000000 1.000000 0.000000 0.000000
1.000000 1.240050 0.759950 1.000000 -1.000000 1.000000 0.000000
1.000000 1.000000 0.749950 1.000000 0.000000 1.000000 0.000000
1.000000 0.739950 0.739950 1.000000 1.000000 1.000000 0.000000
1.000000 1.270050 1.270050 0.729950 -1.000000 -1.000000 1.000000
1.000000 1.000000 1.280050 0.719950 0.000000 -1.000000 1.000000
1.000000 0.709950 1.290050 0.709950 1.000000 -1.000000 1.000000
1.000000 1.300050 1.000000 0.699950 -1.000000 0.000000 1.000000
1.000000 1.000000 1.000000 0.689950 0.000000 0.000000 1.000000
1.000000 0.679950 1.000000 0.679950 1.000000 0.000000 1.000000
1.000000 1.330050 0.669950 0.669950 -1.000000 1.000000 1.000000
1.000000 1.000000 0.659950 0.659950 0.000000 1.000000 1.000000
1.000000 0.649950 0.649950 0.649950 1.000000 1.000000 1.000000
