26
1.000000 0.800050 0.800050 0.800050 -1.000000 -1.000000 -1.000000
1.000000 1.000000 0.810050 0.810050 0.000000 -1.000000 -1.000000
1.000000 1.179950 0.820050 0.820050 1.000000 -1.000000 -1.000000
1.000000 0.830050 1.000000 0.830050 -1.000000 0.000000 -1.000000
1.000000 1.000000 1.000000 0.840050 0.000000 0.000000 -1.000000
1.000000 1.149950 1.000000 0.850050 1.000000 0.000000 -1.000000
1.000000 0.860050 1.139950 0.860050 -1.000000 1.000000 -1.000000
1.000000 1.000000 1.129950 0.870050 0.000000 1.000000 -1.000000
1.000000 1.119950 1.119950 0.880050 1.000000 1.000000 -1.000000
1.000000 0.890050 0.890050 1.000000 -1.000000 -1.000000 0.000000
1.000000 1.000000 0.900050 1.000000 0.000000 -1.000000 0.000000
1.000000 1.089950 0.910050 1.000000 1.000000 -1.000000 0.000000
1.000000 0.920050 1.000000 1.000000 -1.000000 0.000000 0.000000
1.000000 1.069950 1.000000 1.000000 1.000000 0.000000 0.000000
1.000000 0.940050 1.059950 1.000000 -1.000000 1.000000 0.000000
1.000000 1.000000 1.049950 1.000000 0.000000 1.000000 0.000000
1.000000 1.039950 1.039950 1.000000 1.000000 1.000000 0.000000
1.000000 0.970050 0.970050 1.029950 -1.000000 -1.000000 1.000000
1.000000 1.000000 0.980050 1.019950 0.000000 -1.000000 1.000000
1.000000 1.009950 0.990050 1.009950 1.000000 -1.000000 1.000000
1.000000 1.000050 1.000000 0.999950 -1.000000 0.000000 1.000000
1.000000 1.000000 1.000000 0.989950 0.000000 0.000000 1.000000
1.000000 0.979950 1.000000 0.979950 1.000000 0.000000 1.000000
1.000000 1.030050 0.969950 0.969950 -1.000000 1.000000 1.000000
1.000000 1.000000 0.959950 0.959950 0.000000 1.000000 1.000000
1.000000 0.949950 0.949950 0.949950 1.000000 1.000000 1.000000
