26
1.000000 0.500050 0.500050 0.500050 -1.000000 -1.000000 -1.000000
1.000000 1.000000 0.510050 0.510050 0.000000 -1.000000 -1.000000
1.000000 1.479950 0.520050 0.520050 1.000000 -1.000000 -1.000000
1.000000 0.530050 1.000000 0.530050 -1.000000 0.000000 -1.000000
1.000000 1.000000 1.000000 0.540050 0.000000 0.000000 -1.000000
1.000000 1.449950 1.000000 0.550050 1.000000 0.000000 -1.000000
1.000000 0.560050 1.439950 0.560050 -1.000000 1.000000 -1.000000
1.000000 1.000000 1.429950 0.570050 0.000000 1.000000 -1.000000
1.000000 1.419950 1.419950 0.580050 1.000000 1.000000 -1.000000
1.000000 0.590050 0.590050 1.000000 -1.000000 -1.000000 0.000000
1.000000 1.000000 0.600050 1.000000 0.000000 -1.000000 0.000000
1.000000 1.389950 0.610050 1.000000 1.000000 -1.000000 0.000000
1.000000 0.620050 1.000000 1.000000 -1.000000 0.000000 0.000000
1.000000 1.369950 1.000000 1.000000 1.000000 0.000000 0.000000
1.000000 0.640050 1.359950 1.000000 -1.000000 1.000000 0.000000
1.000000 1.000000 1.349950 1.000000 0.000000 1.000000 0.000000
1.000000 1.339950 1.339950 1.000000 1.000000 1.000000 0.000000
1.000000 0.670050 0.670050 1.329950 -1.000000 -1.000000 1.000000
1.000000 1.000000 0.680050 1.319950 0.000000 -1.000000 1.000000
1.000000 1.309950 0.690050 1.309950 1.000000 -1.000000 1.000000
1.000000 0.700050 1.000000 1.299950 -1.000000 0.000000 1.000000
1.000000 1.000000 1.000000 1.289950 0.000000 0.000000 1.000000
1.000000 1.279950 1.000000 1.279950 1.000000 0.000000 1.000000
1.000000 0.730050 1.269950 1.269950 -1.000000 1.000000 1.000000
1.000000 1.000000 1.259950 1.259950 0.000000 1.000000 1.000000
1.000000 1.249950 1.249950 1.249950 1.000000 1.000000 1.000000
