26
1.000000 1.710050 1.710050 1.710050 -1.000000 -1.000000 -1.000000
1.000000 1.000000 1.720050 1.720050 0.000000 -1.000000 -1.000000
1.000000 0.269950 1.730050 1.730050 1.000000 -1.000000 -1.000000
1.000000 1.740050 1.000000 1.740050 -1.000000 0.000000 -1.000000
1.000000 1.000000 1.000000 1.750050 0.000000 0.000000 -1.000000
1.000000 0.239950 1.000000 1.760050 1.000000 0.000000 -1.000000
1.000000 1.770050 0.229950 1.770050 -1.000000 1.000000 -1.000000
1.000000 1.000000 0.219950 1.780050 0.000000 1.000000 -1.000000
1.000000 0.209950 0.209950 1.790050 1.000000 1.000000 -1.000000
1.000000 1.800050 1.800050 1.000000 -1.000000 -1.000000 0.000000
1.000000 1.000000 1.810050 1.000000 0.000000 -1.000000 0.000000
1.000000 0.179950 1.820050 1.000000 1.000000 -1.000000 0.000000
1.000000 1.830050 1.000000 1.000000 -1.000000 0.000000 0.000000
1.000000 0.159950 1.000000 1.000000 1.000000 0.000000 0.000000
1.000000 1.850050 0.149950 1.000000 -1.000000 1.000000 0.000000
1.000000 1.000000 0.139950 1.000000 0.000000 1.000000 0.000000
1.000000 0.129950 0.129950 1.000000 1.000000 1.000000 0.000000
1.000000 1.880050 1.880050 0.119950 -1.000000 -1.000000 1.000000
1.000000 1.000000 1.890050 0.109950 0.000000 -1.000000 1.000000
1.000000 0.099950 1.900050 0.099950 1.000000 -1.000000 1.000000
1.000000 1.910050 1.000000 0.089950 -1.000000 0.000000 1.000000
1.000000 1.000000 1.000000 0.079950 0.000000 0.000000 1.000000
1.000000 0.069950 1.000000 0.069950 1.000000 0.000000 1.000000
1.000000 1.940050 0.059950 0.059950 -1.000000 1.000000 1.000000
1.000000 1.000000 0.049950 0.049950 0.000000 1.000000 1.000000
1.000000 0.039950 0.039950 0.039950 1.000000 1.000000 1.000000
