26
1.000000 1.970050 1.970050 1.970050 -1.000000 -1.000000 -1.000000
1.000000 1.000000 1.980050 1.980050 0.000000 -1.000000 -1.000000
1.000000 0.009950 1.990050 1.990050 1.000000 -1.000000 -1.000000
1.000000 0.000050 1.000000 0.000050 -1.000000 0.000000 -1.000000
1.000000 1.000000 1.000000 0.010050 0.000000 0.000000 -1.000000
1.000000 1.979950 1.000000 0.020050 1.000000 0.000000 -1.000000
1.000000 0.030050 1.969950 0.030050 -1.000000 1.000000 -1.000000
1.000000 1.000000 1.959950 0.040050 0.000000 1.000000 -1.000000
1.000000 1.949950 1.949950 0.050050 1.000000 1.000000 -1.000000
1.000000 0.060050 0.060050 1.000000 -1.000000 -1.000000 0.000000
1.000000 1.000000 0.070050 1.000000 0.000000 -1.000000 0.000000
1.000000 1.919950 0.080050 1.000000 1.000000 -1.000000 0.000000
1.000000 0.090050 1.000000 1.000000 -1.000000 0.000000 0.000000
1.000000 1.899950 1.000000 1.000000 1.000000 0.000000 0.000000
1.000000 0.110050 1.889950 1.000000 -1.000000 1.000000 0.000000
1.000000 1.000000 1.879950 1.000000 0.000000 1.000000 0.000000
1.000000 1.869950 1.869950 1.000000 1.000000 1.000000 0.000000
1.000000 0.140050 0.140050 1.859950 -1.000000 -1.000000 1.000000
1.000000 1.000000 0.150050 1.849950 0.000000 -1.000000 1.000000
1.000000 1.839950 0.160050 1.839950 1.000000 -1.000000 1.000000
1.000000 0.170050 1.000000 1.829950 -1.000000 0.000000 1.000000
1.000000 1.000000 1.000000 1.819950 0.000000 0.000000 1.000000
1.000000 1.809950 1.000000 1.809950 1.000000 0.000000 1.000000
1.000000 0.200050 1.799950 1.799950 -1.000000 1.000000 1.000000
1.000000 1.000000 1.789950 1.789950 0.000000 1.000000 1.000000
1.000000 1.779950 1.779950 1.779950 1.000000 1.000000 1.000000
