26
1.000000 1.140050 1.140050 1.140050 -1.000000 -1.000000 -1.000000
1.000000 1.000000 1.150050 1.150050 0.000000 -1.000000 -1.000000
1.000000 0.839950 1.160050 1.160050 1.000000 -1.000000 -1.000000
1.000000 1.170050 1.000000 1.170050 -1.000000 0.000000 -1.000000
1.000000 1.000000 1.000000 1.180050 0.000000 0.000000 -1.000000
1.000000 0.809950 1.000000 1.190050 1.000000 0.000000 -1.000000
1.000000 1.200050 0.799950 1.200050 -1.000000 1.000000 -1.000000
1.000000 1.000000 0.789950 1.210050 0.000000 1.000000 -1.000000
1.000000 0.779950 0.779950 1.220050 1.000000 1.000000 -1.000000
1.000000 1.230050 1.230050 1.000000 -1.000000 -1.000000 0.000000
1.000000 1.000000 1.240050 1.000000 0.000000 -1.000000 0.000000
1.000000 0.749950 1.250050 1.000000 1.000000 -1.000000 0.000000
1.000000 1.260050 1.000000 1.000000 -1.000000 0.000000 0.000000
1.000000 0.729950 1.000000 1.000000 1.000000 0.000000 0.000000
1.000000 1.280050 0.719950 1.000000 -1.000000 1.000000 0.000000
1.000000 1.000000 0.709950 1.000000 0.000000 1.000000 0.000000
1.000000 0.699950 0.699950 1.000000 1.000000 1.000000 0.000000
1.000000 1.310050 1.310050 0.689950 -1.000000 -1.000000 1.000000
1.000000 1.000000 1.320050 0.679950 0.000000 -1.000000 1.000000
1.000000 0.669950 1.330050 0.669950 1.000000 -1.000000 1.000000
1.000000 1.340050 1.000000 0.659950 -1.000000 0.000000 1.000000
1.000000 1.000000 1.000000 0.649950 0.000000 0.000000 1.000000
1.000000 0.639950 1.000000 0.639950 1.000000 0.000000 1.000000
1.000000 1.370050 0.629950 0.629950 -1.000000 1.000000 1.000000
1.000000 1.000000 0.619950 0.619950 0.000000 1.000000 1.000000
1.000000 0.609950 0.609950 0.609950 1.000000 1.000000 1.000000
