26
1.000000 0.640050 0.640050 0.640050 -1.000000 -1.000000 -1.000000
1.000000 1.000000 0.650050 0.650050 0.000000 -1.000000 -1.000000
1.000000 1.339950 0.660050 0.660050 1.000000 -1.000000 -1.000000
1.000000 0.670050 1.000000 0.670050 -1.000000 0.000000 -1.000000
1.000000 1.000000 1.000000 0.680050 0.000000 0.000000 -1.000000
1.000000 1.309950 1.000000 0.690050 1.000000 0.000000 -1.000000
1.000000 0.700050 1.299950 0.700050 -1.000000 1.000000 -1.000000
1.000000 1.000000 1.289950 0.710050 0.000000 1.000000 -1.000000
1.000000 1.279950 1.279950 0.720050 1.000000 1.000000 -1.000000
1.000000 0.730050 0.730050 1.000000 -1.000000 -1.000000 0.000000
1.000000 1.000000 0.740050 1.000000 0.000000 -1.000000 0.000000
1.000000 1.249950 0.750050 1.000000 1.000000 -1.000000 0.000000
1.000000 0.760050 1.000000 1.000000 -1.000000 0.000000 0.000000
1.000000 1.229950 1.000000 1.000000 1.000000 0.000000 0.000000
1.000000 0.780050 1.219950 1.000000 -1.000000 1.000000 0.000000
1.000000 1.000000 1.209950 1.000000 0.000000 1.000000 0.000000
1.000000 1.199950 1.199950 1.000000 1.000000 1.000000 0.000000
1.000000 0.810050 0.810050 1.189950 -1.000000 -1.000000 1.000000
1.000000 1.000000 0.820050 1.179950 0.000000 -1.000000 1.000000
1.000000 1.169950 0.830050 1.169950 1.000000 -1.000000 1.000000
1.000000 0.840050 1.000000 1.159950 -1.000000 0.000000 1.000000
1.000000 1.000000 1.000000 1.149950 0.000000 0.000000 1.000000
1.000000 1.139950 1.000000 1.139950 1.000000 0.000000 1.000000
1.000000 0.870050 1.129950 1.129950 -1.000000 1.000000 1.000000
1.000000 1.000000 1.119950 1.119950 0.000000 1.000000 1.000000
1.000000 1.109950 1.109950 1.109950 1.000000 1.000000 1.000000
