26
1.000000 1.290050 1.290050 1.290050 -1.000000 -1.000000 -1.000000
1.000000 1.000000 1.300050 1.300050 0.000000 -1.000000 -1.000000
1.000000 0.689950 1.310050 1.310050 1.000000 -1.000000 -1.000000
1.000000 1.320050 1.000000 1.320050 -1.000000 0.000000 -1.000000
1.000000 1.000000 1.000000 1.330050 0.000000 0.000000 -1.000000
1.000000 0.659950 1.000000 1.340050 1.000000 0.000000 -1.000000
1.000000 1.350050 0.649950 1.350050 -1.000000 1.000000 -1.000000
1.000000 1.000000 0.639950 1.360050 0.000000 1.000000 -1.000000
1.000000 0.629950 0.629950 1.370050 1.000000 1.000000 -1.000000
1.000000 1.380050 1.380050 1.000000 -1.000000 -1.000000 0.000000
1.000000 1.000000 1.390050 1.000000 0.000000 -1.000000 0.000000
1.000000 0.599950 1.400050 1.000000 1.000000 -1.000000 0.000000
1.000000 1.410050 1.000000 1.000000 -1.000000 0.000000 0.000000
1.000000 0.579950 1.000000 1.000000 1.000000 0.000000 0.000000
1.000000 1.430050 0.569950 1.000000 -1.000000 1.000000 0.000000
1.000000 1.000000 0.559950 1.000000 0.000000 1.000000 0.000000
1.000000 0.549950 0.549950 1.000000 1.000000 1.000000 0.000000
1.000000 1.460050 1.460050 0.539950 -1.000000 -1.000000 1.000000
1.000000 1.000000 1.470050 0.529950 0.000000 -1.000000 1.000000
1.000000 0.519950 1.480050 0.519950 1.000000 -1.000000 1.000000
1.000000 1.490050 1.000000 0.509950 -1.000000 0.000000 1.000000
1.000000 1.000000 1.000000 0.499950 0.000000 0.000000 1.000000
1.000000 0.489950 1.000000 0.489950 1.000000 0.000000 1.000000
1.000000 1.520050 0.479950 0.479950 -1.000000 1.000000 1.000000
1.000000 1.000000 0.469950 0.469950 0.000000 1.000000 1.000000
1.000000 0.459950 0.459950 0.459950 1.000000 1.000000 1.000000
