26
1.000000 0.540050 0.540050 0.540050 -1.000000 -1.000000 -1.000000
1.000000 1.000000 0.550050 0.550050 0.000000 -1.000000 -1.000000
1.000000 1.439950 0.560050 0.560050 1.000000 -1.000000 -1.000000
1.000000 0.570050 1.000000 0.570050 -1.000000 0.000000 -1.000000
1.000000 1.000000 1.000000 0.580050 0.000000 0.000000 -1.000000
1.000000 1.409950 1.000000 0.590050 1.000000 0.000000 -1.000000
1.000000 0.600050 1.399950 0.600050 -1.000000 1.000000 -1.000000
1.000000 1.000000 1.389950 0.610050 0.000000 1.000000 -1.000000
1.000000 1.379950 1.379950 0.620050 1.000000 1.000000 -1.000000
1.000000 0.630050 0.630050 1.000000 -1.000000 -1.000000 0.000000
1.000000 1.000000 0.640050 1.000000 0.000000 -1.000000 0.000000
1.000000 1.349950 0.650050 1.000000 1.000000 -1.000000 0.000000
1.000000 0.660050 1.000000 1.000000 -1.000000 0.000000 0.000000
1.000000 1.329950 1.000000 1.000000 1.000000 0.000000 0.000000
1.000000 0.680050 1.319950 1.000000 -1.000000 1.000000 0.000000
1.000000 1.000000 1.309950 1.000000 0.000000 1.000000 0.000000
1.000000 1.299950 1.299950 1.000000 1.000000 1.000000 0.000000
1.000000 0.710050 0.710050 1.289950 -1.000000 -1.000000 1.000000
1.000000 1.000000 0.720050 1.279950 0.000000 -1.000000 1.000000
1.000000 1.269950 0.730050 1.269950 1.000000 -1.000000 1.000000
1.000000 0.740050 1.000000 1.259950 -1.000000 0.000000 1.000000
1.000000 1.000000 1.000000 1.249950 0.000000 0.000000 1.000000
1.000000 1.239950 1.000000 1.239950 1.000000 0.000000 1.000000
1.000000 0.770050 1.229950 1.229950 -1.000000 1.000000 1.000000
1.000000 1.000000 1.219950 1.219950 0.000000 1.000000 1.000000
1.000000 1.209950 1.209950 1.209950 1.000000 1.000000 1.000000
