26
1.000000 1.690050 1.690050 1.690050 -1.000000 -1.000000 -1.000000
1.000000 1.000000 1.700050 1.700050 0.000000 -1.000000 -1.000000
1.000000 0.289950 1.710050 1.710050 1.000000 -1.000000 -1.000000
1.000000 1.720050 1.000000 1.720050 -1.000000 0.000000 -1.000000
1.000000 1.000000 1.000000 1.730050 0.000000 0.000000 -1.000000
1.000000 0.259950 1.000000 1.740050 1.000000 0.000000 -1.000000
1.000000 1.750050 0.249950 1.750050 -1.000000 1.000000 -1.000000
1.000000 1.000000 0.239950 1.760050 0.000000 1.000000 -1.000000
1.000000 0.229950 0.229950 1.770050 1.000000 1.000000 -1.000000
1.000000 1.780050 1.780050 1.000000 -1.000000 -1.000000 0.000000
1.000000 1.000000 1.790050 1.000000 0.000000 -1.000000 0.000000
1.000000 0.199950 1.800050 1.000000 1.000000 -1.000000 0.000000
1.000000 1.810050 1.000000 1.000000 -1.000000 0.000000 0.000000
1.000000 0.179950 1.000000 1.000000 1.000000 0.000000 0.000000
1.000000 1.830050 0.169950 1.000000 -1.000000 1.000000 0.000000
1.000000 1.000000 0.159950 1.000000 0.000000 1.000000 0.000000
1.000000 0.149950 0.149950 1.000000 1.000000 1.000000 0.000000
1.000000 1.860050 1.860050 0.139950 -1.000000 -1.000000 1.000000
1.000000 1.000000 1.870050 0.129950 0.000000 -1.000000 1.000000
1.000000 0.119950 1.880050 0.119950 1.000000 -1.000000 1.000000
1.000000 1.890050 1.000000 0.109950 -1.000000 0.000000 1.000000
1.000000 1.000000 1.000000 0.099950 0.000000 0.000000 1.000000
1.000000 0.089950 1.000000 0.089950 1.000000 0.000000 1.000000
1.000000 1.920050 0.079950 0.079950 -1.000000 1.000000 1.000000
1.000000 1.000000 0.069950 0.069950 0.000000 1.000000 1.000000
1.000000 0.059950 0.059950 0.059950 1.000000 1.000000 1.000000
