26
1.000000 0.420050 0.420050 0.420050 -1.000000 -1.000000 -1.000000
1.000000 1.000000 0.430050 0.430050 0.000000 -1.000000 -1.000000
1.000000 1.559950 0.440050 0.440050 1.000000 -1.000000 -1.000000
1.000000 0.450050 1.000000 0.450050 -1.000000 0.000000 -1.000000
1.000000 1.000000 1.000000 0.460050 0.000000 0.000000 -1.000000
1.000000 1.529950 1.000000 0.470050 1.000000 0.000000 -1.000000
1.000000 0.480050 1.519950 0.480050 -1.000000 1.000000 -1.000000
1.000000 1.000000 1.509950 0.490050 0.000000 1.000000 -1.000000
1.000000 1.499950 1.499950 0.500050 1.000000 1.000000 -1.000000
1.000000 0.510050 0.510050 1.000000 -1.000000 -1.000000 0.000000
1.000000 1.000000 0.520050 1.000000 0.000000 -1.000000 0.000000
1.000000 1.469950 0.530050 1.000000 1.000000 -1.000000 0.000000
1.000000 0.540050 1.000000 1.000000 -1.000000 0.000000 0.000000
1.000000 1.449950 1.000000 1.000000 1.000000 0.000000 0.000000
1.000000 0.560050 1.439950 1.000000 -1.000000 1.000000 0.000000
1.000000 1.000000 1.429950 1.000000 0.000000 1.000000 0.000000
1.000000 1.419950 1.419950 1.000000 1.000000 1.000000 0.000000
1.000000 0.590050 0.590050 1.409950 -1.000000 -1.000000 1.000000
1.000000 1.000000 0.600050 1.399950 0.000000 -1.000000 1.000000
1.000000 1.389950 0.610050 1.389950 1.000000 -1.000000 1.000000
1.000000 0.620050 1.000000 1.379950 -1.000000 0.000000 1.000000
1.000000 1.000000 1.000000 1.369950 0.000000 0.000000 1.000000
1.000000 1.359950 1.000000 1.359950 1.000000 0.000000 1.000000
1.000000 0.650050 1.349950 1.349950 -1.000000 1.000000 1.000000
1.000000 1.000000 1.339950 1.339950 0.000000 1.000000 1.000000
1.000000 1.329950 1.329950 1.329950 1.000000 1.000000 1.000000
