26
1.000000 1.210050 1.210050 1.210050 -1.000000 -1.000000 -1.000000
1.000000 1.000000 1.220050 1.220050 0.000000 -1.000000 -1.000000
1.000000 0.769950 1.230050 1.230050 1.000000 -1.000000 -1.000000
1.000000 1.240050 1.000000 1.240050 -1.000000 0.000000 -1.000000
1.000000 1.000000 1.000000 1.250050 0.000000 0.000000 -1.000000
1.000000 0.739950 1.000000 1.260050 1.000000 0.000000 -1.000000
1.000000 1.270050 0.729950 1.270050 -1.000000 1.000000 -1.000000
1.000000 1.000000 0.719950 1.280050 0.000000 1.000000 -1.000000
1.000000 0.709950 0.709950 1.290050 1.000000 1.000000 -1.000000
1.000000 1.300050 1.300050 1.000000 -1.000000 -1.000000 0.000000
1.000000 1.000000 1.310050 1.000000 0.000000 -1.000000 0.000000
1.000000 0.679950 1.320050 1.000000 1.000000 -1.000000 0.000000
1.000000 1.330050 1.000000 1.000000 -1.000000 0.000000 0.000000
1.000000 0.659950 1.000000 1.000000 1.000000 0.000000 0.000000
1.000000 1.350050 0.649950 1.000000 -1.000000 1.000000 0.000000
1.000000 1.000000 0.639950 1.000000 0.000000 1.000000 0.000000
1.000000 0.629950 0.629950 1.000000 1.000000 1.000000 0.000000
1.000000 1.380050 1.380050 0.619950 -1.000000 -1.000000 1.000000
1.000000 1.000000 1.390050 0.609950 0.000000 -1.000000 1.000000
1.000000 0.599950 1.400050 0.599950 1.000000 -1.000000 1.000000
1.000000 1.410050 1.000000 0.589950 -1.000000 0.000000 1.000000
1.000000 1.000000 1.000000 0.579950 0.000000 0.000000 1.000000
1.000000 0.569950 1.000000 0.569950 1.000000 0.000000 1.000000
1.000000 1.440050 0.559950 0.559950 -1.000000 1.000000 1.000000
1.000000 1.000000 0.549950 0.549950 0.000000 1.000000 1.000000
1.000000 0.539950 0.539950 0.539950 1.000000 1.000000 1.000000
