26
1.000000 0.820050 0.820050 0.820050 -1.000000 -1.000000 -1.000000
1.000000 1.000000 0.830050 0.830050 0.000000 -1.000000 -1.000000
1.000000 1.159950 0.840050 0.840050 1.000000 -1.000000 -1.000000
1.000000 0.850050 1.000000 0.850050 -1.000000 0.000000 -1.000000
1.000000 1.000000 1.000000 0.860050 0.000000 0.000000 -1.000000
1.000000 1.129950 1.000000 0.870050 1.000000 0.000000 -1.000000
1.000000 0.880050 1.119950 0.880050 -1.000000 1.000000 -1.000000
1.000000 1.000000 1.109950 0.890050 0.000000 1.000000 -1.000000
1.000000 1.099950 1.099950 0.900050 1.000000 1.000000 -1.000000
1.000000 0.910050 0.910050 1.000000 -1.000000 -1.000000 0.000000
1.000000 1.000000 0.920050 1.000000 0.000000 -1.000000 0.000000
1.000000 1.069950 0.930050 1.000000 1.000000 -1.000000 0.000000
1.000000 0.940050 1.000000 1.000000 -1.000000 0.000000 0.000000
1.000000 1.049950 1.000000 1.000000 1.000000 0.000000 0.000000
1.000000 0.960050 1.039950 1.000000 -1.000000 1.000000 0.000000
1.000000 1.000000 1.029950 1.000000 0.000000 1.000000 0.000000
1.000000 1.019950 1.019950 1.000000 1.000000 1.000000 0.000000
1.000000 0.990050 0.990050 1.009950 -1.000000 -1.000000 1.000000
1.000000 1.000000 1.000050 0.999950 0.000000 -1.000000 1.000000
1.000000 0.989950 1.010050 0.989950 1.000000 -1.000000 1.000000
1.000000 1.020050 1.000000 0.979950 -1.000000 0.000000 1.000000
1.000000 1.000000 1.000000 0.969950 0.000000 0.000000 1.000000
1.000000 0.959950 1.000000 0.959950 1.000000 0.000000 1.000000
1.000000 1.050050 0.949950 0.949950 -1.000000 1.000000 1.000000
1.000000 1.000000 0.939950 0.939950 0.000000 1.000000 1.000000
1.000000 0.929950 0.929950 0.929950 1.000000 1.000000 1.000000
