26
1.000000 0.310050 0.310050 0.310050 -1.000000 -1.000000 -1.000000
1.000000 1.000000 0.320050 0.320050 0.000000 -1.000000 -1.000000
1.000000 1.669950 0.330050 0.330050 1.000000 -1.000000 -1.000000
1.000000 0.340050 1.000000 0.340050 -1.000000 0.000000 -1.000000
1.000000 1.000000 1.000000 0.350050 0.000000 0.000000 -1.000000
1.000000 1.639950 1.000000 0.360050 1.000000 0.000000 -1.000000
1.000000 0.370050 1.629950 0.370050 -1.000000 1.000000 -1.000000
1.000000 1.000000 1.619950 0.380050 0.000000 1.000000 -1.000000
1.000000 1.609950 1.609950 0.390050 1.000000 1.000000 -1.000000
1.000000 0.400050 0.400050 1.000000 -1.000000 -1.000000 0.000000
1.000000 1.000000 0.410050 1.000000 0.000000 -1.000000 0.000000
1.000000 1.579950 0.420050 1.000000 1.000000 -1.000000 0.000000
1.000000 0.430050 1.000000 1.000000 -1.000000 0.000000 0.000000
1.000000 1.559950 1.000000 1.000000 1.000000 0.000000 0.000000
1.000000 0.450050 1.549950 1.000000 -1.000000 1.000000 0.000000
1.000000 1.000000 1.539950 1.000000 0.000000 1.000000 0.000000
1.000000 1.529950 1.529950 1.000000 1.000000 1.000000 0.000000
1.000000 0.480050 0.480050 1.519950 -1.000000 -1.000000 1.000000
1.000000 1.000000 0.490050 1.509950 0.000000 -1.000000 1.000000
1.000000 1.499950 0.500050 1.499950 1.000000 -1.000000 1.000000
1.000000 0.510050 1.000000 1.489950 -1.000000 0.000000 1.000000
1.000000 1.000000 1.000000 1.479950 0.000000 0.000000 1.000000
1.000000 1.469950 1.000000 1.469950 1.000000 0.000000 1.000000
1.000000 0.540050 1.459950 1.459950 -1.000000 1.000000 1.000000
1.000000 1.000000 1.449950 1.449950 0.000000 1.000000 1.000000
1.000000 1.439950 1.439950 1.439950 1.000000 1.000000 1.000000
