26
1.000000 0.510050 0.510050 0.510050 -1.000000 -1.000000 -1.000000
1.000000 1.000000 0.520050 0.520050 0.000000 -1.000000 -1.000000
1.000000 1.469950 0.530050 0.530050 1.000000 -1.000000 -1.000000
1.000000 0.540050 1.000000 0.540050 -1.000000 0.000000 -1.000000
1.000000 1.000000 1.000000 0.550050 0.000000 0.000000 -1.000000
1.000000 1.439950 1.000000 0.560050 1.000000 0.000000 -1.000000
1.000000 0.570050 1.429950 0.570050 -1.000000 1.000000 -1.000000
1.000000 1.000000 1.419950 0.580050 0.000000 1.000000 -1.000000
1.000000 1.409950 1.409950 0.590050 1.000000 1.000000 -1.000000
1.000000 0.600050 0.600050 1.000000 -1.000000 -1.000000 0.000000
1.000000 1.000000 0.610050 1.000000 0.000000 -1.000000 0.000000
1.000000 1.379950 0.620050 1.000000 1.000000 -1.000000 0.000000
1.000000 0.630050 1.000000 1.000000 -1.000000 0.000000 0.000000
1.000000 1.359950 1.000000 1.000000 1.000000 0.000000 0.000000
1.000000 0.650050 1.349950 1.000000 -1.000000 1.000000 0.000000
1.000000 1.000000 1.339950 1.000000 0.000000 1.000000 0.000000
1.000000 1.329950 1.329950 1.000000 1.000000 1.000000 0.000000
1.000000 0.680050 0.680050 1.319950 -1.000000 -1.000000 1.000000
1.000000 1.000000 0.690050 1.309950 0.000000 -1.000000 1.000000
1.000000 1.299950 0.700050 1.299950 1.000000 -1.000000 1.000000
1.000000 0.710050 1.000000 1.289950 -1.000000 0.000000 1.000000
1.000000 1.000000 1.000000 1.279950 0.000000 0.000000 1.000000
1.000000 1.269950 1.000000 1.269950 1.000000 0.000000 1.000000
1.000000 0.740050 1.259950 1.259950 -1.000000 1.000000 1.000000
1.000000 1.000000 1.249950 1.249950 0.000000 1.000000 1.000000
1.000000 1.239950 1.239950 1.239950 1.000000 1.000000 1.000000
