26
1.000000 1.540050 1.540050 1.540050 -1.000000 -1.000000 -1.000000
1.000000 1.000000 1.550050 1.550050 0.000000 -1.000000 -1.000000
1.000000 0.439950 1.560050 1.560050 1.000000 -1.000000 -1.000000
1.000000 1.570050 1.000000 1.570050 -1.000000 0.000000 -1.000000
1.000000 1.000000 1.000000 1.580050 0.000000 0.000000 -1.000000
1.000000 0.409950 1.000000 1.590050 1.000000 0.000000 -1.000000
1.000000 1.600050 0.399950 1.600050 -1.000000 1.000000 -1.000000
1.000000 1.000000 0.389950 1.610050 0.000000 1.000000 -1.000000
1.000000 0.379950 0.379950 1.620050 1.000000 1.000000 -1.000000
1.000000 1.630050 1.630050 1.000000 -1.000000 -1.000000 0.000000
1.000000 1.000000 1.640050 1.000000 0.000000 -1.000000 0.000000
1.000000 0.349950 1.650050 1.000000 1.000000 -1.000000 0.000000
1.000000 1.660050 1.000000 1.000000 -1.000000 0.000000 0.000000
1.000000 0.329950 1.000000 1.000000 1.000000 0.000000 0.000000
1.000000 1.680050 0.319950 1.000000 -1.000000 1.000000 0.000000
1.000000 1.000000 0.309950 1.000000 0.000000 1.000000 0.000000
1.000000 0.299950 0.299950 1.000000 1.000000 1.000000 0.000000
1.000000 1.710050 1.710050 0.289950 -1.000000 -1.000000 1.000000
1.000000 1.000000 1.720050 0.279950 0.000000 -1.000000 1.000000
1.000000 0.269950 1.730050 0.269950 1.000000 -1.000000 1.000000
1.000000 1.740050 1.000000 0.259950 -1.000000 0.000000 1.000000
1.000000 1.000000 1.000000 0.249950 0.000000 0.000000 1.000000
1.000000 0.239950 1.000000 0.239950 1.000000 0.000000 1.000000
1.000000 1.770050 0.229950 0.229950 -1.000000 1.000000 1.000000
1.000000 1.000000 0.219950 0.219950 0.000000 1.000000 1.000000
1.000000 0.209950 0.209950 0.209950 1.000000 1.000000 1.000000
