26
1.000000 0.470050 0.470050 0.470050 -1.000000 -1.000000 -1.000000
1.000000 1.000000 0.480050 0.480050 0.000000 -1.000000 -1.000000
1.000000 1.509950 0.490050 0.490050 1.000000 -1.000000 -1.000000
1.000000 0.500050 1.000000 0.500050 -1.000000 0.000000 -1.000000
1.000000 1.000000 1.000000 0.510050 0.000000 0.000000 -1.000000
1.000000 1.479950 1.000000 0.520050 1.000000 0.000000 -1.000000
1.000000 0.530050 1.469950 0.530050 -1.000000 1.000000 -1.000000
1.000000 1.000000 1.459950 0.540050 0.000000 1.000000 -1.000000
1.000000 1.449950 1.449950 0.550050 1.000000 1.000000 -1.000000
1.000000 0.560050 0.560050 1.000000 -1.000000 -1.000000 0.000000
1.000000 1.000000 0.570050 1.000000 0.000000 -1.000000 0.000000
1.000000 1.419950 0.580050 1.000000 1.000000 -1.000000 0.000000
1.000000 0.590050 1.000000 1.000000 -1.000000 0.000000 0.000000
1.000000 1.399950 1.000000 1.000000 1.000000 0.000000 0.000000
1.000000 0.610050 1.389950 1.000000 -1.000000 1.000000 0.000000
1.000000 1.000000 1.379950 1.000000 0.000000 1.000000 0.000000
1.000000 1.369950 1.369950 1.000000 1.000000 1.000000 0.000000
1.000000 0.640050 0.640050 1.359950 -1.000000 -1.000000 1.000000
1.000000 1.000000 0.650050 1.349950 0.000000 -1.000000 1.000000
1.000000 1.339950 0.660050 1.339950 1.000000 -1.000000 1.000000
1.000000 0.670050 1.000000 1.329950 -1.000000 0.000000 1.000000
1.000000 1.000000 1.000000 1.319950 0.000000 0.000000 1.000000
1.000000 1.309950 1.000000 1.309950 1.000000 0.000000 1.000000
1.000000 0.700050 1.299950 1.299950 -1.000000 1.000000 1.000000
1.000000 1.000000 1.289950 1.289950 0.000000 1.000000 1.000000
1.000000 1.279950 1.279950 1.279950 1.000000 1.000000 1.000000
