26
1.000000 1.910050 1.910050 1.910050 -1.000000 -1.000000 -1.000000
1.000000 1.000000 1.920050 1.920050 0.000000 -1.000000 -1.000000
1.000000 0.069950 1.930050 1.930050 1.000000 -1.000000 -1.000000
1.000000 1.940050 1.000000 1.940050 -1.000000 0.000000 -1.000000
1.000000 1.000000 1.000000 1.950050 0.000000 0.000000 -1.000000
1.000000 0.039950 1.000000 1.960050 1.000000 0.000000 -1.000000
1.000000 1.970050 0.029950 1.970050 -1.000000 1.000000 -1.000000
1.000000 1.000000 0.019950 1.980050 0.000000 1.000000 -1.000000
1.000000 0.009950 0.009950 1.990050 1.000000 1.000000 -1.000000
1.000000 0.000050 0.000050 1.000000 -1.000000 -1.000000 0.000000
1.000000 1.000000 0.010050 1.000000 0.000000 -1.000000 0.000000
1.000000 1.979950 0.020050 1.000000 1.000000 -1.000000 0.000000
1.000000 0.030050 1.000000 1.000000 -1.000000 0.000000 0.000000
1.000000 1.959950 1.000000 1.000000 1.000000 0.000000 0.000000
1.000000 0.050050 1.949950 1.000000 -1.000000 1.000000 0.000000
1.000000 1.000000 1.939950 1.000000 0.000000 1.000000 0.000000
1.000000 1.929950 1.929950 1.000000 1.000000 1.000000 0.000000
1.000000 0.080050 0.080050 1.919950 -1.000000 -1.000000 1.000000
1.000000 1.000000 0.090050 1.909950 0.000000 -1.000000 1.000000
1.000000 1.899950 0.100050 1.899950 1.000000 -1.000000 1.000000
1.000000 0.110050 1.000000 1.889950 -1.000000 0.000000 1.000000
1.000000 1.000000 1.000000 1.879950 0.000000 0.000000 1.000000
1.000000 1.869950 1.000000 1.869950 1.000000 0.000000 1.000000
1.000000 0.140050 1.859950 1.859950 -1.000000 1.000000 1.000000
1.000000 1.000000 1.849950 1.849950 0.000000 1.000000 1.000000
1.000000 1.839950 1.839950 1.839950 1.000000 1.000000 1.000000
