26
1.000000 1.090050 1.090050 1.090050 -1.000000 -1.000000 -1.000000
1.000000 1.000000 1.100050 1.100050 0.000000 -1.000000 -1.000000
1.000000 0.889950 1.110050 1.110050 1.000000 -1.000000 -1.000000
1.000000 1.120050 1.000000 1.120050 -1.000000 0.000000 -1.000000
1.000000 1.000000 1.000000 1.130050 0.000000 0.000000 -1.000000
1.000000 0.859950 1.000000 1.140050 1.000000 0.000000 -1.000000
1.000000 1.150050 0.849950 1.150050 -1.000000 1.000000 -1.000000
1.000000 1.000000 0.839950 1.160050 0.000000 1.000000 -1.000000
1.000000 0.829950 0.829950 1.170050 1.000000 1.000000 -1.000000
1.000000 1.180050 1.180050 1.000000 -1.000000 -1.000000 0.000000
1.000000 1.000000 1.190050 1.000000 0.000000 -1.000000 0.000000
1.000000 0.799950 1.200050 1.000000 1.000000 -1.000000 0.000000
1.000000 1.210050 1.000000 1.000000 -1.000000 0.000000 0.000000
1.000000 0.779950 1.000000 1.000000 1.000000 0.000000 0.000000
1.000000 1.230050 0.769950 1.000000 -1.000000 1.000000 0.000000
1.000000 1.000000 0.759950 1.000000 0.000000 1.000000 0.000000
1.000000 0.749950 0.749950 1.000000 1.000000 1.000000 0.000000
1.000000 1.260050 1.260050 0.739950 -1.000000 -1.000000 1.000000
1.000000 1.000000 1.270050 0.729950 0.000000 -1.000000 1.000000
1.000000 0.719950 1.280050 0.719950 1.000000 -1.000000 1.000000
1.000000 1.290050 1.000000 0.709950 -1.000000 0.000000 1.000000
1.000000 1.000000 1.000000 0.699950 0.000000 0.000000 1.000000
1.000000 0.689950 1.000000 0.689950 1.000000 0.000000 1.000000
1.000000 1.320050 0.679950 0.679950 -1.000000 1.000000 1.000000
1.000000 1.000000 0.669950 0.669950 0.000000 1.000000 1.000000
1.000000 0.659950 0.659950 0.659950 1.000000 1.000000 1.000000
