26
1.000000 0.410050 0.410050 0.410050 -1.000000 -1.000000 -1.000000
1.000000 1.000000 0.420050 0.420050 0.000000 -1.000000 -1.000000
1.000000 1.569950 0.430050 0.430050 1.000000 -1.000000 -1.000000
1.000000 0.440050 1.000000 0.440050 -1.000000 0.000000 -1.000000
1.000000 1.000000 1.000000 0.450050 0.000000 0.000000 -1.000000
1.000000 1.539950 1.000000 0.460050 1.000000 0.000000 -1.000000
1.000000 0.470050 1.529950 0.470050 -1.000000 1.000000 -1.000000
1.000000 1.000000 1.519950 0.480050 0.000000 1.000000 -1.000000
1.000000 1.509950 1.509950 0.490050 1.000000 1.000000 -1.000000
1.000000 0.500050 0.500050 1.000000 -1.000000 -1.000000 0.000000
1.000000 1.000000 0.510050 1.000000 0.000000 -1.000000 0.000000
1.000000 1.479950 0.520050 1.000000 1.000000 -1.000000 0.000000
1.000000 0.530050 1.000000 1.000000 -1.000000 0.000000 0.000000
1.000000 1.459950 1.000000 1.000000 1.000000 0.000000 0.000000
1.000000 0.550050 1.449950 1.000000 -1.000000 1.000000 0.000000
1.000000 1.000000 1.439950 1.000000 0.000000 1.000000 0.000000
1.000000 1.429950 1.429950 1.000000 1.000000 1.000000 0.000000
1.000000 0.580050 0.580050 1.419950 -1.000000 -1.000000 1.000000
1.000000 1.000000 0.590050 1.409950 0.000000 -1.000000 1.000000
1.000000 1.399950 0.600050 1.399950 1.000000 -1.000000 1.000000
1.000000 0.610050 1.000000 1.389950 -1.000000 0.000000 1.000000
1.000000 1.000000 1.000000 1.379950 0.000000 0.000000 1.000000
1.000000 1.369950 1.000000 1.369950 1.000000 0.000000 1.000000
1.000000 0.640050 1.359950 1.359950 -1.000000 1.000000 1.000000
1.000000 1.000000 1.349950 1.349950 0.000000 1.000000 1.000000
1.000000 1.339950 1.339950 1.339950 1.000000 1.000000 1.000000
