26
1.000000 0.710050 0.710050 0.710050 -1.000000 -1.000000 -1.000000
1.000000 1.000000 0.720050 0.720050 0.000000 -1.000000 -1.000000
1.000000 1.269950 0.730050 0.730050 1.000000 -1.000000 -1.000000
1.000000 0.740050 1.000000 0.740050 -1.000000 0.000000 -1.000000
1.000000 1.000000 1.000000 0.750050 0.000000 0.000000 -1.000000
1.000000 1.239950 1.000000 0.760050 1.000000 0.000000 -1.000000
1.000000 0.770050 1.229950 0.770050 -1.000000 1.000000 -1.000000
1.000000 1.000000 1.219950 0.780050 0.000000 1.000000 -1.000000
1.000000 1.209950 1.209950 0.790050 1.000000 1.000000 -1.000000
1.000000 0.800050 0.800050 1.000000 -1.000000 -1.000000 0.000000
1.000000 1.000000 0.810050 1.000000 0.000000 -1.000000 0.000000
1.000000 1.179950 0.820050 1.000000 1.000000 -1.000000 0.000000
1.000000 0.830050 1.000000 1.000000 -1.000000 0.000000 0.000000
1.000000 1.159950 1.000000 1.000000 1.000000 0.000000 0.000000
1.000000 0.850050 1.149950 1.000000 -1.000000 1.000000 0.000000
1.000000 1.000000 1.139950 1.000000 0.000000 1.000000 0.000000
1.000000 1.129950 1.129950 1.000000 1.000000 1.000000 0.000000
1.000000 0.880050 0.880050 1.119950 -1.000000 -1.000000 1.000000
1.000000 1.000000 0.890050 1.109950 0.000000 -1.000000 1.000000
1.000000 1.099950 0.900050 1.099950 1.000000 -1.000000 1.000000
1.000000 0.910050 1.000000 1.089950 -1.000000 0.000000 1.000000
1.000000 1.000000 1.000000 1.079950 0.000000 0.000000 1.000000
1.000000 1.069950 1.000000 1.069950 1.000000 0.000000 1.000000
1.000000 0.940050 1.059950 1.059950 -1.000000 1.000000 1.000000
1.000000 1.000000 1.049950 1.049950 0.000000 1.000000 1.000000
1.000000 1.039950 1.039950 1.039950 1.000000 1.000000 1.000000
