26
1.000000 1.530050 1.530050 1.530050 -1.000000 -1.000000 -1.000000
1.000000 1.000000 1.540050 1.540050 0.000000 -1.000000 -1.000000
1.000000 0.449950 1.550050 1.550050 1.000000 -1.000000 -1.000000
1.000000 1.560050 1.000000 1.560050 -1.000000 0.000000 -1.000000
1.000000 1.000000 1.000000 1.570050 0.000000 0.000000 -1.000000
1.000000 0.419950 1.000000 1.580050 1.000000 0.000000 -1.000000
1.000000 1.590050 0.409950 1.590050 -1.000000 1.000000 -1.000000
1.000000 1.000000 0.399950 1.600050 0.000000 1.000000 -1.000000
1.000000 0.389950 0.389950 1.610050 1.000000 1.000000 -1.000000
1.000000 1.620050 1.620050 1.000000 -1.000000 -1.000000 0.000000
1.000000 1.000000 1.630050 1.000000 0.000000 -1.000000 0.000000
1.000000 0.359950 1.640050 1.000000 1.000000 -1.000000 0.000000
1.000000 1.650050 1.000000 1.000000 -1.000000 0.000000 0.000000
1.000000 0.339950 1.000000 1.000000 1.000000 0.000000 0.000000
1.000000 1.670050 0.329950 1.000000 -1.000000 1.000000 0.000000
1.000000 1.000000 0.319950 1.000000 0.000000 1.000000 0.000000
1.000000 0.309950 0.309950 1.000000 1.000000 1.000000 0.000000
1.000000 1.700050 1.700050 0.299950 -1.000000 -1.000000 1.000000
1.000000 1.000000 1.710050 0.289950 0.000000 -1.000000 1.000000
1.000000 0.279950 1.720050 0.279950 1.000000 -1.000000 1.000000
1.000000 1.730050 1.000000 0.269950 -1.000000 0.000000 1.000000
1.000000 1.000000 1.000000 0.259950 0.000000 0.000000 1.000000
1.000000 0.249950 1.000000 0.249950 1.000000 0.000000 1.000000
1.000000 1.760050 0.239950 0.239950 -1.000000 1.000000 1.000000
1.000000 1.000000 0.229950 0.229950 0.000000 1.000000 1.000000
1.000000 0.219950 0.219950 0.219950 1.000000 1.000000 1.000000
