26
1.000000 1.020050 1.020050 1.020050 -1.000000 -1.000000 -1.000000
1.000000 1.000000 1.030050 1.030050 0.000000 -1.000000 -1.000000
1.000000 0.959950 1.040050 1.040050 1.000000 -1.000000 -1.000000
1.000000 1.050050 1.000000 1.050050 -1.000000 0.000000 -1.000000
1.000000 1.000000 1.000000 1.060050 0.000000 0.000000 -1.000000
1.000000 0.929950 1.000000 1.070050 1.000000 0.000000 -1.000000
1.000000 1.080050 0.919950 1.080050 -1.000000 1.000000 -1.000000
1.000000 1.000000 0.909950 1.090050 0.000000 1.000000 -1.000000
1.000000 0.899950 0.899950 1.100050 1.000000 1.000000 -1.000000
1.000000 1.110050 1.110050 1.000000 -1.000000 -1.000000 0.000000
1.000000 1.000000 1.120050 1.000000 0.000000 -1.000000 0.000000
1.000000 0.869950 1.130050 1.000000 1.000000 -1.000000 0.000000
1.000000 1.140050 1.000000 1.000000 -1.000000 0.000000 0.000000
1.000000 0.849950 1.000000 1.000000 1.000000 0.000000 0.000000
1.000000 1.160050 0.839950 1.000000 -1.000000 1.000000 0.000000
1.000000 1.000000 0.829950 1.000000 0.000000 1.000000 0.000000
1.000000 0.819950 0.819950 1.000000 1.000000 1.000000 0.000000
1.000000 1.190050 1.190050 0.809950 -1.000000 -1.000000 1.000000
1.000000 1.000000 1.200050 0.799950 0.000000 -1.000000 1.000000
1.000000 0.789950 1.210050 0.789950 1.000000 -1.000000 1.000000
1.000000 1.220050 1.000000 0.779950 -1.000000 0.000000 1.000000
1.000000 1.000000 1.000000 0.769950 0.000000 0.000000 1.000000
1.000000 0.759950 1.000000 0.759950 1.000000 0.000000 1.000000
1.000000 1.250050 0.749950 0.749950 -1.000000 1.000000 1.000000
1.000000 1.000000 0.739950 0.739950 0.000000 1.000000 1.000000
1.000000 0.729950 0.729950 0.729950 1.000000 1.000000 1.000000
