26
1.000000 0.850050 0.850050 0.850050 -1.000000 -1.000000 -1.000000
1.000000 1.000000 0.860050 0.860050 0.000000 -1.000000 -1.000000
1.000000 1.129950 0.870050 0.870050 1.000000 -1.000000 -1.000000
1.000000 0.880050 1.000000 0.880050 -1.000000 0.000000 -1.000000
1.000000 1.000000 1.000000 0.890050 0.000000 0.000000 -1.000000
1.000000 1.099950 1.000000 0.900050 1.000000 0.000000 -1.000000
1.000000 0.910050 1.089950 0.910050 -1.000000 1.000000 -1.000000
1.000000 1.000000 1.079950 0.920050 0.000000 1.000000 -1.000000
1.000000 1.069950 1.069950 0.930050 1.000000 1.000000 -1.000000
1.000000 0.940050 0.940050 1.000000 -1.000000 -1.000000 0.000000
1.000000 1.000000 0.950050 1.000000 0.000000 -1.000000 0.000000
1.000000 1.039950 0.960050 1.000000 1.000000 -1.000000 0.000000
1.000000 0.970050 1.000000 1.000000 -1.000000 0.000000 0.000000
1.000000 1.019950 1.000000 1.000000 1.000000 0.000000 0.000000
1.000000 0.990050 1.009950 1.000000 -1.000000 1.000000 0.000000
1.000000 1.000000 0.999950 1.000000 0.000000 1.000000 0.000000
1.000000 0.989950 0.989950 1.000000 1.000000 1.000000 0.000000
1.000000 1.020050 1.020050 0.979950 -1.000000 -1.000000 1.000000
1.000000 1.000000 1.030050 0.969950 0.000000 -1.000000 1.000000
1.000000 0.959950 1.040050 0.959950 1.000000 -1.000000 1.000000
1.000000 1.050050 1.000000 0.949950 -1.000000 0.000000 1.000000
1.000000 1.000000 1.000000 0.939950 0.000000 0.000000 1.000000
1.000000 0.929950 1.000000 0.929950 1.000000 0.000000 1.000000
1.000000 1.080050 0.919950 0.919950 -1.000000 1.000000 1.000000
1.000000 1.000000 0.909950 0.909950 0.000000 1.000000 1.000000
1.000000 0.899950 0.899950 0.899950 1.000000 1.000000 1.000000
