26
1.000000 0.140050 0.140050 0.140050 -1.000000 -1.000000 -1.000000
1.000000 1.000000 0.150050 0.150050 0.000000 -1.000000 -1.000000
1.000000 1.839950 0.160050 0.160050 1.000000 -1.000000 -1.000000
1.000000 0.170050 1.000000 0.170050 -1.000000 0.000000 -1.000000
1.000000 1.000000 1.000000 0.180050 0.000000 0.000000 -1.000000
1.000000 1.809950 1.000000 0.190050 1.000000 0.000000 -1.000000
1.000000 0.200050 1.799950 0.200050 -1.000000 1.000000 -1.000000
1.000000 1.000000 1.789950 0.210050 0.000000 1.000000 -1.000000
1.000000 1.779950 1.779950 0.220050 1.000000 1.000000 -1.000000
1.000000 0.230050 0.230050 1.000000 -1.000000 -1.000000 0.000000
1.000000 1.000000 0.240050 1.000000 0.000000 -1.000000 0.000000
1.000000 1.749950 0.250050 1.000000 1.000000 -1.000000 0.000000
1.000000 0.260050 1.000000 1.000000 -1.000000 0.000000 0.000000
1.000000 1.729950 1.000000 1.000000 1.000000 0.000000 0.000000
1.000000 0.280050 1.719950 1.000000 -1.000000 1.000000 0.000000
1.000000 1.000000 1.709950 1.000000 0.000000 1.000000 0.000000
1.000000 1.699950 1.699950 1.000000 1.000000 1.000000 0.000000
1.000000 0.310050 0.310050 1.689950 -1.000000 -1.000000 1.000000
1.000000 1.000000 0.320050 1.679950 0.000000 -1.000000 1.000000
1.000000 1.669950 0.330050 1.669950 1.000000 -1.000000 1.000000
1.000000 0.340050 1.000000 1.659950 -1.000000 0.000000 1.000000
1.000000 1.000000 1.000000 1.649950 0.000000 0.000000 1.000000
1.000000 1.639950 1.000000 1.639950 1.000000 0.000000 1.000000
1.000000 0.370050 1.629950 1.629950 -1.000000 1.000000 1.000000
1.000000 1.000000 1.619950 1.619950 0.000000 1.000000 1.000000
1.000000 1.609950 1.609950 1.609950 1.000000 1.000000 1.000000
