26
1.000000 0.110050 0.110050 0.110050 -1.000000 -1.000000 -1.000000
1.000000 1.000000 0.120050 0.120050 0.000000 -1.000000 -1.000000
1.000000 1.869950 0.130050 0.130050 1.000000 -1.000000 -1.000000
1.000000 0.140050 1.000000 0.140050 -1.000000 0.000000 -1.000000
1.000000 1.000000 1.000000 0.150050 0.000000 0.000000 -1.000000
1.000000 1.839950 1.000000 0.160050 1.000000 0.000000 -1.000000
1.000000 0.170050 1.829950 0.170050 -1.000000 1.000000 -1.000000
1.000000 1.000000 1.819950 0.180050 0.000000 1.000000 -1.000000
1.000000 1.809950 1.809950 0.190050 1.000000 1.000000 -1.000000
1.000000 0.200050 0.200050 1.000000 -1.000000 -1.000000 0.000000
1.000000 1.000000 0.210050 1.000000 0.000000 -1.000000 0.000000
1.000000 1.779950 0.220050 1.000000 1.000000 -1.000000 0.000000
1.000000 0.230050 1.000000 1.000000 -1.000000 0.000000 0.000000
1.000000 1.759950 1.000000 1.000000 1.000000 0.000000 0.000000
1.000000 0.250050 1.749950 1.000000 -1.000000 1.000000 0.000000
1.000000 1.000000 1.739950 1.000000 0.000000 1.000000 0.000000
1.000000 1.729950 1.729950 1.000000 1.000000 1.000000 0.000000
1.000000 0.280050 0.280050 1.719950 -1.000000 -1.000000 1.000000
1.000000 1.000000 0.290050 1.709950 0.000000 -1.000000 1.000000
1.000000 1.699950 0.300050 1.699950 1.000000 -1.000000 1.000000
1.000000 0.310050 1.000000 1.689950 -1.000000 0.000000 1.000000
1.000000 1.000000 1.000000 1.679950 0.000000 0.000000 1.000000
1.000000 1.669950 1.000000 1.669950 1.000000 0.000000 1.000000
1.000000 0.340050 1.659950 1.659950 -1.000000 1.000000 1.000000
1.000000 1.000000 1.649950 1.649950 0.000000 1.000000 1.000000
1.000000 1.639950 1.639950 1.639950 1.000000 1.000000 1.000000
