26
1.000000 0.290050 0.290050 0.290050 -1.000000 -1.000000 -1.000000
1.000000 1.000000 0.300050 0.300050 0.000000 -1.000000 -1.000000
1.000000 1.689950 0.310050 0.310050 1.000000 -1.000000 -1.000000
1.000000 0.320050 1.000000 0.320050 -1.000000 0.000000 -1.000000
1.000000 1.000000 1.000000 0.330050 0.000000 0.000000 -1.000000
1.000000 1.659950 1.000000 0.340050 1.000000 0.000000 -1.000000
1.000000 0.350050 1.649950 0.350050 -1.000000 1.000000 -1.000000
1.000000 1.000000 1.639950 0.360050 0.000000 1.000000 -1.000000
1.000000 1.629950 1.629950 0.370050 1.000000 1.000000 -1.000000
1.000000 0.380050 0.380050 1.000000 -1.000000 -1.000000 0.000000
1.000000 1.000000 0.390050 1.000000 0.000000 -1.000000 0.000000
1.000000 1.599950 0.400050 1.000000 1.000000 -1.000000 0.000000
1.000000 0.410050 1.000000 1.000000 -1.000000 0.000000 0.000000
1.000000 1.579950 1.000000 1.000000 1.000000 0.000000 0.000000
1.000000 0.430050 1.569950 1.000000 -1.000000 1.000000 0.000000
1.000000 1.000000 1.559950 1.000000 0.000000 1.000000 0.000000
1.000000 1.549950 1.549950 1.000000 1.000000 1.000000 0.000000
1.000000 0.460050 0.460050 1.539950 -1.000000 -1.000000 1.000000
1.000000 1.000000 0.470050 1.529950 0.000000 -1.000000 1.000000
1.000000 1.519950 0.480050 1.519950 1.000000 -1.000000 1.000000
1.000000 0.490050 1.000000 1.509950 -1.000000 0.000000 1.000000
1.000000 1.000000 1.000000 1.499950 0.000000 0.000000 1.000000
1.000000 1.489950 1.000000 1.489950 1.000000 0.000000 1.000000
1.000000 0.520050 1.479950 1.479950 -1.000000 1.000000 1.000000
1.000000 1.000000 1.469950 1.469950 0.000000 1.000000 1.000000
1.000000 1.459950 1.459950 1.459950 1.000000 1.000000 1.000000
