26
1.000000 0.490050 0.490050 0.490050 -1.000000 -1.000000 -1.000000
1.000000 1.000000 0.500050 0.500050 0.000000 -1.000000 -1.000000
1.000000 1.489950 0.510050 0.510050 1.000000 -1.000000 -1.000000
1.000000 0.520050 1.000000 0.520050 -1.000000 0.000000 -1.000000
1.000000 1.000000 1.000000 0.530050 0.000000 0.000000 -1.000000
1.000000 1.459950 1.000000 0.540050 1.000000 0.000000 -1.000000
1.000000 0.550050 1.449950 0.550050 -1.000000 1.000000 -1.000000
1.000000 1.000000 1.439950 0.560050 0.000000 1.000000 -1.000000
1.000000 1.429950 1.429950 0.570050 1.000000 1.000000 -1.000000
1.000000 0.580050 0.580050 1.000000 -1.000000 -1.000000 0.000000
1.000000 1.000000 0.590050 1.000000 0.000000 -1.000000 0.000000
1.000000 1.399950 0.600050 1.000000 1.000000 -1.000000 0.000000
1.000000 0.610050 1.000000 1.000000 -1.000000 0.000000 0.000000
1.000000 1.379950 1.000000 1.000000 1.000000 0.000000 0.000000
1.000000 0.630050 1.369950 1.000000 -1.000000 1.000000 0.000000
1.000000 1.000000 1.359950 1.000000 0.000000 1.000000 0.000000
1.000000 1.349950 1.349950 1.000000 1.000000 1.000000 0.000000
1.000000 0.660050 0.660050 1.339950 -1.000000 -1.000000 1.000000
1.000000 1.000000 0.670050 1.329950 0.000000 -1.000000 1.000000
1.000000 1.319950 0.680050 1.319950 1.000000 -1.000000 1.000000
1.000000 0.690050 1.000000 1.309950 -1.000000 0.000000 1.000000
1.000000 1.000000 1.000000 1.299950 0.000000 0.000000 1.000000
1.000000 1.289950 1.000000 1.289950 1.000000 0.000000 1.000000
1.000000 0.720050 1.279950 1.279950 -1.000000 1.000000 1.000000
1.000000 1.000000 1.269950 1.269950 0.000000 1.000000 1.000000
1.000000 1.259950 1.259950 1.259950 1.000000 1.000000 1.000000
