26
1.000000 0.210050 0.210050 0.210050 -1.000000 -1.000000 -1.000000
1.000000 1.000000 0.220050 0.220050 0.000000 -1.000000 -1.000000
1.000000 1.769950 0.230050 0.230050 1.000000 -1.000000 -1.000000
1.000000 0.240050 1.000000 0.240050 -1.000000 0.000000 -1.000000
1.000000 1.000000 1.000000 0.250050 0.000000 0.000000 -1.000000
1.000000 1.739950 1.000000 0.260050 1.000000 0.000000 -1.000000
1.000000 0.270050 1.729950 0.270050 -1.000000 1.000000 -1.000000
1.000000 1.000000 1.719950 0.280050 0.000000 1.000000 -1.000000
1.000000 1.709950 1.709950 0.290050 1.000000 1.000000 -1.000000
1.000000 0.300050 0.300050 1.000000 -1.000000 -1.000000 0.000000
1.000000 1.000000 0.310050 1.000000 0.000000 -1.000000 0.000000
1.000000 1.679950 0.320050 1.000000 1.000000 -1.000000 0.000000
1.000000 0.330050 1.000000 1.000000 -1.000000 0.000000 0.000000
1.000000 1.659950 1.000000 1.000000 1.000000 0.000000 0.000000
1.000000 0.350050 1.649950 1.000000 -1.000000 1.000000 0.000000
1.000000 1.000000 1.639950 1.000000 0.000000 1.000000 0.000000
1.000000 1.629950 1.629950 1.000000 1.000000 1.000000 0.000000
1.000000 0.380050 0.380050 1.619950 -1.000000 -1.000000 1.000000
1.000000 1.000000 0.390050 1.609950 0.000000 -1.000000 1.000000
1.000000 1.599950 0.400050 1.599950 1.000000 -1.000000 1.000000
1.000000 0.410050 1.000000 1.589950 -1.000000 0.000000 1.000000
1.000000 1.000000 1.000000 1.579950 0.000000 0.000000 1.000000
1.000000 1.569950 1.000000 1.569950 1.000000 0.000000 1.000000
1.000000 0.440050 1.559950 1.559950 -1.000000 1.000000 1.000000
1.000000 1.000000 1.549950 1.549950 0.000000 1.000000 1.000000
1.000000 1.539950 1.539950 1.539950 1.000000 1.000000 1.000000
