26
1.000000 1.440050 1.440050 1.440050 -1.000000 -1.000000 -1.000000
1.000000 1.000000 1.450050 1.450050 0.000000 -1.000000 -1.000000
1.000000 0.539950 1.460050 1.460050 1.000000 -1.000000 -1.000000
1.000000 1.470050 1.000000 1.470050 -1.000000 0.000000 -1.000000
1.000000 1.000000 1.000000 1.480050 0.000000 0.000000 -1.000000
1.000000 0.509950 1.000000 1.490050 1.000000 0.000000 -1.000000
1.000000 1.500050 0.499950 1.500050 -1.000000 1.000000 -1.000000
1.000000 1.000000 0.489950 1.510050 0.000000 1.000000 -1.000000
1.000000 0.479950 0.479950 1.520050 1.000000 1.000000 -1.000000
1.000000 1.530050 1.530050 1.000000 -1.000000 -1.000000 0.000000
1.000000 1.000000 1.540050 1.000000 0.000000 -1.000000 0.000000
1.000000 0.449950 1.550050 1.000000 1.000000 -1.000000 0.000000
1.000000 1.560050 1.000000 1.000000 -1.000000 0.000000 0.000000
1.000000 0.429950 1.000000 1.000000 1.000000 0.000000 0.000000
1.000000 1.580050 0.419950 1.000000 -1.000000 1.000000 0.000000
1.000000 1.000000 0.409950 1.000000 0.000000 1.000000 0.000000
1.000000 0.399950 0.399950 1.000000 1.000000 1.000000 0.000000
1.000000 1.610050 1.610050 0.389950 -1.000000 -1.000000 1.000000
1.000000 1.000000 1.620050 0.379950 0.000000 -1.000000 1.000000
1.000000 0.369950 1.630050 0.369950 1.000000 -1.000000 1.000000
1.000000 1.640050 1.000000 0.359950 -1.000000 0.000000 1.000000
1.000000 1.000000 1.000000 0.349950 0.000000 0.000000 1.000000
1.000000 0.339950 1.000000 0.339950 1.000000 0.000000 1.000000
1.000000 1.670050 0.329950 0.329950 -1.000000 1.000000 1.000000
1.000000 1.000000 0.319950 0.319950 0.000000 1.000000 1.000000
1.000000 0.309950 0.309950 0.309950 1.000000 1.000000 1.000000
