26
1.000000 0.160050 0.160050 0.160050 -1.000000 -1.000000 -1.000000
1.000000 1.000000 0.170050 0.170050 0.000000 -1.000000 -1.000000
1.000000 1.819950 0.180050 0.180050 1.000000 -1.000000 -1.000000
1.000000 0.190050 1.000000 0.190050 -1.000000 0.000000 -1.000000
1.000000 1.000000 1.000000 0.200050 0.000000 0.000000 -1.000000
1.000000 1.789950 1.000000 0.210050 1.000000 0.000000 -1.000000
1.000000 0.220050 1.779950 0.220050 -1.000000 1.000000 -1.000000
1.000000 1.000000 1.769950 0.230050 0.000000 1.000000 -1.000000
1.000000 1.759950 1.759950 0.240050 1.000000 1.000000 -1.000000
1.000000 0.250050 0.250050 1.000000 -1.000000 -1.000000 0.000000
1.000000 1.000000 0.260050 1.000000 0.000000 -1.000000 0.000000
1.000000 1.729950 0.270050 1.000000 1.000000 -1.000000 0.000000
1.000000 0.280050 1.000000 1.000000 -1.000000 0.000000 0.000000
1.000000 1.709950 1.000000 1.000000 1.000000 0.000000 0.000000
1.000000 0.300050 1.699950 1.000000 -1.000000 1.000000 0.000000
1.000000 1.000000 1.689950 1.000000 0.000000 1.000000 0.000000
1.000000 1.679950 1.679950 1.000000 1.000000 1.000000 0.000000
1.000000 0.330050 0.330050 1.669950 -1.000000 -1.000000 1.000000
1.000000 1.000000 0.340050 1.659950 0.000000 -1.000000 1.000000
1.000000 1.649950 0.350050 1.649950 1.000000 -1.000000 1.000000
1.000000 0.360050 1.000000 1.639950 -1.000000 0.000000 1.000000
1.000000 1.000000 1.000000 1.629950 0.000000 0.000000 1.000000
1.000000 1.619950 1.000000 1.619950 1.000000 0.000000 1.000000
1.000000 0.390050 1.609950 1.609950 -1.000000 1.000000 1.000000
1.000000 1.000000 1.599950 1.599950 0.000000 1.000000 1.000000
1.000000 1.589950 1.589950 1.589950 1.000000 1.000000 1.000000
