26
1.000000 0.170050 0.170050 0.170050 -1.000000 -1.000000 -1.000000
1.000000 1.000000 0.180050 0.180050 0.000000 -1.000000 -1.000000
1.000000 1.809950 0.190050 0.190050 1.000000 -1.000000 -1.000000
1.000000 0.200050 1.000000 0.200050 -1.000000 0.000000 -1.000000
1.000000 1.000000 1.000000 0.210050 0.000000 0.000000 -1.000000
1.000000 1.779950 1.000000 0.220050 1.000000 0.000000 -1.000000
1.000000 0.230050 1.769950 0.230050 -1.000000 1.000000 -1.000000
1.000000 1.000000 1.759950 0.240050 0.000000 1.000000 -1.000000
1.000000 1.749950 1.749950 0.250050 1.000000 1.000000 -1.000000
1.000000 0.260050 0.260050 1.000000 -1.000000 -1.000000 0.000000
1.000000 1.000000 0.270050 1.000000 0.000000 -1.000000 0.000000
1.000000 1.719950 0.280050 1.000000 1.000000 -1.000000 0.000000
1.000000 0.290050 1.000000 1.000000 -1.000000 0.000000 0.000000
1.000000 1.699950 1.000000 1.000000 1.000000 0.000000 0.000000
1.000000 0.310050 1.689950 1.000000 -1.000000 1.000000 0.000000
1.000000 1.000000 1.679950 1.000000 0.000000 1.000000 0.000000
1.000000 1.669950 1.669950 1.000000 1.000000 1.000000 0.000000
1.000000 0.340050 0.340050 1.659950 -1.000000 -1.000000 1.000000
1.000000 1.000000 0.350050 1.649950 0.000000 -1.000000 1.000000
1.000000 1.639950 0.360050 1.639950 1.000000 -1.000000 1.000000
1.000000 0.370050 1.000000 1.629950 -1.000000 0.000000 1.000000
1.000000 1.000000 1.000000 1.619950 0.000000 0.000000 1.000000
1.000000 1.609950 1.000000 1.609950 1.000000 0.000000 1.000000
1.000000 0.400050 1.599950 1.599950 -1.000000 1.000000 1.000000
1.000000 1.000000 1.589950 1.589950 0.000000 1.000000 1.000000
1.000000 1.579950 1.579950 1.579950 1.000000 1.000000 1.000000
