26
1.000000 1.580050 1.580050 1.580050 -1.000000 -1.000000 -1.000000
1.000000 1.000000 1.590050 1.590050 0.000000 -1.000000 -1.000000
1.000000 0.399950 1.600050 1.600050 1.000000 -1.000000 -1.000000
1.000000 1.610050 1.000000 1.610050 -1.000000 0.000000 -1.000000
1.000000 1.000000 1.000000 1.620050 0.000000 0.000000 -1.000000
1.000000 0.369950 1.000000 1.630050 1.000000 0.000000 -1.000000
1.000000 1.640050 0.359950 1.640050 -1.000000 1.000000 -1.000000
1.000000 1.000000 0.349950 1.650050 0.000000 1.000000 -1.000000
1.000000 0.339950 0.339950 1.660050 1.000000 1.000000 -1.000000
1.000000 1.670050 1.670050 1.000000 -1.000000 -1.000000 0.000000
1.000000 1.000000 1.680050 1.000000 0.000000 -1.000000 0.000000
1.000000 0.309950 1.690050 1.000000 1.000000 -1.000000 0.000000
1.000000 1.700050 1.000000 1.000000 -1.000000 0.000000 0.000000
1.000000 0.289950 1.000000 1.000000 1.000000 0.000000 0.000000
1.000000 1.720050 0.279950 1.000000 -1.000000 1.000000 0.000000
1.000000 1.000000 0.269950 1.000000 0.000000 1.000000 0.000000
1.000000 0.259950 0.259950 1.000000 1.000000 1.000000 0.000000
1.000000 1.750050 1.750050 0.249950 -1.000000 -1.000000 1.000000
1.000000 1.000000 1.760050 0.239950 0.000000 -1.000000 1.000000
1.000000 0.229950 1.770050 0.229950 1.000000 -1.000000 1.000000
1.000000 1.780050 1.000000 0.219950 -1.000000 0.000000 1.000000
1.000000 1.000000 1.000000 0.209950 0.000000 0.000000 1.000000
1.000000 0.199950 1.000000 0.199950 1.000000 0.000000 1.000000
1.000000 1.810050 0.189950 0.189950 -1.000000 1.000000 1.000000
1.000000 1.000000 0.179950 0.179950 0.000000 1.000000 1.000000
1.000000 0.169950 0.169950 0.169950 1.000000 1.000000 1.000000
