26
1.000000 0.240050 0.240050 0.240050 -1.000000 -1.000000 -1.000000
1.000000 1.000000 0.250050 0.250050 0.000000 -1.000000 -1.000000
1.000000 1.739950 0.260050 0.260050 1.000000 -1.000000 -1.000000
1.000000 0.270050 1.000000 0.270050 -1.000000 0.000000 -1.000000
1.000000 1.000000 1.000000 0.280050 0.000000 0.000000 -1.000000
1.000000 1.709950 1.000000 0.290050 1.000000 0.000000 -1.000000
1.000000 0.300050 1.699950 0.300050 -1.000000 1.000000 -1.000000
1.000000 1.000000 1.689950 0.310050 0.000000 1.000000 -1.000000
1.000000 1.679950 1.679950 0.320050 1.000000 1.000000 -1.000000
1.000000 0.330050 0.330050 1.000000 -1.000000 -1.000000 0.000000
1.000000 1.000000 0.340050 1.000000 0.000000 -1.000000 0.000000
1.000000 1.649950 0.350050 1.000000 1.000000 -1.000000 0.000000
1.000000 0.360050 1.000000 1.000000 -1.000000 0.000000 0.000000
1.000000 1.629950 1.000000 1.000000 1.000000 0.000000 0.000000
1.000000 0.380050 1.619950 1.000000 -1.000000 1.000000 0.000000
1.000000 1.000000 1.609950 1.000000 0.000000 1.000000 0.000000
1.000000 1.599950 1.599950 1.000000 1.000000 1.000000 0.000000
1.000000 0.410050 0.410050 1.589950 -1.000000 -1.000000 1.000000
1.000000 1.000000 0.420050 1.579950 0.000000 -1.000000 1.000000
1.000000 1.569950 0.430050 1.569950 1.000000 -1.000000 1.000000
1.000000 0.440050 1.000000 1.559950 -1.000000 0.000000 1.000000
1.000000 1.000000 1.000000 1.549950 0.000000 0.000000 1.000000
1.000000 1.539950 1.000000 1.539950 1.000000 0.000000 1.000000
1.000000 0.470050 1.529950 1.529950 -1.000000 1.000000 1.000000
1.000000 1.000000 1.519950 1.519950 0.000000 1.000000 1.000000
1.000000 1.509950 1.509950 1.509950 1.000000 1.000000 1.000000
