26
1.000000 1.890050 1.890050 1.890050 -1.000000 -1.000000 -1.000000
1.000000 1.000000 1.900050 1.900050 0.000000 -1.000000 -1.000000
1.000000 0.089950 1.910050 1.910050 1.000000 -1.000000 -1.000000
1.000000 1.920050 1.000000 1.920050 -1.000000 0.000000 -1.000000
1.000000 1.000000 1.000000 1.930050 0.000000 0.000000 -1.000000
1.000000 0.059950 1.000000 1.940050 1.000000 0.000000 -1.000000
1.000000 1.950050 0.049950 1.950050 -1.000000 1.000000 -1.000000
1.000000 1.000000 0.039950 1.960050 0.000000 1.000000 -1.000000
1.000000 0.029950 0.029950 1.970050 1.000000 1.000000 -1.000000
1.000000 1.980050 1.980050 1.000000 -1.000000 -1.000000 0.000000
1.000000 1.000000 1.990050 1.000000 0.000000 -1.000000 0.000000
1.000000 1.999950 0.000050 1.000000 1.000000 -1.000000 0.000000
1.000000 0.010050 1.000000 1.000000 -1.000000 0.000000 0.000000
1.000000 1.979950 1.000000 1.000000 1.000000 0.000000 0.000000
1.000000 0.030050 1.969950 1.000000 -1.000000 1.000000 0.000000
1.000000 1.000000 1.959950 1.000000 0.000000 1.000000 0.000000
1.000000 1.949950 1.949950 1.000000 1.000000 1.000000 0.000000
1.000000 0.060050 0.060050 1.939950 -1.000000 -1.000000 1.000000
1.000000 1.000000 0.070050 1.929950 0.000000 -1.000000 1.000000
1.000000 1.919950 0.080050 1.919950 1.000000 -1.000000 1.000000
1.000000 0.090050 1.000000 1.909950 -1.000000 0.000000 1.000000
1.000000 1.000000 1.000000 1.899950 0.000000 0.000000 1.000000
1.000000 1.889950 1.000000 1.889950 1.000000 0.000000 1.000000
1.000000 0.120050 1.879950 1.879950 -1.000000 1.000000 1.000000
1.000000 1.000000 1.869950 1.869950 0.000000 1.000000 1.000000
1.000000 1.859950 1.859950 1.859950 1.000000 1.000000 1.000000
