26
1.000000 1.320050 1.320050 1.320050 -1.000000 -1.000000 -1.000000
1.000000 1.000000 1.330050 1.330050 0.000000 -1.000000 -1.000000
1.000000 0.659950 1.340050 1.340050 1.000000 -1.000000 -1.000000
1.000000 1.350050 1.000000 1.350050 -1.000000 0.000000 -1.000000
1.000000 1.000000 1.000000 1.360050 0.000000 0.000000 -1.000000
1.000000 0.629950 1.000000 1.370050 1.000000 0.000000 -1.000000
1.000000 1.380050 0.619950 1.380050 -1.000000 1.000000 -1.000000
1.000000 1.000000 0.609950 1.390050 0.000000 1.000000 -1.000000
1.000000 0.599950 0.599950 1.400050 1.000000 1.000000 -1.000000
1.000000 1.410050 1.410050 1.000000 -1.000000 -1.000000 0.000000
1.000000 1.000000 1.420050 1.000000 0.000000 -1.000000 0.000000
1.000000 0.569950 1.430050 1.000000 1.000000 -1.000000 0.000000
1.000000 1.440050 1.000000 1.000000 -1.000000 0.000000 0.000000
1.000000 0.549950 1.000000 1.000000 1.000000 0.000000 0.000000
1.000000 1.460050 0.539950 1.000000 -1.000000 1.000000 0.000000
1.000000 1.000000 0.529950 1.000000 0.000000 1.000000 0.000000
1.000000 0.519950 0.519950 1.000000 1.000000 1.000000 0.000000
1.000000 1.490050 1.490050 0.509950 -1.000000 -1.000000 1.000000
1.000000 1.000000 1.500050 0.499950 0.000000 -1.000000 1.000000
1.000000 0.489950 1.510050 0.489950 1.000000 -1.000000 1.000000
1.000000 1.520050 1.000000 0.479950 -1.000000 0.000000 1.000000
1.000000 1.000000 1.000000 0.469950 0.000000 0.000000 1.000000
1.000000 0.459950 1.000000 0.459950 1.000000 0.000000 1.000000
1.000000 1.550050 0.449950 0.449950 -1.000000 1.000000 1.000000
1.000000 1.000000 0.439950 0.439950 0.000000 1.000000 1.000000
1.000000 0.429950 0.429950 0.429950 1.000000 1.000000 1.000000
