26
1.000000 0.980050 0.980050 0.980050 -1.000000 -1.000000 -1.000000
1.000000 1.000000 0.990050 0.990050 0.000000 -1.000000 -1.000000
1.000000 0.999950 1.000050 1.000050 1.000000 -1.000000 -1.000000
1.000000 1.010050 1.000000 1.010050 -1.000000 0.000000 -1.000000
1.000000 1.000000 1.000000 1.020050 0.000000 0.000000 -1.000000
1.000000 0.969950 1.000000 1.030050 1.000000 0.000000 -1.000000
1.000000 1.040050 0.959950 1.040050 -1.000000 1.000000 -1.000000
1.000000 1.000000 0.949950 1.050050 0.000000 1.000000 -1.000000
1.000000 0.939950 0.939950 1.060050 1.000000 1.000000 -1.000000
1.000000 1.070050 1.070050 1.000000 -1.000000 -1.000000 0.000000
1.000000 1.000000 1.080050 1.000000 0.000000 -1.000000 0.000000
1.000000 0.909950 1.090050 1.000000 1.000000 -1.000000 0.000000
1.000000 1.100050 1.000000 1.000000 -1.000000 0.000000 0.000000
1.000000 0.889950 1.000000 1.000000 1.000000 0.000000 0.000000
1.000000 1.120050 0.879950 1.000000 -1.000000 1.000000 0.000000
1.000000 1.000000 0.869950 1.000000 0.000000 1.000000 0.000000
1.000000 0.859950 0.859950 1.000000 1.000000 1.000000 0.000000
1.000000 1.150050 1.150050 0.849950 -1.000000 -1.000000 1.000000
1.000000 1.000000 1.160050 0.839950 0.000000 -1.000000 1.000000
1.000000 0.829950 1.170050 0.829950 1.000000 -1.000000 1.000000
1.000000 1.180050 1.000000 0.819950 -1.000000 0.000000 1.000000
1.000000 1.000000 1.000000 0.809950 0.000000 0.000000 1.000000
1.000000 0.799950 1.000000 0.799950 1.000000 0.000000 1.000000
1.000000 1.210050 0.789950 0.789950 -1.000000 1.000000 1.000000
1.000000 1.000000 0.779950 0.779950 0.000000 1.000000 1.000000
1.000000 0.769950 0.769950 0.769950 1.000000 1.000000 1.000000
