26
1.000000 0.320050 0.320050 0.320050 -1.000000 -1.000000 -1.000000
1.000000 1.000000 0.330050 0.330050 0.000000 -1.000000 -1.000000
1.000000 1.659950 0.340050 0.340050 1.000000 -1.000000 -1.000000
1.000000 0.350050 1.000000 0.350050 -1.000000 0.000000 -1.000000
1.000000 1.000000 1.000000 0.360050 0.000000 0.000000 -1.000000
1.000000 1.629950 1.000000 0.370050 1.000000 0.000000 -1.000000
1.000000 0.380050 1.619950 0.380050 -1.000000 1.000000 -1.000000
1.000000 1.000000 1.609950 0.390050 0.000000 1.000000 -1.000000
1.000000 1.599950 1.599950 0.400050 1.000000 1.000000 -1.000000
1.000000 0.410050 0.410050 1.000000 -1.000000 -1.000000 0.000000
1.000000 1.000000 0.420050 1.000000 0.000000 -1.000000 0.000000
1.000000 1.569950 0.430050 1.000000 1.000000 -1.000000 0.000000
1.000000 0.440050 1.000000 1.000000 -1.000000 0.000000 0.000000
1.000000 1.549950 1.000000 1.000000 1.000000 0.000000 0.000000
1.000000 0.460050 1.539950 1.000000 -1.000000 1.000000 0.000000
1.000000 1.000000 1.529950 1.000000 0.000000 1.000000 0.000000
1.000000 1.519950 1.519950 1.000000 1.000000 1.000000 0.000000
1.000000 0.490050 0.490050 1.509950 -1.000000 -1.000000 1.000000
1.000000 1.000000 0.500050 1.499950 0.000000 -1.000000 1.000000
1.000000 1.489950 0.510050 1.489950 1.000000 -1.000000 1.000000
1.000000 0.520050 1.000000 1.479950 -1.000000 0.000000 1.000000
1.000000 1.000000 1.000000 1.469950 0.000000 0.000000 1.000000
1.000000 1.459950 1.000000 1.459950 1.000000 0.000000 1.000000
1.000000 0.550050 1.449950 1.449950 -1.000000 1.000000 1.000000
1.000000 1.000000 1.439950 1.439950 0.000000 1.000000 1.000000
1.000000 1.429950 1.429950 1.429950 1.000000 1.000000 1.000000
