26
1.000000 0.080050 0.080050 0.080050 -1.000000 -1.000000 -1.000000
1.000000 1.000000 0.090050 0.090050 0.000000 -1.000000 -1.000000
1.000000 1.899950 0.100050 0.100050 1.000000 -1.000000 -1.000000
1.000000 0.110050 1.000000 0.110050 -1.000000 0.000000 -1.000000
1.000000 1.000000 1.000000 0.120050 0.000000 0.000000 -1.000000
1.000000 1.869950 1.000000 0.130050 1.000000 0.000000 -1.000000
1.000000 0.140050 1.859950 0.140050 -1.000000 1.000000 -1.000000
1.000000 1.000000 1.849950 0.150050 0.000000 1.000000 -1.000000
1.000000 1.839950 1.839950 0.160050 1.000000 1.000000 -1.000000
1.000000 0.170050 0.170050 1.000000 -1.000000 -1.000000 0.000000
1.000000 1.000000 0.180050 1.000000 0.000000 -1.000000 0.000000
1.000000 1.809950 0.190050 1.000000 1.000000 -1.000000 0.000000
1.000000 0.200050 1.000000 1.000000 -1.000000 0.000000 0.000000
1.000000 1.789950 1.000000 1.000000 1.000000 0.000000 0.000000
1.000000 0.220050 1.779950 1.000000 -1.000000 1.000000 0.000000
1.000000 1.000000 1.769950 1.000000 0.000000 1.000000 0.000000
1.000000 1.759950 1.759950 1.000000 1.000000 1.000000 0.000000
1.000000 0.250050 0.250050 1.749950 -1.000000 -1.000000 1.000000
1.000000 1.000000 0.260050 1.739950 0.000000 -1.000000 1.000000
1.000000 1.729950 0.270050 1.729950 1.000000 -1.000000 1.000000
1.000000 0.280050 1.000000 1.719950 -1.000000 0.000000 1.000000
1.000000 1.000000 1.000000 1.709950 0.000000 0.000000 1.000000
1.000000 1.699950 1.000000 1.699950 1.000000 0.000000 1.000000
1.000000 0.310050 1.689950 1.689950 -1.000000 1.000000 1.000000
1.000000 1.000000 1.679950 1.679950 0.000000 1.000000 1.000000
1.000000 1.669950 1.669950 1.669950 1.000000 1.000000 1.000000
