26
1.000000 0.130050 0.130050 0.130050 -1.000000 -1.000000 -1.000000
1.000000 1.000000 0.140050 0.140050 0.000000 -1.000000 -1.000000
1.000000 1.849950 0.150050 0.150050 1.000000 -1.000000 -1.000000
1.000000 0.160050 1.000000 0.160050 -1.000000 0.000000 -1.000000
1.000000 1.000000 1.000000 0.170050 0.000000 0.000000 -1.000000
1.000000 1.819950 1.000000 0.180050 1.000000 0.000000 -1.000000
1.000000 0.190050 1.809950 0.190050 -1.000000 1.000000 -1.000000
1.000000 1.000000 1.799950 0.200050 0.000000 1.000000 -1.000000
1.000000 1.789950 1.789950 0.210050 1.000000 1.000000 -1.000000
1.000000 0.220050 0.220050 1.000000 -1.000000 -1.000000 0.000000
1.000000 1.000000 0.230050 1.000000 0.000000 -1.000000 0.000000
1.000000 1.759950 0.240050 1.000000 1.000000 -1.000000 0.000000
1.000000 0.250050 1.000000 1.000000 -1.000000 0.000000 0.000000
1.000000 1.739950 1.000000 1.000000 1.000000 0.000000 0.000000
1.000000 0.270050 1.729950 1.000000 -1.000000 1.000000 0.000000
1.000000 1.000000 1.719950 1.000000 0.000000 1.000000 0.000000
1.000000 1.709950 1.709950 1.000000 1.000000 1.000000 0.000000
1.000000 0.300050 0.300050 1.699950 -1.000000 -1.000000 1.000000
1.000000 1.000000 0.310050 1.689950 0.000000 -1.000000 1.000000
1.000000 1.679950 0.320050 1.679950 1.000000 -1.000000 1.000000
1.000000 0.330050 1.000000 1.669950 -1.000000 0.000000 1.000000
1.000000 1.000000 1.000000 1.659950 0.000000 0.000000 1.000000
1.000000 1.649950 1.000000 1.649950 1.000000 0.000000 1.000000
1.000000 0.360050 1.639950 1.639950 -1.000000 1.000000 1.000000
1.000000 1.000000 1.629950 1.629950 0.000000 1.000000 1.000000
1.000000 1.619950 1.619950 1.619950 1.000000 1.000000 1.000000
