26
1.000000 1.280050 1.280050 1.280050 -1.000000 -1.000000 -1.000000
1.000000 1.000000 1.290050 1.290050 0.000000 -1.000000 -1.000000
1.000000 0.699950 1.300050 1.300050 1.000000 -1.000000 -1.000000
1.000000 1.310050 1.000000 1.310050 -1.000000 0.000000 -1.000000
1.000000 1.000000 1.000000 1.320050 0.000000 0.000000 -1.000000
1.000000 0.669950 1.000000 1.330050 1.000000 0.000000 -1.000000
1.000000 1.340050 0.659950 1.340050 -1.000000 1.000000 -1.000000
1.000000 1.000000 0.649950 1.350050 0.000000 1.000000 -1.000000
1.000000 0.639950 0.639950 1.360050 1.000000 1.000000 -1.000000
1.000000 1.370050 1.370050 1.000000 -1.000000 -1.000000 0.000000
1.000000 1.000000 1.380050 1.000000 0.000000 -1.000000 0.000000
1.000000 0.609950 1.390050 1.000000 1.000000 -1.000000 0.000000
1.000000 1.400050 1.000000 1.000000 -1.000000 0.000000 0.000000
1.000000 0.589950 1.000000 1.000000 1.000000 0.000000 0.000000
1.000000 1.420050 0.579950 1.000000 -1.000000 1.000000 0.000000
1.000000 1.000000 0.569950 1.000000 0.000000 1.000000 0.000000
1.000000 0.559950 0.559950 1.000000 1.000000 1.000000 0.000000
1.000000 1.450050 1.450050 0.549950 -1.000000 -1.000000 1.000000
1.000000 1.000000 1.460050 0.539950 0.000000 -1.000000 1.000000
1.000000 0.529950 1.470050 0.529950 1.000000 -1.000000 1.000000
1.000000 1.480050 1.000000 0.519950 -1.000000 0.000000 1.000000
1.000000 1.000000 1.000000 0.509950 0.000000 0.000000 1.000000
1.000000 0.499950 1.000000 0.499950 1.000000 0.000000 1.000000
1.000000 1.510050 0.489950 0.489950 -1.000000 1.000000 1.000000
1.000000 1.000000 0.479950 0.479950 0.000000 1.000000 1.000000
1.000000 0.469950 0.469950 0.469950 1.000000 1.000000 1.000000
