26
1.000000 0.860050 0.860050 0.860050 -1.000000 -1.000000 -1.000000
1.000000 1.000000 0.870050 0.870050 0.000000 -1.000000 -1.000000
1.000000 1.119950 0.880050 0.880050 1.000000 -1.000000 -1.000000
1.000000 0.890050 1.000000 0.890050 -1.000000 0.000000 -1.000000
1.000000 1.000000 1.000000 0.900050 0.000000 0.000000 -1.000000
1.000000 1.089950 1.000000 0.910050 1.000000 0.000000 -1.000000
1.000000 0.920050 1.079950 0.920050 -1.000000 1.000000 -1.000000
1.000000 1.000000 1.069950 0.930050 0.000000 1.000000 -1.000000
1.000000 1.059950 1.059950 0.940050 1.000000 1.000000 -1.000000
1.000000 0.950050 0.950050 1.000000 -1.000000 -1.000000 0.000000
1.000000 1.000000 0.960050 1.000000 0.000000 -1.000000 0.000000
1.000000 1.029950 0.970050 1.000000 1.000000 -1.000000 0.000000
1.000000 0.980050 1.000000 1.000000 -1.000000 0.000000 0.000000
1.000000 1.009950 1.000000 1.000000 1.000000 0.000000 0.000000
1.000000 1.000050 0.999950 1.000000 -1.000000 1.000000 0.000000
1.000000 1.000000 0.989950 1.000000 0.000000 1.000000 0.000000
1.000000 0.979950 0.979950 1.000000 1.000000 1.000000 0.000000
1.000000 1.030050 1.030050 0.969950 -1.000000 -1.000000 1.000000
1.000000 1.000000 1.040050 0.959950 0.000000 -1.000000 1.000000
1.000000 0.949950 1.050050 0.949950 1.000000 -1.000000 1.000000
1.000000 1.060050 1.000000 0.939950 -1.000000 0.000000 1.000000
1.000000 1.000000 1.000000 0.929950 0.000000 0.000000 1.000000
1.000000 0.919950 1.000000 0.919950 1.000000 0.000000 1.000000
1.000000 1.090050 0.909950 0.909950 -1.000000 1.000000 1.000000
1.000000 1.000000 0.899950 0.899950 0.000000 1.000000 1.000000
1.000000 0.889950 0.889950 0.889950 1.000000 1.000000 1.000000
