26
1.000000 0.660050 0.660050 0.660050 -1.000000 -1.000000 -1.000000
1.000000 1.000000 0.670050 0.670050 0.000000 -1.000000 -1.000000
1.000000 1.319950 0.680050 0.680050 1.000000 -1.000000 -1.000000
1.000000 0.690050 1.000000 0.690050 -1.000000 0.000000 -1.000000
1.000000 1.000000 1.000000 0.700050 0.000000 0.000000 -1.000000
1.000000 1.289950 1.000000 0.710050 1.000000 0.000000 -1.000000
1.000000 0.720050 1.279950 0.720050 -1.000000 1.000000 -1.000000
1.000000 1.000000 1.269950 0.730050 0.000000 1.000000 -1.000000
1.000000 1.259950 1.259950 0.740050 1.000000 1.000000 -1.000000
1.000000 0.750050 0.750050 1.000000 -1.000000 -1.000000 0.000000
1.000000 1.000000 0.760050 1.000000 0.000000 -1.000000 0.000000
1.000000 1.229950 0.770050 1.000000 1.000000 -1.000000 0.000000
1.000000 0.780050 1.000000 1.000000 -1.000000 0.000000 0.000000
1.000000 1.209950 1.000000 1.000000 1.000000 0.000000 0.000000
1.000000 0.800050 1.199950 1.000000 -1.000000 1.000000 0.000000
1.000000 1.000000 1.189950 1.000000 0.000000 1.000000 0.000000
1.000000 1.179950 1.179950 1.000000 1.000000 1.000000 0.000000
1.000000 0.830050 0.830050 1.169950 -1.000000 -1.000000 1.000000
1.000000 1.000000 0.840050 1.159950 0.000000 -1.000000 1.000000
1.000000 1.149950 0.850050 1.149950 1.000000 -1.000000 1.000000
1.000000 0.860050 1.000000 1.139950 -1.000000 0.000000 1.000000
1.000000 1.000000 1.000000 1.129950 0.000000 0.000000 1.000000
1.000000 1.119950 1.000000 1.119950 1.000000 0.000000 1.000000
1.000000 0.890050 1.109950 1.109950 -1.000000 1.000000 1.000000
1.000000 1.000000 1.099950 1.099950 0.000000 1.000000 1.000000
1.000000 1.089950 1.089950 1.089950 1.000000 1.000000 1.000000
