26
1.000000 0.120050 0.120050 0.120050 -1.000000 -1.000000 -1.000000
1.000000 1.000000 0.130050 0.130050 0.000000 -1.000000 -1.000000
1.000000 1.859950 0.140050 0.140050 1.000000 -1.000000 -1.000000
1.000000 0.150050 1.000000 0.150050 -1.000000 0.000000 -1.000000
1.000000 1.000000 1.000000 0.160050 0.000000 0.000000 -1.000000
1.000000 1.829950 1.000000 0.170050 1.000000 0.000000 -1.000000
1.000000 0.180050 1.819950 0.180050 -1.000000 1.000000 -1.000000
1.000000 1.000000 1.809950 0.190050 0.000000 1.000000 -1.000000
1.000000 1.799950 1.799950 0.200050 1.000000 1.000000 -1.000000
1.000000 0.210050 0.210050 1.000000 -1.000000 -1.000000 0.000000
1.000000 1.000000 0.220050 1.000000 0.000000 -1.000000 0.000000
1.000000 1.769950 0.230050 1.000000 1.000000 -1.000000 0.000000
1.000000 0.240050 1.000000 1.000000 -1.000000 0.000000 0.000000
1.000000 1.749950 1.000000 1.000000 1.000000 0.000000 0.000000
1.000000 0.260050 1.739950 1.000000 -1.000000 1.000000 0.000000
1.000000 1.000000 1.729950 1.000000 0.000000 1.000000 0.000000
1.000000 1.719950 1.719950 1.000000 1.000000 1.000000 0.000000
1.000000 0.290050 0.290050 1.709950 -1.000000 -1.000000 1.000000
1.000000 1.000000 0.300050 1.699950 0.000000 -1.000000 1.000000
1.000000 1.689950 0.310050 1.689950 1.000000 -1.000000 1.000000
1.000000 0.320050 1.000000 1.679950 -1.000000 0.000000 1.000000
1.000000 1.000000 1.000000 1.669950 0.000000 0.000000 1.000000
1.000000 1.659950 1.000000 1.659950 1.000000 0.000000 1.000000
1.000000 0.350050 1.649950 1.649950 -1.000000 1.000000 1.000000
1.000000 1.000000 1.639950 1.639950 0.000000 1.000000 1.000000
1.000000 1.629950 1.629950 1.629950 1.000000 1.000000 1.000000
