26
1.000000 0.000050 0.000050 0.000050 -1.000000 -1.000000 -1.000000
1.000000 1.000000 0.010050 0.010050 0.000000 -1.000000 -1.000000
1.000000 1.979950 0.020050 0.020050 1.000000 -1.000000 -1.000000
1.000000 0.030050 1.000000 0.030050 -1.000000 0.000000 -1.000000
1.000000 1.000000 1.000000 0.040050 0.000000 0.000000 -1.000000
1.000000 1.949950 1.000000 0.050050 1.000000 0.000000 -1.000000
1.000000 0.060050 1.939950 0.060050 -1.000000 1.000000 -1.000000
1.000000 1.000000 1.929950 0.070050 0.000000 1.000000 -1.000000
1.000000 1.919950 1.919950 0.080050 1.000000 1.000000 -1.000000
1.000000 0.090050 0.090050 1.000000 -1.000000 -1.000000 0.000000
1.000000 1.000000 0.100050 1.000000 0.000000 -1.000000 0.000000
1.000000 1.889950 0.110050 1.000000 1.000000 -1.000000 0.000000
1.000000 0.120050 1.000000 1.000000 -1.000000 0.000000 0.000000
1.000000 1.869950 1.000000 1.000000 1.000000 0.000000 0.000000
1.000000 0.140050 1.859950 1.000000 -1.000000 1.000000 0.000000
1.000000 1.000000 1.849950 1.000000 0.000000 1.000000 0.000000
1.000000 1.839950 1.839950 1.000000 1.000000 1.000000 0.000000
1.000000 0.170050 0.170050 1.829950 -1.000000 -1.000000 1.000000
1.000000 1.000000 0.180050 1.819950 0.000000 -1.000000 1.000000
1.000000 1.809950 0.190050 1.809950 1.000000 -1.000000 1.000000
1.000000 0.200050 1.000000 1.799950 -1.000000 0.000000 1.000000
1.000000 1.000000 1.000000 1.789950 0.000000 0.000000 1.000000
1.000000 1.779950 1.000000 1.779950 1.000000 0.000000 1.000000
1.000000 0.230050 1.769950 1.769950 -1.000000 1.000000 1.000000
1.000000 1.000000 1.759950 1.759950 0.000000 1.000000 1.000000
1.000000 1.749950 1.749950 1.749950 1.000000 1.000000 1.000000
