26
1.000000 1.800050 1.800050 1.800050 -1.000000 -1.000000 -1.000000
1.000000 1.000000 1.810050 1.810050 0.000000 -1.000000 -1.000000
1.000000 0.179950 1.820050 1.820050 1.000000 -1.000000 -1.000000
1.000000 1.830050 1.000000 1.830050 -1.000000 0.000000 -1.000000
1.000000 1.000000 1.000000 1.840050 0.000000 0.000000 -1.000000
1.000000 0.149950 1.000000 1.850050 1.000000 0.000000 -1.000000
1.000000 1.860050 0.139950 1.860050 -1.000000 1.000000 -1.000000
1.000000 1.000000 0.129950 1.870050 0.000000 1.000000 -1.000000
1.000000 0.119950 0.119950 1.880050 1.000000 1.000000 -1.000000
1.000000 1.890050 1.890050 1.000000 -1.000000 -1.000000 0.000000
1.000000 1.000000 1.900050 1.000000 0.000000 -1.000000 0.000000
1.000000 0.089950 1.910050 1.000000 1.000000 -1.000000 0.000000
1.000000 1.920050 1.000000 1.000000 -1.000000 0.000000 0.000000
1.000000 0.069950 1.000000 1.000000 1.000000 0.000000 0.000000
1.000000 1.940050 0.059950 1.000000 -1.000000 1.000000 0.000000
1.000000 1.000000 0.049950 1.000000 0.000000 1.000000 0.000000
1.000000 0.039950 0.039950 1.000000 1.000000 1.000000 0.000000
1.000000 1.970050 1.970050 0.029950 -1.000000 -1.000000 1.000000
1.000000 1.000000 1.980050 0.019950 0.000000 -1.000000 1.000000
1.000000 0.009950 1.990050 0.009950 1.000000 -1.000000 1.000000
1.000000 0.000050 1.000000 1.999950 -1.000000 0.000000 1.000000
1.000000 1.000000 1.000000 1.989950 0.000000 0.000000 1.000000
1.000000 1.979950 1.000000 1.979950 1.000000 0.000000 1.000000
1.000000 0.030050 1.969950 1.969950 -1.000000 1.000000 1.000000
1.000000 1.000000 1.959950 1.959950 0.000000 1.000000 1.000000
1.000000 1.949950 1.949950 1.949950 1.000000 1.000000 1.000000
