26
1.000000 1.520050 1.520050 1.520050 -1.000000 -1.000000 -1.000000
1.000000 1.000000 1.530050 1.530050 0.000000 -1.000000 -1.000000
1.000000 0.459950 1.540050 1.540050 1.000000 -1.000000 -1.000000
1.000000 1.550050 1.000000 1.550050 -1.000000 0.000000 -1.000000
1.000000 1.000000 1.000000 1.560050 0.000000 0.000000 -1.000000
1.000000 0.429950 1.000000 1.570050 1.000000 0.000000 -1.000000
1.000000 1.580050 0.419950 1.580050 -1.000000 1.000000 -1.000000
1.000000 1.000000 0.409950 1.590050 0.000000 1.000000 -1.000000
1.000000 0.399950 0.399950 1.600050 1.000000 1.000000 -1.000000
1.000000 1.610050 1.610050 1.000000 -1.000000 -1.000000 0.000000
1.000000 1.000000 1.620050 1.000000 0.000000 -1.000000 0.000000
1.000000 0.369950 1.630050 1.000000 1.000000 -1.000000 0.000000
1.000000 1.640050 1.000000 1.000000 -1.000000 0.000000 0.000000
1.000000 0.349950 1.000000 1.000000 1.000000 0.000000 0.000000
1.000000 1.660050 0.339950 1.000000 -1.000000 1.000000 0.000000
1.000000 1.000000 0.329950 1.000000 0.000000 1.000000 0.000000
1.000000 0.319950 0.319950 1.000000 1.000000 1.000000 0.000000
1.000000 1.690050 1.690050 0.309950 -1.000000 -1.000000 1.000000
1.000000 1.000000 1.700050 0.299950 0.000000 -1.000000 1.000000
1.000000 0.289950 1.710050 0.289950 1.000000 -1.000000 1.000000
1.000000 1.720050 1.000000 0.279950 -1.000000 0.000000 1.000000
1.000000 1.000000 1.000000 0.269950 0.000000 0.000000 1.000000
1.000000 0.259950 1.000000 0.259950 1.000000 0.000000 1.000000
1.000000 1.750050 0.249950 0.249950 -1.000000 1.000000 1.000000
1.000000 1.000000 0.239950 0.239950 0.000000 1.000000 1.000000
1.000000 0.229950 0.229950 0.229950 1.000000 1.000000 1.000000
