26
1.000000 0.190050 0.190050 0.190050 -1.000000 -1.000000 -1.000000
1.000000 1.000000 0.200050 0.200050 0.000000 -1.000000 -1.000000
1.000000 1.789950 0.210050 0.210050 1.000000 -1.000000 -1.000000
1.000000 0.220050 1.000000 0.220050 -1.000000 0.000000 -1.000000
1.000000 1.000000 1.000000 0.230050 0.000000 0.000000 -1.000000
1.000000 1.759950 1.000000 0.240050 1.000000 0.000000 -1.000000
1.000000 0.250050 1.749950 0.250050 -1.000000 1.000000 -1.000000
1.000000 1.000000 1.739950 0.260050 0.000000 1.000000 -1.000000
1.000000 1.729950 1.729950 0.270050 1.000000 1.000000 -1.000000
1.000000 0.280050 0.280050 1.000000 -1.000000 -1.000000 0.000000
1.000000 1.000000 0.290050 1.000000 0.000000 -1.000000 0.000000
1.000000 1.699950 0.300050 1.000000 1.000000 -1.000000 0.000000
1.000000 0.310050 1.000000 1.000000 -1.000000 0.000000 0.000000
1.000000 1.679950 1.000000 1.000000 1.000000 0.000000 0.000000
1.000000 0.330050 1.669950 1.000000 -1.000000 1.000000 0.000000
1.000000 1.000000 1.659950 1.000000 0.000000 1.000000 0.000000
1.000000 1.649950 1.649950 1.000000 1.000000 1.000000 0.000000
1.000000 0.360050 0.360050 1.639950 -1.000000 -1.000000 1.000000
1.000000 1.000000 0.370050 1.629950 0.000000 -1.000000 1.000000
1.000000 1.619950 0.380050 1.619950 1.000000 -1.000000 1.000000
1.000000 0.390050 1.000000 1.609950 -1.000000 0.000000 1.000000
1.000000 1.000000 1.000000 1.599950 0.000000 0.000000 1.000000
1.000000 1.589950 1.000000 1.589950 1.000000 0.000000 1.000000
1.000000 0.420050 1.579950 1.579950 -1.000000 1.000000 1.000000
1.000000 1.000000 1.569950 1.569950 0.000000 1.000000 1.000000
1.000000 1.559950 1.559950 1.559950 1.000000 1.000000 1.000000
