26
1.000000 0.040050 0.040050 0.040050 -1.000000 -1.000000 -1.000000
1.000000 1.000000 0.050050 0.050050 0.000000 -1.000000 -1.000000
1.000000 1.939950 0.060050 0.060050 1.000000 -1.000000 -1.000000
1.000000 0.070050 1.000000 0.070050 -1.000000 0.000000 -1.000000
1.000000 1.000000 1.000000 0.080050 0.000000 0.000000 -1.000000
1.000000 1.909950 1.000000 0.090050 1.000000 0.000000 -1.000000
1.000000 0.100050 1.899950 0.100050 -1.000000 1.000000 -1.000000
1.000000 1.000000 1.889950 0.110050 0.000000 1.000000 -1.000000
1.000000 1.879950 1.879950 0.120050 1.000000 1.000000 -1.000000
1.000000 0.130050 0.130050 1.000000 -1.000000 -1.000000 0.000000
1.000000 1.000000 0.140050 1.000000 0.000000 -1.000000 0.000000
1.000000 1.849950 0.150050 1.000000 1.000000 -1.000000 0.000000
1.000000 0.160050 1.000000 1.000000 -1.000000 0.000000 0.000000
1.000000 1.829950 1.000000 1.000000 1.000000 0.000000 0.000000
1.000000 0.180050 1.819950 1.000000 -1.000000 1.000000 0.000000
1.000000 1.000000 1.809950 1.000000 0.000000 1.000000 0.000000
1.000000 1.799950 1.799950 1.000000 1.000000 1.000000 0.000000
1.000000 0.210050 0.210050 1.789950 -1.000000 -1.000000 1.000000
1.000000 1.000000 0.220050 1.779950 0.000000 -1.000000 1.000000
1.000000 1.769950 0.230050 1.769950 1.000000 -1.000000 1.000000
1.000000 0.240050 1.000000 1.759950 -1.000000 0.000000 1.000000
1.000000 1.000000 1.000000 1.749950 0.000000 0.000000 1.000000
1.000000 1.739950 1.000000 1.739950 1.000000 0.000000 1.000000
1.000000 0.270050 1.729950 1.729950 -1.000000 1.000000 1.000000
1.000000 1.000000 1.719950 1.719950 0.000000 1.000000 1.000000
1.000000 1.709950 1.709950 1.709950 1.000000 1.000000 1.000000
