26
1.000000 0.440050 0.440050 0.440050 -1.000000 -1.000000 -1.000000
1.000000 1.000000 0.450050 0.450050 0.000000 -1.000000 -1.000000
1.000000 1.539950 0.460050 0.460050 1.000000 -1.000000 -1.000000
1.000000 0.470050 1.000000 0.470050 -1.000000 0.000000 -1.000000
1.000000 1.000000 1.000000 0.480050 0.000000 0.000000 -1.000000
1.000000 1.509950 1.000000 0.490050 1.000000 0.000000 -1.000000
1.000000 0.500050 1.499950 0.500050 -1.000000 1.000000 -1.000000
1.000000 1.000000 1.489950 0.510050 0.000000 1.000000 -1.000000
1.000000 1.479950 1.479950 0.520050 1.000000 1.000000 -1.000000
1.000000 0.530050 0.530050 1.000000 -1.000000 -1.000000 0.000000
1.000000 1.000000 0.540050 1.000000 0.000000 -1.000000 0.000000
1.000000 1.449950 0.550050 1.000000 1.000000 -1.000000 0.000000
1.000000 0.560050 1.000000 1.000000 -1.000000 0.000000 0.000000
1.000000 1.429950 1.000000 1.000000 1.000000 0.000000 0.000000
1.000000 0.580050 1.419950 1.000000 -1.000000 1.000000 0.000000
1.000000 1.000000 1.409950 1.000000 0.000000 1.000000 0.000000
1.000000 1.399950 1.399950 1.000000 1.000000 1.000000 0.000000
1.000000 0.610050 0.610050 1.389950 -1.000000 -1.000000 1.000000
1.000000 1.000000 0.620050 1.379950 0.000000 -1.000000 1.000000
1.000000 1.369950 0.630050 1.369950 1.000000 -1.000000 1.000000
1.000000 0.640050 1.000000 1.359950 -1.000000 0.000000 1.000000
1.000000 1.000000 1.000000 1.349950 0.000000 0.000000 1.000000
1.000000 1.339950 1.000000 1.339950 1.000000 0.000000 1.000000
1.000000 0.670050 1.329950 1.329950 -1.000000 1.000000 1.000000
1.000000 1.000000 1.319950 1.319950 0.000000 1.000000 1.000000
1.000000 1.309950 1.309950 1.309950 1.000000 1.000000 1.000000
