26
1.000000 1.460050 1.460050 1.460050 -1.000000 -1.000000 -1.000000
1.000000 1.000000 1.470050 1.470050 0.000000 -1.000000 -1.000000
1.000000 0.519950 1.480050 1.480050 1.000000 -1.000000 -1.000000
1.000000 1.490050 1.000000 1.490050 -1.000000 0.000000 -1.000000
1.000000 1.000000 1.000000 1.500050 0.000000 0.000000 -1.000000
1.000000 0.489950 1.000000 1.510050 1.000000 0.000000 -1.000000
1.000000 1.520050 0.479950 1.520050 -1.000000 1.000000 -1.000000
1.000000 1.000000 0.469950 1.530050 0.000000 1.000000 -1.000000
1.000000 0.459950 0.459950 1.540050 1.000000 1.000000 -1.000000
1.000000 1.550050 1.550050 1.000000 -1.000000 -1.000000 0.000000
1.000000 1.000000 1.560050 1.000000 0.000000 -1.000000 0.000000
1.000000 0.429950 1.570050 1.000000 1.000000 -1.000000 0.000000
1.000000 1.580050 1.000000 1.000000 -1.000000 0.000000 0.000000
1.000000 0.409950 1.000000 1.000000 1.000000 0.000000 0.000000
1.000000 1.600050 0.399950 1.000000 -1.000000 1.000000 0.000000
1.000000 1.000000 0.389950 1.000000 0.000000 1.000000 0.000000
1.000000 0.379950 0.379950 1.000000 1.000000 1.000000 0.000000
1.000000 1.630050 1.630050 0.369950 -1.000000 -1.000000 1.000000
1.000000 1.000000 1.640050 0.359950 0.000000 -1.000000 1.000000
1.000000 0.349950 1.650050 0.349950 1.000000 -1.000000 1.000000
1.000000 1.660050 1.000000 0.339950 -1.000000 0.000000 1.000000
1.000000 1.000000 1.000000 0.329950 0.000000 0.000000 1.000000
1.000000 0.319950 1.000000 0.319950 1.000000 0.000000 1.000000
1.000000 1.690050 0.309950 0.309950 -1.000000 1.000000 1.000000
1.000000 1.000000 0.299950 0.299950 0.000000 1.000000 1.000000
1.000000 0.289950 0.289950 0.289950 1.000000 1.000000 1.000000
