26
1.000000 1.590050 1.590050 1.590050 -1.000000 -1.000000 -1.000000
1.000000 1.000000 1.600050 1.600050 0.000000 -1.000000 -1.000000
1.000000 0.389950 1.610050 1.610050 1.000000 -1.000000 -1.000000
1.000000 1.620050 1.000000 1.620050 -1.000000 0.000000 -1.000000
1.000000 1.000000 1.000000 1.630050 0.000000 0.000000 -1.000000
1.000000 0.359950 1.000000 1.640050 1.000000 0.000000 -1.000000
1.000000 1.650050 0.349950 1.650050 -1.000000 1.000000 -1.000000
1.000000 1.000000 0.339950 1.660050 0.000000 1.000000 -1.000000
1.000000 0.329950 0.329950 1.670050 1.000000 1.000000 -1.000000
1.000000 1.680050 1.680050 1.000000 -1.000000 -1.000000 0.000000
1.000000 1.000000 1.690050 1.000000 0.000000 -1.000000 0.000000
1.000000 0.299950 1.700050 1.000000 1.000000 -1.000000 0.000000
1.000000 1.710050 1.000000 1.000000 -1.000000 0.000000 0.000000
1.000000 0.279950 1.000000 1.000000 1.000000 0.000000 0.000000
1.000000 1.730050 0.269950 1.000000 -1.000000 1.000000 0.000000
1.000000 1.000000 0.259950 1.000000 0.000000 1.000000 0.000000
1.000000 0.249950 0.249950 1.000000 1.000000 1.000000 0.000000
1.000000 1.760050 1.760050 0.239950 -1.000000 -1.000000 1.000000
1.000000 1.000000 1.770050 0.229950 0.000000 -1.000000 1.000000
1.000000 0.219950 1.780050 0.219950 1.000000 -1.000000 1.000000
1.000000 1.790050 1.000000 0.209950 -1.000000 0.000000 1.000000
1.000000 1.000000 1.000000 0.199950 0.000000 0.000000 1.000000
1.000000 0.189950 1.000000 0.189950 1.000000 0.000000 1.000000
1.000000 1.820050 0.179950 0.179950 -1.000000 1.000000 1.000000
1.000000 1.000000 0.169950 0.169950 0.000000 1.000000 1.000000
1.000000 0.159950 0.159950 0.159950 1.000000 1.000000 1.000000
