26
1.000000 1.990050 1.990050 1.990050 -1.000000 -1.000000 -1.000000
1.000000 1.000000 0.000050 0.000050 0.000000 -1.000000 -1.000000
1.000000 1.989950 0.010050 0.010050 1.000000 -1.000000 -1.000000
1.000000 0.020050 1.000000 0.020050 -1.000000 0.000000 -1.000000
1.000000 1.000000 1.000000 0.030050 0.000000 0.000000 -1.000000
1.000000 1.959950 1.000000 0.040050 1.000000 0.000000 -1.000000
1.000000 0.050050 1.949950 0.050050 -1.000000 1.000000 -1.000000
1.000000 1.000000 1.939950 0.060050 0.000000 1.000000 -1.000000
1.000000 1.929950 1.929950 0.070050 1.000000 1.000000 -1.000000
1.000000 0.080050 0.080050 1.000000 -1.000000 -1.000000 0.000000
1.000000 1.000000 0.090050 1.000000 0.000000 -1.000000 0.000000
1.000000 1.899950 0.100050 1.000000 1.000000 -1.000000 0.000000
1.000000 0.110050 1.000000 1.000000 -1.000000 0.000000 0.000000
1.000000 1.879950 1.000000 1.000000 1.000000 0.000000 0.000000
1.000000 0.130050 1.869950 1.000000 -1.000000 1.000000 0.000000
1.000000 1.000000 1.859950 1.000000 0.000000 1.000000 0.000000
1.000000 1.849950 1.849950 1.000000 1.000000 1.000000 0.000000
1.000000 0.160050 0.160050 1.839950 -1.000000 -1.000000 1.000000
1.000000 1.000000 0.170050 1.829950 0.000000 -1.000000 1.000000
1.000000 1.819950 0.180050 1.819950 1.000000 -1.000000 1.000000
1.000000 0.190050 1.000000 1.809950 -1.000000 0.000000 1.000000
1.000000 1.000000 1.000000 1.799950 0.000000 0.000000 1.000000
1.000000 1.789950 1.000000 1.789950 1.000000 0.000000 1.000000
1.000000 0.220050 1.779950 1.779950 -1.000000 1.000000 1.000000
1.000000 1.000000 1.769950 1.769950 0.000000 1.000000 1.000000
1.000000 1.759950 1.759950 1.759950 1.000000 1.000000 1.000000
