26
1.000000 0.300050 0.300050 0.300050 -1.000000 -1.000000 -1.000000
1.000000 1.000000 0.310050 0.310050 0.000000 -1.000000 -1.000000
1.000000 1.679950 0.320050 0.320050 1.000000 -1.000000 -1.000000
1.000000 0.330050 1.000000 0.330050 -1.000000 0.000000 -1.000000
1.000000 1.000000 1.000000 0.340050 0.000000 0.000000 -1.000000
1.000000 1.649950 1.000000 0.350050 1.000000 0.000000 -1.000000
1.000000 0.360050 1.639950 0.360050 -1.000000 1.000000 -1.000000
1.000000 1.000000 1.629950 0.370050 0.000000 1.000000 -1.000000
1.000000 1.619950 1.619950 0.380050 1.000000 1.000000 -1.000000
1.000000 0.390050 0.390050 1.000000 -1.000000 -1.000000 0.000000
1.000000 1.000000 0.400050 1.000000 0.000000 -1.000000 0.000000
1.000000 1.589950 0.410050 1.000000 1.000000 -1.000000 0.000000
1.000000 0.420050 1.000000 1.000000 -1.000000 0.000000 0.000000
1.000000 1.569950 1.000000 1.000000 1.000000 0.000000 0.000000
1.000000 0.440050 1.559950 1.000000 -1.000000 1.000000 0.000000
1.000000 1.000000 1.549950 1.000000 0.000000 1.000000 0.000000
1.000000 1.539950 1.539950 1.000000 1.000000 1.000000 0.000000
1.000000 0.470050 0.470050 1.529950 -1.000000 -1.000000 1.000000
1.000000 1.000000 0.480050 1.519950 0.000000 -1.000000 1.000000
1.000000 1.509950 0.490050 1.509950 1.000000 -1.000000 1.000000
1.000000 0.500050 1.000000 1.499950 -1.000000 0.000000 1.000000
1.000000 1.000000 1.000000 1.489950 0.000000 0.000000 1.000000
1.000000 1.479950 1.000000 1.479950 1.000000 0.000000 1.000000
1.000000 0.530050 1.469950 1.469950 -1.000000 1.000000 1.000000
1.000000 1.000000 1.459950 1.459950 0.000000 1.000000 1.000000
1.000000 1.449950 1.449950 1.449950 1.000000 1.000000 1.000000
