26
1.000000 0.430050 0.430050 0.430050 -1.000000 -1.000000 -1.000000
1.000000 1.000000 0.440050 0.440050 0.000000 -1.000000 -1.000000
1.000000 1.549950 0.450050 0.450050 1.000000 -1.000000 -1.000000
1.000000 0.460050 1.000000 0.460050 -1.000000 0.000000 -1.000000
1.000000 1.000000 1.000000 0.470050 0.000000 0.000000 -1.000000
1.000000 1.519950 1.000000 0.480050 1.000000 0.000000 -1.000000
1.000000 0.490050 1.509950 0.490050 -1.000000 1.000000 -1.000000
1.000000 1.000000 1.499950 0.500050 0.000000 1.000000 -1.000000
1.000000 1.489950 1.489950 0.510050 1.000000 1.000000 -1.000000
1.000000 0.520050 0.520050 1.000000 -1.000000 -1.000000 0.000000
1.000000 1.000000 0.530050 1.000000 0.000000 -1.000000 0.000000
1.000000 1.459950 0.540050 1.000000 1.000000 -1.000000 0.000000
1.000000 0.550050 1.000000 1.000000 -1.000000 0.000000 0.000000
1.000000 1.439950 1.000000 1.000000 1.000000 0.000000 0.000000
1.000000 0.570050 1.429950 1.000000 -1.000000 1.000000 0.000000
1.000000 1.000000 1.419950 1.000000 0.000000 1.000000 0.000000
1.000000 1.409950 1.409950 1.000000 1.000000 1.000000 0.000000
1.000000 0.600050 0.600050 1.399950 -1.000000 -1.000000 1.000000
1.000000 1.000000 0.610050 1.389950 0.000000 -1.000000 1.000000
1.000000 1.379950 0.620050 1.379950 1.000000 -1.000000 1.000000
1.000000 0.630050 1.000000 1.369950 -1.000000 0.000000 1.000000
1.000000 1.000000 1.000000 1.359950 0.000000 0.000000 1.000000
1.000000 1.349950 1.000000 1.349950 1.000000 0.000000 1.000000
1.000000 0.660050 1.339950 1.339950 -1.000000 1.000000 1.000000
1.000000 1.000000 1.329950 1.329950 0.000000 1.000000 1.000000
1.000000 1.319950 1.319950 1.319950 1.000000 1.000000 1.000000
