26
1.000000 1.730050 1.730050 1.730050 -1.000000 -1.000000 -1.000000
1.000000 1.000000 1.740050 1.740050 0.000000 -1.000000 -1.000000
1.000000 0.249950 1.750050 1.750050 1.000000 -1.000000 -1.000000
1.000000 1.760050 1.000000 1.760050 -1.000000 0.000000 -1.000000
1.000000 1.000000 1.000000 1.770050 0.000000 0.000000 -1.000000
1.000000 0.219950 1.000000 1.780050 1.000000 0.000000 -1.000000
1.000000 1.790050 0.209950 1.790050 -1.000000 1.000000 -1.000000
1.000000 1.000000 0.199950 1.800050 0.000000 1.000000 -1.000000
1.000000 0.189950 0.189950 1.810050 1.000000 1.000000 -1.000000
1.000000 1.820050 1.820050 1.000000 -1.000000 -1.000000 0.000000
1.000000 1.000000 1.830050 1.000000 0.000000 -1.000000 0.000000
1.000000 0.159950 1.840050 1.000000 1.000000 -1.000000 0.000000
1.000000 1.850050 1.000000 1.000000 -1.000000 0.000000 0.000000
1.000000 0.139950 1.000000 1.000000 1.000000 0.000000 0.000000
1.000000 1.870050 0.129950 1.000000 -1.000000 1.000000 0.000000
1.000000 1.000000 0.119950 1.000000 0.000000 1.000000 0.000000
1.000000 0.109950 0.109950 1.000000 1.000000 1.000000 0.000000
1.000000 1.900050 1.900050 0.099950 -1.000000 -1.000000 1.000000
1.000000 1.000000 1.910050 0.089950 0.000000 -1.000000 1.000000
1.000000 0.079950 1.920050 0.079950 1.000000 -1.000000 1.000000
1.000000 1.930050 1.000000 0.069950 -1.000000 0.000000 1.000000
1.000000 1.000000 1.000000 0.059950 0.000000 0.000000 1.000000
1.000000 0.049950 1.000000 0.049950 1.000000 0.000000 1.000000
1.000000 1.960050 0.039950 0.039950 -1.000000 1.000000 1.000000
1.000000 1.000000 0.029950 0.029950 0.000000 1.000000 1.000000
1.000000 0.019950 0.019950 0.019950 1.000000 1.000000 1.000000
