26
1.000000 1.150050 1.150050 1.150050 -1.000000 -1.000000 -1.000000
1.000000 1.000000 1.160050 1.160050 0.000000 -1.000000 -1.000000
1.000000 0.829950 1.170050 1.170050 1.000000 -1.000000 -1.000000
1.000000 1.180050 1.000000 1.180050 -1.000000 0.000000 -1.000000
1.000000 1.000000 1.000000 1.190050 0.000000 0.000000 -1.000000
1.000000 0.799950 1.000000 1.200050 1.000000 0.000000 -1.000000
1.000000 1.210050 0.789950 1.210050 -1.000000 1.000000 -1.000000
1.000000 1.000000 0.779950 1.220050 0.000000 1.000000 -1.000000
1.000000 0.769950 0.769950 1.230050 1.000000 1.000000 -1.000000
1.000000 1.240050 1.240050 1.000000 -1.000000 -1.000000 0.000000
1.000000 1.000000 1.250050 1.000000 0.000000 -1.000000 0.000000
1.000000 0.739950 1.260050 1.000000 1.000000 -1.000000 0.000000
1.000000 1.270050 1.000000 1.000000 -1.000000 0.000000 0.000000
1.000000 0.719950 1.000000 1.000000 1.000000 0.000000 0.000000
1.000000 1.290050 0.709950 1.000000 -1.000000 1.000000 0.000000
1.000000 1.000000 0.699950 1.000000 0.000000 1.000000 0.000000
1.000000 0.689950 0.689950 1.000000 1.000000 1.000000 0.000000
1.000000 1.320050 1.320050 0.679950 -1.000000 -1.000000 1.000000
1.000000 1.000000 1.330050 0.669950 0.000000 -1.000000 1.000000
1.000000 0.659950 1.340050 0.659950 1.000000 -1.000000 1.000000
1.000000 1.350050 1.000000 0.649950 -1.000000 0.000000 1.000000
1.000000 1.000000 1.000000 0.639950 0.000000 0.000000 1.000000
1.000000 0.629950 1.000000 0.629950 1.000000 0.000000 1.000000
1.000000 1.380050 0.619950 0.619950 -1.000000 1.000000 1.000000
1.000000 1.000000 0.609950 0.609950 0.000000 1.000000 1.000000
1.000000 0.599950 0.599950 0.599950 1.000000 1.000000 1.000000
