26
1.000000 0.340050 0.340050 0.340050 -1.000000 -1.000000 -1.000000
1.000000 1.000000 0.350050 0.350050 0.000000 -1.000000 -1.000000
1.000000 1.639950 0.360050 0.360050 1.000000 -1.000000 -1.000000
1.000000 0.370050 1.000000 0.370050 -1.000000 0.000000 -1.000000
1.000000 1.000000 1.000000 0.380050 0.000000 0.000000 -1.000000
1.000000 1.609950 1.000000 0.390050 1.000000 0.000000 -1.000000
1.000000 0.400050 1.599950 0.400050 -1.000000 1.000000 -1.000000
1.000000 1.000000 1.589950 0.410050 0.000000 1.000000 -1.000000
1.000000 1.579950 1.579950 0.420050 1.000000 1.000000 -1.000000
1.000000 0.430050 0.430050 1.000000 -1.000000 -1.000000 0.000000
1.000000 1.000000 0.440050 1.000000 0.000000 -1.000000 0.000000
1.000000 1.549950 0.450050 1.000000 1.000000 -1.000000 0.000000
1.000000 0.460050 1.000000 1.000000 -1.000000 0.000000 0.000000
1.000000 1.529950 1.000000 1.000000 1.000000 0.000000 0.000000
1.000000 0.480050 1.519950 1.000000 -1.000000 1.000000 0.000000
1.000000 1.000000 1.509950 1.000000 0.000000 1.000000 0.000000
1.000000 1.499950 1.499950 1.000000 1.000000 1.000000 0.000000
1.000000 0.510050 0.510050 1.489950 -1.000000 -1.000000 1.000000
1.000000 1.000000 0.520050 1.479950 0.000000 -1.000000 1.000000
1.000000 1.469950 0.530050 1.469950 1.000000 -1.000000 1.000000
1.000000 0.540050 1.000000 1.459950 -1.000000 0.000000 1.000000
1.000000 1.000000 1.000000 1.449950 0.000000 0.000000 1.000000
1.000000 1.439950 1.000000 1.439950 1.000000 0.000000 1.000000
1.000000 0.570050 1.429950 1.429950 -1.000000 1.000000 1.000000
1.000000 1.000000 1.419950 1.419950 0.000000 1.000000 1.000000
1.000000 1.409950 1.409950 1.409950 1.000000 1.000000 1.000000
