26
1.000000 1.720050 1.720050 1.720050 -1.000000 -1.000000 -1.000000
1.000000 1.000000 1.730050 1.730050 0.000000 -1.000000 -1.000000
1.000000 0.259950 1.740050 1.740050 1.000000 -1.000000 -1.000000
1.000000 1.750050 1.000000 1.750050 -1.000000 0.000000 -1.000000
1.000000 1.000000 1.000000 1.760050 0.000000 0.000000 -1.000000
1.000000 0.229950 1.000000 1.770050 1.000000 0.000000 -1.000000
1.000000 1.780050 0.219950 1.780050 -1.000000 1.000000 -1.000000
1.000000 1.000000 0.209950 1.790050 0.000000 1.000000 -1.000000
1.000000 0.199950 0.199950 1.800050 1.000000 1.000000 -1.000000
1.000000 1.810050 1.810050 1.000000 -1.000000 -1.000000 0.000000
1.000000 1.000000 1.820050 1.000000 0.000000 -1.000000 0.000000
1.000000 0.169950 1.830050 1.000000 1.000000 -1.000000 0.000000
1.000000 1.840050 1.000000 1.000000 -1.000000 0.000000 0.000000
1.000000 0.149950 1.000000 1.000000 1.000000 0.000000 0.000000
1.000000 1.860050 0.139950 1.000000 -1.000000 1.000000 0.000000
1.000000 1.000000 0.129950 1.000000 0.000000 1.000000 0.000000
1.000000 0.119950 0.119950 1.000000 1.000000 1.000000 0.000000
1.000000 1.890050 1.890050 0.109950 -1.000000 -1.000000 1.000000
1.000000 1.000000 1.900050 0.099950 0.000000 -1.000000 1.000000
1.000000 0.089950 1.910050 0.089950 1.000000 -1.000000 1.000000
1.000000 1.920050 1.000000 0.079950 -1.000000 0.000000 1.000000
1.000000 1.000000 1.000000 0.069950 0.000000 0.000000 1.000000
1.000000 0.059950 1.000000 0.059950 1.000000 0.000000 1.000000
1.000000 1.950050 0.049950 0.049950 -1.000000 1.000000 1.000000
1.000000 1.000000 0.039950 0.039950 0.000000 1.000000 1.000000
1.000000 0.029950 0.029950 0.029950 1.000000 1.000000 1.000000
