26
1.000000 0.250050 0.250050 0.250050 -1.000000 -1.000000 -1.000000
1.000000 1.000000 0.260050 0.260050 0.000000 -1.000000 -1.000000
1.000000 1.729950 0.270050 0.270050 1.000000 -1.000000 -1.000000
1.000000 0.280050 1.000000 0.280050 -1.000000 0.000000 -1.000000
1.000000 1.000000 1.000000 0.290050 0.000000 0.000000 -1.000000
1.000000 1.699950 1.000000 0.300050 1.000000 0.000000 -1.000000
1.000000 0.310050 1.689950 0.310050 -1.000000 1.000000 -1.000000
1.000000 1.000000 1.679950 0.320050 0.000000 1.000000 -1.000000
1.000000 1.669950 1.669950 0.330050 1.000000 1.000000 -1.000000
1.000000 0.340050 0.340050 1.000000 -1.000000 -1.000000 0.000000
1.000000 1.000000 0.350050 1.000000 0.000000 -1.000000 0.000000
1.000000 1.639950 0.360050 1.000000 1.000000 -1.000000 0.000000
1.000000 0.370050 1.000000 1.000000 -1.000000 0.000000 0.000000
1.000000 1.619950 1.000000 1.000000 1.000000 0.000000 0.000000
1.000000 0.390050 1.609950 1.000000 -1.000000 1.000000 0.000000
1.000000 1.000000 1.599950 1.000000 0.000000 1.000000 0.000000
1.000000 1.589950 1.589950 1.000000 1.000000 1.000000 0.000000
1.000000 0.420050 0.420050 1.579950 -1.000000 -1.000000 1.000000
1.000000 1.000000 0.430050 1.569950 0.000000 -1.000000 1.000000
1.000000 1.559950 0.440050 1.559950 1.000000 -1.000000 1.000000
1.000000 0.450050 1.000000 1.549950 -1.000000 0.000000 1.000000
1.000000 1.000000 1.000000 1.539950 0.000000 0.000000 1.000000
1.000000 1.529950 1.000000 1.529950 1.000000 0.000000 1.000000
1.000000 0.480050 1.519950 1.519950 -1.000000 1.000000 1.000000
1.000000 1.000000 1.509950 1.509950 0.000000 1.000000 1.000000
1.000000 1.499950 1.499950 1.499950 1.000000 1.000000 1.000000
