26
1.000000 0.950050 0.950050 0.950050 -1.000000 -1.000000 -1.000000
1.000000 1.000000 0.960050 0.960050 0.000000 -1.000000 -1.000000
1.000000 1.029950 0.970050 0.970050 1.000000 -1.000000 -1.000000
1.000000 0.980050 1.000000 0.980050 -1.000000 0.000000 -1.000000
1.000000 1.000000 1.000000 0.990050 0.000000 0.000000 -1.000000
1.000000 0.999950 1.000000 1.000050 1.000000 0.000000 -1.000000
1.000000 1.010050 0.989950 1.010050 -1.000000 1.000000 -1.000000
1.000000 1.000000 0.979950 1.020050 0.000000 1.000000 -1.000000
1.000000 0.969950 0.969950 1.030050 1.000000 1.000000 -1.000000
1.000000 1.040050 1.040050 1.000000 -1.000000 -1.000000 0.000000
1.000000 1.000000 1.050050 1.000000 0.000000 -1.000000 0.000000
1.000000 0.939950 1.060050 1.000000 1.000000 -1.000000 0.000000
1.000000 1.070050 1.000000 1.000000 -1.000000 0.000000 0.000000
1.000000 0.919950 1.000000 1.000000 1.000000 0.000000 0.000000
1.000000 1.090050 0.909950 1.000000 -1.000000 1.000000 0.000000
1.000000 1.000000 0.899950 1.000000 0.000000 1.000000 0.000000
1.000000 0.889950 0.889950 1.000000 1.000000 1.000000 0.000000
1.000000 1.120050 1.120050 0.879950 -1.000000 -1.000000 1.000000
1.000000 1.000000 1.130050 0.869950 0.000000 -1.000000 1.000000
1.000000 0.859950 1.140050 0.859950 1.000000 -1.000000 1.000000
1.000000 1.150050 1.000000 0.849950 -1.000000 0.000000 1.000000
1.000000 1.000000 1.000000 0.839950 0.000000 0.000000 1.000000
1.000000 0.829950 1.000000 0.829950 1.000000 0.000000 1.000000
1.000000 1.180050 0.819950 0.819950 -1.000000 1.000000 1.000000
1.000000 1.000000 0.809950 0.809950 0.000000 1.000000 1.000000
1.000000 0.799950 0.799950 0.799950 1.000000 1.000000 1.000000
