26
1.000000 1.880050 1.880050 1.880050 -1.000000 -1.000000 -1.000000
1.000000 1.000000 1.890050 1.890050 0.000000 -1.000000 -1.000000
1.000000 0.099950 1.900050 1.900050 1.000000 -1.000000 -1.000000
1.000000 1.910050 1.000000 1.910050 -1.000000 0.000000 -1.000000
1.000000 1.000000 1.000000 1.920050 0.000000 0.000000 -1.000000
1.000000 0.069950 1.000000 1.930050 1.000000 0.000000 -1.000000
1.000000 1.940050 0.059950 1.940050 -1.000000 1.000000 -1.000000
1.000000 1.000000 0.049950 1.950050 0.000000 1.000000 -1.000000
1.000000 0.039950 0.039950 1.960050 1.000000 1.000000 -1.000000
1.000000 1.970050 1.970050 1.000000 -1.000000 -1.000000 0.000000
1.000000 1.000000 1.980050 1.000000 0.000000 -1.000000 0.000000
1.000000 0.009950 1.990050 1.000000 1.000000 -1.000000 0.000000
1.000000 0.000050 1.000000 1.000000 -1.000000 0.000000 0.000000
1.000000 1.989950 1.000000 1.000000 1.000000 0.000000 0.000000
1.000000 0.020050 1.979950 1.000000 -1.000000 1.000000 0.000000
1.000000 1.000000 1.969950 1.000000 0.000000 1.000000 0.000000
1.000000 1.959950 1.959950 1.000000 1.000000 1.000000 0.000000
1.000000 0.050050 0.050050 1.949950 -1.000000 -1.000000 1.000000
1.000000 1.000000 0.060050 1.939950 0.000000 -1.000000 1.000000
1.000000 1.929950 0.070050 1.929950 1.000000 -1.000000 1.000000
1.000000 0.080050 1.000000 1.919950 -1.000000 0.000000 1.000000
1.000000 1.000000 1.000000 1.909950 0.000000 0.000000 1.000000
1.000000 1.899950 1.000000 1.899950 1.000000 0.000000 1.000000
1.000000 0.110050 1.889950 1.889950 -1.000000 1.000000 1.000000
1.000000 1.000000 1.879950 1.879950 0.000000 1.000000 1.000000
1.000000 1.869950 1.869950 1.869950 1.000000 1.000000 1.000000
