26
1.000000 0.390050 0.390050 0.390050 -1.000000 -1.000000 -1.000000
1.000000 1.000000 0.400050 0.400050 0.000000 -1.000000 -1.000000
1.000000 1.589950 0.410050 0.410050 1.000000 -1.000000 -1.000000
1.000000 0.420050 1.000000 0.420050 -1.000000 0.000000 -1.000000
1.000000 1.000000 1.000000 0.430050 0.000000 0.000000 -1.000000
1.000000 1.559950 1.000000 0.440050 1.000000 0.000000 -1.000000
1.000000 0.450050 1.549950 0.450050 -1.000000 1.000000 -1.000000
1.000000 1.000000 1.539950 0.460050 0.000000 1.000000 -1.000000
1.000000 1.529950 1.529950 0.470050 1.000000 1.000000 -1.000000
1.000000 0.480050 0.480050 1.000000 -1.000000 -1.000000 0.000000
1.000000 1.000000 0.490050 1.000000 0.000000 -1.000000 0.000000
1.000000 1.499950 0.500050 1.000000 1.000000 -1.000000 0.000000
1.000000 0.510050 1.000000 1.000000 -1.000000 0.000000 0.000000
1.000000 1.479950 1.000000 1.000000 1.000000 0.000000 0.000000
1.000000 0.530050 1.469950 1.000000 -1.000000 1.000000 0.000000
1.000000 1.000000 1.459950 1.000000 0.000000 1.000000 0.000000
1.000000 1.449950 1.449950 1.000000 1.000000 1.000000 0.000000
1.000000 0.560050 0.560050 1.439950 -1.000000 -1.000000 1.000000
1.000000 1.000000 0.570050 1.429950 0.000000 -1.000000 1.000000
1.000000 1.419950 0.580050 1.419950 1.000000 -1.000000 1.000000
1.000000 0.590050 1.000000 1.409950 -1.000000 0.000000 1.000000
1.000000 1.000000 1.000000 1.399950 0.000000 0.000000 1.000000
1.000000 1.389950 1.000000 1.389950 1.000000 0.000000 1.000000
1.000000 0.620050 1.379950 1.379950 -1.000000 1.000000 1.000000
1.000000 1.000000 1.369950 1.369950 0.000000 1.000000 1.000000
1.000000 1.359950 1.359950 1.359950 1.000000 1.000000 1.000000
