26
1.000000 0.370050 0.370050 0.370050 -1.000000 -1.000000 -1.000000
1.000000 1.000000 0.380050 0.380050 0.000000 -1.000000 -1.000000
1.000000 1.609950 0.390050 0.390050 1.000000 -1.000000 -1.000000
1.000000 0.400050 1.000000 0.400050 -1.000000 0.000000 -1.000000
1.000000 1.000000 1.000000 0.410050 0.000000 0.000000 -1.000000
1.000000 1.579950 1.000000 0.420050 1.000000 0.000000 -1.000000
1.000000 0.430050 1.569950 0.430050 -1.000000 1.000000 -1.000000
1.000000 1.000000 1.559950 0.440050 0.000000 1.000000 -1.000000
1.000000 1.549950 1.549950 0.450050 1.000000 1.000000 -1.000000
1.000000 0.460050 0.460050 1.000000 -1.000000 -1.000000 0.000000
1.000000 1.000000 0.470050 1.000000 0.000000 -1.000000 0.000000
1.000000 1.519950 0.480050 1.000000 1.000000 -1.000000 0.000000
1.000000 0.490050 1.000000 1.000000 -1.000000 0.000000 0.000000
1.000000 1.499950 1.000000 1.000000 1.000000 0.000000 0.000000
1.000000 0.510050 1.489950 1.000000 -1.000000 1.000000 0.000000
1.000000 1.000000 1.479950 1.000000 0.000000 1.000000 0.000000
1.000000 1.469950 1.469950 1.000000 1.000000 1.000000 0.000000
1.000000 0.540050 0.540050 1.459950 -1.000000 -1.000000 1.000000
1.000000 1.000000 0.550050 1.449950 0.000000 -1.000000 1.000000
1.000000 1.439950 0.560050 1.439950 1.000000 -1.000000 1.000000
1.000000 0.570050 1.000000 1.429950 -1.000000 0.000000 1.000000
1.000000 1.000000 1.000000 1.419950 0.000000 0.000000 1.000000
1.000000 1.409950 1.000000 1.409950 1.000000 0.000000 1.000000
1.000000 0.600050 1.399950 1.399950 -1.000000 1.000000 1.000000
1.000000 1.000000 1.389950 1.389950 0.000000 1.000000 1.000000
1.000000 1.379950 1.379950 1.379950 1.000000 1.000000 1.000000
