26
1.000000 1.820050 1.820050 1.820050 -1.000000 -1.000000 -1.000000
1.000000 1.000000 1.830050 1.830050 0.000000 -1.000000 -1.000000
1.000000 0.159950 1.840050 1.840050 1.000000 -1.000000 -1.000000
1.000000 1.850050 1.000000 1.850050 -1.000000 0.000000 -1.000000
1.000000 1.000000 1.000000 1.860050 0.000000 0.000000 -1.000000
1.000000 0.129950 1.000000 1.870050 1.000000 0.000000 -1.000000
1.000000 1.880050 0.119950 1.880050 -1.000000 1.000000 -1.000000
1.000000 1.000000 0.109950 1.890050 0.000000 1.000000 -1.000000
1.000000 0.099950 0.099950 1.900050 1.000000 1.000000 -1.000000
1.000000 1.910050 1.910050 1.000000 -1.000000 -1.000000 0.000000
1.000000 1.000000 1.920050 1.000000 0.000000 -1.000000 0.000000
1.000000 0.069950 1.930050 1.000000 1.000000 -1.000000 0.000000
1.000000 1.940050 1.000000 1.000000 -1.000000 0.000000 0.000000
1.000000 0.049950 1.000000 1.000000 1.000000 0.000000 0.000000
1.000000 1.960050 0.039950 1.000000 -1.000000 1.000000 0.000000
1.000000 1.000000 0.029950 1.000000 0.000000 1.000000 0.000000
1.000000 0.019950 0.019950 1.000000 1.000000 1.000000 0.000000
1.000000 1.990050 1.990050 0.009950 -1.000000 -1.000000 1.000000
1.000000 1.000000 0.000050 1.999950 0.000000 -1.000000 1.000000
1.000000 1.989950 0.010050 1.989950 1.000000 -1.000000 1.000000
1.000000 0.020050 1.000000 1.979950 -1.000000 0.000000 1.000000
1.000000 1.000000 1.000000 1.969950 0.000000 0.000000 1.000000
1.000000 1.959950 1.000000 1.959950 1.000000 0.000000 1.000000
1.000000 0.050050 1.949950 1.949950 -1.000000 1.000000 1.000000
1.000000 1.000000 1.939950 1.939950 0.000000 1.000000 1.000000
1.000000 1.929950 1.929950 1.929950 1.000000 1.000000 1.000000
