26
1.000000 0.610050 0.610050 0.610050 -1.000000 -1.000000 -1.000000
1.000000 1.000000 0.620050 0.620050 0.000000 -1.000000 -1.000000
1.000000 1.369950 0.630050 0.630050 1.000000 -1.000000 -1.000000
1.000000 0.640050 1.000000 0.640050 -1.000000 0.000000 -1.000000
1.000000 1.000000 1.000000 0.650050 0.000000 0.000000 -1.000000
1.000000 1.339950 1.000000 0.660050 1.000000 0.000000 -1.000000
1.000000 0.670050 1.329950 0.670050 -1.000000 1.000000 -1.000000
1.000000 1.000000 1.319950 0.680050 0.000000 1.000000 -1.000000
1.000000 1.309950 1.309950 0.690050 1.000000 1.000000 -1.000000
1.000000 0.700050 0.700050 1.000000 -1.000000 -1.000000 0.000000
1.000000 1.000000 0.710050 1.000000 0.000000 -1.000000 0.000000
1.000000 1.279950 0.720050 1.000000 1.000000 -1.000000 0.000000
1.000000 0.730050 1.000000 1.000000 -1.000000 0.000000 0.000000
1.000000 1.259950 1.000000 1.000000 1.000000 0.000000 0.000000
1.000000 0.750050 1.249950 1.000000 -1.000000 1.000000 0.000000
1.000000 1.000000 1.239950 1.000000 0.000000 1.000000 0.000000
1.000000 1.229950 1.229950 1.000000 1.000000 1.000000 0.000000
1.000000 0.780050 0.780050 1.219950 -1.000000 -1.000000 1.000000
1.000000 1.000000 0.790050 1.209950 0.000000 -1.000000 1.000000
1.000000 1.199950 0.800050 1.199950 1.000000 -1.000000 1.000000
1.000000 0.810050 1.000000 1.189950 -1.000000 0.000000 1.000000
1.000000 1.000000 1.000000 1.179950 0.000000 0.000000 1.000000
1.000000 1.169950 1.000000 1.169950 1.000000 0.000000 1.000000
1.000000 0.840050 1.159950 1.159950 -1.000000 1.000000 1.000000
1.000000 1.000000 1.149950 1.149950 0.000000 1.000000 1.000000
1.000000 1.139950 1.139950 1.139950 1.000000 1.000000 1.000000
