26
1.000000 0.630050 0.630050 0.630050 -1.000000 -1.000000 -1.000000
1.000000 1.000000 0.640050 0.640050 0.000000 -1.000000 -1.000000
1.000000 1.349950 0.650050 0.650050 1.000000 -1.000000 -1.000000
1.000000 0.660050 1.000000 0.660050 -1.000000 0.000000 -1.000000
1.000000 1.000000 1.000000 0.670050 0.000000 0.000000 -1.000000
1.000000 1.319950 1.000000 0.680050 1.000000 0.000000 -1.000000
1.000000 0.690050 1.309950 0.690050 -1.000000 1.000000 -1.000000
1.000000 1.000000 1.299950 0.700050 0.000000 1.000000 -1.000000
1.000000 1.289950 1.289950 0.710050 1.000000 1.000000 -1.000000
1.000000 0.720050 0.720050 1.000000 -1.000000 -1.000000 0.000000
1.000000 1.000000 0.730050 1.000000 0.000000 -1.000000 0.000000
1.000000 1.259950 0.740050 1.000000 1.000000 -1.000000 0.000000
1.000000 0.750050 1.000000 1.000000 -1.000000 0.000000 0.000000
1.000000 1.239950 1.000000 1.000000 1.000000 0.000000 0.000000
1.000000 0.770050 1.229950 1.000000 -1.000000 1.000000 0.000000
1.000000 1.000000 1.219950 1.000000 0.000000 1.000000 0.000000
1.000000 1.209950 1.209950 1.000000 1.000000 1.000000 0.000000
1.000000 0.800050 0.800050 1.199950 -1.000000 -1.000000 1.000000
1.000000 1.000000 0.810050 1.189950 0.000000 -1.000000 1.000000
1.000000 1.179950 0.820050 1.179950 1.000000 -1.000000 1.000000
1.000000 0.830050 1.000000 1.169950 -1.000000 0.000000 1.000000
1.000000 1.000000 1.000000 1.159950 0.000000 0.000000 1.000000
1.000000 1.149950 1.000000 1.149950 1.000000 0.000000 1.000000
1.000000 0.860050 1.139950 1.139950 -1.000000 1.000000 1.000000
1.000000 1.000000 1.129950 1.129950 0.000000 1.000000 1.000000
1.000000 1.119950 1.119950 1.119950 1.000000 1.000000 1.000000
