26
1.000000 1.060050 1.060050 1.060050 -1.000000 -1.000000 -1.000000
1.000000 1.000000 1.070050 1.070050 0.000000 -1.000000 -1.000000
1.000000 0.919950 1.080050 1.080050 1.000000 -1.000000 -1.000000
1.000000 1.090050 1.000000 1.090050 -1.000000 0.000000 -1.000000
1.000000 1.000000 1.000000 1.100050 0.000000 0.000000 -1.000000
1.000000 0.889950 1.000000 1.110050 1.000000 0.000000 -1.000000
1.000000 1.120050 0.879950 1.120050 -1.000000 1.000000 -1.000000
1.000000 1.000000 0.869950 1.130050 0.000000 1.000000 -1.000000
1.000000 0.859950 0.859950 1.140050 1.000000 1.000000 -1.000000
1.000000 1.150050 1.150050 1.000000 -1.000000 -1.000000 0.000000
1.000000 1.000000 1.160050 1.000000 0.000000 -1.000000 0.000000
1.000000 0.829950 1.170050 1.000000 1.000000 -1.000000 0.000000
1.000000 1.180050 1.000000 1.000000 -1.000000 0.000000 0.000000
1.000000 0.809950 1.000000 1.000000 1.000000 0.000000 0.000000
1.000000 1.200050 0.799950 1.000000 -1.000000 1.000000 0.000000
1.000000 1.000000 0.789950 1.000000 0.000000 1.000000 0.000000
1.000000 0.779950 0.779950 1.000000 1.000000 1.000000 0.000000
1.000000 1.230050 1.230050 0.769950 -1.000000 -1.000000 1.000000
1.000000 1.000000 1.240050 0.759950 0.000000 -1.000000 1.000000
1.000000 0.749950 1.250050 0.749950 1.000000 -1.000000 1.000000
1.000000 1.260050 1.000000 0.739950 -1.000000 0.000000 1.000000
1.000000 1.000000 1.000000 0.729950 0.000000 0.000000 1.000000
1.000000 0.719950 1.000000 0.719950 1.000000 0.000000 1.000000
1.000000 1.290050 0.709950 0.709950 -1.000000 1.000000 1.000000
1.000000 1.000000 0.699950 0.699950 0.000000 1.000000 1.000000
1.000000 0.689950 0.689950 0.689950 1.000000 1.000000 1.000000
