26
1.000000 0.900050 0.900050 0.900050 -1.000000 -1.000000 -1.000000
1.000000 1.000000 0.910050 0.910050 0.000000 -1.000000 -1.000000
1.000000 1.079950 0.920050 0.920050 1.000000 -1.000000 -1.000000
1.000000 0.930050 1.000000 0.930050 -1.000000 0.000000 -1.000000
1.000000 1.000000 1.000000 0.940050 0.000000 0.000000 -1.000000
1.000000 1.049950 1.000000 0.950050 1.000000 0.000000 -1.000000
1.000000 0.960050 1.039950 0.960050 -1.000000 1.000000 -1.000000
1.000000 1.000000 1.029950 0.970050 0.000000 1.000000 -1.000000
1.000000 1.019950 1.019950 0.980050 1.000000 1.000000 -1.000000
1.000000 0.990050 0.990050 1.000000 -1.000000 -1.000000 0.000000
1.000000 1.000000 1.000050 1.000000 0.000000 -1.000000 0.000000
1.000000 0.989950 1.010050 1.000000 1.000000 -1.000000 0.000000
1.000000 1.020050 1.000000 1.000000 -1.000000 0.000000 0.000000
1.000000 0.969950 1.000000 1.000000 1.000000 0.000000 0.000000
1.000000 1.040050 0.959950 1.000000 -1.000000 1.000000 0.000000
1.000000 1.000000 0.949950 1.000000 0.000000 1.000000 0.000000
1.000000 0.939950 0.939950 1.000000 1.000000 1.000000 0.000000
1.000000 1.070050 1.070050 0.929950 -1.000000 -1.000000 1.000000
1.000000 1.000000 1.080050 0.919950 0.000000 -1.000000 1.000000
1.000000 0.909950 1.090050 0.909950 1.000000 -1.000000 1.000000
1.000000 1.100050 1.000000 0.899950 -1.000000 0.000000 1.000000
1.000000 1.000000 1.000000 0.889950 0.000000 0.000000 1.000000
1.000000 0.879950 1.000000 0.879950 1.000000 0.000000 1.000000
1.000000 1.130050 0.869950 0.869950 -1.000000 1.000000 1.000000
1.000000 1.000000 0.859950 0.859950 0.000000 1.000000 1.000000
1.000000 0.849950 0.849950 0.849950 1.000000 1.000000 1.000000
