26
1.000000 0.530050 0.530050 0.530050 -1.000000 -1.000000 -1.000000
1.000000 1.000000 0.540050 0.540050 0.000000 -1.000000 -1.000000
1.000000 1.449950 0.550050 0.550050 1.000000 -1.000000 -1.000000
1.000000 0.560050 1.000000 0.560050 -1.000000 0.000000 -1.000000
1.000000 1.000000 1.000000 0.570050 0.000000 0.000000 -1.000000
1.000000 1.419950 1.000000 0.580050 1.000000 0.000000 -1.000000
1.000000 0.590050 1.409950 0.590050 -1.000000 1.000000 -1.000000
1.000000 1.000000 1.399950 0.600050 0.000000 1.000000 -1.000000
1.000000 1.389950 1.389950 0.610050 1.000000 1.000000 -1.000000
1.000000 0.620050 0.620050 1.000000 -1.000000 -1.000000 0.000000
1.000000 1.000000 0.630050 1.000000 0.000000 -1.000000 0.000000
1.000000 1.359950 0.640050 1.000000 1.000000 -1.000000 0.000000
1.000000 0.650050 1.000000 1.000000 -1.000000 0.000000 0.000000
1.000000 1.339950 1.000000 1.000000 1.000000 0.000000 0.000000
1.000000 0.670050 1.329950 1.000000 -1.000000 1.000000 0.000000
1.000000 1.000000 1.319950 1.000000 0.000000 1.000000 0.000000
1.000000 1.309950 1.309950 1.000000 1.000000 1.000000 0.000000
1.000000 0.700050 0.700050 1.299950 -1.000000 -1.000000 1.000000
1.000000 1.000000 0.710050 1.289950 0.000000 -1.000000 1.000000
1.000000 1.279950 0.720050 1.279950 1.000000 -1.000000 1.000000
1.000000 0.730050 1.000000 1.269950 -1.000000 0.000000 1.000000
1.000000 1.000000 1.000000 1.259950 0.000000 0.000000 1.000000
1.000000 1.249950 1.000000 1.249950 1.000000 0.000000 1.000000
1.000000 0.760050 1.239950 1.239950 -1.000000 1.000000 1.000000
1.000000 1.000000 1.229950 1.229950 0.000000 1.000000 1.000000
1.000000 1.219950 1.219950 1.219950 1.000000 1.000000 1.000000
