26
1.000000 0.740050 0.740050 0.740050 -1.000000 -1.000000 -1.000000
1.000000 1.000000 0.750050 0.750050 0.000000 -1.000000 -1.000000
1.000000 1.239950 0.760050 0.760050 1.000000 -1.000000 -1.000000
1.000000 0.770050 1.000000 0.770050 -1.000000 0.000000 -1.000000
1.000000 1.000000 1.000000 0.780050 0.000000 0.000000 -1.000000
1.000000 1.209950 1.000000 0.790050 1.000000 0.000000 -1.000000
1.000000 0.800050 1.199950 0.800050 -1.000000 1.000000 -1.000000
1.000000 1.000000 1.189950 0.810050 0.000000 1.000000 -1.000000
1.000000 1.179950 1.179950 0.820050 1.000000 1.000000 -1.000000
1.000000 0.830050 0.830050 1.000000 -1.000000 -1.000000 0.000000
1.000000 1.000000 0.840050 1.000000 0.000000 -1.000000 0.000000
1.000000 1.149950 0.850050 1.000000 1.000000 -1.000000 0.000000
1.000000 0.860050 1.000000 1.000000 -1.000000 0.000000 0.000000
1.000000 1.129950 1.000000 1.000000 1.000000 0.000000 0.000000
1.000000 0.880050 1.119950 1.000000 -1.000000 1.000000 0.000000
1.000000 1.000000 1.109950 1.000000 0.000000 1.000000 0.000000
1.000000 1.099950 1.099950 1.000000 1.000000 1.000000 0.000000
1.000000 0.910050 0.910050 1.089950 -1.000000 -1.000000 1.000000
1.000000 1.000000 0.920050 1.079950 0.000000 -1.000000 1.000000
1.000000 1.069950 0.930050 1.069950 1.000000 -1.000000 1.000000
1.000000 0.940050 1.000000 1.059950 -1.000000 0.000000 1.000000
1.000000 1.000000 1.000000 1.049950 0.000000 0.000000 1.000000
1.000000 1.039950 1.000000 1.039950 1.000000 0.000000 1.000000
1.000000 0.970050 1.029950 1.029950 -1.000000 1.000000 1.000000
1.000000 1.000000 1.019950 1.019950 0.000000 1.000000 1.000000
1.000000 1.009950 1.009950 1.009950 1.000000 1.000000 1.000000
