26
1.000000 1.960050 1.960050 1.960050 -1.000000 -1.000000 -1.000000
1.000000 1.000000 1.970050 1.970050 0.000000 -1.000000 -1.000000
1.000000 0.019950 1.980050 1.980050 1.000000 -1.000000 -1.000000
1.000000 1.990050 1.000000 1.990050 -1.000000 0.000000 -1.000000
1.000000 1.000000 1.000000 0.000050 0.000000 0.000000 -1.000000
1.000000 1.989950 1.000000 0.010050 1.000000 0.000000 -1.000000
1.000000 0.020050 1.979950 0.020050 -1.000000 1.000000 -1.000000
1.000000 1.000000 1.969950 0.030050 0.000000 1.000000 -1.000000
1.000000 1.959950 1.959950 0.040050 1.000000 1.000000 -1.000000
1.000000 0.050050 0.050050 1.000000 -1.000000 -1.000000 0.000000
1.000000 1.000000 0.060050 1.000000 0.000000 -1.000000 0.000000
1.000000 1.929950 0.070050 1.000000 1.000000 -1.000000 0.000000
1.000000 0.080050 1.000000 1.000000 -1.000000 0.000000 0.000000
1.000000 1.909950 1.000000 1.000000 1.000000 0.000000 0.000000
1.000000 0.100050 1.899950 1.000000 -1.000000 1.000000 0.000000
1.000000 1.000000 1.889950 1.000000 0.000000 1.000000 0.000000
1.000000 1.879950 1.879950 1.000000 1.000000 1.000000 0.000000
1.000000 0.130050 0.130050 1.869950 -1.000000 -1.000000 1.000000
1.000000 1.000000 0.140050 1.859950 0.000000 -1.000000 1.000000
1.000000 1.849950 0.150050 1.849950 1.000000 -1.000000 1.000000
1.000000 0.160050 1.000000 1.839950 -1.000000 0.000000 1.000000
1.000000 1.000000 1.000000 1.829950 0.000000 0.000000 1.000000
1.000000 1.819950 1.000000 1.819950 1.000000 0.000000 1.000000
1.000000 0.190050 1.809950 1.809950 -1.000000 1.000000 1.000000
1.000000 1.000000 1.799950 1.799950 0.000000 1.000000 1.000000
1.000000 1.789950 1.789950 1.789950 1.000000 1.000000 1.000000
