26
1.000000 1.330050 1.330050 1.330050 -1.000000 -1.000000 -1.000000
1.000000 1.000000 1.340050 1.340050 0.000000 -1.000000 -1.000000
1.000000 0.649950 1.350050 1.350050 1.000000 -1.000000 -1.000000
1.000000 1.360050 1.000000 1.360050 -1.000000 0.000000 -1.000000
1.000000 1.000000 1.000000 1.370050 0.000000 0.000000 -1.000000
1.000000 0.619950 1.000000 1.380050 1.000000 0.000000 -1.000000
1.000000 1.390050 0.609950 1.390050 -1.000000 1.000000 -1.000000
1.000000 1.000000 0.599950 1.400050 0.000000 1.000000 -1.000000
1.000000 0.589950 0.589950 1.410050 1.000000 1.000000 -1.000000
1.000000 1.420050 1.420050 1.000000 -1.000000 -1.000000 0.000000
1.000000 1.000000 1.430050 1.000000 0.000000 -1.000000 0.000000
1.000000 0.559950 1.440050 1.000000 1.000000 -1.000000 0.000000
1.000000 1.450050 1.000000 1.000000 -1.000000 0.000000 0.000000
1.000000 0.539950 1.000000 1.000000 1.000000 0.000000 0.000000
1.000000 1.470050 0.529950 1.000000 -1.000000 1.000000 0.000000
1.000000 1.000000 0.519950 1.000000 0.000000 1.000000 0.000000
1.000000 0.509950 0.509950 1.000000 1.000000 1.000000 0.000000
1.000000 1.500050 1.500050 0.499950 -1.000000 -1.000000 1.000000
1.000000 1.000000 1.510050 0.489950 0.000000 -1.000000 1.000000
1.000000 0.479950 1.520050 0.479950 1.000000 -1.000000 1.000000
1.000000 1.530050 1.000000 0.469950 -1.000000 0.000000 1.000000
1.000000 1.000000 1.000000 0.459950 0.000000 0.000000 1.000000
1.000000 0.449950 1.000000 0.449950 1.000000 0.000000 1.000000
1.000000 1.560050 0.439950 0.439950 -1.000000 1.000000 1.000000
1.000000 1.000000 0.429950 0.429950 0.000000 1.000000 1.000000
1.000000 0.419950 0.419950 0.419950 1.000000 1.000000 1.000000
