26
1.000000 1.000050 1.000050 1.000050 -1.000000 -1.000000 -1.000000
1.000000 1.000000 1.010050 1.010050 0.000000 -1.000000 -1.000000
1.000000 0.979950 1.020050 1.020050 1.000000 -1.000000 -1.000000
1.000000 1.030050 1.000000 1.030050 -1.000000 0.000000 -1.000000
1.000000 1.000000 1.000000 1.040050 0.000000 0.000000 -1.000000
1.000000 0.949950 1.000000 1.050050 1.000000 0.000000 -1.000000
1.000000 1.060050 0.939950 1.060050 -1.000000 1.000000 -1.000000
1.000000 1.000000 0.929950 1.070050 0.000000 1.000000 -1.000000
1.000000 0.919950 0.919950 1.080050 1.000000 1.000000 -1.000000
1.000000 1.090050 1.090050 1.000000 -1.000000 -1.000000 0.000000
1.000000 1.000000 1.100050 1.000000 0.000000 -1.000000 0.000000
1.000000 0.889950 1.110050 1.000000 1.000000 -1.000000 0.000000
1.000000 1.120050 1.000000 1.000000 -1.000000 0.000000 0.000000
1.000000 0.869950 1.000000 1.000000 1.000000 0.000000 0.000000
1.000000 1.140050 0.859950 1.000000 -1.000000 1.000000 0.000000
1.000000 1.000000 0.849950 1.000000 0.000000 1.000000 0.000000
1.000000 0.839950 0.839950 1.000000 1.000000 1.000000 0.000000
1.000000 1.170050 1.170050 0.829950 -1.000000 -1.000000 1.000000
1.000000 1.000000 1.180050 0.819950 0.000000 -1.000000 1.000000
1.000000 0.809950 1.190050 0.809950 1.000000 -1.000000 1.000000
1.000000 1.200050 1.000000 0.799950 -1.000000 0.000000 1.000000
1.000000 1.000000 1.000000 0.789950 0.000000 0.000000 1.000000
1.000000 0.779950 1.000000 0.779950 1.000000 0.000000 1.000000
1.000000 1.230050 0.769950 0.769950 -1.000000 1.000000 1.000000
1.000000 1.000000 0.759950 0.759950 0.000000 1.000000 1.000000
1.000000 0.749950 0.749950 0.749950 1.000000 1.000000 1.000000
