26
1.000000 1.640050 1.640050 1.640050 -1.000000 -1.000000 -1.000000
1.000000 1.000000 1.650050 1.650050 0.000000 -1.000000 -1.000000
1.000000 0.339950 1.660050 1.660050 1.000000 -1.000000 -1.000000
1.000000 1.670050 1.000000 1.670050 -1.000000 0.000000 -1.000000
1.000000 1.000000 1.000000 1.680050 0.000000 0.000000 -1.000000
1.000000 0.309950 1.000000 1.690050 1.000000 0.000000 -1.000000
1.000000 1.700050 0.299950 1.700050 -1.000000 1.000000 -1.000000
1.000000 1.000000 0.289950 1.710050 0.000000 1.000000 -1.000000
1.000000 0.279950 0.279950 1.720050 1.000000 1.000000 -1.000000
1.000000 1.730050 1.730050 1.000000 -1.000000 -1.000000 0.000000
1.000000 1.000000 1.740050 1.000000 0.000000 -1.000000 0.000000
1.000000 0.249950 1.750050 1.000000 1.000000 -1.000000 0.000000
1.000000 1.760050 1.000000 1.000000 -1.000000 0.000000 0.000000
1.000000 0.229950 1.000000 1.000000 1.000000 0.000000 0.000000
1.000000 1.780050 0.219950 1.000000 -1.000000 1.000000 0.000000
1.000000 1.000000 0.209950 1.000000 0.000000 1.000000 0.000000
1.000000 0.199950 0.199950 1.000000 1.000000 1.000000 0.000000
1.000000 1.810050 1.810050 0.189950 -1.000000 -1.000000 1.000000
1.000000 1.000000 1.820050 0.179950 0.000000 -1.000000 1.000000
1.000000 0.169950 1.830050 0.169950 1.000000 -1.000000 1.000000
1.000000 1.840050 1.000000 0.159950 -1.000000 0.000000 1.000000
1.000000 1.000000 1.000000 0.149950 0.000000 0.000000 1.000000
1.000000 0.139950 1.000000 0.139950 1.000000 0.000000 1.000000
1.000000 1.870050 0.129950 0.129950 -1.000000 1.000000 1.000000
1.000000 1.000000 0.119950 0.119950 0.000000 1.000000 1.000000
1.000000 0.109950 0.109950 0.109950 1.000000 1.000000 1.000000
