26
1.000000 1.850050 1.850050 1.850050 -1.000000 -1.000000 -1.000000
1.000000 1.000000 1.860050 1.860050 0.000000 -1.000000 -1.000000
1.000000 0.129950 1.870050 1.870050 1.000000 -1.000000 -1.000000
1.000000 1.880050 1.000000 1.880050 -1.000000 0.000000 -1.000000
1.000000 1.000000 1.000000 1.890050 0.000000 0.000000 -1.000000
1.000000 0.099950 1.000000 1.900050 1.000000 0.000000 -1.000000
1.000000 1.910050 0.089950 1.910050 -1.000000 1.000000 -1.000000
1.000000 1.000000 0.079950 1.920050 0.000000 1.000000 -1.000000
1.000000 0.069950 0.069950 1.930050 1.000000 1.000000 -1.000000
1.000000 1.940050 1.940050 1.000000 -1.000000 -1.000000 0.000000
1.000000 1.000000 1.950050 1.000000 0.000000 -1.000000 0.000000
1.000000 0.039950 1.960050 1.000000 1.000000 -1.000000 0.000000
1.000000 1.970050 1.000000 1.000000 -1.000000 0.000000 0.000000
1.000000 0.019950 1.000000 1.000000 1.000000 0.000000 0.000000
1.000000 1.990050 0.009950 1.000000 -1.000000 1.000000 0.000000
1.000000 1.000000 1.999950 1.000000 0.000000 1.000000 0.000000
1.000000 1.989950 1.989950 1.000000 1.000000 1.000000 0.000000
1.000000 0.020050 0.020050 1.979950 -1.000000 -1.000000 1.000000
1.000000 1.000000 0.030050 1.969950 0.000000 -1.000000 1.000000
1.000000 1.959950 0.040050 1.959950 1.000000 -1.000000 1.000000
1.000000 0.050050 1.000000 1.949950 -1.000000 0.000000 1.000000
1.000000 1.000000 1.000000 1.939950 0.000000 0.000000 1.000000
1.000000 1.929950 1.000000 1.929950 1.000000 0.000000 1.000000
1.000000 0.080050 1.919950 1.919950 -1.000000 1.000000 1.000000
1.000000 1.000000 1.909950 1.909950 0.000000 1.000000 1.000000
1.000000 1.899950 1.899950 1.899950 1.000000 1.000000 1.000000
