26
1.000000 0.380050 0.380050 0.380050 -1.000000 -1.000000 -1.000000
1.000000 1.000000 0.390050 0.390050 0.000000 -1.000000 -1.000000
1.000000 1.599950 0.400050 0.400050 1.000000 -1.000000 -1.000000
1.000000 0.410050 1.000000 0.410050 -1.000000 0.000000 -1.000000
1.000000 1.000000 1.000000 0.420050 0.000000 0.000000 -1.000000
1.000000 1.569950 1.000000 0.430050 1.000000 0.000000 -1.000000
1.000000 0.440050 1.559950 0.440050 -1.000000 1.000000 -1.000000
1.000000 1.000000 1.549950 0.450050 0.000000 1.000000 -1.000000
1.000000 1.539950 1.539950 0.460050 1.000000 1.000000 -1.000000
1.000000 0.470050 0.470050 1.000000 -1.000000 -1.000000 0.000000
1.000000 1.000000 0.480050 1.000000 0.000000 -1.000000 0.000000
1.000000 1.509950 0.490050 1.000000 1.000000 -1.000000 0.000000
1.000000 0.500050 1.000000 1.000000 -1.000000 0.000000 0.000000
1.000000 1.489950 1.000000 1.000000 1.000000 0.000000 0.000000
1.000000 0.520050 1.479950 1.000000 -1.000000 1.000000 0.000000
1.000000 1.000000 1.469950 1.000000 0.000000 1.000000 0.000000
1.000000 1.459950 1.459950 1.000000 1.000000 1.000000 0.000000
1.000000 0.550050 0.550050 1.449950 -1.000000 -1.000000 1.000000
1.000000 1.000000 0.560050 1.439950 0.000000 -1.000000 1.000000
1.000000 1.429950 0.570050 1.429950 1.000000 -1.000000 1.000000
1.000000 0.580050 1.000000 1.419950 -1.000000 0.000000 1.000000
1.000000 1.000000 1.000000 1.409950 0.000000 0.000000 1.000000
1.000000 1.399950 1.000000 1.399950 1.000000 0.000000 1.000000
1.000000 0.610050 1.389950 1.389950 -1.000000 1.000000 1.000000
1.000000 1.000000 1.379950 1.379950 0.000000 1.000000 1.000000
1.000000 1.369950 1.369950 1.369950 1.000000 1.000000 1.000000
