26
1.000000 0.460050 0.460050 0.460050 -1.000000 -1.000000 -1.000000
1.000000 1.000000 0.470050 0.470050 0.000000 -1.000000 -1.000000
1.000000 1.519950 0.480050 0.480050 1.000000 -1.000000 -1.000000
1.000000 0.490050 1.000000 0.490050 -1.000000 0.000000 -1.000000
1.000000 1.000000 1.000000 0.500050 0.000000 0.000000 -1.000000
1.000000 1.489950 1.000000 0.510050 1.000000 0.000000 -1.000000
1.000000 0.520050 1.479950 0.520050 -1.000000 1.000000 -1.000000
1.000000 1.000000 1.469950 0.530050 0.000000 1.000000 -1.000000
1.000000 1.459950 1.459950 0.540050 1.000000 1.000000 -1.000000
1.000000 0.550050 0.550050 1.000000 -1.000000 -1.000000 0.000000
1.000000 1.000000 0.560050 1.000000 0.000000 -1.000000 0.000000
1.000000 1.429950 0.570050 1.000000 1.000000 -1.000000 0.000000
1.000000 0.580050 1.000000 1.000000 -1.000000 0.000000 0.000000
1.000000 1.409950 1.000000 1.000000 1.000000 0.000000 0.000000
1.000000 0.600050 1.399950 1.000000 -1.000000 1.000000 0.000000
1.000000 1.000000 1.389950 1.000000 0.000000 1.000000 0.000000
1.000000 1.379950 1.379950 1.000000 1.000000 1.000000 0.000000
1.000000 0.630050 0.630050 1.369950 -1.000000 -1.000000 1.000000
1.000000 1.000000 0.640050 1.359950 0.000000 -1.000000 1.000000
1.000000 1.349950 0.650050 1.349950 1.000000 -1.000000 1.000000
1.000000 0.660050 1.000000 1.339950 -1.000000 0.000000 1.000000
1.000000 1.000000 1.000000 1.329950 0.000000 0.000000 1.000000
1.000000 1.319950 1.000000 1.319950 1.000000 0.000000 1.000000
1.000000 0.690050 1.309950 1.309950 -1.000000 1.000000 1.000000
1.000000 1.000000 1.299950 1.299950 0.000000 1.000000 1.000000
1.000000 1.289950 1.289950 1.289950 1.000000 1.000000 1.000000
