26
1.000000 0.450050 0.450050 0.450050 -1.000000 -1.000000 -1.000000
1.000000 1.000000 0.460050 0.460050 0.000000 -1.000000 -1.000000
1.000000 1.529950 0.470050 0.470050 1.000000 -1.000000 -1.000000
1.000000 0.480050 1.000000 0.480050 -1.000000 0.000000 -1.000000
1.000000 1.000000 1.000000 0.490050 0.000000 0.000000 -1.000000
1.000000 1.499950 1.000000 0.500050 1.000000 0.000000 -1.000000
1.000000 0.510050 1.489950 0.510050 -1.000000 1.000000 -1.000000
1.000000 1.000000 1.479950 0.520050 0.000000 1.000000 -1.000000
1.000000 1.469950 1.469950 0.530050 1.000000 1.000000 -1.000000
1.000000 0.540050 0.540050 1.000000 -1.000000 -1.000000 0.000000
1.000000 1.000000 0.550050 1.000000 0.000000 -1.000000 0.000000
1.000000 1.439950 0.560050 1.000000 1.000000 -1.000000 0.000000
1.000000 0.570050 1.000000 1.000000 -1.000000 0.000000 0.000000
1.000000 1.419950 1.000000 1.000000 1.000000 0.000000 0.000000
1.000000 0.590050 1.409950 1.000000 -1.000000 1.000000 0.000000
1.000000 1.000000 1.399950 1.000000 0.000000 1.000000 0.000000
1.000000 1.389950 1.389950 1.000000 1.000000 1.000000 0.000000
1.000000 0.620050 0.620050 1.379950 -1.000000 -1.000000 1.000000
1.000000 1.000000 0.630050 1.369950 0.000000 -1.000000 1.000000
1.000000 1.359950 0.640050 1.359950 1.000000 -1.000000 1.000000
1.000000 0.650050 1.000000 1.349950 -1.000000 0.000000 1.000000
1.000000 1.000000 1.000000 1.339950 0.000000 0.000000 1.000000
1.000000 1.329950 1.000000 1.329950 1.000000 0.000000 1.000000
1.000000 0.680050 1.319950 1.319950 -1.000000 1.000000 1.000000
1.000000 1.000000 1.309950 1.309950 0.000000 1.000000 1.000000
1.000000 1.299950 1.299950 1.299950 1.000000 1.000000 1.000000
