26
1.000000 0.580050 0.580050 0.580050 -1.000000 -1.000000 -1.000000
1.000000 1.000000 0.590050 0.590050 0.000000 -1.000000 -1.000000
1.000000 1.399950 0.600050 0.600050 1.000000 -1.000000 -1.000000
1.000000 0.610050 1.000000 0.610050 -1.000000 0.000000 -1.000000
1.000000 1.000000 1.000000 0.620050 0.000000 0.000000 -1.000000
1.000000 1.369950 1.000000 0.630050 1.000000 0.000000 -1.000000
1.000000 0.640050 1.359950 0.640050 -1.000000 1.000000 -1.000000
1.000000 1.000000 1.349950 0.650050 0.000000 1.000000 -1.000000
1.000000 1.339950 1.339950 0.660050 1.000000 1.000000 -1.000000
1.000000 0.670050 0.670050 1.000000 -1.000000 -1.000000 0.000000
1.000000 1.000000 0.680050 1.000000 0.000000 -1.000000 0.000000
1.000000 1.309950 0.690050 1.000000 1.000000 -1.000000 0.000000
1.000000 0.700050 1.000000 1.000000 -1.000000 0.000000 0.000000
1.000000 1.289950 1.000000 1.000000 1.000000 0.000000 0.000000
1.000000 0.720050 1.279950 1.000000 -1.000000 1.000000 0.000000
1.000000 1.000000 1.269950 1.000000 0.000000 1.000000 0.000000
1.000000 1.259950 1.259950 1.000000 1.000000 1.000000 0.000000
1.000000 0.750050 0.750050 1.249950 -1.000000 -1.000000 1.000000
1.000000 1.000000 0.760050 1.239950 0.000000 -1.000000 1.000000
1.000000 1.229950 0.770050 1.229950 1.000000 -1.000000 1.000000
1.000000 0.780050 1.000000 1.219950 -1.000000 0.000000 1.000000
1.000000 1.000000 1.000000 1.209950 0.000000 0.000000 1.000000
1.000000 1.199950 1.000000 1.199950 1.000000 0.000000 1.000000
1.000000 0.810050 1.189950 1.189950 -1.000000 1.000000 1.000000
1.000000 1.000000 1.179950 1.179950 0.000000 1.000000 1.000000
1.000000 1.169950 1.169950 1.169950 1.000000 1.000000 1.000000
