26
1.000000 1.420050 1.420050 1.420050 -1.000000 -1.000000 -1.000000
1.000000 1.000000 1.430050 1.430050 0.000000 -1.000000 -1.000000
1.000000 0.559950 1.440050 1.440050 1.000000 -1.000000 -1.000000
1.000000 1.450050 1.000000 1.450050 -1.000000 0.000000 -1.000000
1.000000 1.000000 1.000000 1.460050 0.000000 0.000000 -1.000000
1.000000 0.529950 1.000000 1.470050 1.000000 0.000000 -1.000000
1.000000 1.480050 0.519950 1.480050 -1.000000 1.000000 -1.000000
1.000000 1.000000 0.509950 1.490050 0.000000 1.000000 -1.000000
1.000000 0.499950 0.499950 1.500050 1.000000 1.000000 -1.000000
1.000000 1.510050 1.510050 1.000000 -1.000000 -1.000000 0.000000
1.000000 1.000000 1.520050 1.000000 0.000000 -1.000000 0.000000
1.000000 0.469950 1.530050 1.000000 1.000000 -1.000000 0.000000
1.000000 1.540050 1.000000 1.000000 -1.000000 0.000000 0.000000
1.000000 0.449950 1.000000 1.000000 1.000000 0.000000 0.000000
1.000000 1.560050 0.439950 1.000000 -1.000000 1.000000 0.000000
1.000000 1.000000 0.429950 1.000000 0.000000 1.000000 0.000000
1.000000 0.419950 0.419950 1.000000 1.000000 1.000000 0.000000
1.000000 1.590050 1.590050 0.409950 -1.000000 -1.000000 1.000000
1.000000 1.000000 1.600050 0.399950 0.000000 -1.000000 1.000000
1.000000 0.389950 1.610050 0.389950 1.000000 -1.000000 1.000000
1.000000 1.620050 1.000000 0.379950 -1.000000 0.000000 1.000000
1.000000 1.000000 1.000000 0.369950 0.000000 0.000000 1.000000
1.000000 0.359950 1.000000 0.359950 1.000000 0.000000 1.000000
1.000000 1.650050 0.349950 0.349950 -1.000000 1.000000 1.000000
1.000000 1.000000 0.339950 0.339950 0.000000 1.000000 1.000000
1.000000 0.329950 0.329950 0.329950 1.000000 1.000000 1.000000
