26
1.000000 1.490050 1.490050 1.490050 -1.000000 -1.000000 -1.000000
1.000000 1.000000 1.500050 1.500050 0.000000 -1.000000 -1.000000
1.000000 0.489950 1.510050 1.510050 1.000000 -1.000000 -1.000000
1.000000 1.520050 1.000000 1.520050 -1.000000 0.000000 -1.000000
1.000000 1.000000 1.000000 1.530050 0.000000 0.000000 -1.000000
1.000000 0.459950 1.000000 1.540050 1.000000 0.000000 -1.000000
1.000000 1.550050 0.449950 1.550050 -1.000000 1.000000 -1.000000
1.000000 1.000000 0.439950 1.560050 0.000000 1.000000 -1.000000
1.000000 0.429950 0.429950 1.570050 1.000000 1.000000 -1.000000
1.000000 1.580050 1.580050 1.000000 -1.000000 -1.000000 0.000000
1.000000 1.000000 1.590050 1.000000 0.000000 -1.000000 0.000000
1.000000 0.399950 1.600050 1.000000 1.000000 -1.000000 0.000000
1.000000 1.610050 1.000000 1.000000 -1.000000 0.000000 0.000000
1.000000 0.379950 1.000000 1.000000 1.000000 0.000000 0.000000
1.000000 1.630050 0.369950 1.000000 -1.000000 1.000000 0.000000
1.000000 1.000000 0.359950 1.000000 0.000000 1.000000 0.000000
1.000000 0.349950 0.349950 1.000000 1.000000 1.000000 0.000000
1.000000 1.660050 1.660050 0.339950 -1.000000 -1.000000 1.000000
1.000000 1.000000 1.670050 0.329950 0.000000 -1.000000 1.000000
1.000000 0.319950 1.680050 0.319950 1.000000 -1.000000 1.000000
1.000000 1.690050 1.000000 0.309950 -1.000000 0.000000 1.000000
1.000000 1.000000 1.000000 0.299950 0.000000 0.000000 1.000000
1.000000 0.289950 1.000000 0.289950 1.000000 0.000000 1.000000
1.000000 1.720050 0.279950 0.279950 -1.000000 1.000000 1.000000
1.000000 1.000000 0.269950 0.269950 0.000000 1.000000 1.000000
1.000000 0.259950 0.259950 0.259950 1.000000 1.000000 1.000000
