26
1.000000 0.220050 0.220050 0.220050 -1.000000 -1.000000 -1.000000
1.000000 1.000000 0.230050 0.230050 0.000000 -1.000000 -1.000000
1.000000 1.759950 0.240050 0.240050 1.000000 -1.000000 -1.000000
1.000000 0.250050 1.000000 0.250050 -1.000000 0.000000 -1.000000
1.000000 1.000000 1.000000 0.260050 0.000000 0.000000 -1.000000
1.000000 1.729950 1.000000 0.270050 1.000000 0.000000 -1.000000
1.000000 0.280050 1.719950 0.280050 -1.000000 1.000000 -1.000000
1.000000 1.000000 1.709950 0.290050 0.000000 1.000000 -1.000000
1.000000 1.699950 1.699950 0.300050 1.000000 1.000000 -1.000000
1.000000 0.310050 0.310050 1.000000 -1.000000 -1.000000 0.000000
1.000000 1.000000 0.320050 1.000000 0.000000 -1.000000 0.000000
1.000000 1.669950 0.330050 1.000000 1.000000 -1.000000 0.000000
1.000000 0.340050 1.000000 1.000000 -1.000000 0.000000 0.000000
1.000000 1.649950 1.000000 1.000000 1.000000 0.000000 0.000000
1.000000 0.360050 1.639950 1.000000 -1.000000 1.000000 0.000000
1.000000 1.000000 1.629950 1.000000 0.000000 1.000000 0.000000
1.000000 1.619950 1.619950 1.000000 1.000000 1.000000 0.000000
1.000000 0.390050 0.390050 1.609950 -1.000000 -1.000000 1.000000
1.000000 1.000000 0.400050 1.599950 0.000000 -1.000000 1.000000
1.000000 1.589950 0.410050 1.589950 1.000000 -1.000000 1.000000
1.000000 0.420050 1.000000 1.579950 -1.000000 0.000000 1.000000
1.000000 1.000000 1.000000 1.569950 0.000000 0.000000 1.000000
1.000000 1.559950 1.000000 1.559950 1.000000 0.000000 1.000000
1.000000 0.450050 1.549950 1.549950 -1.000000 1.000000 1.000000
1.000000 1.000000 1.539950 1.539950 0.000000 1.000000 1.000000
1.000000 1.529950 1.529950 1.529950 1.000000 1.000000 1.000000
