26
1.000000 1.870050 1.870050 1.870050 -1.000000 -1.000000 -1.000000
1.000000 1.000000 1.880050 1.880050 0.000000 -1.000000 -1.000000
1.000000 0.109950 1.890050 1.890050 1.000000 -1.000000 -1.000000
1.000000 1.900050 1.000000 1.900050 -1.000000 0.000000 -1.000000
1.000000 1.000000 1.000000 1.910050 0.000000 0.000000 -1.000000
1.000000 0.079950 1.000000 1.920050 1.000000 0.000000 -1.000000
1.000000 1.930050 0.069950 1.930050 -1.000000 1.000000 -1.000000
1.000000 1.000000 0.059950 1.940050 0.000000 1.000000 -1.000000
1.000000 0.049950 0.049950 1.950050 1.000000 1.000000 -1.000000
1.000000 1.960050 1.960050 1.000000 -1.000000 -1.000000 0.000000
1.000000 1.000000 1.970050 1.000000 0.000000 -1.000000 0.000000
1.000000 0.019950 1.980050 1.000000 1.000000 -1.000000 0.000000
1.000000 1.990050 1.000000 1.000000 -1.000000 0.000000 0.000000
1.000000 1.999950 1.000000 1.000000 1.000000 0.000000 0.000000
1.000000 0.010050 1.989950 1.000000 -1.000000 1.000000 0.000000
1.000000 1.000000 1.979950 1.000000 0.000000 1.000000 0.000000
1.000000 1.969950 1.969950 1.000000 1.000000 1.000000 0.000000
1.000000 0.040050 0.040050 1.959950 -1.000000 -1.000000 1.000000
1.000000 1.000000 0.050050 1.949950 0.000000 -1.000000 1.000000
1.000000 1.939950 0.060050 1.939950 1.000000 -1.000000 1.000000
1.000000 0.070050 1.000000 1.929950 -1.000000 0.000000 1.000000
1.000000 1.000000 1.000000 1.919950 0.000000 0.000000 1.000000
1.000000 1.909950 1.000000 1.909950 1.000000 0.000000 1.000000
1.000000 0.100050 1.899950 1.899950 -1.000000 1.000000 1.000000
1.000000 1.000000 1.889950 1.889950 0.000000 1.000000 1.000000
1.000000 1.879950 1.879950 1.879950 1.000000 1.000000 1.000000
