26
1.000000 0.230050 0.230050 0.230050 -1.000000 -1.000000 -1.000000
1.000000 1.000000 0.240050 0.240050 0.000000 -1.000000 -1.000000
1.000000 1.749950 0.250050 0.250050 1.000000 -1.000000 -1.000000
1.000000 0.260050 1.000000 0.260050 -1.000000 0.000000 -1.000000
1.000000 1.000000 1.000000 0.270050 0.000000 0.000000 -1.000000
1.000000 1.719950 1.000000 0.280050 1.000000 0.000000 -1.000000
1.000000 0.290050 1.709950 0.290050 -1.000000 1.000000 -1.000000
1.000000 1.000000 1.699950 0.300050 0.000000 1.000000 -1.000000
1.000000 1.689950 1.689950 0.310050 1.000000 1.000000 -1.000000
1.000000 0.320050 0.320050 1.000000 -1.000000 -1.000000 0.000000
1.000000 1.000000 0.330050 1.000000 0.000000 -1.000000 0.000000
1.000000 1.659950 0.340050 1.000000 1.000000 -1.000000 0.000000
1.000000 0.350050 1.000000 1.000000 -1.000000 0.000000 0.000000
1.000000 1.639950 1.000000 1.000000 1.000000 0.000000 0.000000
1.000000 0.370050 1.629950 1.000000 -1.000000 1.000000 0.000000
1.000000 1.000000 1.619950 1.000000 0.000000 1.000000 0.000000
1.000000 1.609950 1.609950 1.000000 1.000000 1.000000 0.000000
1.000000 0.400050 0.400050 1.599950 -1.000000 -1.000000 1.000000
1.000000 1.000000 0.410050 1.589950 0.000000 -1.000000 1.000000
1.000000 1.579950 0.420050 1.579950 1.000000 -1.000000 1.000000
1.000000 0.430050 1.000000 1.569950 -1.000000 0.000000 1.000000
1.000000 1.000000 1.000000 1.559950 0.000000 0.000000 1.000000
1.000000 1.549950 1.000000 1.549950 1.000000 0.000000 1.000000
1.000000 0.460050 1.539950 1.539950 -1.000000 1.000000 1.000000
1.000000 1.000000 1.529950 1.529950 0.000000 1.000000 1.000000
1.000000 1.519950 1.519950 1.519950 1.000000 1.000000 1.000000
