26
1.000000 1.760050 1.760050 1.760050 -1.000000 -1.000000 -1.000000
1.000000 1.000000 1.770050 1.770050 0.000000 -1.000000 -1.000000
1.000000 0.219950 1.780050 1.780050 1.000000 -1.000000 -1.000000
1.000000 1.790050 1.000000 1.790050 -1.000000 0.000000 -1.000000
1.000000 1.000000 1.000000 1.800050 0.000000 0.000000 -1.000000
1.000000 0.189950 1.000000 1.810050 1.000000 0.000000 -1.000000
1.000000 1.820050 0.179950 1.820050 -1.000000 1.000000 -1.000000
1.000000 1.000000 0.169950 1.830050 0.000000 1.000000 -1.000000
1.000000 0.159950 0.159950 1.840050 1.000000 1.000000 -1.000000
1.000000 1.850050 1.850050 1.000000 -1.000000 -1.000000 0.000000
1.000000 1.000000 1.860050 1.000000 0.000000 -1.000000 0.000000
1.000000 0.129950 1.870050 1.000000 1.000000 -1.000000 0.000000
1.000000 1.880050 1.000000 1.000000 -1.000000 0.000000 0.000000
1.000000 0.109950 1.000000 1.000000 1.000000 0.000000 0.000000
1.000000 1.900050 0.099950 1.000000 -1.000000 1.000000 0.000000
1.000000 1.000000 0.089950 1.000000 0.000000 1.000000 0.000000
1.000000 0.079950 0.079950 1.000000 1.000000 1.000000 0.000000
1.000000 1.930050 1.930050 0.069950 -1.000000 -1.000000 1.000000
1.000000 1.000000 1.940050 0.059950 0.000000 -1.000000 1.000000
1.000000 0.049950 1.950050 0.049950 1.000000 -1.000000 1.000000
1.000000 1.960050 1.000000 0.039950 -1.000000 0.000000 1.000000
1.000000 1.000000 1.000000 0.029950 0.000000 0.000000 1.000000
1.000000 0.019950 1.000000 0.019950 1.000000 0.000000 1.000000
1.000000 1.990050 0.009950 0.009950 -1.000000 1.000000 1.000000
1.000000 1.000000 1.999950 1.999950 0.000000 1.000000 1.000000
1.000000 1.989950 1.989950 1.989950 1.000000 1.000000 1.000000
