26
1.000000 0.870050 0.870050 0.870050 -1.000000 -1.000000 -1.000000
1.000000 1.000000 0.880050 0.880050 0.000000 -1.000000 -1.000000
1.000000 1.109950 0.890050 0.890050 1.000000 -1.000000 -1.000000
1.000000 0.900050 1.000000 0.900050 -1.000000 0.000000 -1.000000
1.000000 1.000000 1.000000 0.910050 0.000000 0.000000 -1.000000
1.000000 1.079950 1.000000 0.920050 1.000000 0.000000 -1.000000
1.000000 0.930050 1.069950 0.930050 -1.000000 1.000000 -1.000000
1.000000 1.000000 1.059950 0.940050 0.000000 1.000000 -1.000000
1.000000 1.049950 1.049950 0.950050 1.000000 1.000000 -1.000000
1.000000 0.960050 0.960050 1.000000 -1.000000 -1.000000 0.000000
1.000000 1.000000 0.970050 1.000000 0.000000 -1.000000 0.000000
1.000000 1.019950 0.980050 1.000000 1.000000 -1.000000 0.000000
1.000000 0.990050 1.000000 1.000000 -1.000000 0.000000 0.000000
1.000000 0.999950 1.000000 1.000000 1.000000 0.000000 0.000000
1.000000 1.010050 0.989950 1.000000 -1.000000 1.000000 0.000000
1.000000 1.000000 0.979950 1.000000 0.000000 1.000000 0.000000
1.000000 0.969950 0.969950 1.000000 1.000000 1.000000 0.000000
1.000000 1.040050 1.040050 0.959950 -1.000000 -1.000000 1.000000
1.000000 1.000000 1.050050 0.949950 0.000000 -1.000000 1.000000
1.000000 0.939950 1.060050 0.939950 1.000000 -1.000000 1.000000
1.000000 1.070050 1.000000 0.929950 -1.000000 0.000000 1.000000
1.000000 1.000000 1.000000 0.919950 0.000000 0.000000 1.000000
1.000000 0.909950 1.000000 0.909950 1.000000 0.000000 1.000000
1.000000 1.100050 0.899950 0.899950 -1.000000 1.000000 1.000000
1.000000 1.000000 0.889950 0.889950 0.000000 1.000000 1.000000
1.000000 0.879950 0.879950 0.879950 1.000000 1.000000 1.000000
