26
1.000000 1.860050 1.860050 1.860050 -1.000000 -1.000000 -1.000000
1.000000 1.000000 1.870050 1.870050 0.000000 -1.000000 -1.000000
1.000000 0.119950 1.880050 1.880050 1.000000 -1.000000 -1.000000
1.000000 1.890050 1.000000 1.890050 -1.000000 0.000000 -1.000000
1.000000 1.000000 1.000000 1.900050 0.000000 0.000000 -1.000000
1.000000 0.089950 1.000000 1.910050 1.000000 0.000000 -1.000000
1.000000 1.920050 0.079950 1.920050 -1.000000 1.000000 -1.000000
1.000000 1.000000 0.069950 1.930050 0.000000 1.000000 -1.000000
1.000000 0.059950 0.059950 1.940050 1.000000 1.000000 -1.000000
1.000000 1.950050 1.950050 1.000000 -1.000000 -1.000000 0.000000
1.000000 1.000000 1.960050 1.000000 0.000000 -1.000000 0.000000
1.000000 0.029950 1.970050 1.000000 1.000000 -1.000000 0.000000
1.000000 1.980050 1.000000 1.000000 -1.000000 0.000000 0.000000
1.000000 0.009950 1.000000 1.000000 1.000000 0.000000 0.000000
1.000000 0.000050 1.999950 1.000000 -1.000000 1.000000 0.000000
1.000000 1.000000 1.989950 1.000000 0.000000 1.000000 0.000000
1.000000 1.979950 1.979950 1.000000 1.000000 1.000000 0.000000
1.000000 0.030050 0.030050 1.969950 -1.000000 -1.000000 1.000000
1.000000 1.000000 0.040050 1.959950 0.000000 -1.000000 1.000000
1.000000 1.949950 0.050050 1.949950 1.000000 -1.000000 1.000000
1.000000 0.060050 1.000000 1.939950 -1.000000 0.000000 1.000000
1.000000 1.000000 1.000000 1.929950 0.000000 0.000000 1.000000
1.000000 1.919950 1.000000 1.919950 1.000000 0.000000 1.000000
1.000000 0.090050 1.909950 1.909950 -1.000000 1.000000 1.000000
1.000000 1.000000 1.899950 1.899950 0.000000 1.000000 1.000000
1.000000 1.889950 1.889950 1.889950 1.000000 1.000000 1.000000
