26
1.000000 1.980050 1.980050 1.980050 -1.000000 -1.000000 -1.000000
1.000000 1.000000 1.990050 1.990050 0.000000 -1.000000 -1.000000
1.000000 1.999950 0.000050 0.000050 1.000000 -1.000000 -1.000000
1.000000 0.010050 1.000000 0.010050 -1.000000 0.000000 -1.000000
1.000000 1.000000 1.000000 0.020050 0.000000 0.000000 -1.000000
1.000000 1.969950 1.000000 0.030050 1.000000 0.000000 -1.000000
1.000000 0.040050 1.959950 0.040050 -1.000000 1.000000 -1.000000
1.000000 1.000000 1.949950 0.050050 0.000000 1.000000 -1.000000
1.000000 1.939950 1.939950 0.060050 1.000000 1.000000 -1.000000
1.000000 0.070050 0.070050 1.000000 -1.000000 -1.000000 0.000000
1.000000 1.000000 0.080050 1.000000 0.000000 -1.000000 0.000000
1.000000 1.909950 0.090050 1.000000 1.000000 -1.000000 0.000000
1.000000 0.100050 1.000000 1.000000 -1.000000 0.000000 0.000000
1.000000 1.889950 1.000000 1.000000 1.000000 0.000000 0.000000
1.000000 0.120050 1.879950 1.000000 -1.000000 1.000000 0.000000
1.000000 1.000000 1.869950 1.000000 0.000000 1.000000 0.000000
1.000000 1.859950 1.859950 1.000000 1.000000 1.000000 0.000000
1.000000 0.150050 0.150050 1.849950 -1.000000 -1.000000 1.000000
1.000000 1.000000 0.160050 1.839950 0.000000 -1.000000 1.000000
1.000000 1.829950 0.170050 1.829950 1.000000 -1.000000 1.000000
1.000000 0.180050 1.000000 1.819950 -1.000000 0.000000 1.000000
1.000000 1.000000 1.000000 1.809950 0.000000 0.000000 1.000000
1.000000 1.799950 1.000000 1.799950 1.000000 0.000000 1.000000
1.000000 0.210050 1.789950 1.789950 -1.000000 1.000000 1.000000
1.000000 1.000000 1.779950 1.779950 0.000000 1.000000 1.000000
1.000000 1.769950 1.769950 1.769950 1.000000 1.000000 1.000000
