26
1.000000 0.890050 0.890050 0.890050 -1.000000 -1.000000 -1.000000
1.000000 1.000000 0.900050 0.900050 0.000000 -1.000000 -1.000000
1.000000 1.089950 0.910050 0.910050 1.000000 -1.000000 -1.000000
1.000000 0.920050 1.000000 0.920050 -1.000000 0.000000 -1.000000
1.000000 1.000000 1.000000 0.930050 0.000000 0.000000 -1.000000
1.000000 1.059950 1.000000 0.940050 1.000000 0.000000 -1.000000
1.000000 0.950050 1.049950 0.950050 -1.000000 1.000000 -1.000000
1.000000 1.000000 1.039950 0.960050 0.000000 1.000000 -1.000000
1.000000 1.029950 1.029950 0.970050 1.000000 1.000000 -1.000000
1.000000 0.980050 0.980050 1.000000 -1.000000 -1.000000 0.000000
1.000000 1.000000 0.990050 1.000000 0.000000 -1.000000 0.000000
1.000000 0.999950 1.000050 1.000000 1.000000 -1.000000 0.000000
1.000000 1.010050 1.000000 1.000000 -1.000000 0.000000 0.000000
1.000000 0.979950 1.000000 1.000000 1.000000 0.000000 0.000000
1.000000 1.030050 0.969950 1.000000 -1.000000 1.000000 0.000000
1.000000 1.000000 0.959950 1.000000 0.000000 1.000000 0.000000
1.000000 0.949950 0.949950 1.000000 1.000000 1.000000 0.000000
1.000000 1.060050 1.060050 0.939950 -1.000000 -1.000000 1.000000
1.000000 1.000000 1.070050 0.929950 0.000000 -1.000000 1.000000
1.000000 0.919950 1.080050 0.919950 1.000000 -1.000000 1.000000
1.000000 1.090050 1.000000 0.909950 -1.000000 0.000000 1.000000
1.000000 1.000000 1.000000 0.899950 0.000000 0.000000 1.000000
1.000000 0.889950 1.000000 0.889950 1.000000 0.000000 1.000000
1.000000 1.120050 0.879950 0.879950 -1.000000 1.000000 1.000000
1.000000 1.000000 0.869950 0.869950 0.000000 1.000000 1.000000
1.000000 0.859950 0.859950 0.859950 1.000000 1.000000 1.000000
