26
1.000000 0.090050 0.090050 0.090050 -1.000000 -1.000000 -1.000000
1.000000 1.000000 0.100050 0.100050 0.000000 -1.000000 -1.000000
1.000000 1.889950 0.110050 0.110050 1.000000 -1.000000 -1.000000
1.000000 0.120050 1.000000 0.120050 -1.000000 0.000000 -1.000000
1.000000 1.000000 1.000000 0.130050 0.000000 0.000000 -1.000000
1.000000 1.859950 1.000000 0.140050 1.000000 0.000000 -1.000000
1.000000 0.150050 1.849950 0.150050 -1.000000 1.000000 -1.000000
1.000000 1.000000 1.839950 0.160050 0.000000 1.000000 -1.000000
1.000000 1.829950 1.829950 0.170050 1.000000 1.000000 -1.000000
1.000000 0.180050 0.180050 1.000000 -1.000000 -1.000000 0.000000
1.000000 1.000000 0.190050 1.000000 0.000000 -1.000000 0.000000
1.000000 1.799950 0.200050 1.000000 1.000000 -1.000000 0.000000
1.000000 0.210050 1.000000 1.000000 -1.000000 0.000000 0.000000
1.000000 1.779950 1.000000 1.000000 1.000000 0.000000 0.000000
1.000000 0.230050 1.769950 1.000000 -1.000000 1.000000 0.000000
1.000000 1.000000 1.759950 1.000000 0.000000 1.000000 0.000000
1.000000 1.749950 1.749950 1.000000 1.000000 1.000000 0.000000
1.000000 0.260050 0.260050 1.739950 -1.000000 -1.000000 1.000000
1.000000 1.000000 0.270050 1.729950 0.000000 -1.000000 1.000000
1.000000 1.719950 0.280050 1.719950 1.000000 -1.000000 1.000000
1.000000 0.290050 1.000000 1.709950 -1.000000 0.000000 1.000000
1.000000 1.000000 1.000000 1.699950 0.000000 0.000000 1.000000
1.000000 1.689950 1.000000 1.689950 1.000000 0.000000 1.000000
1.000000 0.320050 1.679950 1.679950 -1.000000 1.000000 1.000000
1.000000 1.000000 1.669950 1.669950 0.000000 1.000000 1.000000
1.000000 1.659950 1.659950 1.659950 1.000000 1.000000 1.000000
