26
1.000000 0.100050 0.100050 0.100050 -1.000000 -1.000000 -1.000000
1.000000 1.000000 0.110050 0.110050 0.000000 -1.000000 -1.000000
1.000000 1.879950 0.120050 0.120050 1.000000 -1.000000 -1.000000
1.000000 0.130050 1.000000 0.130050 -1.000000 0.000000 -1.000000
1.000000 1.000000 1.000000 0.140050 0.000000 0.000000 -1.000000
1.000000 1.849950 1.000000 0.150050 1.000000 0.000000 -1.000000
1.000000 0.160050 1.839950 0.160050 -1.000000 1.000000 -1.000000
1.000000 1.000000 1.829950 0.170050 0.000000 1.000000 -1.000000
1.000000 1.819950 1.819950 0.180050 1.000000 1.000000 -1.000000
1.000000 0.190050 0.190050 1.000000 -1.000000 -1.000000 0.000000
1.000000 1.000000 0.200050 1.000000 0.000000 -1.000000 0.000000
1.000000 1.789950 0.210050 1.000000 1.000000 -1.000000 0.000000
1.000000 0.220050 1.000000 1.000000 -1.000000 0.000000 0.000000
1.000000 1.769950 1.000000 1.000000 1.000000 0.000000 0.000000
1.000000 0.240050 1.759950 1.000000 -1.000000 1.000000 0.000000
1.000000 1.000000 1.749950 1.000000 0.000000 1.000000 0.000000
1.000000 1.739950 1.739950 1.000000 1.000000 1.000000 0.000000
1.000000 0.270050 0.270050 1.729950 -1.000000 -1.000000 1.000000
1.000000 1.000000 0.280050 1.719950 0.000000 -1.000000 1.000000
1.000000 1.709950 0.290050 1.709950 1.000000 -1.000000 1.000000
1.000000 0.300050 1.000000 1.699950 -1.000000 0.000000 1.000000
1.000000 1.000000 1.000000 1.689950 0.000000 0.000000 1.000000
1.000000 1.679950 1.000000 1.679950 1.000000 0.000000 1.000000
1.000000 0.330050 1.669950 1.669950 -1.000000 1.000000 1.000000
1.000000 1.000000 1.659950 1.659950 0.000000 1.000000 1.000000
1.000000 1.649950 1.649950 1.649950 1.000000 1.000000 1.000000
