26
1.000000 1.310050 1.310050 1.310050 -1.000000 -1.000000 -1.000000
1.000000 1.000000 1.320050 1.320050 0.000000 -1.000000 -1.000000
1.000000 0.669950 1.330050 1.330050 1.000000 -1.000000 -1.000000
1.000000 1.340050 1.000000 1.340050 -1.000000 0.000000 -1.000000
1.000000 1.000000 1.000000 1.350050 0.000000 0.000000 -1.000000
1.000000 0.639950 1.000000 1.360050 1.000000 0.000000 -1.000000
1.000000 1.370050 0.629950 1.370050 -1.000000 1.000000 -1.000000
1.000000 1.000000 0.619950 1.380050 0.000000 1.000000 -1.000000
1.000000 0.609950 0.609950 1.390050 1.000000 1.000000 -1.000000
1.000000 1.400050 1.400050 1.000000 -1.000000 -1.000000 0.000000
1.000000 1.000000 1.410050 1.000000 0.000000 -1.000000 0.000000
1.000000 0.579950 1.420050 1.000000 1.000000 -1.000000 0.000000
1.000000 1.430050 1.000000 1.000000 -1.000000 0.000000 0.000000
1.000000 0.559950 1.000000 1.000000 1.000000 0.000000 0.000000
1.000000 1.450050 0.549950 1.000000 -1.000000 1.000000 0.000000
1.000000 1.000000 0.539950 1.000000 0.000000 1.000000 0.000000
1.000000 0.529950 0.529950 1.000000 1.000000 1.000000 0.000000
1.000000 1.480050 1.480050 0.519950 -1.000000 -1.000000 1.000000
1.000000 1.000000 1.490050 0.509950 0.000000 -1.000000 1.000000
1.000000 0.499950 1.500050 0.499950 1.000000 -1.000000 1.000000
1.000000 1.510050 1.000000 0.489950 -1.000000 0.000000 1.000000
1.000000 1.000000 1.000000 0.479950 0.000000 0.000000 1.000000
1.000000 0.469950 1.000000 0.469950 1.000000 0.000000 1.000000
1.000000 1.540050 0.459950 0.459950 -1.000000 1.000000 1.000000
1.000000 1.000000 0.449950 0.449950 0.000000 1.000000 1.000000
1.000000 0.439950 0.439950 0.439950 1.000000 1.000000 1.000000
