26
1.000000 1.940050 1.940050 1.940050 -1.000000 -1.000000 -1.000000
1.000000 1.000000 1.950050 1.950050 0.000000 -1.000000 -1.000000
1.000000 0.039950 1.960050 1.960050 1.000000 -1.000000 -1.000000
1.000000 1.970050 1.000000 1.970050 -1.000000 0.000000 -1.000000
1.000000 1.000000 1.000000 1.980050 0.000000 0.000000 -1.000000
1.000000 0.009950 1.000000 1.990050 1.000000 0.000000 -1.000000
1.000000 0.000050 1.999950 0.000050 -1.000000 1.000000 -1.000000
1.000000 1.000000 1.989950 0.010050 0.000000 1.000000 -1.000000
1.000000 1.979950 1.979950 0.020050 1.000000 1.000000 -1.000000
1.000000 0.030050 0.030050 1.000000 -1.000000 -1.000000 0.000000
1.000000 1.000000 0.040050 1.000000 0.000000 -1.000000 0.000000
1.000000 1.949950 0.050050 1.000000 1.000000 -1.000000 0.000000
1.000000 0.060050 1.000000 1.000000 -1.000000 0.000000 0.000000
1.000000 1.929950 1.000000 1.000000 1.000000 0.000000 0.000000
1.000000 0.080050 1.919950 1.000000 -1.000000 1.000000 0.000000
1.000000 1.000000 1.909950 1.000000 0.000000 1.000000 0.000000
1.000000 1.899950 1.899950 1.000000 1.000000 1.000000 0.000000
1.000000 0.110050 0.110050 1.889950 -1.000000 -1.000000 1.000000
1.000000 1.000000 0.120050 1.879950 0.000000 -1.000000 1.000000
1.000000 1.869950 0.130050 1.869950 1.000000 -1.000000 1.000000
1.000000 0.140050 1.000000 1.859950 -1.000000 0.000000 1.000000
1.000000 1.000000 1.000000 1.849950 0.000000 0.000000 1.000000
1.000000 1.839950 1.000000 1.839950 1.000000 0.000000 1.000000
1.000000 0.170050 1.829950 1.829950 -1.000000 1.000000 1.000000
1.000000 1.000000 1.819950 1.819950 0.000000 1.000000 1.000000
1.000000 1.809950 1.809950 1.809950 1.000000 1.000000 1.000000
