26
1.000000 1.240050 1.240050 1.240050 -1.000000 -1.000000 -1.000000
1.000000 1.000000 1.250050 1.250050 0.000000 -1.000000 -1.000000
1.000000 0.739950 1.260050 1.260050 1.000000 -1.000000 -1.000000
1.000000 1.270050 1.000000 1.270050 -1.000000 0.000000 -1.000000
1.000000 1.000000 1.000000 1.280050 0.000000 0.000000 -1.000000
1.000000 0.709950 1.000000 1.290050 1.000000 0.000000 -1.000000
1.000000 1.300050 0.699950 1.300050 -1.000000 1.000000 -1.000000
1.000000 1.000000 0.689950 1.310050 0.000000 1.000000 -1.000000
1.000000 0.679950 0.679950 1.320050 1.000000 1.000000 -1.000000
1.000000 1.330050 1.330050 1.000000 -1.000000 -1.000000 0.000000
1.000000 1.000000 1.340050 1.000000 0.000000 -1.000000 0.000000
1.000000 0.649950 1.350050 1.000000 1.000000 -1.000000 0.000000
1.000000 1.360050 1.000000 1.000000 -1.000000 0.000000 0.000000
1.000000 0.629950 1.000000 1.000000 1.000000 0.000000 0.000000
1.000000 1.380050 0.619950 1.000000 -1.000000 1.000000 0.000000
1.000000 1.000000 0.609950 1.000000 0.000000 1.000000 0.000000
1.000000 0.599950 0.599950 1.000000 1.000000 1.000000 0.000000
1.000000 1.410050 1.410050 0.589950 -1.000000 -1.000000 1.000000
1.000000 1.000000 1.420050 0.579950 0.000000 -1.000000 1.000000
1.000000 0.569950 1.430050 0.569950 1.000000 -1.000000 1.000000
1.000000 1.440050 1.000000 0.559950 -1.000000 0.000000 1.000000
1.000000 1.000000 1.000000 0.549950 0.000000 0.000000 1.000000
1.000000 0.539950 1.000000 0.539950 1.000000 0.000000 1.000000
1.000000 1.470050 0.529950 0.529950 -1.000000 1.000000 1.000000
1.000000 1.000000 0.519950 0.519950 0.000000 1.000000 1.000000
1.000000 0.509950 0.509950 0.509950 1.000000 1.000000 1.000000
