26
1.000000 1.810050 1.810050 1.810050 -1.000000 -1.000000 -1.000000
1.000000 1.000000 1.820050 1.820050 0.000000 -1.000000 -1.000000
1.000000 0.169950 1.830050 1.830050 1.000000 -1.000000 -1.000000
1.000000 1.840050 1.000000 1.840050 -1.000000 0.000000 -1.000000
1.000000 1.000000 1.000000 1.850050 0.000000 0.000000 -1.000000
1.000000 0.139950 1.000000 1.860050 1.000000 0.000000 -1.000000
1.000000 1.870050 0.129950 1.870050 -1.000000 1.000000 -1.000000
1.000000 1.000000 0.119950 1.880050 0.000000 1.000000 -1.000000
1.000000 0.109950 0.109950 1.890050 1.000000 1.000000 -1.000000
1.000000 1.900050 1.900050 1.000000 -1.000000 -1.000000 0.000000
1.000000 1.000000 1.910050 1.000000 0.000000 -1.000000 0.000000
1.000000 0.079950 1.920050 1.000000 1.000000 -1.000000 0.000000
1.000000 1.930050 1.000000 1.000000 -1.000000 0.000000 0.000000
1.000000 0.059950 1.000000 1.000000 1.000000 0.000000 0.000000
1.000000 1.950050 0.049950 1.000000 -1.000000 1.000000 0.000000
1.000000 1.000000 0.039950 1.000000 0.000000 1.000000 0.000000
1.000000 0.029950 0.029950 1.000000 1.000000 1.000000 0.000000
1.000000 1.980050 1.980050 0.019950 -1.000000 -1.000000 1.000000
1.000000 1.000000 1.990050 0.009950 0.000000 -1.000000 1.000000
1.000000 1.999950 0.000050 1.999950 1.000000 -1.000000 1.000000
1.000000 0.010050 1.000000 1.989950 -1.000000 0.000000 1.000000
1.000000 1.000000 1.000000 1.979950 0.000000 0.000000 1.000000
1.000000 1.969950 1.000000 1.969950 1.000000 0.000000 1.000000
1.000000 0.040050 1.959950 1.959950 -1.000000 1.000000 1.000000
1.000000 1.000000 1.949950 1.949950 0.000000 1.000000 1.000000
1.000000 1.939950 1.939950 1.939950 1.000000 1.000000 1.000000
