26
1.000000 0.880050 0.880050 0.880050 -1.000000 -1.000000 -1.000000
1.000000 1.000000 0.890050 0.890050 0.000000 -1.000000 -1.000000
1.000000 1.099950 0.900050 0.900050 1.000000 -1.000000 -1.000000
1.000000 0.910050 1.000000 0.910050 -1.000000 0.000000 -1.000000
1.000000 1.000000 1.000000 0.920050 0.000000 0.000000 -1.000000
1.000000 1.069950 1.000000 0.930050 1.000000 0.000000 -1.000000
1.000000 0.940050 1.059950 0.940050 -1.000000 1.000000 -1.000000
1.000000 1.000000 1.049950 0.950050 0.000000 1.000000 -1.000000
1.000000 1.039950 1.039950 0.960050 1.000000 1.000000 -1.000000
1.000000 0.970050 0.970050 1.000000 -1.000000 -1.000000 0.000000
1.000000 1.000000 0.980050 1.000000 0.000000 -1.000000 0.000000
1.000000 1.009950 0.990050 1.000000 1.000000 -1.000000 0.000000
1.000000 1.000050 1.000000 1.000000 -1.000000 0.000000 0.000000
1.000000 0.989950 1.000000 1.000000 1.000000 0.000000 0.000000
1.000000 1.020050 0.979950 1.000000 -1.000000 1.000000 0.000000
1.000000 1.000000 0.969950 1.000000 0.000000 1.000000 0.000000
1.000000 0.959950 0.959950 1.000000 1.000000 1.000000 0.000000
1.000000 1.050050 1.050050 0.949950 -1.000000 -1.000000 1.000000
1.000000 1.000000 1.060050 0.939950 0.000000 -1.000000 1.000000
1.000000 0.929950 1.070050 0.929950 1.000000 -1.000000 1.000000
1.000000 1.080050 1.000000 0.919950 -1.000000 0.000000 1.000000
1.000000 1.000000 1.000000 0.909950 0.000000 0.000000 1.000000
1.000000 0.899950 1.000000 0.899950 1.000000 0.000000 1.000000
1.000000 1.110050 0.889950 0.889950 -1.000000 1.000000 1.000000
1.000000 1.000000 0.879950 0.879950 0.000000 1.000000 1.000000
1.000000 0.869950 0.869950 0.869950 1.000000 1.000000 1.000000
