26
1.000000 1.450050 1.450050 1.450050 -1.000000 -1.000000 -1.000000
1.000000 1.000000 1.460050 1.460050 0.000000 -1.000000 -1.000000
1.000000 0.529950 1.470050 1.470050 1.000000 -1.000000 -1.000000
1.000000 1.480050 1.000000 1.480050 -1.000000 0.000000 -1.000000
1.000000 1.000000 1.000000 1.490050 0.000000 0.000000 -1.000000
1.000000 0.499950 1.000000 1.500050 1.000000 0.000000 -1.000000
1.000000 1.510050 0.489950 1.510050 -1.000000 1.000000 -1.000000
1.000000 1.000000 0.479950 1.520050 0.000000 1.000000 -1.000000
1.000000 0.469950 0.469950 1.530050 1.000000 1.000000 -1.000000
1.000000 1.540050 1.540050 1.000000 -1.000000 -1.000000 0.000000
1.000000 1.000000 1.550050 1.000000 0.000000 -1.000000 0.000000
1.000000 0.439950 1.560050 1.000000 1.000000 -1.000000 0.000000
1.000000 1.570050 1.000000 1.000000 -1.000000 0.000000 0.000000
1.000000 0.419950 1.000000 1.000000 1.000000 0.000000 0.000000
1.000000 1.590050 0.409950 1.000000 -1.000000 1.000000 0.000000
1.000000 1.000000 0.399950 1.000000 0.000000 1.000000 0.000000
1.000000 0.389950 0.389950 1.000000 1.000000 1.000000 0.000000
1.000000 1.620050 1.620050 0.379950 -1.000000 -1.000000 1.000000
1.000000 1.000000 1.630050 0.369950 0.000000 -1.000000 1.000000
1.000000 0.359950 1.640050 0.359950 1.000000 -1.000000 1.000000
1.000000 1.650050 1.000000 0.349950 -1.000000 0.000000 1.000000
1.000000 1.000000 1.000000 0.339950 0.000000 0.000000 1.000000
1.000000 0.329950 1.000000 0.329950 1.000000 0.000000 1.000000
1.000000 1.680050 0.319950 0.319950 -1.000000 1.000000 1.000000
1.000000 1.000000 0.309950 0.309950 0.000000 1.000000 1.000000
1.000000 0.299950 0.299950 0.299950 1.000000 1.000000 1.000000
