26
1.000000 0.810050 0.810050 0.810050 -1.000000 -1.000000 -1.000000
1.000000 1.000000 0.820050 0.820050 0.000000 -1.000000 -1.000000
1.000000 1.169950 0.830050 0.830050 1.000000 -1.000000 -1.000000
1.000000 0.840050 1.000000 0.840050 -1.000000 0.000000 -1.000000
1.000000 1.000000 1.000000 0.850050 0.000000 0.000000 -1.000000
1.000000 1.139950 1.000000 0.860050 1.000000 0.000000 -1.000000
1.000000 0.870050 1.129950 0.870050 -1.000000 1.000000 -1.000000
1.000000 1.000000 1.119950 0.880050 0.000000 1.000000 -1.000000
1.000000 1.109950 1.109950 0.890050 1.000000 1.000000 -1.000000
1.000000 0.900050 0.900050 1.000000 -1.000000 -1.000000 0.000000
1.000000 1.000000 0.910050 1.000000 0.000000 -1.000000 0.000000
1.000000 1.079950 0.920050 1.000000 1.000000 -1.000000 0.000000
1.000000 0.930050 1.000000 1.000000 -1.000000 0.000000 0.000000
1.000000 1.059950 1.000000 1.000000 1.000000 0.000000 0.000000
1.000000 0.950050 1.049950 1.000000 -1.000000 1.000000 0.000000
1.000000 1.000000 1.039950 1.000000 0.000000 1.000000 0.000000
1.000000 1.029950 1.029950 1.000000 1.000000 1.000000 0.000000
1.000000 0.980050 0.980050 1.019950 -1.000000 -1.000000 1.000000
1.000000 1.000000 0.990050 1.009950 0.000000 -1.000000 1.000000
1.000000 0.999950 1.000050 0.999950 1.000000 -1.000000 1.000000
1.000000 1.010050 1.000000 0.989950 -1.000000 0.000000 1.000000
1.000000 1.000000 1.000000 0.979950 0.000000 0.000000 1.000000
1.000000 0.969950 1.000000 0.969950 1.000000 0.000000 1.000000
1.000000 1.040050 0.959950 0.959950 -1.000000 1.000000 1.000000
1.000000 1.000000 0.949950 0.949950 0.000000 1.000000 1.000000
1.000000 0.939950 0.939950 0.939950 1.000000 1.000000 1.000000
