26
1.000000 1.900050 1.900050 1.900050 -1.000000 -1.000000 -1.000000
1.000000 1.000000 1.910050 1.910050 0.000000 -1.000000 -1.000000
1.000000 0.079950 1.920050 1.920050 1.000000 -1.000000 -1.000000
1.000000 1.930050 1.000000 1.930050 -1.000000 0.000000 -1.000000
1.000000 1.000000 1.000000 1.940050 0.000000 0.000000 -1.000000
1.000000 0.049950 1.000000 1.950050 1.000000 0.000000 -1.000000
1.000000 1.960050 0.039950 1.960050 -1.000000 1.000000 -1.000000
1.000000 1.000000 0.029950 1.970050 0.000000 1.000000 -1.000000
1.000000 0.019950 0.019950 1.980050 1.000000 1.000000 -1.000000
1.000000 1.990050 1.990050 1.000000 -1.000000 -1.000000 0.000000
1.000000 1.000000 0.000050 1.000000 0.000000 -1.000000 0.000000
1.000000 1.989950 0.010050 1.000000 1.000000 -1.000000 0.000000
1.000000 0.020050 1.000000 1.000000 -1.000000 0.000000 0.000000
1.000000 1.969950 1.000000 1.000000 1.000000 0.000000 0.000000
1.000000 0.040050 1.959950 1.000000 -1.000000 1.000000 0.000000
1.000000 1.000000 1.949950 1.000000 0.000000 1.000000 0.000000
1.000000 1.939950 1.939950 1.000000 1.000000 1.000000 0.000000
1.000000 0.070050 0.070050 1.929950 -1.000000 -1.000000 1.000000
1.000000 1.000000 0.080050 1.919950 0.000000 -1.000000 1.000000
1.000000 1.909950 0.090050 1.909950 1.000000 -1.000000 1.000000
1.000000 0.100050 1.000000 1.899950 -1.000000 0.000000 1.000000
1.000000 1.000000 1.000000 1.889950 0.000000 0.000000 1.000000
1.000000 1.879950 1.000000 1.879950 1.000000 0.000000 1.000000
1.000000 0.130050 1.869950 1.869950 -1.000000 1.000000 1.000000
1.000000 1.000000 1.859950 1.859950 0.000000 1.000000 1.000000
1.000000 1.849950 1.849950 1.849950 1.000000 1.000000 1.000000
