26
1.000000 0.920050 0.920050 0.920050 -1.000000 -1.000000 -1.000000
1.000000 1.000000 0.930050 0.930050 0.000000 -1.000000 -1.000000
1.000000 1.059950 0.940050 0.940050 1.000000 -1.000000 -1.000000
1.000000 0.950050 1.000000 0.950050 -1.000000 0.000000 -1.000000
1.000000 1.000000 1.000000 0.960050 0.000000 0.000000 -1.000000
1.000000 1.029950 1.000000 0.970050 1.000000 0.000000 -1.000000
1.000000 0.980050 1.019950 0.980050 -1.000000 1.000000 -1.000000
1.000000 1.000000 1.009950 0.990050 0.000000 1.000000 -1.000000
1.000000 0.999950 0.999950 1.000050 1.000000 1.000000 -1.000000
1.000000 1.010050 1.010050 1.000000 -1.000000 -1.000000 0.000000
1.000000 1.000000 1.020050 1.000000 0.000000 -1.000000 0.000000
1.000000 0.969950 1.030050 1.000000 1.000000 -1.000000 0.000000
1.000000 1.040050 1.000000 1.000000 -1.000000 0.000000 0.000000
1.000000 0.949950 1.000000 1.000000 1.000000 0.000000 0.000000
1.000000 1.060050 0.939950 1.000000 -1.000000 1.000000 0.000000
1.000000 1.000000 0.929950 1.000000 0.000000 1.000000 0.000000
1.000000 0.919950 0.919950 1.000000 1.000000 1.000000 0.000000
1.000000 1.090050 1.090050 0.909950 -1.000000 -1.000000 1.000000
1.000000 1.000000 1.100050 0.899950 0.000000 -1.000000 1.000000
1.000000 0.889950 1.110050 0.889950 1.000000 -1.000000 1.000000
1.000000 1.120050 1.000000 0.879950 -1.000000 0.000000 1.000000
1.000000 1.000000 1.000000 0.869950 0.000000 0.000000 1.000000
1.000000 0.859950 1.000000 0.859950 1.000000 0.000000 1.000000
1.000000 1.150050 0.849950 0.849950 -1.000000 1.000000 1.000000
1.000000 1.000000 0.839950 0.839950 0.000000 1.000000 1.000000
1.000000 0.829950 0.829950 0.829950 1.000000 1.000000 1.000000
