26
1.000000 1.070050 1.070050 1.070050 -1.000000 -1.000000 -1.000000
1.000000 1.000000 1.080050 1.080050 0.000000 -1.000000 -1.000000
1.000000 0.909950 1.090050 1.090050 1.000000 -1.000000 -1.000000
1.000000 1.100050 1.000000 1.100050 -1.000000 0.000000 -1.000000
1.000000 1.000000 1.000000 1.110050 0.000000 0.000000 -1.000000
1.000000 0.879950 1.000000 1.120050 1.000000 0.000000 -1.000000
1.000000 1.130050 0.869950 1.130050 -1.000000 1.000000 -1.000000
1.000000 1.000000 0.859950 1.140050 0.000000 1.000000 -1.000000
1.000000 0.849950 0.849950 1.150050 1.000000 1.000000 -1.000000
1.000000 1.160050 1.160050 1.000000 -1.000000 -1.000000 0.000000
1.000000 1.000000 1.170050 1.000000 0.000000 -1.000000 0.000000
1.000000 0.819950 1.180050 1.000000 1.000000 -1.000000 0.000000
1.000000 1.190050 1.000000 1.000000 -1.000000 0.000000 0.000000
1.000000 0.799950 1.000000 1.000000 1.000000 0.000000 0.000000
1.000000 1.210050 0.789950 1.000000 -1.000000 1.000000 0.000000
1.000000 1.000000 0.779950 1.000000 0.000000 1.000000 0.000000
1.000000 0.769950 0.769950 1.000000 1.000000 1.000000 0.000000
1.000000 1.240050 1.240050 0.759950 -1.000000 -1.000000 1.000000
1.000000 1.000000 1.250050 0.749950 0.000000 -1.000000 1.000000
1.000000 0.739950 1.260050 0.739950 1.000000 -1.000000 1.000000
1.000000 1.270050 1.000000 0.729950 -1.000000 0.000000 1.000000
1.000000 1.000000 1.000000 0.719950 0.000000 0.000000 1.000000
1.000000 0.709950 1.000000 0.709950 1.000000 0.000000 1.000000
1.000000 1.300050 0.699950 0.699950 -1.000000 1.000000 1.000000
1.000000 1.000000 0.689950 0.689950 0.000000 1.000000 1.000000
1.000000 0.679950 0.679950 0.679950 1.000000 1.000000 1.000000
