26
1.000000 0.730050 0.730050 0.730050 -1.000000 -1.000000 -1.000000
1.000000 1.000000 0.740050 0.740050 0.000000 -1.000000 -1.000000
1.000000 1.249950 0.750050 0.750050 1.000000 -1.000000 -1.000000
1.000000 0.760050 1.000000 0.760050 -1.000000 0.000000 -1.000000
1.000000 1.000000 1.000000 0.770050 0.000000 0.000000 -1.000000
1.000000 1.219950 1.000000 0.780050 1.000000 0.000000 -1.000000
1.000000 0.790050 1.209950 0.790050 -1.000000 1.000000 -1.000000
1.000000 1.000000 1.199950 0.800050 0.000000 1.000000 -1.000000
1.000000 1.189950 1.189950 0.810050 1.000000 1.000000 -1.000000
1.000000 0.820050 0.820050 1.000000 -1.000000 -1.000000 0.000000
1.000000 1.000000 0.830050 1.000000 0.000000 -1.000000 0.000000
1.000000 1.159950 0.840050 1.000000 1.000000 -1.000000 0.000000
1.000000 0.850050 1.000000 1.000000 -1.000000 0.000000 0.000000
1.000000 1.139950 1.000000 1.000000 1.000000 0.000000 0.000000
1.000000 0.870050 1.129950 1.000000 -1.000000 1.000000 0.000000
1.000000 1.000000 1.119950 1.000000 0.000000 1.000000 0.000000
1.000000 1.109950 1.109950 1.000000 1.000000 1.000000 0.000000
1.000000 0.900050 0.900050 1.099950 -1.000000 -1.000000 1.000000
1.000000 1.000000 0.910050 1.089950 0.000000 -1.000000 1.000000
1.000000 1.079950 0.920050 1.079950 1.000000 -1.000000 1.000000
1.000000 0.930050 1.000000 1.069950 -1.000000 0.000000 1.000000
1.000000 1.000000 1.000000 1.059950 0.000000 0.000000 1.000000
1.000000 1.049950 1.000000 1.049950 1.000000 0.000000 1.000000
1.000000 0.960050 1.039950 1.039950 -1.000000 1.000000 1.000000
1.000000 1.000000 1.029950 1.029950 0.000000 1.000000 1.000000
1.000000 1.019950 1.019950 1.019950 1.000000 1.000000 1.000000
