26
1.000000 1.480050 1.480050 1.480050 -1.000000 -1.000000 -1.000000
1.000000 1.000000 1.490050 1.490050 0.000000 -1.000000 -1.000000
1.000000 0.499950 1.500050 1.500050 1.000000 -1.000000 -1.000000
1.000000 1.510050 1.000000 1.510050 -1.000000 0.000000 -1.000000
1.000000 1.000000 1.000000 1.520050 0.000000 0.000000 -1.000000
1.000000 0.469950 1.000000 1.530050 1.000000 0.000000 -1.000000
1.000000 1.540050 0.459950 1.540050 -1.000000 1.000000 -1.000000
1.000000 1.000000 0.449950 1.550050 0.000000 1.000000 -1.000000
1.000000 0.439950 0.439950 1.560050 1.000000 1.000000 -1.000000
1.000000 1.570050 1.570050 1.000000 -1.000000 -1.000000 0.000000
1.000000 1.000000 1.580050 1.000000 0.000000 -1.000000 0.000000
1.000000 0.409950 1.590050 1.000000 1.000000 -1.000000 0.000000
1.000000 1.600050 1.000000 1.000000 -1.000000 0.000000 0.000000
1.000000 0.389950 1.000000 1.000000 1.000000 0.000000 0.000000
1.000000 1.620050 0.379950 1.000000 -1.000000 1.000000 0.000000
1.000000 1.000000 0.369950 1.000000 0.000000 1.000000 0.000000
1.000000 0.359950 0.359950 1.000000 1.000000 1.000000 0.000000
1.000000 1.650050 1.650050 0.349950 -1.000000 -1.000000 1.000000
1.000000 1.000000 1.660050 0.339950 0.000000 -1.000000 1.000000
1.000000 0.329950 1.670050 0.329950 1.000000 -1.000000 1.000000
1.000000 1.680050 1.000000 0.319950 -1.000000 0.000000 1.000000
1.000000 1.000000 1.000000 0.309950 0.000000 0.000000 1.000000
1.000000 0.299950 1.000000 0.299950 1.000000 0.000000 1.000000
1.000000 1.710050 0.289950 0.289950 -1.000000 1.000000 1.000000
1.000000 1.000000 0.279950 0.279950 0.000000 1.000000 1.000000
1.000000 0.269950 0.269950 0.269950 1.000000 1.000000 1.000000
