26
1.000000 0.780050 0.780050 0.780050 -1.000000 -1.000000 -1.000000
1.000000 1.000000 0.790050 0.790050 0.000000 -1.000000 -1.000000
1.000000 1.199950 0.800050 0.800050 1.000000 -1.000000 -1.000000
1.000000 0.810050 1.000000 0.810050 -1.000000 0.000000 -1.000000
1.000000 1.000000 1.000000 0.820050 0.000000 0.000000 -1.000000
1.000000 1.169950 1.000000 0.830050 1.000000 0.000000 -1.000000
1.000000 0.840050 1.159950 0.840050 -1.000000 1.000000 -1.000000
1.000000 1.000000 1.149950 0.850050 0.000000 1.000000 -1.000000
1.000000 1.139950 1.139950 0.860050 1.000000 1.000000 -1.000000
1.000000 0.870050 0.870050 1.000000 -1.000000 -1.000000 0.000000
1.000000 1.000000 0.880050 1.000000 0.000000 -1.000000 0.000000
1.000000 1.109950 0.890050 1.000000 1.000000 -1.000000 0.000000
1.000000 0.900050 1.000000 1.000000 -1.000000 0.000000 0.000000
1.000000 1.089950 1.000000 1.000000 1.000000 0.000000 0.000000
1.000000 0.920050 1.079950 1.000000 -1.000000 1.000000 0.000000
1.000000 1.000000 1.069950 1.000000 0.000000 1.000000 0.000000
1.000000 1.059950 1.059950 1.000000 1.000000 1.000000 0.000000
1.000000 0.950050 0.950050 1.049950 -1.000000 -1.000000 1.000000
1.000000 1.000000 0.960050 1.039950 0.000000 -1.000000 1.000000
1.000000 1.029950 0.970050 1.029950 1.000000 -1.000000 1.000000
1.000000 0.980050 1.000000 1.019950 -1.000000 0.000000 1.000000
1.000000 1.000000 1.000000 1.009950 0.000000 0.000000 1.000000
1.000000 0.999950 1.000000 0.999950 1.000000 0.000000 1.000000
1.000000 1.010050 0.989950 0.989950 -1.000000 1.000000 1.000000
1.000000 1.000000 0.979950 0.979950 0.000000 1.000000 1.000000
1.000000 0.969950 0.969950 0.969950 1.000000 1.000000 1.000000
