26
1.000000 1.920050 1.920050 1.920050 -1.000000 -1.000000 -1.000000
1.000000 1.000000 1.930050 1.930050 0.000000 -1.000000 -1.000000
1.000000 0.059950 1.940050 1.940050 1.000000 -1.000000 -1.000000
1.000000 1.950050 1.000000 1.950050 -1.000000 0.000000 -1.000000
1.000000 1.000000 1.000000 1.960050 0.000000 0.000000 -1.000000
1.000000 0.029950 1.000000 1.970050 1.000000 0.000000 -1.000000
1.000000 1.980050 0.019950 1.980050 -1.000000 1.000000 -1.000000
1.000000 1.000000 0.009950 1.990050 0.000000 1.000000 -1.000000
1.000000 1.999950 1.999950 0.000050 1.000000 1.000000 -1.000000
1.000000 0.010050 0.010050 1.000000 -1.000000 -1.000000 0.000000
1.000000 1.000000 0.020050 1.000000 0.000000 -1.000000 0.000000
1.000000 1.969950 0.030050 1.000000 1.000000 -1.000000 0.000000
1.000000 0.040050 1.000000 1.000000 -1.000000 0.000000 0.000000
1.000000 1.949950 1.000000 1.000000 1.000000 0.000000 0.000000
1.000000 0.060050 1.939950 1.000000 -1.000000 1.000000 0.000000
1.000000 1.000000 1.929950 1.000000 0.000000 1.000000 0.000000
1.000000 1.919950 1.919950 1.000000 1.000000 1.000000 0.000000
1.000000 0.090050 0.090050 1.909950 -1.000000 -1.000000 1.000000
1.000000 1.000000 0.100050 1.899950 0.000000 -1.000000 1.000000
1.000000 1.889950 0.110050 1.889950 1.000000 -1.000000 1.000000
1.000000 0.120050 1.000000 1.879950 -1.000000 0.000000 1.000000
1.000000 1.000000 1.000000 1.869950 0.000000 0.000000 1.000000
1.000000 1.859950 1.000000 1.859950 1.000000 0.000000 1.000000
1.000000 0.150050 1.849950 1.849950 -1.000000 1.000000 1.000000
1.000000 1.000000 1.839950 1.839950 0.000000 1.000000 1.000000
1.000000 1.829950 1.829950 1.829950 1.000000 1.000000 1.000000
