26
1.000000 0.770050 0.770050 0.770050 -1.000000 -1.000000 -1.000000
1.000000 1.000000 0.780050 0.780050 0.000000 -1.000000 -1.000000
1.000000 1.209950 0.790050 0.790050 1.000000 -1.000000 -1.000000
1.000000 0.800050 1.000000 0.800050 -1.000000 0.000000 -1.000000
1.000000 1.000000 1.000000 0.810050 0.000000 0.000000 -1.000000
1.000000 1.179950 1.000000 0.820050 1.000000 0.000000 -1.000000
1.000000 0.830050 1.169950 0.830050 -1.000000 1.000000 -1.000000
1.000000 1.000000 1.159950 0.840050 0.000000 1.000000 -1.000000
1.000000 1.149950 1.149950 0.850050 1.000000 1.000000 -1.000000
1.000000 0.860050 0.860050 1.000000 -1.000000 -1.000000 0.000000
1.000000 1.000000 0.870050 1.000000 0.000000 -1.000000 0.000000
1.000000 1.119950 0.880050 1.000000 1.000000 -1.000000 0.000000
1.000000 0.890050 1.000000 1.000000 -1.000000 0.000000 0.000000
1.000000 1.099950 1.000000 1.000000 1.000000 0.000000 0.000000
1.000000 0.910050 1.089950 1.000000 -1.000000 1.000000 0.000000
1.000000 1.000000 1.079950 1.000000 0.000000 1.000000 0.000000
1.000000 1.069950 1.069950 1.000000 1.000000 1.000000 0.000000
1.000000 0.940050 0.940050 1.059950 -1.000000 -1.000000 1.000000
1.000000 1.000000 0.950050 1.049950 0.000000 -1.000000 1.000000
1.000000 1.039950 0.960050 1.039950 1.000000 -1.000000 1.000000
1.000000 0.970050 1.000000 1.029950 -1.000000 0.000000 1.000000
1.000000 1.000000 1.000000 1.019950 0.000000 0.000000 1.000000
1.000000 1.009950 1.000000 1.009950 1.000000 0.000000 1.000000
1.000000 1.000050 0.999950 0.999950 -1.000000 1.000000 1.000000
1.000000 1.000000 0.989950 0.989950 0.000000 1.000000 1.000000
1.000000 0.979950 0.979950 0.979950 1.000000 1.000000 1.000000
