26
1.000000 1.630050 1.630050 1.630050 -1.000000 -1.000000 -1.000000
1.000000 1.000000 1.640050 1.640050 0.000000 -1.000000 -1.000000
1.000000 0.349950 1.650050 1.650050 1.000000 -1.000000 -1.000000
1.000000 1.660050 1.000000 1.660050 -1.000000 0.000000 -1.000000
1.000000 1.000000 1.000000 1.670050 0.000000 0.000000 -1.000000
1.000000 0.319950 1.000000 1.680050 1.000000 0.000000 -1.000000
1.000000 1.690050 0.309950 1.690050 -1.000000 1.000000 -1.000000
1.000000 1.000000 0.299950 1.700050 0.000000 1.000000 -1.000000
1.000000 0.289950 0.289950 1.710050 1.000000 1.000000 -1.000000
1.000000 1.720050 1.720050 1.000000 -1.000000 -1.000000 0.000000
1.000000 1.000000 1.730050 1.000000 0.000000 -1.000000 0.000000
1.000000 0.259950 1.740050 1.000000 1.000000 -1.000000 0.000000
1.000000 1.750050 1.000000 1.000000 -1.000000 0.000000 0.000000
1.000000 0.239950 1.000000 1.000000 1.000000 0.000000 0.000000
1.000000 1.770050 0.229950 1.000000 -1.000000 1.000000 0.000000
1.000000 1.000000 0.219950 1.000000 0.000000 1.000000 0.000000
1.000000 0.209950 0.209950 1.000000 1.000000 1.000000 0.000000
1.000000 1.800050 1.800050 0.199950 -1.000000 -1.000000 1.000000
1.000000 1.000000 1.810050 0.189950 0.000000 -1.000000 1.000000
1.000000 0.179950 1.820050 0.179950 1.000000 -1.000000 1.000000
1.000000 1.830050 1.000000 0.169950 -1.000000 0.000000 1.000000
1.000000 1.000000 1.000000 0.159950 0.000000 0.000000 1.000000
1.000000 0.149950 1.000000 0.149950 1.000000 0.000000 1.000000
1.000000 1.860050 0.139950 0.139950 -1.000000 1.000000 1.000000
1.000000 1.000000 0.129950 0.129950 0.000000 1.000000 1.000000
1.000000 0.119950 0.119950 0.119950 1.000000 1.000000 1.000000
