26
1.000000 1.260050 1.260050 1.260050 -1.000000 -1.000000 -1.000000
1.000000 1.000000 1.270050 1.270050 0.000000 -1.000000 -1.000000
1.000000 0.719950 1.280050 1.280050 1.000000 -1.000000 -1.000000
1.000000 1.290050 1.000000 1.290050 -1.000000 0.000000 -1.000000
1.000000 1.000000 1.000000 1.300050 0.000000 0.000000 -1.000000
1.000000 0.689950 1.000000 1.310050 1.000000 0.000000 -1.000000
1.000000 1.320050 0.679950 1.320050 -1.000000 1.000000 -1.000000
1.000000 1.000000 0.669950 1.330050 0.000000 1.000000 -1.000000
1.000000 0.659950 0.659950 1.340050 1.000000 1.000000 -1.000000
1.000000 1.350050 1.350050 1.000000 -1.000000 -1.000000 0.000000
1.000000 1.000000 1.360050 1.000000 0.000000 -1.000000 0.000000
1.000000 0.629950 1.370050 1.000000 1.000000 -1.000000 0.000000
1.000000 1.380050 1.000000 1.000000 -1.000000 0.000000 0.000000
1.000000 0.609950 1.000000 1.000000 1.000000 0.000000 0.000000
1.000000 1.400050 0.599950 1.000000 -1.000000 1.000000 0.000000
1.000000 1.000000 0.589950 1.000000 0.000000 1.000000 0.000000
1.000000 0.579950 0.579950 1.000000 1.000000 1.000000 0.000000
1.000000 1.430050 1.430050 0.569950 -1.000000 -1.000000 1.000000
1.000000 1.000000 1.440050 0.559950 0.000000 -1.000000 1.000000
1.000000 0.549950 1.450050 0.549950 1.000000 -1.000000 1.000000
1.000000 1.460050 1.000000 0.539950 -1.000000 0.000000 1.000000
1.000000 1.000000 1.000000 0.529950 0.000000 0.000000 1.000000
1.000000 0.519950 1.000000 0.519950 1.000000 0.000000 1.000000
1.000000 1.490050 0.509950 0.509950 -1.000000 1.000000 1.000000
1.000000 1.000000 0.499950 0.499950 0.000000 1.000000 1.000000
1.000000 0.489950 0.489950 0.489950 1.000000 1.000000 1.000000
