26
1.000000 0.650050 0.650050 0.650050 -1.000000 -1.000000 -1.000000
1.000000 1.000000 0.660050 0.660050 0.000000 -1.000000 -1.000000
1.000000 1.329950 0.670050 0.670050 1.000000 -1.000000 -1.000000
1.000000 0.680050 1.000000 0.680050 -1.000000 0.000000 -1.000000
1.000000 1.000000 1.000000 0.690050 0.000000 0.000000 -1.000000
1.000000 1.299950 1.000000 0.700050 1.000000 0.000000 -1.000000
1.000000 0.710050 1.289950 0.710050 -1.000000 1.000000 -1.000000
1.000000 1.000000 1.279950 0.720050 0.000000 1.000000 -1.000000
1.000000 1.269950 1.269950 0.730050 1.000000 1.000000 -1.000000
1.000000 0.740050 0.740050 1.000000 -1.000000 -1.000000 0.000000
1.000000 1.000000 0.750050 1.000000 0.000000 -1.000000 0.000000
1.000000 1.239950 0.760050 1.000000 1.000000 -1.000000 0.000000
1.000000 0.770050 1.000000 1.000000 -1.000000 0.000000 0.000000
1.000000 1.219950 1.000000 1.000000 1.000000 0.000000 0.000000
1.000000 0.790050 1.209950 1.000000 -1.000000 1.000000 0.000000
1.000000 1.000000 1.199950 1.000000 0.000000 1.000000 0.000000
1.000000 1.189950 1.189950 1.000000 1.000000 1.000000 0.000000
1.000000 0.820050 0.820050 1.179950 -1.000000 -1.000000 1.000000
1.000000 1.000000 0.830050 1.169950 0.000000 -1.000000 1.000000
1.000000 1.159950 0.840050 1.159950 1.000000 -1.000000 1.000000
1.000000 0.850050 1.000000 1.149950 -1.000000 0.000000 1.000000
1.000000 1.000000 1.000000 1.139950 0.000000 0.000000 1.000000
1.000000 1.129950 1.000000 1.129950 1.000000 0.000000 1.000000
1.000000 0.880050 1.119950 1.119950 -1.000000 1.000000 1.000000
1.000000 1.000000 1.109950 1.109950 0.000000 1.000000 1.000000
1.000000 1.099950 1.099950 1.099950 1.000000 1.000000 1.000000
