26
1.000000 0.550050 0.550050 0.550050 -1.000000 -1.000000 -1.000000
1.000000 1.000000 0.560050 0.560050 0.000000 -1.000000 -1.000000
1.000000 1.429950 0.570050 0.570050 1.000000 -1.000000 -1.000000
1.000000 0.580050 1.000000 0.580050 -1.000000 0.000000 -1.000000
1.000000 1.000000 1.000000 0.590050 0.000000 0.000000 -1.000000
1.000000 1.399950 1.000000 0.600050 1.000000 0.000000 -1.000000
1.000000 0.610050 1.389950 0.610050 -1.000000 1.000000 -1.000000
1.000000 1.000000 1.379950 0.620050 0.000000 1.000000 -1.000000
1.000000 1.369950 1.369950 0.630050 1.000000 1.000000 -1.000000
1.000000 0.640050 0.640050 1.000000 -1.000000 -1.000000 0.000000
1.000000 1.000000 0.650050 1.000000 0.000000 -1.000000 0.000000
1.000000 1.339950 0.660050 1.000000 1.000000 -1.000000 0.000000
1.000000 0.670050 1.000000 1.000000 -1.000000 0.000000 0.000000
1.000000 1.319950 1.000000 1.000000 1.000000 0.000000 0.000000
1.000000 0.690050 1.309950 1.000000 -1.000000 1.000000 0.000000
1.000000 1.000000 1.299950 1.000000 0.000000 1.000000 0.000000
1.000000 1.289950 1.289950 1.000000 1.000000 1.000000 0.000000
1.000000 0.720050 0.720050 1.279950 -1.000000 -1.000000 1.000000
1.000000 1.000000 0.730050 1.269950 0.000000 -1.000000 1.000000
1.000000 1.259950 0.740050 1.259950 1.000000 -1.000000 1.000000
1.000000 0.750050 1.000000 1.249950 -1.000000 0.000000 1.000000
1.000000 1.000000 1.000000 1.239950 0.000000 0.000000 1.000000
1.000000 1.229950 1.000000 1.229950 1.000000 0.000000 1.000000
1.000000 0.780050 1.219950 1.219950 -1.000000 1.000000 1.000000
1.000000 1.000000 1.209950 1.209950 0.000000 1.000000 1.000000
1.000000 1.199950 1.199950 1.199950 1.000000 1.000000 1.000000
