26
1.000000 0.350050 0.350050 0.350050 -1.000000 -1.000000 -1.000000
1.000000 1.000000 0.360050 0.360050 0.000000 -1.000000 -1.000000
1.000000 1.629950 0.370050 0.370050 1.000000 -1.000000 -1.000000
1.000000 0.380050 1.000000 0.380050 -1.000000 0.000000 -1.000000
1.000000 1.000000 1.000000 0.390050 0.000000 0.000000 -1.000000
1.000000 1.599950 1.000000 0.400050 1.000000 0.000000 -1.000000
1.000000 0.410050 1.589950 0.410050 -1.000000 1.000000 -1.000000
1.000000 1.000000 1.579950 0.420050 0.000000 1.000000 -1.000000
1.000000 1.569950 1.569950 0.430050 1.000000 1.000000 -1.000000
1.000000 0.440050 0.440050 1.000000 -1.000000 -1.000000 0.000000
1.000000 1.000000 0.450050 1.000000 0.000000 -1.000000 0.000000
1.000000 1.539950 0.460050 1.000000 1.000000 -1.000000 0.000000
1.000000 0.470050 1.000000 1.000000 -1.000000 0.000000 0.000000
1.000000 1.519950 1.000000 1.000000 1.000000 0.000000 0.000000
1.000000 0.490050 1.509950 1.000000 -1.000000 1.000000 0.000000
1.000000 1.000000 1.499950 1.000000 0.000000 1.000000 0.000000
1.000000 1.489950 1.489950 1.000000 1.000000 1.000000 0.000000
1.000000 0.520050 0.520050 1.479950 -1.000000 -1.000000 1.000000
1.000000 1.000000 0.530050 1.469950 0.000000 -1.000000 1.000000
1.000000 1.459950 0.540050 1.459950 1.000000 -1.000000 1.000000
1.000000 0.550050 1.000000 1.449950 -1.000000 0.000000 1.000000
1.000000 1.000000 1.000000 1.439950 0.000000 0.000000 1.000000
1.000000 1.429950 1.000000 1.429950 1.000000 0.000000 1.000000
1.000000 0.580050 1.419950 1.419950 -1.000000 1.000000 1.000000
1.000000 1.000000 1.409950 1.409950 0.000000 1.000000 1.000000
1.000000 1.399950 1.399950 1.399950 1.000000 1.000000 1.000000
