26
1.000000 1.080050 1.080050 1.080050 -1.000000 -1.000000 -1.000000
1.000000 1.000000 1.090050 1.090050 0.000000 -1.000000 -1.000000
1.000000 0.899950 1.100050 1.100050 1.000000 -1.000000 -1.000000
1.000000 1.110050 1.000000 1.110050 -1.000000 0.000000 -1.000000
1.000000 1.000000 1.000000 1.120050 0.000000 0.000000 -1.000000
1.000000 0.869950 1.000000 1.130050 1.000000 0.000000 -1.000000
1.000000 1.140050 0.859950 1.140050 -1.000000 1.000000 -1.000000
1.000000 1.000000 0.849950 1.150050 0.000000 1.000000 -1.000000
1.000000 0.839950 0.839950 1.160050 1.000000 1.000000 -1.000000
1.000000 1.170050 1.170050 1.000000 -1.000000 -1.000000 0.000000
1.000000 1.000000 1.180050 1.000000 0.000000 -1.000000 0.000000
1.000000 0.809950 1.190050 1.000000 1.000000 -1.000000 0.000000
1.000000 1.200050 1.000000 1.000000 -1.000000 0.000000 0.000000
1.000000 0.789950 1.000000 1.000000 1.000000 0.000000 0.000000
1.000000 1.220050 0.779950 1.000000 -1.000000 1.000000 0.000000
1.000000 1.000000 0.769950 1.000000 0.000000 1.000000 0.000000
1.000000 0.759950 0.759950 1.000000 1.000000 1.000000 0.000000
1.000000 1.250050 1.250050 0.749950 -1.000000 -1.000000 1.000000
1.000000 1.000000 1.260050 0.739950 0.000000 -1.000000 1.000000
1.000000 0.729950 1.270050 0.729950 1.000000 -1.000000 1.000000
1.000000 1.280050 1.000000 0.719950 -1.000000 0.000000 1.000000
1.000000 1.000000 1.000000 0.709950 0.000000 0.000000 1.000000
1.000000 0.699950 1.000000 0.699950 1.000000 0.000000 1.000000
1.000000 1.310050 0.689950 0.689950 -1.000000 1.000000 1.000000
1.000000 1.000000 0.679950 0.679950 0.000000 1.000000 1.000000
1.000000 0.669950 0.669950 0.669950 1.000000 1.000000 1.000000
