26
1.000000 0.030050 0.030050 0.030050 -1.000000 -1.000000 -1.000000
1.000000 1.000000 0.040050 0.040050 0.000000 -1.000000 -1.000000
1.000000 1.949950 0.050050 0.050050 1.000000 -1.000000 -1.000000
1.000000 0.060050 1.000000 0.060050 -1.000000 0.000000 -1.000000
1.000000 1.000000 1.000000 0.070050 0.000000 0.000000 -1.000000
1.000000 1.919950 1.000000 0.080050 1.000000 0.000000 -1.000000
1.000000 0.090050 1.909950 0.090050 -1.000000 1.000000 -1.000000
1.000000 1.000000 1.899950 0.100050 0.000000 1.000000 -1.000000
1.000000 1.889950 1.889950 0.110050 1.000000 1.000000 -1.000000
1.000000 0.120050 0.120050 1.000000 -1.000000 -1.000000 0.000000
1.000000 1.000000 0.130050 1.000000 0.000000 -1.000000 0.000000
1.000000 1.859950 0.140050 1.000000 1.000000 -1.000000 0.000000
1.000000 0.150050 1.000000 1.000000 -1.000000 0.000000 0.000000
1.000000 1.839950 1.000000 1.000000 1.000000 0.000000 0.000000
1.000000 0.170050 1.829950 1.000000 -1.000000 1.000000 0.000000
1.000000 1.000000 1.819950 1.000000 0.000000 1.000000 0.000000
1.000000 1.809950 1.809950 1.000000 1.000000 1.000000 0.000000
1.000000 0.200050 0.200050 1.799950 -1.000000 -1.000000 1.000000
1.000000 1.000000 0.210050 1.789950 0.000000 -1.000000 1.000000
1.000000 1.779950 0.220050 1.779950 1.000000 -1.000000 1.000000
1.000000 0.230050 1.000000 1.769950 -1.000000 0.000000 1.000000
1.000000 1.000000 1.000000 1.759950 0.000000 0.000000 1.000000
1.000000 1.749950 1.000000 1.749950 1.000000 0.000000 1.000000
1.000000 0.260050 1.739950 1.739950 -1.000000 1.000000 1.000000
1.000000 1.000000 1.729950 1.729950 0.000000 1.000000 1.000000
1.000000 1.719950 1.719950 1.719950 1.000000 1.000000 1.000000
