26
1.000000 1.030050 1.030050 1.030050 -1.000000 -1.000000 -1.000000
1.000000 1.000000 1.040050 1.040050 0.000000 -1.000000 -1.000000
1.000000 0.949950 1.050050 1.050050 1.000000 -1.000000 -1.000000
1.000000 1.060050 1.000000 1.060050 -1.000000 0.000000 -1.000000
1.000000 1.000000 1.000000 1.070050 0.000000 0.000000 -1.000000
1.000000 0.919950 1.000000 1.080050 1.000000 0.000000 -1.000000
1.000000 1.090050 0.909950 1.090050 -1.000000 1.000000 -1.000000
1.000000 1.000000 0.899950 1.100050 0.000000 1.000000 -1.000000
1.000000 0.889950 0.889950 1.110050 1.000000 1.000000 -1.000000
1.000000 1.120050 1.120050 1.000000 -1.000000 -1.000000 0.000000
1.000000 1.000000 1.130050 1.000000 0.000000 -1.000000 0.000000
1.000000 0.859950 1.140050 1.000000 1.000000 -1.000000 0.000000
1.000000 1.150050 1.000000 1.000000 -1.000000 0.000000 0.000000
1.000000 0.839950 1.000000 1.000000 1.000000 0.000000 0.000000
1.000000 1.170050 0.829950 1.000000 -1.000000 1.000000 0.000000
1.000000 1.000000 0.819950 1.000000 0.000000 1.000000 0.000000
1.000000 0.809950 0.809950 1.000000 1.000000 1.000000 0.000000
1.000000 1.200050 1.200050 0.799950 -1.000000 -1.000000 1.000000
1.000000 1.000000 1.210050 0.789950 0.000000 -1.000000 1.000000
1.000000 0.779950 1.220050 0.779950 1.000000 -1.000000 1.000000
1.000000 1.230050 1.000000 0.769950 -1.000000 0.000000 1.000000
1.000000 1.000000 1.000000 0.759950 0.000000 0.000000 1.000000
1.000000 0.749950 1.000000 0.749950 1.000000 0.000000 1.000000
1.000000 1.260050 0.739950 0.739950 -1.000000 1.000000 1.000000
1.000000 1.000000 0.729950 0.729950 0.000000 1.000000 1.000000
1.000000 0.719950 0.719950 0.719950 1.000000 1.000000 1.000000
