26
1.000000 0.150050 0.150050 0.150050 -1.000000 -1.000000 -1.000000
1.000000 1.000000 0.160050 0.160050 0.000000 -1.000000 -1.000000
1.000000 1.829950 0.170050 0.170050 1.000000 -1.000000 -1.000000
1.000000 0.180050 1.000000 0.180050 -1.000000 0.000000 -1.000000
1.000000 1.000000 1.000000 0.190050 0.000000 0.000000 -1.000000
1.000000 1.799950 1.000000 0.200050 1.000000 0.000000 -1.000000
1.000000 0.210050 1.789950 0.210050 -1.000000 1.000000 -1.000000
1.000000 1.000000 1.779950 0.220050 0.000000 1.000000 -1.000000
1.000000 1.769950 1.769950 0.230050 1.000000 1.000000 -1.000000
1.000000 0.240050 0.240050 1.000000 -1.000000 -1.000000 0.000000
1.000000 1.000000 0.250050 1.000000 0.000000 -1.000000 0.000000
1.000000 1.739950 0.260050 1.000000 1.000000 -1.000000 0.000000
1.000000 0.270050 1.000000 1.000000 -1.000000 0.000000 0.000000
1.000000 1.719950 1.000000 1.000000 1.000000 0.000000 0.000000
1.000000 0.290050 1.709950 1.000000 -1.000000 1.000000 0.000000
1.000000 1.000000 1.699950 1.000000 0.000000 1.000000 0.000000
1.000000 1.689950 1.689950 1.000000 1.000000 1.000000 0.000000
1.000000 0.320050 0.320050 1.679950 -1.000000 -1.000000 1.000000
1.000000 1.000000 0.330050 1.669950 0.000000 -1.000000 1.000000
1.000000 1.659950 0.340050 1.659950 1.000000 -1.000000 1.000000
1.000000 0.350050 1.000000 1.649950 -1.000000 0.000000 1.000000
1.000000 1.000000 1.000000 1.639950 0.000000 0.000000 1.000000
1.000000 1.629950 1.000000 1.629950 1.000000 0.000000 1.000000
1.000000 0.380050 1.619950 1.619950 -1.000000 1.000000 1.000000
1.000000 1.000000 1.609950 1.609950 0.000000 1.000000 1.000000
1.000000 1.599950 1.599950 1.599950 1.000000 1.000000 1.000000
