26
1.000000 1.190050 1.190050 1.190050 -1.000000 -1.000000 -1.000000
1.000000 1.000000 1.200050 1.200050 0.000000 -1.000000 -1.000000
1.000000 0.789950 1.210050 1.210050 1.000000 -1.000000 -1.000000
1.000000 1.220050 1.000000 1.220050 -1.000000 0.000000 -1.000000
1.000000 1.000000 1.000000 1.230050 0.000000 0.000000 -1.000000
1.000000 0.759950 1.000000 1.240050 1.000000 0.000000 -1.000000
1.000000 1.250050 0.749950 1.250050 -1.000000 1.000000 -1.000000
1.000000 1.000000 0.739950 1.260050 0.000000 1.000000 -1.000000
1.000000 0.729950 0.729950 1.270050 1.000000 1.000000 -1.000000
1.000000 1.280050 1.280050 1.000000 -1.000000 -1.000000 0.000000
1.000000 1.000000 1.290050 1.000000 0.000000 -1.000000 0.000000
1.000000 0.699950 1.300050 1.000000 1.000000 -1.000000 0.000000
1.000000 1.310050 1.000000 1.000000 -1.000000 0.000000 0.000000
1.000000 0.679950 1.000000 1.000000 1.000000 0.000000 0.000000
1.000000 1.330050 0.669950 1.000000 -1.000000 1.000000 0.000000
1.000000 1.000000 0.659950 1.000000 0.000000 1.000000 0.000000
1.000000 0.649950 0.649950 1.000000 1.000000 1.000000 0.000000
1.000000 1.360050 1.360050 0.639950 -1.000000 -1.000000 1.000000
1.000000 1.000000 1.370050 0.629950 0.000000 -1.000000 1.000000
1.000000 0.619950 1.380050 0.619950 1.000000 -1.000000 1.000000
1.000000 1.390050 1.000000 0.609950 -1.000000 0.000000 1.000000
1.000000 1.000000 1.000000 0.599950 0.000000 0.000000 1.000000
1.000000 0.589950 1.000000 0.589950 1.000000 0.000000 1.000000
1.000000 1.420050 0.579950 0.579950 -1.000000 1.000000 1.000000
1.000000 1.000000 0.569950 0.569950 0.000000 1.000000 1.000000
1.000000 0.559950 0.559950 0.559950 1.000000 1.000000 1.000000
