26
1.000000 0.600050 0.600050 0.600050 -1.000000 -1.000000 -1.000000
1.000000 1.000000 0.610050 0.610050 0.000000 -1.000000 -1.000000
1.000000 1.379950 0.620050 0.620050 1.000000 -1.000000 -1.000000
1.000000 0.630050 1.000000 0.630050 -1.000000 0.000000 -1.000000
1.000000 1.000000 1.000000 0.640050 0.000000 0.000000 -1.000000
1.000000 1.349950 1.000000 0.650050 1.000000 0.000000 -1.000000
1.000000 0.660050 1.339950 0.660050 -1.000000 1.000000 -1.000000
1.000000 1.000000 1.329950 0.670050 0.000000 1.000000 -1.000000
1.000000 1.319950 1.319950 0.680050 1.000000 1.000000 -1.000000
1.000000 0.690050 0.690050 1.000000 -1.000000 -1.000000 0.000000
1.000000 1.000000 0.700050 1.000000 0.000000 -1.000000 0.000000
1.000000 1.289950 0.710050 1.000000 1.000000 -1.000000 0.000000
1.000000 0.720050 1.000000 1.000000 -1.000000 0.000000 0.000000
1.000000 1.269950 1.000000 1.000000 1.000000 0.000000 0.000000
1.000000 0.740050 1.259950 1.000000 -1.000000 1.000000 0.000000
1.000000 1.000000 1.249950 1.000000 0.000000 1.000000 0.000000
1.000000 1.239950 1.239950 1.000000 1.000000 1.000000 0.000000
1.000000 0.770050 0.770050 1.229950 -1.000000 -1.000000 1.000000
1.000000 1.000000 0.780050 1.219950 0.000000 -1.000000 1.000000
1.000000 1.209950 0.790050 1.209950 1.000000 -1.000000 1.000000
1.000000 0.800050 1.000000 1.199950 -1.000000 0.000000 1.000000
1.000000 1.000000 1.000000 1.189950 0.000000 0.000000 1.000000
1.000000 1.179950 1.000000 1.179950 1.000000 0.000000 1.000000
1.000000 0.830050 1.169950 1.169950 -1.000000 1.000000 1.000000
1.000000 1.000000 1.159950 1.159950 0.000000 1.000000 1.000000
1.000000 1.149950 1.149950 1.149950 1.000000 1.000000 1.000000
