1250
1.000000 31.122462 1.122462 4.000000 -10.000000 0.000000 0.000000
1.000000 31.122462 2.244924 4.000000 -10.000000 0.000000 0.000000
1.000000 31.122462 3.367386 4.000000 -10.000000 0.000000 0.000000
1.000000 31.122462 4.489848 4.000000 -10.000000 0.000000 0.000000
1.000000 31.122462 5.612310 4.000000 -10.000000 0.000000 0.000000
1.000000 31.122462 6.734772 4.000000 -10.000000 0.000000 0.000000
1.000000 31.122462 7.857234 4.000000 -10.000000 0.000000 0.000000
1.000000 31.122462 8.979696 4.000000 -10.000000 0.000000 0.000000
1.000000 31.122462 10.102158 4.000000 -10.000000 0.000000 0.000000
1.000000 31.122462 11.224620 4.000000 -10.000000 0.000000 0.000000
1.000000 31.122462 12.347083 4.000000 -10.000000 0.000000 0.000000
1.000000 31.122462 13.469545 4.000000 -10.000000 0.000000 0.000000
1.000000 31.122462 14.592007 4.000000 -10.000000 0.000000 0.000000
1.000000 31.122462 15.714469 4.000000 -10.000000 0.000000 0.000000
1.000000 31.122462 16.836931 4.000000 -10.000000 0.000000 0.000000
1.000000 31.122462 17.959393 4.000000 -10.000000 0.000000 0.000000
1.000000 31.122462 19.081855 4.000000 -10.000000 0.000000 0.000000
1.000000 31.122462 20.204317 4.000000 -10.000000 0.000000 0.000000
1.000000 31.122462 21.326779 4.000000 -10.000000 0.000000 0.000000
1.000000 31.122462 22.449241 4.000000 -10.000000 0.000000 0.000000
1.000000 31.122462 23.571703 4.000000 -10.000000 0.000000 0.000000
1.000000 31.122462 24.694165 4.000000 -10.000000 0.000000 0.000000
1.000000 31.122462 25.816627 4.000000 -10.000000 0.000000 0.000000
1.000000 31.122462 26.939089 4.000000 -10.000000 0.000000 0.000000
1.000000 31.122462 28.061551 4.000000 -10.000000 0.000000 0.000000
1.000000 32.244924 1.122462 4.000000 -10.000000 0.000000 0.000000
1.000000 32.244924 2.244924 4.000000 -10.000000 0.000000 0.000000
1.000000 32.244924 3.367386 4.000000 -10.000000 0.000000 0.000000
1.000000 32.244924 4.489848 4.000000 -10.000000 0.000000 0.000000
1.000000 32.244924 5.612310 4.000000 -10.000000 0.000000 0.000000
1.000000 32.244924 6.734772 4.000000 -10.000000 0.000000 0.000000
1.000000 32.244924 7.857234 4.000000 -10.000000 0.000000 0.000000
1.000000 32.244924 8.979696 4.000000 -10.000000 0.000000 0.000000
1.000000 32.244924 10.102158 4.000000 -10.000000 0.000000 0.000000
1.000000 32.244924 11.224620 4.000000 -10.000000 0.000000 0.000000
1.000000 32.244924 12.347083 4.000000 -10.000000 0.000000 0.000000
1.000000 32.244924 13.469545 4.000000 -10.000000 0.000000 0.000000
1.000000 32.244924 14.592007 4.000000 -10.000000 0.000000 0.000000
1.000000 32.244924 15.714469 4.000000 -10.000000 0.000000 0.000000
1.000000 32.244924 16.836931 4.000000 -10.000000 0.000000 0.000000
1.000000 32.244924 17.959393 4.000000 -10.000000 0.000000 0.000000
1.000000 32.244924 19.081855 4.000000 -10.000000 0.000000 0.000000
1.000000 32.244924 20.204317 4.000000 -10.000000 0.000000 0.000000
1.000000 32.244924 21.326779 4.000000 -10.000000 0.000000 0.000000
1.000000 32.244924 22.449241 4.000000 -10.000000 0.000000 0.000000
1.000000 32.244924 23.571703 4.000000 -10.000000 0.000000 0.000000
1.000000 32.244924 24.694165 4.000000 -10.000000 0.000000 0.000000
1.000000 32.244924 25.816627 4.000000 -10.000000 0.000000 0.000000
1.000000 32.244924 26.939089 4.000000 -10.000000 0.000000 0.000000
1.000000 32.244924 28.061551 4.000000 -10.000000 0.000000 0.000000
1.000000 33.367386 1.122462 4.000000 -10.000000 0.000000 0.000000
1.000000 33.367386 2.244924 4.000000 -10.000000 0.000000 0.000000
1.000000 33.367386 3.367386 4.000000 -10.000000 0.000000 0.000000
1.000000 33.367386 4.489848 4.000000 -10.000000 0.000000 0.000000
1.000000 33.367386 5.612310 4.000000 -10.000000 0.000000 0.000000
1.000000 33.367386 6.734772 4.000000 -10.000000 0.000000 0.000000
1.000000 33.367386 7.857234 4.000000 -10.000000 0.000000 0.000000
1.000000 33.367386 8.979696 4.000000 -10.000000 0.000000 0.000000
1.000000 33.367386 10.102158 4.000000 -10.000000 0.000000 0.000000
1.000000 33.367386 11.224620 4.000000 -10.000000 0.000000 0.000000
1.000000 33.367386 12.347083 4.000000 -10.000000 0.000000 0.000000
1.000000 33.367386 13.469545 4.000000 -10.000000 0.000000 0.000000
1.000000 33.367386 14.592007 4.000000 -10.000000 0.000000 0.000000
1.000000 33.367386 15.714469 4.000000 -10.000000 0.000000 0.000000
1.000000 33.367386 16.836931 4.000000 -10.000000 0.000000 0.000000
1.000000 33.367386 17.959393 4.000000 -10.000000 0.000000 0.000000
1.000000 33.367386 19.081855 4.000000 -10.000000 0.000000 0.000000
1.000000 33.367386 20.204317 4.000000 -10.000000 0.000000 0.000000
1.000000 33.367386 21.326779 4.000000 -10.000000 0.000000 0.000000
1.000000 33.367386 22.449241 4.000000 -10.000000 0.000000 0.000000
1.000000 33.367386 23.571703 4.000000 -10.000000 0.000000 0.000000
1.000000 33.367386 24.694165 4.000000 -10.000000 0.000000 0.000000
1.000000 33.367386 25.816627 4.000000 -10.000000 0.000000 0.000000
1.000000 33.367386 26.939089 4.000000 -10.000000 0.000000 0.000000
1.000000 33.367386 28.061551 4.000000 -10.000000 0.000000 0.000000
1.000000 34.489848 1.122462 4.000000 -10.000000 0.000000 0.000000
1.000000 34.489848 2.244924 4.000000 -10.000000 0.000000 0.000000
1.000000 34.489848 3.367386 4.000000 -10.000000 0.000000 0.000000
1.000000 34.489848 4.489848 4.000000 -10.000000 0.000000 0.000000
1.000000 34.489848 5.612310 4.000000 -10.000000 0.000000 0.000000
1.000000 34.489848 6.734772 4.000000 -10.000000 0.000000 0.000000
1.000000 34.489848 7.857234 4.000000 -10.000000 0.000000 0.000000
1.000000 34.489848 8.979696 4.000000 -10.000000 0.000000 0.000000
1.000000 34.489848 10.102158 4.000000 -10.000000 0.000000 0.000000
1.000000 34.489848 11.224620 4.000000 -10.000000 0.000000 0.000000
1.000000 34.489848 12.347083 4.000000 -10.000000 0.000000 0.000000
1.000000 34.489848 13.469545 4.000000 -10.000000 0.000000 0.000000
1.000000 34.489848 14.592007 4.000000 -10.000000 0.000000 0.000000
1.000000 34.489848 15.714469 4.000000 -10.000000 0.000000 0.000000
1.000000 34.489848 16.836931 4.000000 -10.000000 0.000000 0.000000
1.000000 34.489848 17.959393 4.000000 -10.000000 0.000000 0.000000
1.000000 34.489848 19.081855 4.000000 -10.000000 0.000000 0.000000
1.000000 34.489848 20.204317 4.000000 -10.000000 0.000000 0.000000
1.000000 34.489848 21.326779 4.000000 -10.000000 0.000000 0.000000
1.000000 34.489848 22.449241 4.000000 -10.000000 0.000000 0.000000
1.000000 34.489848 23.571703 4.000000 -10.000000 0.000000 0.000000
1.000000 34.489848 24.694165 4.000000 -10.000000 0.000000 0.000000
1.000000 34.489848 25.816627 4.000000 -10.000000 0.000000 0.000000
1.000000 34.489848 26.939089 4.000000 -10.000000 0.000000 0.000000
1.000000 34.489848 28.061551 4.000000 -10.000000 0.000000 0.000000
1.000000 35.612310 1.122462 4.000000 -10.000000 0.000000 0.000000
1.000000 35.612310 2.244924 4.000000 -10.000000 0.000000 0.000000
1.000000 35.612310 3.367386 4.000000 -10.000000 0.000000 0.000000
1.000000 35.612310 4.489848 4.000000 -10.000000 0.000000 0.000000
1.000000 35.612310 5.612310 4.000000 -10.000000 0.000000 0.000000
1.000000 35.612310 6.734772 4.000000 -10.000000 0.000000 0.000000
1.000000 35.612310 7.857234 4.000000 -10.000000 0.000000 0.000000
1.000000 35.612310 8.979696 4.000000 -10.000000 0.000000 0.000000
1.000000 35.612310 10.102158 4.000000 -10.000000 0.000000 0.000000
1.000000 35.612310 11.224620 4.000000 -10.000000 0.000000 0.000000
1.000000 35.612310 12.347083 4.000000 -10.000000 0.000000 0.000000
1.000000 35.612310 13.469545 4.000000 -10.000000 0.000000 0.000000
1.000000 35.612310 14.592007 4.000000 -10.000000 0.000000 0.000000
1.000000 35.612310 15.714469 4.000000 -10.000000 0.000000 0.000000
1.000000 35.612310 16.836931 4.000000 -10.000000 0.000000 0.000000
1.000000 35.612310 17.959393 4.000000 -10.000000 0.000000 0.000000
1.000000 35.612310 19.081855 4.000000 -10.000000 0.000000 0.000000
1.000000 35.612310 20.204317 4.000000 -10.000000 0.000000 0.000000
1.000000 35.612310 21.326779 4.000000 -10.000000 0.000000 0.000000
1.000000 35.612310 22.449241 4.000000 -10.000000 0.000000 0.000000
1.000000 35.612310 23.571703 4.000000 -10.000000 0.000000 0.000000
1.000000 35.612310 24.694165 4.000000 -10.000000 0.000000 0.000000
1.000000 35.612310 25.816627 4.000000 -10.000000 0.000000 0.000000
1.000000 35.612310 26.939089 4.000000 -10.000000 0.000000 0.000000
1.000000 35.612310 28.061551 4.000000 -10.000000 0.000000 0.000000
1.000000 36.734772 1.122462 4.000000 -10.000000 0.000000 0.000000
1.000000 36.734772 2.244924 4.000000 -10.000000 0.000000 0.000000
1.000000 36.734772 3.367386 4.000000 -10.000000 0.000000 0.000000
1.000000 36.734772 4.489848 4.000000 -10.000000 0.000000 0.000000
1.000000 36.734772 5.612310 4.000000 -10.000000 0.000000 0.000000
1.000000 36.734772 6.734772 4.000000 -10.000000 0.000000 0.000000
1.000000 36.734772 7.857234 4.000000 -10.000000 0.000000 0.000000
1.000000 36.734772 8.979696 4.000000 -10.000000 0.000000 0.000000
1.000000 36.734772 10.102158 4.000000 -10.000000 0.000000 0.000000
1.000000 36.734772 11.224620 4.000000 -10.000000 0.000000 0.000000
1.000000 36.734772 12.347083 4.000000 -10.000000 0.000000 0.000000
1.000000 36.734772 13.469545 4.000000 -10.000000 0.000000 0.000000
1.000000 36.734772 14.592007 4.000000 -10.000000 0.000000 0.000000
1.000000 36.734772 15.714469 4.000000 -10.000000 0.000000 0.000000
1.000000 36.734772 16.836931 4.000000 -10.000000 0.000000 0.000000
1.000000 36.734772 17.959393 4.000000 -10.000000 0.000000 0.000000
1.000000 36.734772 19.081855 4.000000 -10.000000 0.000000 0.000000
1.000000 36.734772 20.204317 4.000000 -10.000000 0.000000 0.000000
1.000000 36.734772 21.326779 4.000000 -10.000000 0.000000 0.000000
1.000000 36.734772 22.449241 4.000000 -10.000000 0.000000 0.000000
1.000000 36.734772 23.571703 4.000000 -10.000000 0.000000 0.000000
1.000000 36.734772 24.694165 4.000000 -10.000000 0.000000 0.000000
1.000000 36.734772 25.816627 4.000000 -10.000000 0.000000 0.000000
1.000000 36.734772 26.939089 4.000000 -10.000000 0.000000 0.000000
1.000000 36.734772 28.061551 4.000000 -10.000000 0.000000 0.000000
1.000000 37.857234 1.122462 4.000000 -10.000000 0.000000 0.000000
1.000000 37.857234 2.244924 4.000000 -10.000000 0.000000 0.000000
1.000000 37.857234 3.367386 4.000000 -10.000000 0.000000 0.000000
1.000000 37.857234 4.489848 4.000000 -10.000000 0.000000 0.000000
1.000000 37.857234 5.612310 4.000000 -10.000000 0.000000 0.000000
1.000000 37.857234 6.734772 4.000000 -10.000000 0.000000 0.000000
1.000000 37.857234 7.857234 4.000000 -10.000000 0.000000 0.000000
1.000000 37.857234 8.979696 4.000000 -10.000000 0.000000 0.000000
1.000000 37.857234 10.102158 4.000000 -10.000000 0.000000 0.000000
1.000000 37.857234 11.224620 4.000000 -10.000000 0.000000 0.000000
1.000000 37.857234 12.347083 4.000000 -10.000000 0.000000 0.000000
1.000000 37.857234 13.469545 4.000000 -10.000000 0.000000 0.000000
1.000000 37.857234 14.592007 4.000000 -10.000000 0.000000 0.000000
1.000000 37.857234 15.714469 4.000000 -10.000000 0.000000 0.000000
1.000000 37.857234 16.836931 4.000000 -10.000000 0.000000 0.000000
1.000000 37.857234 17.959393 4.000000 -10.000000 0.000000 0.000000
1.000000 37.857234 19.081855 4.000000 -10.000000 0.000000 0.000000
1.000000 37.857234 20.204317 4.000000 -10.000000 0.000000 0.000000
1.000000 37.857234 21.326779 4.000000 -10.000000 0.000000 0.000000
1.000000 37.857234 22.449241 4.000000 -10.000000 0.000000 0.000000
1.000000 37.857234 23.571703 4.000000 -10.000000 0.000000 0.000000
1.000000 37.857234 24.694165 4.000000 -10.000000 0.000000 0.000000
1.000000 37.857234 25.816627 4.000000 -10.000000 0.000000 0.000000
1.000000 37.857234 26.939089 4.000000 -10.000000 0.000000 0.000000
1.000000 37.857234 28.061551 4.000000 -10.000000 0.000000 0.000000
1.000000 38.979696 1.122462 4.000000 -10.000000 0.000000 0.000000
1.000000 38.979696 2.244924 4.000000 -10.000000 0.000000 0.000000
1.000000 38.979696 3.367386 4.000000 -10.000000 0.000000 0.000000
1.000000 38.979696 4.489848 4.000000 -10.000000 0.000000 0.000000
1.000000 38.979696 5.612310 4.000000 -10.000000 0.000000 0.000000
1.000000 38.979696 6.734772 4.000000 -10.000000 0.000000 0.000000
1.000000 38.979696 7.857234 4.000000 -10.000000 0.000000 0.000000
1.000000 38.979696 8.979696 4.000000 -10.000000 0.000000 0.000000
1.000000 38.979696 10.102158 4.000000 -10.000000 0.000000 0.000000
1.000000 38.979696 11.224620 4.000000 -10.000000 0.000000 0.000000
1.000000 38.979696 12.347083 4.000000 -10.000000 0.000000 0.000000
1.000000 38.979696 13.469545 4.000000 -10.000000 0.000000 0.000000
1.000000 38.979696 14.592007 4.000000 -10.000000 0.000000 0.000000
1.000000 38.979696 15.714469 4.000000 -10.000000 0.000000 0.000000
1.000000 38.979696 16.836931 4.000000 -10.000000 0.000000 0.000000
1.000000 38.979696 17.959393 4.000000 -10.000000 0.000000 0.000000
1.000000 38.979696 19.081855 4.000000 -10.000000 0.000000 0.000000
1.000000 38.979696 20.204317 4.000000 -10.000000 0.000000 0.000000
1.000000 38.979696 21.326779 4.000000 -10.000000 0.000000 0.000000
1.000000 38.979696 22.449241 4.000000 -10.000000 0.000000 0.000000
1.000000 38.979696 23.571703 4.000000 -10.000000 0.000000 0.000000
1.000000 38.979696 24.694165 4.000000 -10.000000 0.000000 0.000000
1.000000 38.979696 25.816627 4.000000 -10.000000 0.000000 0.000000
1.000000 38.979696 26.939089 4.000000 -10.000000 0.000000 0.000000
1.000000 38.979696 28.061551 4.000000 -10.000000 0.000000 0.000000
1.000000 40.102158 1.122462 4.000000 -10.000000 0.000000 0.000000
1.000000 40.102158 2.244924 4.000000 -10.000000 0.000000 0.000000
1.000000 40.102158 3.367386 4.000000 -10.000000 0.000000 0.000000
1.000000 40.102158 4.489848 4.000000 -10.000000 0.000000 0.000000
1.000000 40.102158 5.612310 4.000000 -10.000000 0.000000 0.000000
1.000000 40.102158 6.734772 4.000000 -10.000000 0.000000 0.000000
1.000000 40.102158 7.857234 4.000000 -10.000000 0.000000 0.000000
1.000000 40.102158 8.979696 4.000000 -10.000000 0.000000 0.000000
1.000000 40.102158 10.102158 4.000000 -10.000000 0.000000 0.000000
1.000000 40.102158 11.224620 4.000000 -10.000000 0.000000 0.000000
1.000000 40.102158 12.347083 4.000000 -10.000000 0.000000 0.000000
1.000000 40.102158 13.469545 4.000000 -10.000000 0.000000 0.000000
1.000000 40.102158 14.592007 4.000000 -10.000000 0.000000 0.000000
1.000000 40.102158 15.714469 4.000000 -10.000000 0.000000 0.000000
1.000000 40.102158 16.836931 4.000000 -10.000000 0.000000 0.000000
1.000000 40.102158 17.959393 4.000000 -10.000000 0.000000 0.000000
1.000000 40.102158 19.081855 4.000000 -10.000000 0.000000 0.000000
1.000000 40.102158 20.204317 4.000000 -10.000000 0.000000 0.000000
1.000000 40.102158 21.326779 4.000000 -10.000000 0.000000 0.000000
1.000000 40.102158 22.449241 4.000000 -10.000000 0.000000 0.000000
1.000000 40.102158 23.571703 4.000000 -10.000000 0.000000 0.000000
1.000000 40.102158 24.694165 4.000000 -10.000000 0.000000 0.000000
1.000000 40.102158 25.816627 4.000000 -10.000000 0.000000 0.000000
1.000000 40.102158 26.939089 4.000000 -10.000000 0.000000 0.000000
1.000000 40.102158 28.061551 4.000000 -10.000000 0.000000 0.000000
1.000000 41.224620 1.122462 4.000000 -10.000000 0.000000 0.000000
1.000000 41.224620 2.244924 4.000000 -10.000000 0.000000 0.000000
1.000000 41.224620 3.367386 4.000000 -10.000000 0.000000 0.000000
1.000000 41.224620 4.489848 4.000000 -10.000000 0.000000 0.000000
1.000000 41.224620 5.612310 4.000000 -10.000000 0.000000 0.000000
1.000000 41.224620 6.734772 4.000000 -10.000000 0.000000 0.000000
1.000000 41.224620 7.857234 4.000000 -10.000000 0.000000 0.000000
1.000000 41.224620 8.979696 4.000000 -10.000000 0.000000 0.000000
1.000000 41.224620 10.102158 4.000000 -10.000000 0.000000 0.000000
1.000000 41.224620 11.224620 4.000000 -10.000000 0.000000 0.000000
1.000000 41.224620 12.347083 4.000000 -10.000000 0.000000 0.000000
1.000000 41.224620 13.469545 4.000000 -10.000000 0.000000 0.000000
1.000000 41.224620 14.592007 4.000000 -10.000000 0.000000 0.000000
1.000000 41.224620 15.714469 4.000000 -10.000000 0.000000 0.000000
1.000000 41.224620 16.836931 4.000000 -10.000000 0.000000 0.000000
1.000000 41.224620 17.959393 4.000000 -10.000000 0.000000 0.000000
1.000000 41.224620 19.081855 4.000000 -10.000000 0.000000 0.000000
1.000000 41.224620 20.204317 4.000000 -10.000000 0.000000 0.000000
1.000000 41.224620 21.326779 4.000000 -10.000000 0.000000 0.000000
1.000000 41.224620 22.449241 4.000000 -10.000000 0.000000 0.000000
1.000000 41.224620 23.571703 4.000000 -10.000000 0.000000 0.000000
1.000000 41.224620 24.694165 4.000000 -10.000000 0.000000 0.000000
1.000000 41.224620 25.816627 4.000000 -10.000000 0.000000 0.000000
1.000000 41.224620 26.939089 4.000000 -10.000000 0.000000 0.000000
1.000000 41.224620 28.061551 4.000000 -10.000000 0.000000 0.000000
1.000000 42.347083 1.122462 4.000000 -10.000000 0.000000 0.000000
1.000000 42.347083 2.244924 4.000000 -10.000000 0.000000 0.000000
1.000000 42.347083 3.367386 4.000000 -10.000000 0.000000 0.000000
1.000000 42.347083 4.489848 4.000000 -10.000000 0.000000 0.000000
1.000000 42.347083 5.612310 4.000000 -10.000000 0.000000 0.000000
1.000000 42.347083 6.734772 4.000000 -10.000000 0.000000 0.000000
1.000000 42.347083 7.857234 4.000000 -10.000000 0.000000 0.000000
1.000000 42.347083 8.979696 4.000000 -10.000000 0.000000 0.000000
1.000000 42.347083 10.102158 4.000000 -10.000000 0.000000 0.000000
1.000000 42.347083 11.224620 4.000000 -10.000000 0.000000 0.000000
1.000000 42.347083 12.347083 4.000000 -10.000000 0.000000 0.000000
1.000000 42.347083 13.469545 4.000000 -10.000000 0.000000 0.000000
1.000000 42.347083 14.592007 4.000000 -10.000000 0.000000 0.000000
1.000000 42.347083 15.714469 4.000000 -10.000000 0.000000 0.000000
1.000000 42.347083 16.836931 4.000000 -10.000000 0.000000 0.000000
1.000000 42.347083 17.959393 4.000000 -10.000000 0.000000 0.000000
1.000000 42.347083 19.081855 4.000000 -10.000000 0.000000 0.000000
1.000000 42.347083 20.204317 4.000000 -10.000000 0.000000 0.000000
1.000000 42.347083 21.326779 4.000000 -10.000000 0.000000 0.000000
1.000000 42.347083 22.449241 4.000000 -10.000000 0.000000 0.000000
1.000000 42.347083 23.571703 4.000000 -10.000000 0.000000 0.000000
1.000000 42.347083 24.694165 4.000000 -10.000000 0.000000 0.000000
1.000000 42.347083 25.816627 4.000000 -10.000000 0.000000 0.000000
1.000000 42.347083 26.939089 4.000000 -10.000000 0.000000 0.000000
1.000000 42.347083 28.061551 4.000000 -10.000000 0.000000 0.000000
1.000000 43.469545 1.122462 4.000000 -10.000000 0.000000 0.000000
1.000000 43.469545 2.244924 4.000000 -10.000000 0.000000 0.000000
1.000000 43.469545 3.367386 4.000000 -10.000000 0.000000 0.000000
1.000000 43.469545 4.489848 4.000000 -10.000000 0.000000 0.000000
1.000000 43.469545 5.612310 4.000000 -10.000000 0.000000 0.000000
1.000000 43.469545 6.734772 4.000000 -10.000000 0.000000 0.000000
1.000000 43.469545 7.857234 4.000000 -10.000000 0.000000 0.000000
1.000000 43.469545 8.979696 4.000000 -10.000000 0.000000 0.000000
1.000000 43.469545 10.102158 4.000000 -10.000000 0.000000 0.000000
1.000000 43.469545 11.224620 4.000000 -10.000000 0.000000 0.000000
1.000000 43.469545 12.347083 4.000000 -10.000000 0.000000 0.000000
1.000000 43.469545 13.469545 4.000000 -10.000000 0.000000 0.000000
1.000000 43.469545 14.592007 4.000000 -10.000000 0.000000 0.000000
1.000000 43.469545 15.714469 4.000000 -10.000000 0.000000 0.000000
1.000000 43.469545 16.836931 4.000000 -10.000000 0.000000 0.000000
1.000000 43.469545 17.959393 4.000000 -10.000000 0.000000 0.000000
1.000000 43.469545 19.081855 4.000000 -10.000000 0.000000 0.000000
1.000000 43.469545 20.204317 4.000000 -10.000000 0.000000 0.000000
1.000000 43.469545 21.326779 4.000000 -10.000000 0.000000 0.000000
1.000000 43.469545 22.449241 4.000000 -10.000000 0.000000 0.000000
1.000000 43.469545 23.571703 4.000000 -10.000000 0.000000 0.000000
1.000000 43.469545 24.694165 4.000000 -10.000000 0.000000 0.000000
1.000000 43.469545 25.816627 4.000000 -10.000000 0.000000 0.000000
1.000000 43.469545 26.939089 4.000000 -10.000000 0.000000 0.000000
1.000000 43.469545 28.061551 4.000000 -10.000000 0.000000 0.000000
1.000000 44.592007 1.122462 4.000000 -10.000000 0.000000 0.000000
1.000000 44.592007 2.244924 4.000000 -10.000000 0.000000 0.000000
1.000000 44.592007 3.367386 4.000000 -10.000000 0.000000 0.000000
1.000000 44.592007 4.489848 4.000000 -10.000000 0.000000 0.000000
1.000000 44.592007 5.612310 4.000000 -10.000000 0.000000 0.000000
1.000000 44.592007 6.734772 4.000000 -10.000000 0.000000 0.000000
1.000000 44.592007 7.857234 4.000000 -10.000000 0.000000 0.000000
1.000000 44.592007 8.979696 4.000000 -10.000000 0.000000 0.000000
1.000000 44.592007 10.102158 4.000000 -10.000000 0.000000 0.000000
1.000000 44.592007 11.224620 4.000000 -10.000000 0.000000 0.000000
1.000000 44.592007 12.347083 4.000000 -10.000000 0.000000 0.000000
1.000000 44.592007 13.469545 4.000000 -10.000000 0.000000 0.000000
1.000000 44.592007 14.592007 4.000000 -10.000000 0.000000 0.000000
1.000000 44.592007 15.714469 4.000000 -10.000000 0.000000 0.000000
1.000000 44.592007 16.836931 4.000000 -10.000000 0.000000 0.000000
1.000000 44.592007 17.959393 4.000000 -10.000000 0.000000 0.000000
1.000000 44.592007 19.081855 4.000000 -10.000000 0.000000 0.000000
1.000000 44.592007 20.204317 4.000000 -10.000000 0.000000 0.000000
1.000000 44.592007 21.326779 4.000000 -10.000000 0.000000 0.000000
1.000000 44.592007 22.449241 4.000000 -10.000000 0.000000 0.000000
1.000000 44.592007 23.571703 4.000000 -10.000000 0.000000 0.000000
1.000000 44.592007 24.694165 4.000000 -10.000000 0.000000 0.000000
1.000000 44.592007 25.816627 4.000000 -10.000000 0.000000 0.000000
1.000000 44.592007 26.939089 4.000000 -10.000000 0.000000 0.000000
1.000000 44.592007 28.061551 4.000000 -10.000000 0.000000 0.000000
1.000000 45.714469 1.122462 4.000000 -10.000000 0.000000 0.000000
1.000000 45.714469 2.244924 4.000000 -10.000000 0.000000 0.000000
1.000000 45.714469 3.367386 4.000000 -10.000000 0.000000 0.000000
1.000000 45.714469 4.489848 4.000000 -10.000000 0.000000 0.000000
1.000000 45.714469 5.612310 4.000000 -10.000000 0.000000 0.000000
1.000000 45.714469 6.734772 4.000000 -10.000000 0.000000 0.000000
1.000000 45.714469 7.857234 4.000000 -10.000000 0.000000 0.000000
1.000000 45.714469 8.979696 4.000000 -10.000000 0.000000 0.000000
1.000000 45.714469 10.102158 4.000000 -10.000000 0.000000 0.000000
1.000000 45.714469 11.224620 4.000000 -10.000000 0.000000 0.000000
1.000000 45.714469 12.347083 4.000000 -10.000000 0.000000 0.000000
1.000000 45.714469 13.469545 4.000000 -10.000000 0.000000 0.000000
1.000000 45.714469 14.592007 4.000000 -10.000000 0.000000 0.000000
1.000000 45.714469 15.714469 4.000000 -10.000000 0.000000 0.000000
1.000000 45.714469 16.836931 4.000000 -10.000000 0.000000 0.000000
1.000000 45.714469 17.959393 4.000000 -10.000000 0.000000 0.000000
1.000000 45.714469 19.081855 4.000000 -10.000000 0.000000 0.000000
1.000000 45.714469 20.204317 4.000000 -10.000000 0.000000 0.000000
1.000000 45.714469 21.326779 4.000000 -10.000000 0.000000 0.000000
1.000000 45.714469 22.449241 4.000000 -10.000000 0.000000 0.000000
1.000000 45.714469 23.571703 4.000000 -10.000000 0.000000 0.000000
1.000000 45.714469 24.694165 4.000000 -10.000000 0.000000 0.000000
1.000000 45.714469 25.816627 4.000000 -10.000000 0.000000 0.000000
1.000000 45.714469 26.939089 4.000000 -10.000000 0.000000 0.000000
1.000000 45.714469 28.061551 4.000000 -10.000000 0.000000 0.000000
1.000000 46.836931 1.122462 4.000000 -10.000000 0.000000 0.000000
1.000000 46.836931 2.244924 4.000000 -10.000000 0.000000 0.000000
1.000000 46.836931 3.367386 4.000000 -10.000000 0.000000 0.000000
1.000000 46.836931 4.489848 4.000000 -10.000000 0.000000 0.000000
1.000000 46.836931 5.612310 4.000000 -10.000000 0.000000 0.000000
1.000000 46.836931 6.734772 4.000000 -10.000000 0.000000 0.000000
1.000000 46.836931 7.857234 4.000000 -10.000000 0.000000 0.000000
1.000000 46.836931 8.979696 4.000000 -10.000000 0.000000 0.000000
1.000000 46.836931 10.102158 4.000000 -10.000000 0.000000 0.000000
1.000000 46.836931 11.224620 4.000000 -10.000000 0.000000 0.000000
1.000000 46.836931 12.347083 4.000000 -10.000000 0.000000 0.000000
1.000000 46.836931 13.469545 4.000000 -10.000000 0.000000 0.000000
1.000000 46.836931 14.592007 4.000000 -10.000000 0.000000 0.000000
1.000000 46.836931 15.714469 4.000000 -10.000000 0.000000 0.000000
1.000000 46.836931 16.836931 4.000000 -10.000000 0.000000 0.000000
1.000000 46.836931 17.959393 4.000000 -10.000000 0.000000 0.000000
1.000000 46.836931 19.081855 4.000000 -10.000000 0.000000 0.000000
1.000000 46.836931 20.204317 4.000000 -10.000000 0.000000 0.000000
1.000000 46.836931 21.326779 4.000000 -10.000000 0.000000 0.000000
1.000000 46.836931 22.449241 4.000000 -10.000000 0.000000 0.000000
1.000000 46.836931 23.571703 4.000000 -10.000000 0.000000 0.000000
1.000000 46.836931 24.694165 4.000000 -10.000000 0.000000 0.000000
1.000000 46.836931 25.816627 4.000000 -10.000000 0.000000 0.000000
1.000000 46.836931 26.939089 4.000000 -10.000000 0.000000 0.000000
1.000000 46.836931 28.061551 4.000000 -10.000000 0.000000 0.000000
1.000000 47.959393 1.122462 4.000000 -10.000000 0.000000 0.000000
1.000000 47.959393 2.244924 4.000000 -10.000000 0.000000 0.000000
1.000000 47.959393 3.367386 4.000000 -10.000000 0.000000 0.000000
1.000000 47.959393 4.489848 4.000000 -10.000000 0.000000 0.000000
1.000000 47.959393 5.612310 4.000000 -10.000000 0.000000 0.000000
1.000000 47.959393 6.734772 4.000000 -10.000000 0.000000 0.000000
1.000000 47.959393 7.857234 4.000000 -10.000000 0.000000 0.000000
1.000000 47.959393 8.979696 4.000000 -10.000000 0.000000 0.000000
1.000000 47.959393 10.102158 4.000000 -10.000000 0.000000 0.000000
1.000000 47.959393 11.224620 4.000000 -10.000000 0.000000 0.000000
1.000000 47.959393 12.347083 4.000000 -10.000000 0.000000 0.000000
1.000000 47.959393 13.469545 4.000000 -10.000000 0.000000 0.000000
1.000000 47.959393 14.592007 4.000000 -10.000000 0.000000 0.000000
1.000000 47.959393 15.714469 4.000000 -10.000000 0.000000 0.000000
1.000000 47.959393 16.836931 4.000000 -10.000000 0.000000 0.000000
1.000000 47.959393 17.959393 4.000000 -10.000000 0.000000 0.000000
1.000000 47.959393 19.081855 4.000000 -10.000000 0.000000 0.000000
1.000000 47.959393 20.204317 4.000000 -10.000000 0.000000 0.000000
1.000000 47.959393 21.326779 4.000000 -10.000000 0.000000 0.000000
1.000000 47.959393 22.449241 4.000000 -10.000000 0.000000 0.000000
1.000000 47.959393 23.571703 4.000000 -10.000000 0.000000 0.000000
1.000000 47.959393 24.694165 4.000000 -10.000000 0.000000 0.000000
1.000000 47.959393 25.816627 4.000000 -10.000000 0.000000 0.000000
1.000000 47.959393 26.939089 4.000000 -10.000000 0.000000 0.000000
1.000000 47.959393 28.061551 4.000000 -10.000000 0.000000 0.000000
1.000000 49.081855 1.122462 4.000000 -10.000000 0.000000 0.000000
1.000000 49.081855 2.244924 4.000000 -10.000000 0.000000 0.000000
1.000000 49.081855 3.367386 4.000000 -10.000000 0.000000 0.000000
1.000000 49.081855 4.489848 4.000000 -10.000000 0.000000 0.000000
1.000000 49.081855 5.612310 4.000000 -10.000000 0.000000 0.000000
1.000000 49.081855 6.734772 4.000000 -10.000000 0.000000 0.000000
1.000000 49.081855 7.857234 4.000000 -10.000000 0.000000 0.000000
1.000000 49.081855 8.979696 4.000000 -10.000000 0.000000 0.000000
1.000000 49.081855 10.102158 4.000000 -10.000000 0.000000 0.000000
1.000000 49.081855 11.224620 4.000000 -10.000000 0.000000 0.000000
1.000000 49.081855 12.347083 4.000000 -10.000000 0.000000 0.000000
1.000000 49.081855 13.469545 4.000000 -10.000000 0.000000 0.000000
1.000000 49.081855 14.592007 4.000000 -10.000000 0.000000 0.000000
1.000000 49.081855 15.714469 4.000000 -10.000000 0.000000 0.000000
1.000000 49.081855 16.836931 4.000000 -10.000000 0.000000 0.000000
1.000000 49.081855 17.959393 4.000000 -10.000000 0.000000 0.000000
1.000000 49.081855 19.081855 4.000000 -10.000000 0.000000 0.000000
1.000000 49.081855 20.204317 4.000000 -10.000000 0.000000 0.000000
1.000000 49.081855 21.326779 4.000000 -10.000000 0.000000 0.000000
1.000000 49.081855 22.449241 4.000000 -10.000000 0.000000 0.000000
1.000000 49.081855 23.571703 4.000000 -10.000000 0.000000 0.000000
1.000000 49.081855 24.694165 4.000000 -10.000000 0.000000 0.000000
1.000000 49.081855 25.816627 4.000000 -10.000000 0.000000 0.000000
1.000000 49.081855 26.939089 4.000000 -10.000000 0.000000 0.000000
1.000000 49.081855 28.061551 4.000000 -10.000000 0.000000 0.000000
1.000000 50.204317 1.122462 4.000000 -10.000000 0.000000 0.000000
1.000000 50.204317 2.244924 4.000000 -10.000000 0.000000 0.000000
1.000000 50.204317 3.367386 4.000000 -10.000000 0.000000 0.000000
1.000000 50.204317 4.489848 4.000000 -10.000000 0.000000 0.000000
1.000000 50.204317 5.612310 4.000000 -10.000000 0.000000 0.000000
1.000000 50.204317 6.734772 4.000000 -10.000000 0.000000 0.000000
1.000000 50.204317 7.857234 4.000000 -10.000000 0.000000 0.000000
1.000000 50.204317 8.979696 4.000000 -10.000000 0.000000 0.000000
1.000000 50.204317 10.102158 4.000000 -10.000000 0.000000 0.000000
1.000000 50.204317 11.224620 4.000000 -10.000000 0.000000 0.000000
1.000000 50.204317 12.347083 4.000000 -10.000000 0.000000 0.000000
1.000000 50.204317 13.469545 4.000000 -10.000000 0.000000 0.000000
1.000000 50.204317 14.592007 4.000000 -10.000000 0.000000 0.000000
1.000000 50.204317 15.714469 4.000000 -10.000000 0.000000 0.000000
1.000000 50.204317 16.836931 4.000000 -10.000000 0.000000 0.000000
1.000000 50.204317 17.959393 4.000000 -10.000000 0.000000 0.000000
1.000000 50.204317 19.081855 4.000000 -10.000000 0.000000 0.000000
1.000000 50.204317 20.204317 4.000000 -10.000000 0.000000 0.000000
1.000000 50.204317 21.326779 4.000000 -10.000000 0.000000 0.000000
1.000000 50.204317 22.449241 4.000000 -10.000000 0.000000 0.000000
1.000000 50.204317 23.571703 4.000000 -10.000000 0.000000 0.000000
1.000000 50.204317 24.694165 4.000000 -10.000000 0.000000 0.000000
1.000000 50.204317 25.816627 4.000000 -10.000000 0.000000 0.000000
1.000000 50.204317 26.939089 4.000000 -10.000000 0.000000 0.000000
1.000000 50.204317 28.061551 4.000000 -10.000000 0.000000 0.000000
1.000000 51.326779 1.122462 4.000000 -10.000000 0.000000 0.000000
1.000000 51.326779 2.244924 4.000000 -10.000000 0.000000 0.000000
1.000000 51.326779 3.367386 4.000000 -10.000000 0.000000 0.000000
1.000000 51.326779 4.489848 4.000000 -10.000000 0.000000 0.000000
1.000000 51.326779 5.612310 4.000000 -10.000000 0.000000 0.000000
1.000000 51.326779 6.734772 4.000000 -10.000000 0.000000 0.000000
1.000000 51.326779 7.857234 4.000000 -10.000000 0.000000 0.000000
1.000000 51.326779 8.979696 4.000000 -10.000000 0.000000 0.000000
1.000000 51.326779 10.102158 4.000000 -10.000000 0.000000 0.000000
1.000000 51.326779 11.224620 4.000000 -10.000000 0.000000 0.000000
1.000000 51.326779 12.347083 4.000000 -10.000000 0.000000 0.000000
1.000000 51.326779 13.469545 4.000000 -10.000000 0.000000 0.000000
1.000000 51.326779 14.592007 4.000000 -10.000000 0.000000 0.000000
1.000000 51.326779 15.714469 4.000000 -10.000000 0.000000 0.000000
1.000000 51.326779 16.836931 4.000000 -10.000000 0.000000 0.000000
1.000000 51.326779 17.959393 4.000000 -10.000000 0.000000 0.000000
1.000000 51.326779 19.081855 4.000000 -10.000000 0.000000 0.000000
1.000000 51.326779 20.204317 4.000000 -10.000000 0.000000 0.000000
1.000000 51.326779 21.326779 4.000000 -10.000000 0.000000 0.000000
1.000000 51.326779 22.449241 4.000000 -10.000000 0.000000 0.000000
1.000000 51.326779 23.571703 4.000000 -10.000000 0.000000 0.000000
1.000000 51.326779 24.694165 4.000000 -10.000000 0.000000 0.000000
1.000000 51.326779 25.816627 4.000000 -10.000000 0.000000 0.000000
1.000000 51.326779 26.939089 4.000000 -10.000000 0.000000 0.000000
1.000000 51.326779 28.061551 4.000000 -10.000000 0.000000 0.000000
1.000000 52.449241 1.122462 4.000000 -10.000000 0.000000 0.000000
1.000000 52.449241 2.244924 4.000000 -10.000000 0.000000 0.000000
1.000000 52.449241 3.367386 4.000000 -10.000000 0.000000 0.000000
1.000000 52.449241 4.489848 4.000000 -10.000000 0.000000 0.000000
1.000000 52.449241 5.612310 4.000000 -10.000000 0.000000 0.000000
1.000000 52.449241 6.734772 4.000000 -10.000000 0.000000 0.000000
1.000000 52.449241 7.857234 4.000000 -10.000000 0.000000 0.000000
1.000000 52.449241 8.979696 4.000000 -10.000000 0.000000 0.000000
1.000000 52.449241 10.102158 4.000000 -10.000000 0.000000 0.000000
1.000000 52.449241 11.224620 4.000000 -10.000000 0.000000 0.000000
1.000000 52.449241 12.347083 4.000000 -10.000000 0.000000 0.000000
1.000000 52.449241 13.469545 4.000000 -10.000000 0.000000 0.000000
1.000000 52.449241 14.592007 4.000000 -10.000000 0.000000 0.000000
1.000000 52.449241 15.714469 4.000000 -10.000000 0.000000 0.000000
1.000000 52.449241 16.836931 4.000000 -10.000000 0.000000 0.000000
1.000000 52.449241 17.959393 4.000000 -10.000000 0.000000 0.000000
1.000000 52.449241 19.081855 4.000000 -10.000000 0.000000 0.000000
1.000000 52.449241 20.204317 4.000000 -10.000000 0.000000 0.000000
1.000000 52.449241 21.326779 4.000000 -10.000000 0.000000 0.000000
1.000000 52.449241 22.449241 4.000000 -10.000000 0.000000 0.000000
1.000000 52.449241 23.571703 4.000000 -10.000000 0.000000 0.000000
1.000000 52.449241 24.694165 4.000000 -10.000000 0.000000 0.000000
1.000000 52.449241 25.816627 4.000000 -10.000000 0.000000 0.000000
1.000000 52.449241 26.939089 4.000000 -10.000000 0.000000 0.000000
1.000000 52.449241 28.061551 4.000000 -10.000000 0.000000 0.000000
1.000000 53.571703 1.122462 4.000000 -10.000000 0.000000 0.000000
1.000000 53.571703 2.244924 4.000000 -10.000000 0.000000 0.000000
1.000000 53.571703 3.367386 4.000000 -10.000000 0.000000 0.000000
1.000000 53.571703 4.489848 4.000000 -10.000000 0.000000 0.000000
1.000000 53.571703 5.612310 4.000000 -10.000000 0.000000 0.000000
1.000000 53.571703 6.734772 4.000000 -10.000000 0.000000 0.000000
1.000000 53.571703 7.857234 4.000000 -10.000000 0.000000 0.000000
1.000000 53.571703 8.979696 4.000000 -10.000000 0.000000 0.000000
1.000000 53.571703 10.102158 4.000000 -10.000000 0.000000 0.000000
1.000000 53.571703 11.224620 4.000000 -10.000000 0.000000 0.000000
1.000000 53.571703 12.347083 4.000000 -10.000000 0.000000 0.000000
1.000000 53.571703 13.469545 4.000000 -10.000000 0.000000 0.000000
1.000000 53.571703 14.592007 4.000000 -10.000000 0.000000 0.000000
1.000000 53.571703 15.714469 4.000000 -10.000000 0.000000 0.000000
1.000000 53.571703 16.836931 4.000000 -10.000000 0.000000 0.000000
1.000000 53.571703 17.959393 4.000000 -10.000000 0.000000 0.000000
1.000000 53.571703 19.081855 4.000000 -10.000000 0.000000 0.000000
1.000000 53.571703 20.204317 4.000000 -10.000000 0.000000 0.000000
1.000000 53.571703 21.326779 4.000000 -10.000000 0.000000 0.000000
1.000000 53.571703 22.449241 4.000000 -10.000000 0.000000 0.000000
1.000000 53.571703 23.571703 4.000000 -10.000000 0.000000 0.000000
1.000000 53.571703 24.694165 4.000000 -10.000000 0.000000 0.000000
1.000000 53.571703 25.816627 4.000000 -10.000000 0.000000 0.000000
1.000000 53.571703 26.939089 4.000000 -10.000000 0.000000 0.000000
1.000000 53.571703 28.061551 4.000000 -10.000000 0.000000 0.000000
1.000000 54.694165 1.122462 4.000000 -10.000000 0.000000 0.000000
1.000000 54.694165 2.244924 4.000000 -10.000000 0.000000 0.000000
1.000000 54.694165 3.367386 4.000000 -10.000000 0.000000 0.000000
1.000000 54.694165 4.489848 4.000000 -10.000000 0.000000 0.000000
1.000000 54.694165 5.612310 4.000000 -10.000000 0.000000 0.000000
1.000000 54.694165 6.734772 4.000000 -10.000000 0.000000 0.000000
1.000000 54.694165 7.857234 4.000000 -10.000000 0.000000 0.000000
1.000000 54.694165 8.979696 4.000000 -10.000000 0.000000 0.000000
1.000000 54.694165 10.102158 4.000000 -10.000000 0.000000 0.000000
1.000000 54.694165 11.224620 4.000000 -10.000000 0.000000 0.000000
1.000000 54.694165 12.347083 4.000000 -10.000000 0.000000 0.000000
1.000000 54.694165 13.469545 4.000000 -10.000000 0.000000 0.000000
1.000000 54.694165 14.592007 4.000000 -10.000000 0.000000 0.000000
1.000000 54.694165 15.714469 4.000000 -10.000000 0.000000 0.000000
1.000000 54.694165 16.836931 4.000000 -10.000000 0.000000 0.000000
1.000000 54.694165 17.959393 4.000000 -10.000000 0.000000 0.000000
1.000000 54.694165 19.081855 4.000000 -10.000000 0.000000 0.000000
1.000000 54.694165 20.204317 4.000000 -10.000000 0.000000 0.000000
1.000000 54.694165 21.326779 4.000000 -10.000000 0.000000 0.000000
1.000000 54.694165 22.449241 4.000000 -10.000000 0.000000 0.000000
1.000000 54.694165 23.571703 4.000000 -10.000000 0.000000 0.000000
1.000000 54.694165 24.694165 4.000000 -10.000000 0.000000 0.000000
1.000000 54.694165 25.816627 4.000000 -10.000000 0.000000 0.000000
1.000000 54.694165 26.939089 4.000000 -10.000000 0.000000 0.000000
1.000000 54.694165 28.061551 4.000000 -10.000000 0.000000 0.000000
1.000000 55.816627 1.122462 4.000000 -10.000000 0.000000 0.000000
1.000000 55.816627 2.244924 4.000000 -10.000000 0.000000 0.000000
1.000000 55.816627 3.367386 4.000000 -10.000000 0.000000 0.000000
1.000000 55.816627 4.489848 4.000000 -10.000000 0.000000 0.000000
1.000000 55.816627 5.612310 4.000000 -10.000000 0.000000 0.000000
1.000000 55.816627 6.734772 4.000000 -10.000000 0.000000 0.000000
1.000000 55.816627 7.857234 4.000000 -10.000000 0.000000 0.000000
1.000000 55.816627 8.979696 4.000000 -10.000000 0.000000 0.000000
1.000000 55.816627 10.102158 4.000000 -10.000000 0.000000 0.000000
1.000000 55.816627 11.224620 4.000000 -10.000000 0.000000 0.000000
1.000000 55.816627 12.347083 4.000000 -10.000000 0.000000 0.000000
1.000000 55.816627 13.469545 4.000000 -10.000000 0.000000 0.000000
1.000000 55.816627 14.592007 4.000000 -10.000000 0.000000 0.000000
1.000000 55.816627 15.714469 4.000000 -10.000000 0.000000 0.000000
1.000000 55.816627 16.836931 4.000000 -10.000000 0.000000 0.000000
1.000000 55.816627 17.959393 4.000000 -10.000000 0.000000 0.000000
1.000000 55.816627 19.081855 4.000000 -10.000000 0.000000 0.000000
1.000000 55.816627 20.204317 4.000000 -10.000000 0.000000 0.000000
1.000000 55.816627 21.326779 4.000000 -10.000000 0.000000 0.000000
1.000000 55.816627 22.449241 4.000000 -10.000000 0.000000 0.000000
1.000000 55.816627 23.571703 4.000000 -10.000000 0.000000 0.000000
1.000000 55.816627 24.694165 4.000000 -10.000000 0.000000 0.000000
1.000000 55.816627 25.816627 4.000000 -10.000000 0.000000 0.000000
1.000000 55.816627 26.939089 4.000000 -10.000000 0.000000 0.000000
1.000000 55.816627 28.061551 4.000000 -10.000000 0.000000 0.000000
1.000000 56.939089 1.122462 4.000000 -10.000000 0.000000 0.000000
1.000000 56.939089 2.244924 4.000000 -10.000000 0.000000 0.000000
1.000000 56.939089 3.367386 4.000000 -10.000000 0.000000 0.000000
1.000000 56.939089 4.489848 4.000000 -10.000000 0.000000 0.000000
1.000000 56.939089 5.612310 4.000000 -10.000000 0.000000 0.000000
1.000000 56.939089 6.734772 4.000000 -10.000000 0.000000 0.000000
1.000000 56.939089 7.857234 4.000000 -10.000000 0.000000 0.000000
1.000000 56.939089 8.979696 4.000000 -10.000000 0.000000 0.000000
1.000000 56.939089 10.102158 4.000000 -10.000000 0.000000 0.000000
1.000000 56.939089 11.224620 4.000000 -10.000000 0.000000 0.000000
1.000000 56.939089 12.347083 4.000000 -10.000000 0.000000 0.000000
1.000000 56.939089 13.469545 4.000000 -10.000000 0.000000 0.000000
1.000000 56.939089 14.592007 4.000000 -10.000000 0.000000 0.000000
1.000000 56.939089 15.714469 4.000000 -10.000000 0.000000 0.000000
1.000000 56.939089 16.836931 4.000000 -10.000000 0.000000 0.000000
1.000000 56.939089 17.959393 4.000000 -10.000000 0.000000 0.000000
1.000000 56.939089 19.081855 4.000000 -10.000000 0.000000 0.000000
1.000000 56.939089 20.204317 4.000000 -10.000000 0.000000 0.000000
1.000000 56.939089 21.326779 4.000000 -10.000000 0.000000 0.000000
1.000000 56.939089 22.449241 4.000000 -10.000000 0.000000 0.000000
1.000000 56.939089 23.571703 4.000000 -10.000000 0.000000 0.000000
1.000000 56.939089 24.694165 4.000000 -10.000000 0.000000 0.000000
1.000000 56.939089 25.816627 4.000000 -10.000000 0.000000 0.000000
1.000000 56.939089 26.939089 4.000000 -10.000000 0.000000 0.000000
1.000000 56.939089 28.061551 4.000000 -10.000000 0.000000 0.000000
1.000000 58.061551 1.122462 4.000000 -10.000000 0.000000 0.000000
1.000000 58.061551 2.244924 4.000000 -10.000000 0.000000 0.000000
1.000000 58.061551 3.367386 4.000000 -10.000000 0.000000 0.000000
1.000000 58.061551 4.489848 4.000000 -10.000000 0.000000 0.000000
1.000000 58.061551 5.612310 4.000000 -10.000000 0.000000 0.000000
1.000000 58.061551 6.734772 4.000000 -10.000000 0.000000 0.000000
1.000000 58.061551 7.857234 4.000000 -10.000000 0.000000 0.000000
1.000000 58.061551 8.979696 4.000000 -10.000000 0.000000 0.000000
1.000000 58.061551 10.102158 4.000000 -10.000000 0.000000 0.000000
1.000000 58.061551 11.224620 4.000000 -10.000000 0.000000 0.000000
1.000000 58.061551 12.347083 4.000000 -10.000000 0.000000 0.000000
1.000000 58.061551 13.469545 4.000000 -10.000000 0.000000 0.000000
1.000000 58.061551 14.592007 4.000000 -10.000000 0.000000 0.000000
1.000000 58.061551 15.714469 4.000000 -10.000000 0.000000 0.000000
1.000000 58.061551 16.836931 4.000000 -10.000000 0.000000 0.000000
1.000000 58.061551 17.959393 4.000000 -10.000000 0.000000 0.000000
1.000000 58.061551 19.081855 4.000000 -10.000000 0.000000 0.000000
1.000000 58.061551 20.204317 4.000000 -10.000000 0.000000 0.000000
1.000000 58.061551 21.326779 4.000000 -10.000000 0.000000 0.000000
1.000000 58.061551 22.449241 4.000000 -10.000000 0.000000 0.000000
1.000000 58.061551 23.571703 4.000000 -10.000000 0.000000 0.000000
1.000000 58.061551 24.694165 4.000000 -10.000000 0.000000 0.000000
1.000000 58.061551 25.816627 4.000000 -10.000000 0.000000 0.000000
1.000000 58.061551 26.939089 4.000000 -10.000000 0.000000 0.000000
1.000000 58.061551 28.061551 4.000000 -10.000000 0.000000 0.000000
1.000000 28.877538 1.122462 4.000000 10.000000 0.000000 0.000000
1.000000 28.877538 2.244924 4.000000 10.000000 0.000000 0.000000
1.000000 28.877538 3.367386 4.000000 10.000000 0.000000 0.000000
1.000000 28.877538 4.489848 4.000000 10.000000 0.000000 0.000000
1.000000 28.877538 5.612310 4.000000 10.000000 0.000000 0.000000
1.000000 28.877538 6.734772 4.000000 10.000000 0.000000 0.000000
1.000000 28.877538 7.857234 4.000000 10.000000 0.000000 0.000000
1.000000 28.877538 8.979696 4.000000 10.000000 0.000000 0.000000
1.000000 28.877538 10.102158 4.000000 10.000000 0.000000 0.000000
1.000000 28.877538 11.224620 4.000000 10.000000 0.000000 0.000000
1.000000 28.877538 12.347083 4.000000 10.000000 0.000000 0.000000
1.000000 28.877538 13.469545 4.000000 10.000000 0.000000 0.000000
1.000000 28.877538 14.592007 4.000000 10.000000 0.000000 0.000000
1.000000 28.877538 15.714469 4.000000 10.000000 0.000000 0.000000
1.000000 28.877538 16.836931 4.000000 10.000000 0.000000 0.000000
1.000000 28.877538 17.959393 4.000000 10.000000 0.000000 0.000000
1.000000 28.877538 19.081855 4.000000 10.000000 0.000000 0.000000
1.000000 28.877538 20.204317 4.000000 10.000000 0.000000 0.000000
1.000000 28.877538 21.326779 4.000000 10.000000 0.000000 0.000000
1.000000 28.877538 22.449241 4.000000 10.000000 0.000000 0.000000
1.000000 28.877538 23.571703 4.000000 10.000000 0.000000 0.000000
1.000000 28.877538 24.694165 4.000000 10.000000 0.000000 0.000000
1.000000 28.877538 25.816627 4.000000 10.000000 0.000000 0.000000
1.000000 28.877538 26.939089 4.000000 10.000000 0.000000 0.000000
1.000000 28.877538 28.061551 4.000000 10.000000 0.000000 0.000000
1.000000 27.755076 1.122462 4.000000 10.000000 0.000000 0.000000
1.000000 27.755076 2.244924 4.000000 10.000000 0.000000 0.000000
1.000000 27.755076 3.367386 4.000000 10.000000 0.000000 0.000000
1.000000 27.755076 4.489848 4.000000 10.000000 0.000000 0.000000
1.000000 27.755076 5.612310 4.000000 10.000000 0.000000 0.000000
1.000000 27.755076 6.734772 4.000000 10.000000 0.000000 0.000000
1.000000 27.755076 7.857234 4.000000 10.000000 0.000000 0.000000
1.000000 27.755076 8.979696 4.000000 10.000000 0.000000 0.000000
1.000000 27.755076 10.102158 4.000000 10.000000 0.000000 0.000000
1.000000 27.755076 11.224620 4.000000 10.000000 0.000000 0.000000
1.000000 27.755076 12.347083 4.000000 10.000000 0.000000 0.000000
1.000000 27.755076 13.469545 4.000000 10.000000 0.000000 0.000000
1.000000 27.755076 14.592007 4.000000 10.000000 0.000000 0.000000
1.000000 27.755076 15.714469 4.000000 10.000000 0.000000 0.000000
1.000000 27.755076 16.836931 4.000000 10.000000 0.000000 0.000000
1.000000 27.755076 17.959393 4.000000 10.000000 0.000000 0.000000
1.000000 27.755076 19.081855 4.000000 10.000000 0.000000 0.000000
1.000000 27.755076 20.204317 4.000000 10.000000 0.000000 0.000000
1.000000 27.755076 21.326779 4.000000 10.000000 0.000000 0.000000
1.000000 27.755076 22.449241 4.000000 10.000000 0.000000 0.000000
1.000000 27.755076 23.571703 4.000000 10.000000 0.000000 0.000000
1.000000 27.755076 24.694165 4.000000 10.000000 0.000000 0.000000
1.000000 27.755076 25.816627 4.000000 10.000000 0.000000 0.000000
1.000000 27.755076 26.939089 4.000000 10.000000 0.000000 0.000000
1.000000 27.755076 28.061551 4.000000 10.000000 0.000000 0.000000
1.000000 26.632614 1.122462 4.000000 10.000000 0.000000 0.000000
1.000000 26.632614 2.244924 4.000000 10.000000 0.000000 0.000000
1.000000 26.632614 3.367386 4.000000 10.000000 0.000000 0.000000
1.000000 26.632614 4.489848 4.000000 10.000000 0.000000 0.000000
1.000000 26.632614 5.612310 4.000000 10.000000 0.000000 0.000000
1.000000 26.632614 6.734772 4.000000 10.000000 0.000000 0.000000
1.000000 26.632614 7.857234 4.000000 10.000000 0.000000 0.000000
1.000000 26.632614 8.979696 4.000000 10.000000 0.000000 0.000000
1.000000 26.632614 10.102158 4.000000 10.000000 0.000000 0.000000
1.000000 26.632614 11.224620 4.000000 10.000000 0.000000 0.000000
1.000000 26.632614 12.347083 4.000000 10.000000 0.000000 0.000000
1.000000 26.632614 13.469545 4.000000 10.000000 0.000000 0.000000
1.000000 26.632614 14.592007 4.000000 10.000000 0.000000 0.000000
1.000000 26.632614 15.714469 4.000000 10.000000 0.000000 0.000000
1.000000 26.632614 16.836931 4.000000 10.000000 0.000000 0.000000
1.000000 26.632614 17.959393 4.000000 10.000000 0.000000 0.000000
1.000000 26.632614 19.081855 4.000000 10.000000 0.000000 0.000000
1.000000 26.632614 20.204317 4.000000 10.000000 0.000000 0.000000
1.000000 26.632614 21.326779 4.000000 10.000000 0.000000 0.000000
1.000000 26.632614 22.449241 4.000000 10.000000 0.000000 0.000000
1.000000 26.632614 23.571703 4.000000 10.000000 0.000000 0.000000
1.000000 26.632614 24.694165 4.000000 10.000000 0.000000 0.000000
1.000000 26.632614 25.816627 4.000000 10.000000 0.000000 0.000000
1.000000 26.632614 26.939089 4.000000 10.000000 0.000000 0.000000
1.000000 26.632614 28.061551 4.000000 10.000000 0.000000 0.000000
1.000000 25.510152 1.122462 4.000000 10.000000 0.000000 0.000000
1.000000 25.510152 2.244924 4.000000 10.000000 0.000000 0.000000
1.000000 25.510152 3.367386 4.000000 10.000000 0.000000 0.000000
1.000000 25.510152 4.489848 4.000000 10.000000 0.000000 0.000000
1.000000 25.510152 5.612310 4.000000 10.000000 0.000000 0.000000
1.000000 25.510152 6.734772 4.000000 10.000000 0.000000 0.000000
1.000000 25.510152 7.857234 4.000000 10.000000 0.000000 0.000000
1.000000 25.510152 8.979696 4.000000 10.000000 0.000000 0.000000
1.000000 25.510152 10.102158 4.000000 10.000000 0.000000 0.000000
1.000000 25.510152 11.224620 4.000000 10.000000 0.000000 0.000000
1.000000 25.510152 12.347083 4.000000 10.000000 0.000000 0.000000
1.000000 25.510152 13.469545 4.000000 10.000000 0.000000 0.000000
1.000000 25.510152 14.592007 4.000000 10.000000 0.000000 0.000000
1.000000 25.510152 15.714469 4.000000 10.000000 0.000000 0.000000
1.000000 25.510152 16.836931 4.000000 10.000000 0.000000 0.000000
1.000000 25.510152 17.959393 4.000000 10.000000 0.000000 0.000000
1.000000 25.510152 19.081855 4.000000 10.000000 0.000000 0.000000
1.000000 25.510152 20.204317 4.000000 10.000000 0.000000 0.000000
1.000000 25.510152 21.326779 4.000000 10.000000 0.000000 0.000000
1.000000 25.510152 22.449241 4.000000 10.000000 0.000000 0.000000
1.000000 25.510152 23.571703 4.000000 10.000000 0.000000 0.000000
1.000000 25.510152 24.694165 4.000000 10.000000 0.000000 0.000000
1.000000 25.510152 25.816627 4.000000 10.000000 0.000000 0.000000
1.000000 25.510152 26.939089 4.000000 10.000000 0.000000 0.000000
1.000000 25.510152 28.061551 4.000000 10.000000 0.000000 0.000000
1.000000 24.387690 1.122462 4.000000 10.000000 0.000000 0.000000
1.000000 24.387690 2.244924 4.000000 10.000000 0.000000 0.000000
1.000000 24.387690 3.367386 4.000000 10.000000 0.000000 0.000000
1.000000 24.387690 4.489848 4.000000 10.000000 0.000000 0.000000
1.000000 24.387690 5.612310 4.000000 10.000000 0.000000 0.000000
1.000000 24.387690 6.734772 4.000000 10.000000 0.000000 0.000000
1.000000 24.387690 7.857234 4.000000 10.000000 0.000000 0.000000
1.000000 24.387690 8.979696 4.000000 10.000000 0.000000 0.000000
1.000000 24.387690 10.102158 4.000000 10.000000 0.000000 0.000000
1.000000 24.387690 11.224620 4.000000 10.000000 0.000000 0.000000
1.000000 24.387690 12.347083 4.000000 10.000000 0.000000 0.000000
1.000000 24.387690 13.469545 4.000000 10.000000 0.000000 0.000000
1.000000 24.387690 14.592007 4.000000 10.000000 0.000000 0.000000
1.000000 24.387690 15.714469 4.000000 10.000000 0.000000 0.000000
1.000000 24.387690 16.836931 4.000000 10.000000 0.000000 0.000000
1.000000 24.387690 17.959393 4.000000 10.000000 0.000000 0.000000
1.000000 24.387690 19.081855 4.000000 10.000000 0.000000 0.000000
1.000000 24.387690 20.204317 4.000000 10.000000 0.000000 0.000000
1.000000 24.387690 21.326779 4.000000 10.000000 0.000000 0.000000
1.000000 24.387690 22.449241 4.000000 10.000000 0.000000 0.000000
1.000000 24.387690 23.571703 4.000000 10.000000 0.000000 0.000000
1.000000 24.387690 24.694165 4.000000 10.000000 0.000000 0.000000
1.000000 24.387690 25.816627 4.000000 10.000000 0.000000 0.000000
1.000000 24.387690 26.939089 4.000000 10.000000 0.000000 0.000000
1.000000 24.387690 28.061551 4.000000 10.000000 0.000000 0.000000
1.000000 23.265228 1.122462 4.000000 10.000000 0.000000 0.000000
1.000000 23.265228 2.244924 4.000000 10.000000 0.000000 0.000000
1.000000 23.265228 3.367386 4.000000 10.000000 0.000000 0.000000
1.000000 23.265228 4.489848 4.000000 10.000000 0.000000 0.000000
1.000000 23.265228 5.612310 4.000000 10.000000 0.000000 0.000000
1.000000 23.265228 6.734772 4.000000 10.000000 0.000000 0.000000
1.000000 23.265228 7.857234 4.000000 10.000000 0.000000 0.000000
1.000000 23.265228 8.979696 4.000000 10.000000 0.000000 0.000000
1.000000 23.265228 10.102158 4.000000 10.000000 0.000000 0.000000
1.000000 23.265228 11.224620 4.000000 10.000000 0.000000 0.000000
1.000000 23.265228 12.347083 4.000000 10.000000 0.000000 0.000000
1.000000 23.265228 13.469545 4.000000 10.000000 0.000000 0.000000
1.000000 23.265228 14.592007 4.000000 10.000000 0.000000 0.000000
1.000000 23.265228 15.714469 4.000000 10.000000 0.000000 0.000000
1.000000 23.265228 16.836931 4.000000 10.000000 0.000000 0.000000
1.000000 23.265228 17.959393 4.000000 10.000000 0.000000 0.000000
1.000000 23.265228 19.081855 4.000000 10.000000 0.000000 0.000000
1.000000 23.265228 20.204317 4.000000 10.000000 0.000000 0.000000
1.000000 23.265228 21.326779 4.000000 10.000000 0.000000 0.000000
1.000000 23.265228 22.449241 4.000000 10.000000 0.000000 0.000000
1.000000 23.265228 23.571703 4.000000 10.000000 0.000000 0.000000
1.000000 23.265228 24.694165 4.000000 10.000000 0.000000 0.000000
1.000000 23.265228 25.816627 4.000000 10.000000 0.000000 0.000000
1.000000 23.265228 26.939089 4.000000 10.000000 0.000000 0.000000
1.000000 23.265228 28.061551 4.000000 10.000000 0.000000 0.000000
1.000000 22.142766 1.122462 4.000000 10.000000 0.000000 0.000000
1.000000 22.142766 2.244924 4.000000 10.000000 0.000000 0.000000
1.000000 22.142766 3.367386 4.000000 10.000000 0.000000 0.000000
1.000000 22.142766 4.489848 4.000000 10.000000 0.000000 0.000000
1.000000 22.142766 5.612310 4.000000 10.000000 0.000000 0.000000
1.000000 22.142766 6.734772 4.000000 10.000000 0.000000 0.000000
1.000000 22.142766 7.857234 4.000000 10.000000 0.000000 0.000000
1.000000 22.142766 8.979696 4.000000 10.000000 0.000000 0.000000
1.000000 22.142766 10.102158 4.000000 10.000000 0.000000 0.000000
1.000000 22.142766 11.224620 4.000000 10.000000 0.000000 0.000000
1.000000 22.142766 12.347083 4.000000 10.000000 0.000000 0.000000
1.000000 22.142766 13.469545 4.000000 10.000000 0.000000 0.000000
1.000000 22.142766 14.592007 4.000000 10.000000 0.000000 0.000000
1.000000 22.142766 15.714469 4.000000 10.000000 0.000000 0.000000
1.000000 22.142766 16.836931 4.000000 10.000000 0.000000 0.000000
1.000000 22.142766 17.959393 4.000000 10.000000 0.000000 0.000000
1.000000 22.142766 19.081855 4.000000 10.000000 0.000000 0.000000
1.000000 22.142766 20.204317 4.000000 10.000000 0.000000 0.000000
1.000000 22.142766 21.326779 4.000000 10.000000 0.000000 0.000000
1.000000 22.142766 22.449241 4.000000 10.000000 0.000000 0.000000
1.000000 22.142766 23.571703 4.000000 10.000000 0.000000 0.000000
1.000000 22.142766 24.694165 4.000000 10.000000 0.000000 0.000000
1.000000 22.142766 25.816627 4.000000 10.000000 0.000000 0.000000
1.000000 22.142766 26.939089 4.000000 10.000000 0.000000 0.000000
1.000000 22.142766 28.061551 4.000000 10.000000 0.000000 0.000000
1.000000 21.020304 1.122462 4.000000 10.000000 0.000000 0.000000
1.000000 21.020304 2.244924 4.000000 10.000000 0.000000 0.000000
1.000000 21.020304 3.367386 4.000000 10.000000 0.000000 0.000000
1.000000 21.020304 4.489848 4.000000 10.000000 0.000000 0.000000
1.000000 21.020304 5.612310 4.000000 10.000000 0.000000 0.000000
1.000000 21.020304 6.734772 4.000000 10.000000 0.000000 0.000000
1.000000 21.020304 7.857234 4.000000 10.000000 0.000000 0.000000
1.000000 21.020304 8.979696 4.000000 10.000000 0.000000 0.000000
1.000000 21.020304 10.102158 4.000000 10.000000 0.000000 0.000000
1.000000 21.020304 11.224620 4.000000 10.000000 0.000000 0.000000
1.000000 21.020304 12.347083 4.000000 10.000000 0.000000 0.000000
1.000000 21.020304 13.469545 4.000000 10.000000 0.000000 0.000000
1.000000 21.020304 14.592007 4.000000 10.000000 0.000000 0.000000
1.000000 21.020304 15.714469 4.000000 10.000000 0.000000 0.000000
1.000000 21.020304 16.836931 4.000000 10.000000 0.000000 0.000000
1.000000 21.020304 17.959393 4.000000 10.000000 0.000000 0.000000
1.000000 21.020304 19.081855 4.000000 10.000000 0.000000 0.000000
1.000000 21.020304 20.204317 4.000000 10.000000 0.000000 0.000000
1.000000 21.020304 21.326779 4.000000 10.000000 0.000000 0.000000
1.000000 21.020304 22.449241 4.000000 10.000000 0.000000 0.000000
1.000000 21.020304 23.571703 4.000000 10.000000 0.000000 0.000000
1.000000 21.020304 24.694165 4.000000 10.000000 0.000000 0.000000
1.000000 21.020304 25.816627 4.000000 10.000000 0.000000 0.000000
1.000000 21.020304 26.939089 4.000000 10.000000 0.000000 0.000000
1.000000 21.020304 28.061551 4.000000 10.000000 0.000000 0.000000
1.000000 19.897842 1.122462 4.000000 10.000000 0.000000 0.000000
1.000000 19.897842 2.244924 4.000000 10.000000 0.000000 0.000000
1.000000 19.897842 3.367386 4.000000 10.000000 0.000000 0.000000
1.000000 19.897842 4.489848 4.000000 10.000000 0.000000 0.000000
1.000000 19.897842 5.612310 4.000000 10.000000 0.000000 0.000000
1.000000 19.897842 6.734772 4.000000 10.000000 0.000000 0.000000
1.000000 19.897842 7.857234 4.000000 10.000000 0.000000 0.000000
1.000000 19.897842 8.979696 4.000000 10.000000 0.000000 0.000000
1.000000 19.897842 10.102158 4.000000 10.000000 0.000000 0.000000
1.000000 19.897842 11.224620 4.000000 10.000000 0.000000 0.000000
1.000000 19.897842 12.347083 4.000000 10.000000 0.000000 0.000000
1.000000 19.897842 13.469545 4.000000 10.000000 0.000000 0.000000
1.000000 19.897842 14.592007 4.000000 10.000000 0.000000 0.000000
1.000000 19.897842 15.714469 4.000000 10.000000 0.000000 0.000000
1.000000 19.897842 16.836931 4.000000 10.000000 0.000000 0.000000
1.000000 19.897842 17.959393 4.000000 10.000000 0.000000 0.000000
1.000000 19.897842 19.081855 4.000000 10.000000 0.000000 0.000000
1.000000 19.897842 20.204317 4.000000 10.000000 0.000000 0.000000
1.000000 19.897842 21.326779 4.000000 10.000000 0.000000 0.000000
1.000000 19.897842 22.449241 4.000000 10.000000 0.000000 0.000000
1.000000 19.897842 23.571703 4.000000 10.000000 0.000000 0.000000
1.000000 19.897842 24.694165 4.000000 10.000000 0.000000 0.000000
1.000000 19.897842 25.816627 4.000000 10.000000 0.000000 0.000000
1.000000 19.897842 26.939089 4.000000 10.000000 0.000000 0.000000
1.000000 19.897842 28.061551 4.000000 10.000000 0.000000 0.000000
1.000000 18.775380 1.122462 4.000000 10.000000 0.000000 0.000000
1.000000 18.775380 2.244924 4.000000 10.000000 0.000000 0.000000
1.000000 18.775380 3.367386 4.000000 10.000000 0.000000 0.000000
1.000000 18.775380 4.489848 4.000000 10.000000 0.000000 0.000000
1.000000 18.775380 5.612310 4.000000 10.000000 0.000000 0.000000
1.000000 18.775380 6.734772 4.000000 10.000000 0.000000 0.000000
1.000000 18.775380 7.857234 4.000000 10.000000 0.000000 0.000000
1.000000 18.775380 8.979696 4.000000 10.000000 0.000000 0.000000
1.000000 18.775380 10.102158 4.000000 10.000000 0.000000 0.000000
1.000000 18.775380 11.224620 4.000000 10.000000 0.000000 0.000000
1.000000 18.775380 12.347083 4.000000 10.000000 0.000000 0.000000
1.000000 18.775380 13.469545 4.000000 10.000000 0.000000 0.000000
1.000000 18.775380 14.592007 4.000000 10.000000 0.000000 0.000000
1.000000 18.775380 15.714469 4.000000 10.000000 0.000000 0.000000
1.000000 18.775380 16.836931 4.000000 10.000000 0.000000 0.000000
1.000000 18.775380 17.959393 4.000000 10.000000 0.000000 0.000000
1.000000 18.775380 19.081855 4.000000 10.000000 0.000000 0.000000
1.000000 18.775380 20.204317 4.000000 10.000000 0.000000 0.000000
1.000000 18.775380 21.326779 4.000000 10.000000 0.000000 0.000000
1.000000 18.775380 22.449241 4.000000 10.000000 0.000000 0.000000
1.000000 18.775380 23.571703 4.000000 10.000000 0.000000 0.000000
1.000000 18.775380 24.694165 4.000000 10.000000 0.000000 0.000000
1.000000 18.775380 25.816627 4.000000 10.000000 0.000000 0.000000
1.000000 18.775380 26.939089 4.000000 10.000000 0.000000 0.000000
1.000000 18.775380 28.061551 4.000000 10.000000 0.000000 0.000000
1.000000 17.652917 1.122462 4.000000 10.000000 0.000000 0.000000
1.000000 17.652917 2.244924 4.000000 10.000000 0.000000 0.000000
1.000000 17.652917 3.367386 4.000000 10.000000 0.000000 0.000000
1.000000 17.652917 4.489848 4.000000 10.000000 0.000000 0.000000
1.000000 17.652917 5.612310 4.000000 10.000000 0.000000 0.000000
1.000000 17.652917 6.734772 4.000000 10.000000 0.000000 0.000000
1.000000 17.652917 7.857234 4.000000 10.000000 0.000000 0.000000
1.000000 17.652917 8.979696 4.000000 10.000000 0.000000 0.000000
1.000000 17.652917 10.102158 4.000000 10.000000 0.000000 0.000000
1.000000 17.652917 11.224620 4.000000 10.000000 0.000000 0.000000
1.000000 17.652917 12.347083 4.000000 10.000000 0.000000 0.000000
1.000000 17.652917 13.469545 4.000000 10.000000 0.000000 0.000000
1.000000 17.652917 14.592007 4.000000 10.000000 0.000000 0.000000
1.000000 17.652917 15.714469 4.000000 10.000000 0.000000 0.000000
1.000000 17.652917 16.836931 4.000000 10.000000 0.000000 0.000000
1.000000 17.652917 17.959393 4.000000 10.000000 0.000000 0.000000
1.000000 17.652917 19.081855 4.000000 10.000000 0.000000 0.000000
1.000000 17.652917 20.204317 4.000000 10.000000 0.000000 0.000000
1.000000 17.652917 21.326779 4.000000 10.000000 0.000000 0.000000
1.000000 17.652917 22.449241 4.000000 10.000000 0.000000 0.000000
1.000000 17.652917 23.571703 4.000000 10.000000 0.000000 0.000000
1.000000 17.652917 24.694165 4.000000 10.000000 0.000000 0.000000
1.000000 17.652917 25.816627 4.000000 10.000000 0.000000 0.000000
1.000000 17.652917 26.939089 4.000000 10.000000 0.000000 0.000000
1.000000 17.652917 28.061551 4.000000 10.000000 0.000000 0.000000
1.000000 16.530455 1.122462 4.000000 10.000000 0.000000 0.000000
1.000000 16.530455 2.244924 4.000000 10.000000 0.000000 0.000000
1.000000 16.530455 3.367386 4.000000 10.000000 0.000000 0.000000
1.000000 16.530455 4.489848 4.000000 10.000000 0.000000 0.000000
1.000000 16.530455 5.612310 4.000000 10.000000 0.000000 0.000000
1.000000 16.530455 6.734772 4.000000 10.000000 0.000000 0.000000
1.000000 16.530455 7.857234 4.000000 10.000000 0.000000 0.000000
1.000000 16.530455 8.979696 4.000000 10.000000 0.000000 0.000000
1.000000 16.530455 10.102158 4.000000 10.000000 0.000000 0.000000
1.000000 16.530455 11.224620 4.000000 10.000000 0.000000 0.000000
1.000000 16.530455 12.347083 4.000000 10.000000 0.000000 0.000000
1.000000 16.530455 13.469545 4.000000 10.000000 0.000000 0.000000
1.000000 16.530455 14.592007 4.000000 10.000000 0.000000 0.000000
1.000000 16.530455 15.714469 4.000000 10.000000 0.000000 0.000000
1.000000 16.530455 16.836931 4.000000 10.000000 0.000000 0.000000
1.000000 16.530455 17.959393 4.000000 10.000000 0.000000 0.000000
1.000000 16.530455 19.081855 4.000000 10.000000 0.000000 0.000000
1.000000 16.530455 20.204317 4.000000 10.000000 0.000000 0.000000
1.000000 16.530455 21.326779 4.000000 10.000000 0.000000 0.000000
1.000000 16.530455 22.449241 4.000000 10.000000 0.000000 0.000000
1.000000 16.530455 23.571703 4.000000 10.000000 0.000000 0.000000
1.000000 16.530455 24.694165 4.000000 10.000000 0.000000 0.000000
1.000000 16.530455 25.816627 4.000000 10.000000 0.000000 0.000000
1.000000 16.530455 26.939089 4.000000 10.000000 0.000000 0.000000
1.000000 16.530455 28.061551 4.000000 10.000000 0.000000 0.000000
1.000000 15.407993 1.122462 4.000000 10.000000 0.000000 0.000000
1.000000 15.407993 2.244924 4.000000 10.000000 0.000000 0.000000
1.000000 15.407993 3.367386 4.000000 10.000000 0.000000 0.000000
1.000000 15.407993 4.489848 4.000000 10.000000 0.000000 0.000000
1.000000 15.407993 5.612310 4.000000 10.000000 0.000000 0.000000
1.000000 15.407993 6.734772 4.000000 10.000000 0.000000 0.000000
1.000000 15.407993 7.857234 4.000000 10.000000 0.000000 0.000000
1.000000 15.407993 8.979696 4.000000 10.000000 0.000000 0.000000
1.000000 15.407993 10.102158 4.000000 10.000000 0.000000 0.000000
1.000000 15.407993 11.224620 4.000000 10.000000 0.000000 0.000000
1.000000 15.407993 12.347083 4.000000 10.000000 0.000000 0.000000
1.000000 15.407993 13.469545 4.000000 10.000000 0.000000 0.000000
1.000000 15.407993 14.592007 4.000000 10.000000 0.000000 0.000000
1.000000 15.407993 15.714469 4.000000 10.000000 0.000000 0.000000
1.000000 15.407993 16.836931 4.000000 10.000000 0.000000 0.000000
1.000000 15.407993 17.959393 4.000000 10.000000 0.000000 0.000000
1.000000 15.407993 19.081855 4.000000 10.000000 0.000000 0.000000
1.000000 15.407993 20.204317 4.000000 10.000000 0.000000 0.000000
1.000000 15.407993 21.326779 4.000000 10.000000 0.000000 0.000000
1.000000 15.407993 22.449241 4.000000 10.000000 0.000000 0.000000
1.000000 15.407993 23.571703 4.000000 10.000000 0.000000 0.000000
1.000000 15.407993 24.694165 4.000000 10.000000 0.000000 0.000000
1.000000 15.407993 25.816627 4.000000 10.000000 0.000000 0.000000
1.000000 15.407993 26.939089 4.000000 10.000000 0.000000 0.000000
1.000000 15.407993 28.061551 4.000000 10.000000 0.000000 0.000000
1.000000 14.285531 1.122462 4.000000 10.000000 0.000000 0.000000
1.000000 14.285531 2.244924 4.000000 10.000000 0.000000 0.000000
1.000000 14.285531 3.367386 4.000000 10.000000 0.000000 0.000000
1.000000 14.285531 4.489848 4.000000 10.000000 0.000000 0.000000
1.000000 14.285531 5.612310 4.000000 10.000000 0.000000 0.000000
1.000000 14.285531 6.734772 4.000000 10.000000 0.000000 0.000000
1.000000 14.285531 7.857234 4.000000 10.000000 0.000000 0.000000
1.000000 14.285531 8.979696 4.000000 10.000000 0.000000 0.000000
1.000000 14.285531 10.102158 4.000000 10.000000 0.000000 0.000000
1.000000 14.285531 11.224620 4.000000 10.000000 0.000000 0.000000
1.000000 14.285531 12.347083 4.000000 10.000000 0.000000 0.000000
1.000000 14.285531 13.469545 4.000000 10.000000 0.000000 0.000000
1.000000 14.285531 14.592007 4.000000 10.000000 0.000000 0.000000
1.000000 14.285531 15.714469 4.000000 10.000000 0.000000 0.000000
1.000000 14.285531 16.836931 4.000000 10.000000 0.000000 0.000000
1.000000 14.285531 17.959393 4.000000 10.000000 0.000000 0.000000
1.000000 14.285531 19.081855 4.000000 10.000000 0.000000 0.000000
1.000000 14.285531 20.204317 4.000000 10.000000 0.000000 0.000000
1.000000 14.285531 21.326779 4.000000 10.000000 0.000000 0.000000
1.000000 14.285531 22.449241 4.000000 10.000000 0.000000 0.000000
1.000000 14.285531 23.571703 4.000000 10.000000 0.000000 0.000000
1.000000 14.285531 24.694165 4.000000 10.000000 0.000000 0.000000
1.000000 14.285531 25.816627 4.000000 10.000000 0.000000 0.000000
1.000000 14.285531 26.939089 4.000000 10.000000 0.000000 0.000000
1.000000 14.285531 28.061551 4.000000 10.000000 0.000000 0.000000
1.000000 13.163069 1.122462 4.000000 10.000000 0.000000 0.000000
1.000000 13.163069 2.244924 4.000000 10.000000 0.000000 0.000000
1.000000 13.163069 3.367386 4.000000 10.000000 0.000000 0.000000
1.000000 13.163069 4.489848 4.000000 10.000000 0.000000 0.000000
1.000000 13.163069 5.612310 4.000000 10.000000 0.000000 0.000000
1.000000 13.163069 6.734772 4.000000 10.000000 0.000000 0.000000
1.000000 13.163069 7.857234 4.000000 10.000000 0.000000 0.000000
1.000000 13.163069 8.979696 4.000000 10.000000 0.000000 0.000000
1.000000 13.163069 10.102158 4.000000 10.000000 0.000000 0.000000
1.000000 13.163069 11.224620 4.000000 10.000000 0.000000 0.000000
1.000000 13.163069 12.347083 4.000000 10.000000 0.000000 0.000000
1.000000 13.163069 13.469545 4.000000 10.000000 0.000000 0.000000
1.000000 13.163069 14.592007 4.000000 10.000000 0.000000 0.000000
1.000000 13.163069 15.714469 4.000000 10.000000 0.000000 0.000000
1.000000 13.163069 16.836931 4.000000 10.000000 0.000000 0.000000
1.000000 13.163069 17.959393 4.000000 10.000000 0.000000 0.000000
1.000000 13.163069 19.081855 4.000000 10.000000 0.000000 0.000000
1.000000 13.163069 20.204317 4.000000 10.000000 0.000000 0.000000
1.000000 13.163069 21.326779 4.000000 10.000000 0.000000 0.000000
1.000000 13.163069 22.449241 4.000000 10.000000 0.000000 0.000000
1.000000 13.163069 23.571703 4.000000 10.000000 0.000000 0.000000
1.000000 13.163069 24.694165 4.000000 10.000000 0.000000 0.000000
1.000000 13.163069 25.816627 4.000000 10.000000 0.000000 0.000000
1.000000 13.163069 26.939089 4.000000 10.000000 0.000000 0.000000
1.000000 13.163069 28.061551 4.000000 10.000000 0.000000 0.000000
1.000000 12.040607 1.122462 4.000000 10.000000 0.000000 0.000000
1.000000 12.040607 2.244924 4.000000 10.000000 0.000000 0.000000
1.000000 12.040607 3.367386 4.000000 10.000000 0.000000 0.000000
1.000000 12.040607 4.489848 4.000000 10.000000 0.000000 0.000000
1.000000 12.040607 5.612310 4.000000 10.000000 0.000000 0.000000
1.000000 12.040607 6.734772 4.000000 10.000000 0.000000 0.000000
1.000000 12.040607 7.857234 4.000000 10.000000 0.000000 0.000000
1.000000 12.040607 8.979696 4.000000 10.000000 0.000000 0.000000
1.000000 12.040607 10.102158 4.000000 10.000000 0.000000 0.000000
1.000000 12.040607 11.224620 4.000000 10.000000 0.000000 0.000000
1.000000 12.040607 12.347083 4.000000 10.000000 0.000000 0.000000
1.000000 12.040607 13.469545 4.000000 10.000000 0.000000 0.000000
1.000000 12.040607 14.592007 4.000000 10.000000 0.000000 0.000000
1.000000 12.040607 15.714469 4.000000 10.000000 0.000000 0.000000
1.000000 12.040607 16.836931 4.000000 10.000000 0.000000 0.000000
1.000000 12.040607 17.959393 4.000000 10.000000 0.000000 0.000000
1.000000 12.040607 19.081855 4.000000 10.000000 0.000000 0.000000
1.000000 12.040607 20.204317 4.000000 10.000000 0.000000 0.000000
1.000000 12.040607 21.326779 4.000000 10.000000 0.000000 0.000000
1.000000 12.040607 22.449241 4.000000 10.000000 0.000000 0.000000
1.000000 12.040607 23.571703 4.000000 10.000000 0.000000 0.000000
1.000000 12.040607 24.694165 4.000000 10.000000 0.000000 0.000000
1.000000 12.040607 25.816627 4.000000 10.000000 0.000000 0.000000
1.000000 12.040607 26.939089 4.000000 10.000000 0.000000 0.000000
1.000000 12.040607 28.061551 4.000000 10.000000 0.000000 0.000000
1.000000 10.918145 1.122462 4.000000 10.000000 0.000000 0.000000
1.000000 10.918145 2.244924 4.000000 10.000000 0.000000 0.000000
1.000000 10.918145 3.367386 4.000000 10.000000 0.000000 0.000000
1.000000 10.918145 4.489848 4.000000 10.000000 0.000000 0.000000
1.000000 10.918145 5.612310 4.000000 10.000000 0.000000 0.000000
1.000000 10.918145 6.734772 4.000000 10.000000 0.000000 0.000000
1.000000 10.918145 7.857234 4.000000 10.000000 0.000000 0.000000
1.000000 10.918145 8.979696 4.000000 10.000000 0.000000 0.000000
1.000000 10.918145 10.102158 4.000000 10.000000 0.000000 0.000000
1.000000 10.918145 11.224620 4.000000 10.000000 0.000000 0.000000
1.000000 10.918145 12.347083 4.000000 10.000000 0.000000 0.000000
1.000000 10.918145 13.469545 4.000000 10.000000 0.000000 0.000000
1.000000 10.918145 14.592007 4.000000 10.000000 0.000000 0.000000
1.000000 10.918145 15.714469 4.000000 10.000000 0.000000 0.000000
1.000000 10.918145 16.836931 4.000000 10.000000 0.000000 0.000000
1.000000 10.918145 17.959393 4.000000 10.000000 0.000000 0.000000
1.000000 10.918145 19.081855 4.000000 10.000000 0.000000 0.000000
1.000000 10.918145 20.204317 4.000000 10.000000 0.000000 0.000000
1.000000 10.918145 21.326779 4.000000 10.000000 0.000000 0.000000
1.000000 10.918145 22.449241 4.000000 10.000000 0.000000 0.000000
1.000000 10.918145 23.571703 4.000000 10.000000 0.000000 0.000000
1.000000 10.918145 24.694165 4.000000 10.000000 0.000000 0.000000
1.000000 10.918145 25.816627 4.000000 10.000000 0.000000 0.000000
1.000000 10.918145 26.939089 4.000000 10.000000 0.000000 0.000000
1.000000 10.918145 28.061551 4.000000 10.000000 0.000000 0.000000
1.000000 9.795683 1.122462 4.000000 10.000000 0.000000 0.000000
1.000000 9.795683 2.244924 4.000000 10.000000 0.000000 0.000000
1.000000 9.795683 3.367386 4.000000 10.000000 0.000000 0.000000
1.000000 9.795683 4.489848 4.000000 10.000000 0.000000 0.000000
1.000000 9.795683 5.612310 4.000000 10.000000 0.000000 0.000000
1.000000 9.795683 6.734772 4.000000 10.000000 0.000000 0.000000
1.000000 9.795683 7.857234 4.000000 10.000000 0.000000 0.000000
1.000000 9.795683 8.979696 4.000000 10.000000 0.000000 0.000000
1.000000 9.795683 10.102158 4.000000 10.000000 0.000000 0.000000
1.000000 9.795683 11.224620 4.000000 10.000000 0.000000 0.000000
1.000000 9.795683 12.347083 4.000000 10.000000 0.000000 0.000000
1.000000 9.795683 13.469545 4.000000 10.000000 0.000000 0.000000
1.000000 9.795683 14.592007 4.000000 10.000000 0.000000 0.000000
1.000000 9.795683 15.714469 4.000000 10.000000 0.000000 0.000000
1.000000 9.795683 16.836931 4.000000 10.000000 0.000000 0.000000
1.000000 9.795683 17.959393 4.000000 10.000000 0.000000 0.000000
1.000000 9.795683 19.081855 4.000000 10.000000 0.000000 0.000000
1.000000 9.795683 20.204317 4.000000 10.000000 0.000000 0.000000
1.000000 9.795683 21.326779 4.000000 10.000000 0.000000 0.000000
1.000000 9.795683 22.449241 4.000000 10.000000 0.000000 0.000000
1.000000 9.795683 23.571703 4.000000 10.000000 0.000000 0.000000
1.000000 9.795683 24.694165 4.000000 10.000000 0.000000 0.000000
1.000000 9.795683 25.816627 4.000000 10.000000 0.000000 0.000000
1.000000 9.795683 26.939089 4.000000 10.000000 0.000000 0.000000
1.000000 9.795683 28.061551 4.000000 10.000000 0.000000 0.000000
1.000000 8.673221 1.122462 4.000000 10.000000 0.000000 0.000000
1.000000 8.673221 2.244924 4.000000 10.000000 0.000000 0.000000
1.000000 8.673221 3.367386 4.000000 10.000000 0.000000 0.000000
1.000000 8.673221 4.489848 4.000000 10.000000 0.000000 0.000000
1.000000 8.673221 5.612310 4.000000 10.000000 0.000000 0.000000
1.000000 8.673221 6.734772 4.000000 10.000000 0.000000 0.000000
1.000000 8.673221 7.857234 4.000000 10.000000 0.000000 0.000000
1.000000 8.673221 8.979696 4.000000 10.000000 0.000000 0.000000
1.000000 8.673221 10.102158 4.000000 10.000000 0.000000 0.000000
1.000000 8.673221 11.224620 4.000000 10.000000 0.000000 0.000000
1.000000 8.673221 12.347083 4.000000 10.000000 0.000000 0.000000
1.000000 8.673221 13.469545 4.000000 10.000000 0.000000 0.000000
1.000000 8.673221 14.592007 4.000000 10.000000 0.000000 0.000000
1.000000 8.673221 15.714469 4.000000 10.000000 0.000000 0.000000
1.000000 8.673221 16.836931 4.000000 10.000000 0.000000 0.000000
1.000000 8.673221 17.959393 4.000000 10.000000 0.000000 0.000000
1.000000 8.673221 19.081855 4.000000 10.000000 0.000000 0.000000
1.000000 8.673221 20.204317 4.000000 10.000000 0.000000 0.000000
1.000000 8.673221 21.326779 4.000000 10.000000 0.000000 0.000000
1.000000 8.673221 22.449241 4.000000 10.000000 0.000000 0.000000
1.000000 8.673221 23.571703 4.000000 10.000000 0.000000 0.000000
1.000000 8.673221 24.694165 4.000000 10.000000 0.000000 0.000000
1.000000 8.673221 25.816627 4.000000 10.000000 0.000000 0.000000
1.000000 8.673221 26.939089 4.000000 10.000000 0.000000 0.000000
1.000000 8.673221 28.061551 4.000000 10.000000 0.000000 0.000000
1.000000 7.550759 1.122462 4.000000 10.000000 0.000000 0.000000
1.000000 7.550759 2.244924 4.000000 10.000000 0.000000 0.000000
1.000000 7.550759 3.367386 4.000000 10.000000 0.000000 0.000000
1.000000 7.550759 4.489848 4.000000 10.000000 0.000000 0.000000
1.000000 7.550759 5.612310 4.000000 10.000000 0.000000 0.000000
1.000000 7.550759 6.734772 4.000000 10.000000 0.000000 0.000000
1.000000 7.550759 7.857234 4.000000 10.000000 0.000000 0.000000
1.000000 7.550759 8.979696 4.000000 10.000000 0.000000 0.000000
1.000000 7.550759 10.102158 4.000000 10.000000 0.000000 0.000000
1.000000 7.550759 11.224620 4.000000 10.000000 0.000000 0.000000
1.000000 7.550759 12.347083 4.000000 10.000000 0.000000 0.000000
1.000000 7.550759 13.469545 4.000000 10.000000 0.000000 0.000000
1.000000 7.550759 14.592007 4.000000 10.000000 0.000000 0.000000
1.000000 7.550759 15.714469 4.000000 10.000000 0.000000 0.000000
1.000000 7.550759 16.836931 4.000000 10.000000 0.000000 0.000000
1.000000 7.550759 17.959393 4.000000 10.000000 0.000000 0.000000
1.000000 7.550759 19.081855 4.000000 10.000000 0.000000 0.000000
1.000000 7.550759 20.204317 4.000000 10.000000 0.000000 0.000000
1.000000 7.550759 21.326779 4.000000 10.000000 0.000000 0.000000
1.000000 7.550759 22.449241 4.000000 10.000000 0.000000 0.000000
1.000000 7.550759 23.571703 4.000000 10.000000 0.000000 0.000000
1.000000 7.550759 24.694165 4.000000 10.000000 0.000000 0.000000
1.000000 7.550759 25.816627 4.000000 10.000000 0.000000 0.000000
1.000000 7.550759 26.939089 4.000000 10.000000 0.000000 0.000000
1.000000 7.550759 28.061551 4.000000 10.000000 0.000000 0.000000
1.000000 6.428297 1.122462 4.000000 10.000000 0.000000 0.000000
1.000000 6.428297 2.244924 4.000000 10.000000 0.000000 0.000000
1.000000 6.428297 3.367386 4.000000 10.000000 0.000000 0.000000
1.000000 6.428297 4.489848 4.000000 10.000000 0.000000 0.000000
1.000000 6.428297 5.612310 4.000000 10.000000 0.000000 0.000000
1.000000 6.428297 6.734772 4.000000 10.000000 0.000000 0.000000
1.000000 6.428297 7.857234 4.000000 10.000000 0.000000 0.000000
1.000000 6.428297 8.979696 4.000000 10.000000 0.000000 0.000000
1.000000 6.428297 10.102158 4.000000 10.000000 0.000000 0.000000
1.000000 6.428297 11.224620 4.000000 10.000000 0.000000 0.000000
1.000000 6.428297 12.347083 4.000000 10.000000 0.000000 0.000000
1.000000 6.428297 13.469545 4.000000 10.000000 0.000000 0.000000
1.000000 6.428297 14.592007 4.000000 10.000000 0.000000 0.000000
1.000000 6.428297 15.714469 4.000000 10.000000 0.000000 0.000000
1.000000 6.428297 16.836931 4.000000 10.000000 0.000000 0.000000
1.000000 6.428297 17.959393 4.000000 10.000000 0.000000 0.000000
1.000000 6.428297 19.081855 4.000000 10.000000 0.000000 0.000000
1.000000 6.428297 20.204317 4.000000 10.000000 0.000000 0.000000
1.000000 6.428297 21.326779 4.000000 10.000000 0.000000 0.000000
1.000000 6.428297 22.449241 4.000000 10.000000 0.000000 0.000000
1.000000 6.428297 23.571703 4.000000 10.000000 0.000000 0.000000
1.000000 6.428297 24.694165 4.000000 10.000000 0.000000 0.000000
1.000000 6.428297 25.816627 4.000000 10.000000 0.000000 0.000000
1.000000 6.428297 26.939089 4.000000 10.000000 0.000000 0.000000
1.000000 6.428297 28.061551 4.000000 10.000000 0.000000 0.000000
1.000000 5.305835 1.122462 4.000000 10.000000 0.000000 0.000000
1.000000 5.305835 2.244924 4.000000 10.000000 0.000000 0.000000
1.000000 5.305835 3.367386 4.000000 10.000000 0.000000 0.000000
1.000000 5.305835 4.489848 4.000000 10.000000 0.000000 0.000000
1.000000 5.305835 5.612310 4.000000 10.000000 0.000000 0.000000
1.000000 5.305835 6.734772 4.000000 10.000000 0.000000 0.000000
1.000000 5.305835 7.857234 4.000000 10.000000 0.000000 0.000000
1.000000 5.305835 8.979696 4.000000 10.000000 0.000000 0.000000
1.000000 5.305835 10.102158 4.000000 10.000000 0.000000 0.000000
1.000000 5.305835 11.224620 4.000000 10.000000 0.000000 0.000000
1.000000 5.305835 12.347083 4.000000 10.000000 0.000000 0.000000
1.000000 5.305835 13.469545 4.000000 10.000000 0.000000 0.000000
1.000000 5.305835 14.592007 4.000000 10.000000 0.000000 0.000000
1.000000 5.305835 15.714469 4.000000 10.000000 0.000000 0.000000
1.000000 5.305835 16.836931 4.000000 10.000000 0.000000 0.000000
1.000000 5.305835 17.959393 4.000000 10.000000 0.000000 0.000000
1.000000 5.305835 19.081855 4.000000 10.000000 0.000000 0.000000
1.000000 5.305835 20.204317 4.000000 10.000000 0.000000 0.000000
1.000000 5.305835 21.326779 4.000000 10.000000 0.000000 0.000000
1.000000 5.305835 22.449241 4.000000 10.000000 0.000000 0.000000
1.000000 5.305835 23.571703 4.000000 10.000000 0.000000 0.000000
1.000000 5.305835 24.694165 4.000000 10.000000 0.000000 0.000000
1.000000 5.305835 25.816627 4.000000 10.000000 0.000000 0.000000
1.000000 5.305835 26.939089 4.000000 10.000000 0.000000 0.000000
1.000000 5.305835 28.061551 4.000000 10.000000 0.000000 0.000000
1.000000 4.183373 1.122462 4.000000 10.000000 0.000000 0.000000
1.000000 4.183373 2.244924 4.000000 10.000000 0.000000 0.000000
1.000000 4.183373 3.367386 4.000000 10.000000 0.000000 0.000000
1.000000 4.183373 4.489848 4.000000 10.000000 0.000000 0.000000
1.000000 4.183373 5.612310 4.000000 10.000000 0.000000 0.000000
1.000000 4.183373 6.734772 4.000000 10.000000 0.000000 0.000000
1.000000 4.183373 7.857234 4.000000 10.000000 0.000000 0.000000
1.000000 4.183373 8.979696 4.000000 10.000000 0.000000 0.000000
1.000000 4.183373 10.102158 4.000000 10.000000 0.000000 0.000000
1.000000 4.183373 11.224620 4.000000 10.000000 0.000000 0.000000
1.000000 4.183373 12.347083 4.000000 10.000000 0.000000 0.000000
1.000000 4.183373 13.469545 4.000000 10.000000 0.000000 0.000000
1.000000 4.183373 14.592007 4.000000 10.000000 0.000000 0.000000
1.000000 4.183373 15.714469 4.000000 10.000000 0.000000 0.000000
1.000000 4.183373 16.836931 4.000000 10.000000 0.000000 0.000000
1.000000 4.183373 17.959393 4.000000 10.000000 0.000000 0.000000
1.000000 4.183373 19.081855 4.000000 10.000000 0.000000 0.000000
1.000000 4.183373 20.204317 4.000000 10.000000 0.000000 0.000000
1.000000 4.183373 21.326779 4.000000 10.000000 0.000000 0.000000
1.000000 4.183373 22.449241 4.000000 10.000000 0.000000 0.000000
1.000000 4.183373 23.571703 4.000000 10.000000 0.000000 0.000000
1.000000 4.183373 24.694165 4.000000 10.000000 0.000000 0.000000
1.000000 4.183373 25.816627 4.000000 10.000000 0.000000 0.000000
1.000000 4.183373 26.939089 4.000000 10.000000 0.000000 0.000000
1.000000 4.183373 28.061551 4.000000 10.000000 0.000000 0.000000
1.000000 3.060911 1.122462 4.000000 10.000000 0.000000 0.000000
1.000000 3.060911 2.244924 4.000000 10.000000 0.000000 0.000000
1.000000 3.060911 3.367386 4.000000 10.000000 0.000000 0.000000
1.000000 3.060911 4.489848 4.000000 10.000000 0.000000 0.000000
1.000000 3.060911 5.612310 4.000000 10.000000 0.000000 0.000000
1.000000 3.060911 6.734772 4.000000 10.000000 0.000000 0.000000
1.000000 3.060911 7.857234 4.000000 10.000000 0.000000 0.000000
1.000000 3.060911 8.979696 4.000000 10.000000 0.000000 0.000000
1.000000 3.060911 10.102158 4.000000 10.000000 0.000000 0.000000
1.000000 3.060911 11.224620 4.000000 10.000000 0.000000 0.000000
1.000000 3.060911 12.347083 4.000000 10.000000 0.000000 0.000000
1.000000 3.060911 13.469545 4.000000 10.000000 0.000000 0.000000
1.000000 3.060911 14.592007 4.000000 10.000000 0.000000 0.000000
1.000000 3.060911 15.714469 4.000000 10.000000 0.000000 0.000000
1.000000 3.060911 16.836931 4.000000 10.000000 0.000000 0.000000
1.000000 3.060911 17.959393 4.000000 10.000000 0.000000 0.000000
1.000000 3.060911 19.081855 4.000000 10.000000 0.000000 0.000000
1.000000 3.060911 20.204317 4.000000 10.000000 0.000000 0.000000
1.000000 3.060911 21.326779 4.000000 10.000000 0.000000 0.000000
1.000000 3.060911 22.449241 4.000000 10.000000 0.000000 0.000000
1.000000 3.060911 23.571703 4.000000 10.000000 0.000000 0.000000
1.000000 3.060911 24.694165 4.000000 10.000000 0.000000 0.000000
1.000000 3.060911 25.816627 4.000000 10.000000 0.000000 0.000000
1.000000 3.060911 26.939089 4.000000 10.000000 0.000000 0.000000
1.000000 3.060911 28.061551 4.000000 10.000000 0.000000 0.000000
1.000000 1.938449 1.122462 4.000000 10.000000 0.000000 0.000000
1.000000 1.938449 2.244924 4.000000 10.000000 0.000000 0.000000
1.000000 1.938449 3.367386 4.000000 10.000000 0.000000 0.000000
1.000000 1.938449 4.489848 4.000000 10.000000 0.000000 0.000000
1.000000 1.938449 5.612310 4.000000 10.000000 0.000000 0.000000
1.000000 1.938449 6.734772 4.000000 10.000000 0.000000 0.000000
1.000000 1.938449 7.857234 4.000000 10.000000 0.000000 0.000000
1.000000 1.938449 8.979696 4.000000 10.000000 0.000000 0.000000
1.000000 1.938449 10.102158 4.000000 10.000000 0.000000 0.000000
1.000000 1.938449 11.224620 4.000000 10.000000 0.000000 0.000000
1.000000 1.938449 12.347083 4.000000 10.000000 0.000000 0.000000
1.000000 1.938449 13.469545 4.000000 10.000000 0.000000 0.000000
1.000000 1.938449 14.592007 4.000000 10.000000 0.000000 0.000000
1.000000 1.938449 15.714469 4.000000 10.000000 0.000000 0.000000
1.000000 1.938449 16.836931 4.000000 10.000000 0.000000 0.000000
1.000000 1.938449 17.959393 4.000000 10.000000 0.000000 0.000000
1.000000 1.938449 19.081855 4.000000 10.000000 0.000000 0.000000
1.000000 1.938449 20.204317 4.000000 10.000000 0.000000 0.000000
1.000000 1.938449 21.326779 4.000000 10.000000 0.000000 0.000000
1.000000 1.938449 22.449241 4.000000 10.000000 0.000000 0.000000
1.000000 1.938449 23.571703 4.000000 10.000000 0.000000 0.000000
1.000000 1.938449 24.694165 4.000000 10.000000 0.000000 0.000000
1.000000 1.938449 25.816627 4.000000 10.000000 0.000000 0.000000
1.000000 1.938449 26.939089 4.000000 10.000000 0.000000 0.000000
1.000000 1.938449 28.061551 4.000000 10.000000 0.000000 0.000000
